{
  "stats": {
    "suites": 3,
    "tests": 24,
    "passes": 24,
    "pending": 0,
    "failures": 0,
    "start": "2025-03-18T00:20:18.150Z",
    "end": "2025-03-18T00:21:10.328Z",
    "duration": 52178,
    "testsRegistered": 24,
    "passPercent": 100,
    "pendingPercent": 0,
    "other": 0,
    "hasOther": false,
    "skipped": 0,
    "hasSkipped": false
  },
  "results": [
    {
      "uuid": "f912261e-fa68-45fd-a0f8-6c9a96412fbc",
      "title": "",
      "fullFile": "cypress/e2e/COMFRT/NavegationHomeAlldevicesElementVisibles.cy.js",
      "file": "cypress/e2e/COMFRT/NavegationHomeAlldevicesElementVisibles.cy.js",
      "beforeHooks": [],
      "afterHooks": [],
      "tests": [],
      "suites": [
        {
          "uuid": "4ce9efe4-f755-457c-ac54-2be6d41f9374",
          "title": "Prueba de scroll en vista móvil y desktop - Comfrt",
          "fullFile": "",
          "file": "",
          "beforeHooks": [],
          "afterHooks": [],
          "tests": [],
          "suites": [
            {
              "uuid": "c013994c-3891-43b3-818c-801622336649",
              "title": "Pruebas en iPhone 15 Pro Max",
              "fullFile": "",
              "file": "",
              "beforeHooks": [],
              "afterHooks": [],
              "tests": [
                {
                  "title": "Debería mostrarse el header",
                  "fullTitle": "Prueba de scroll en vista móvil y desktop - Comfrt Pruebas en iPhone 15 Pro Max Debería mostrarse el header",
                  "timedOut": null,
                  "duration": 3009,
                  "state": "passed",
                  "speed": "fast",
                  "pass": true,
                  "fail": false,
                  "pending": false,
                  "context": "{\n  \"title\": \"cypress-mochawesome-reporter-videos-passed\",\n  \"value\": \"cypress/e2e/COMFRT/NavegationHomeAlldevicesElementVisibles.cy.js\"\n}",
                  "code": "cy.get('.IXjqotrK').should('be.visible');",
                  "err": {},
                  "uuid": "d9189e40-e0f2-4ba9-8ff7-a579841ef1c7",
                  "parentUUID": "c013994c-3891-43b3-818c-801622336649",
                  "isHook": false,
                  "skipped": false
                },
                {
                  "title": "Debería mostrarse el banner principal",
                  "fullTitle": "Prueba de scroll en vista móvil y desktop - Comfrt Pruebas en iPhone 15 Pro Max Debería mostrarse el banner principal",
                  "timedOut": null,
                  "duration": 2733,
                  "state": "passed",
                  "speed": "fast",
                  "pass": true,
                  "fail": false,
                  "pending": false,
                  "context": "{\n  \"title\": \"cypress-mochawesome-reporter-videos-passed\",\n  \"value\": \"cypress/e2e/COMFRT/NavegationHomeAlldevicesElementVisibles.cy.js\"\n}",
                  "code": "cy.get('.WcmUoMRO').should('be.visible');",
                  "err": {},
                  "uuid": "68bcee86-9953-46f3-8f30-a71092d0b12c",
                  "parentUUID": "c013994c-3891-43b3-818c-801622336649",
                  "isHook": false,
                  "skipped": false
                },
                {
                  "title": "Deberían mostrarse las imágenes de los productos \"Shop Best Seller\"",
                  "fullTitle": "Prueba de scroll en vista móvil y desktop - Comfrt Pruebas en iPhone 15 Pro Max Deberían mostrarse las imágenes de los productos \"Shop Best Seller\"",
                  "timedOut": null,
                  "duration": 2208,
                  "state": "passed",
                  "speed": "fast",
                  "pass": true,
                  "fail": false,
                  "pending": false,
                  "context": "{\n  \"title\": \"cypress-mochawesome-reporter-videos-passed\",\n  \"value\": \"cypress/e2e/COMFRT/NavegationHomeAlldevicesElementVisibles.cy.js\"\n}",
                  "code": "cy.get('.NYNuDbQO').each($img => {\n  cy.wrap($img).should('be.visible');\n});",
                  "err": {},
                  "uuid": "ae603801-1199-4a52-a033-72e85d8e6083",
                  "parentUUID": "c013994c-3891-43b3-818c-801622336649",
                  "isHook": false,
                  "skipped": false
                },
                {
                  "title": "Deberían mostrarse las dos imágenes debajo de \"Shop Best Seller\"",
                  "fullTitle": "Prueba de scroll en vista móvil y desktop - Comfrt Pruebas en iPhone 15 Pro Max Deberían mostrarse las dos imágenes debajo de \"Shop Best Seller\"",
                  "timedOut": null,
                  "duration": 2743,
                  "state": "passed",
                  "speed": "fast",
                  "pass": true,
                  "fail": false,
                  "pending": false,
                  "context": "{\n  \"title\": \"cypress-mochawesome-reporter-videos-passed\",\n  \"value\": \"cypress/e2e/COMFRT/NavegationHomeAlldevicesElementVisibles.cy.js\"\n}",
                  "code": "cy.get('.VOXO2Pq8').each($img => {\n  cy.wrap($img).should('be.visible');\n});",
                  "err": {},
                  "uuid": "f7b46b9f-646f-465f-8cf4-0ba61d037a84",
                  "parentUUID": "c013994c-3891-43b3-818c-801622336649",
                  "isHook": false,
                  "skipped": false
                },
                {
                  "title": "Debería mostrarse la imagen de \"Partnered Charities\"",
                  "fullTitle": "Prueba de scroll en vista móvil y desktop - Comfrt Pruebas en iPhone 15 Pro Max Debería mostrarse la imagen de \"Partnered Charities\"",
                  "timedOut": null,
                  "duration": 1405,
                  "state": "passed",
                  "speed": "fast",
                  "pass": true,
                  "fail": false,
                  "pending": false,
                  "context": "{\n  \"title\": \"cypress-mochawesome-reporter-videos-passed\",\n  \"value\": \"cypress/e2e/COMFRT/NavegationHomeAlldevicesElementVisibles.cy.js\"\n}",
                  "code": "cy.get('.HZLaZ_QX').should('be.visible');",
                  "err": {},
                  "uuid": "487d79a6-0109-4ecd-b94c-52b9a5c8b1da",
                  "parentUUID": "c013994c-3891-43b3-818c-801622336649",
                  "isHook": false,
                  "skipped": false
                },
                {
                  "title": "Deberían mostrarse las 4 imágenes de las secciones (Hoodie, Sweetpants, Loungewear y Accessories)",
                  "fullTitle": "Prueba de scroll en vista móvil y desktop - Comfrt Pruebas en iPhone 15 Pro Max Deberían mostrarse las 4 imágenes de las secciones (Hoodie, Sweetpants, Loungewear y Accessories)",
                  "timedOut": null,
                  "duration": 1687,
                  "state": "passed",
                  "speed": "fast",
                  "pass": true,
                  "fail": false,
                  "pending": false,
                  "context": "{\n  \"title\": \"cypress-mochawesome-reporter-videos-passed\",\n  \"value\": \"cypress/e2e/COMFRT/NavegationHomeAlldevicesElementVisibles.cy.js\"\n}",
                  "code": "cy.get('.OhiQ0ybu').each($img => {\n  cy.wrap($img).should('be.visible');\n});",
                  "err": {},
                  "uuid": "57d8059a-a36e-44b2-b9c0-f0784d772fc7",
                  "parentUUID": "c013994c-3891-43b3-818c-801622336649",
                  "isHook": false,
                  "skipped": false
                },
                {
                  "title": "Debería mostrarse el texto de la sección Comfrt Community",
                  "fullTitle": "Prueba de scroll en vista móvil y desktop - Comfrt Pruebas en iPhone 15 Pro Max Debería mostrarse el texto de la sección Comfrt Community",
                  "timedOut": null,
                  "duration": 1659,
                  "state": "passed",
                  "speed": "fast",
                  "pass": true,
                  "fail": false,
                  "pending": false,
                  "context": "{\n  \"title\": \"cypress-mochawesome-reporter-videos-passed\",\n  \"value\": \"cypress/e2e/COMFRT/NavegationHomeAlldevicesElementVisibles.cy.js\"\n}",
                  "code": "cy.contains('Comfrt Community').should('be.visible');",
                  "err": {},
                  "uuid": "1f9fac9f-1c91-45f3-b1c1-ed90f07440a0",
                  "parentUUID": "c013994c-3891-43b3-818c-801622336649",
                  "isHook": false,
                  "skipped": false
                },
                {
                  "title": "Debería mostrarse el texto debajo del título de la sección Comfrt Community",
                  "fullTitle": "Prueba de scroll en vista móvil y desktop - Comfrt Pruebas en iPhone 15 Pro Max Debería mostrarse el texto debajo del título de la sección Comfrt Community",
                  "timedOut": null,
                  "duration": 2237,
                  "state": "passed",
                  "speed": "fast",
                  "pass": true,
                  "fail": false,
                  "pending": false,
                  "context": "{\n  \"title\": \"cypress-mochawesome-reporter-videos-passed\",\n  \"value\": \"cypress/e2e/COMFRT/NavegationHomeAlldevicesElementVisibles.cy.js\"\n}",
                  "code": "cy.contains('Join millions that love comfy clothes').should('be.visible');",
                  "err": {},
                  "uuid": "7dd33f2b-c629-4400-839d-1d41856cadee",
                  "parentUUID": "c013994c-3891-43b3-818c-801622336649",
                  "isHook": false,
                  "skipped": false
                },
                {
                  "title": "Deberían mostrarse las 4 imágenes de \"Comfrt Community\"",
                  "fullTitle": "Prueba de scroll en vista móvil y desktop - Comfrt Pruebas en iPhone 15 Pro Max Deberían mostrarse las 4 imágenes de \"Comfrt Community\"",
                  "timedOut": null,
                  "duration": 1989,
                  "state": "passed",
                  "speed": "fast",
                  "pass": true,
                  "fail": false,
                  "pending": false,
                  "context": "{\n  \"title\": \"cypress-mochawesome-reporter-videos-passed\",\n  \"value\": \"cypress/e2e/COMFRT/NavegationHomeAlldevicesElementVisibles.cy.js\"\n}",
                  "code": "cy.get('.k5PkXOzu').should('be.visible');",
                  "err": {},
                  "uuid": "314e1775-0821-459b-acbe-f87ec0e72d00",
                  "parentUUID": "c013994c-3891-43b3-818c-801622336649",
                  "isHook": false,
                  "skipped": false
                },
                {
                  "title": "Debería mostrarse la imagen de \"View Our Hoodies\"",
                  "fullTitle": "Prueba de scroll en vista móvil y desktop - Comfrt Pruebas en iPhone 15 Pro Max Debería mostrarse la imagen de \"View Our Hoodies\"",
                  "timedOut": null,
                  "duration": 2630,
                  "state": "passed",
                  "speed": "fast",
                  "pass": true,
                  "fail": false,
                  "pending": false,
                  "context": "{\n  \"title\": \"cypress-mochawesome-reporter-videos-passed\",\n  \"value\": \"cypress/e2e/COMFRT/NavegationHomeAlldevicesElementVisibles.cy.js\"\n}",
                  "code": "cy.get('.IPzctVm4').should('be.visible');",
                  "err": {},
                  "uuid": "da59f06d-6353-49e1-b0a8-68fd60754444",
                  "parentUUID": "c013994c-3891-43b3-818c-801622336649",
                  "isHook": false,
                  "skipped": false
                },
                {
                  "title": "Debería mostrarse el texto de la sección View Our Hoodies",
                  "fullTitle": "Prueba de scroll en vista móvil y desktop - Comfrt Pruebas en iPhone 15 Pro Max Debería mostrarse el texto de la sección View Our Hoodies",
                  "timedOut": null,
                  "duration": 2277,
                  "state": "passed",
                  "speed": "fast",
                  "pass": true,
                  "fail": false,
                  "pending": false,
                  "context": "{\n  \"title\": \"cypress-mochawesome-reporter-videos-passed\",\n  \"value\": \"cypress/e2e/COMFRT/NavegationHomeAlldevicesElementVisibles.cy.js\"\n}",
                  "code": "cy.contains('It\\'s always Comfrt season').should('be.visible');\ncy.contains('View Our Hoodies').should('be.visible');",
                  "err": {},
                  "uuid": "1774aa5a-9bf3-4335-9ad8-6309b5c44b5a",
                  "parentUUID": "c013994c-3891-43b3-818c-801622336649",
                  "isHook": false,
                  "skipped": false
                },
                {
                  "title": "Debería mostrarse el footer",
                  "fullTitle": "Prueba de scroll en vista móvil y desktop - Comfrt Pruebas en iPhone 15 Pro Max Debería mostrarse el footer",
                  "timedOut": null,
                  "duration": 2150,
                  "state": "passed",
                  "speed": "fast",
                  "pass": true,
                  "fail": false,
                  "pending": false,
                  "context": "{\n  \"title\": \"cypress-mochawesome-reporter-videos-passed\",\n  \"value\": \"cypress/e2e/COMFRT/NavegationHomeAlldevicesElementVisibles.cy.js\"\n}",
                  "code": "cy.get('.KzcSxBo0').should('be.visible');",
                  "err": {},
                  "uuid": "a2a9b3c7-ad46-4e8f-b82c-c07cecdefe16",
                  "parentUUID": "c013994c-3891-43b3-818c-801622336649",
                  "isHook": false,
                  "skipped": false
                }
              ],
              "suites": [],
              "passes": [
                "d9189e40-e0f2-4ba9-8ff7-a579841ef1c7",
                "68bcee86-9953-46f3-8f30-a71092d0b12c",
                "ae603801-1199-4a52-a033-72e85d8e6083",
                "f7b46b9f-646f-465f-8cf4-0ba61d037a84",
                "487d79a6-0109-4ecd-b94c-52b9a5c8b1da",
                "57d8059a-a36e-44b2-b9c0-f0784d772fc7",
                "1f9fac9f-1c91-45f3-b1c1-ed90f07440a0",
                "7dd33f2b-c629-4400-839d-1d41856cadee",
                "314e1775-0821-459b-acbe-f87ec0e72d00",
                "da59f06d-6353-49e1-b0a8-68fd60754444",
                "1774aa5a-9bf3-4335-9ad8-6309b5c44b5a",
                "a2a9b3c7-ad46-4e8f-b82c-c07cecdefe16"
              ],
              "failures": [],
              "pending": [],
              "skipped": [],
              "duration": 26727,
              "root": false,
              "rootEmpty": false,
              "_timeout": 2000
            },
            {
              "uuid": "7d69294f-69e8-4241-b554-1d13d1e246cb",
              "title": "Pruebas en MacBook Pro 16\"",
              "fullFile": "",
              "file": "",
              "beforeHooks": [],
              "afterHooks": [],
              "tests": [
                {
                  "title": "Debería mostrarse el header",
                  "fullTitle": "Prueba de scroll en vista móvil y desktop - Comfrt Pruebas en MacBook Pro 16\" Debería mostrarse el header",
                  "timedOut": null,
                  "duration": 1729,
                  "state": "passed",
                  "speed": "fast",
                  "pass": true,
                  "fail": false,
                  "pending": false,
                  "context": "{\n  \"title\": \"cypress-mochawesome-reporter-videos-passed\",\n  \"value\": \"cypress/e2e/COMFRT/NavegationHomeAlldevicesElementVisibles.cy.js\"\n}",
                  "code": "cy.get('.IXjqotrK').should('be.visible');",
                  "err": {},
                  "uuid": "58dc5db8-1a57-4723-87ee-6fef180993df",
                  "parentUUID": "7d69294f-69e8-4241-b554-1d13d1e246cb",
                  "isHook": false,
                  "skipped": false
                },
                {
                  "title": "Debería mostrarse el banner principal",
                  "fullTitle": "Prueba de scroll en vista móvil y desktop - Comfrt Pruebas en MacBook Pro 16\" Debería mostrarse el banner principal",
                  "timedOut": null,
                  "duration": 2002,
                  "state": "passed",
                  "speed": "fast",
                  "pass": true,
                  "fail": false,
                  "pending": false,
                  "context": "{\n  \"title\": \"cypress-mochawesome-reporter-videos-passed\",\n  \"value\": \"cypress/e2e/COMFRT/NavegationHomeAlldevicesElementVisibles.cy.js\"\n}",
                  "code": "cy.get('.WcmUoMRO').should('be.visible');",
                  "err": {},
                  "uuid": "b9c5e4df-3034-4741-94b9-3f7f84d6f266",
                  "parentUUID": "7d69294f-69e8-4241-b554-1d13d1e246cb",
                  "isHook": false,
                  "skipped": false
                },
                {
                  "title": "Deberían mostrarse las imágenes de los productos \"Shop Best Seller\"",
                  "fullTitle": "Prueba de scroll en vista móvil y desktop - Comfrt Pruebas en MacBook Pro 16\" Deberían mostrarse las imágenes de los productos \"Shop Best Seller\"",
                  "timedOut": null,
                  "duration": 2657,
                  "state": "passed",
                  "speed": "fast",
                  "pass": true,
                  "fail": false,
                  "pending": false,
                  "context": "{\n  \"title\": \"cypress-mochawesome-reporter-videos-passed\",\n  \"value\": \"cypress/e2e/COMFRT/NavegationHomeAlldevicesElementVisibles.cy.js\"\n}",
                  "code": "cy.get('.NYNuDbQO').each($img => {\n  cy.wrap($img).should('be.visible');\n});",
                  "err": {},
                  "uuid": "ed5c4006-da61-4224-a090-d7a53be1fc2c",
                  "parentUUID": "7d69294f-69e8-4241-b554-1d13d1e246cb",
                  "isHook": false,
                  "skipped": false
                },
                {
                  "title": "Deberían mostrarse las dos imágenes debajo de \"Shop Best Seller\"",
                  "fullTitle": "Prueba de scroll en vista móvil y desktop - Comfrt Pruebas en MacBook Pro 16\" Deberían mostrarse las dos imágenes debajo de \"Shop Best Seller\"",
                  "timedOut": null,
                  "duration": 1669,
                  "state": "passed",
                  "speed": "fast",
                  "pass": true,
                  "fail": false,
                  "pending": false,
                  "context": "{\n  \"title\": \"cypress-mochawesome-reporter-videos-passed\",\n  \"value\": \"cypress/e2e/COMFRT/NavegationHomeAlldevicesElementVisibles.cy.js\"\n}",
                  "code": "cy.get('.VOXO2Pq8').each($img => {\n  cy.wrap($img).should('be.visible');\n});",
                  "err": {},
                  "uuid": "0c264aba-0ee6-4a2b-ba2d-e2f13b11db31",
                  "parentUUID": "7d69294f-69e8-4241-b554-1d13d1e246cb",
                  "isHook": false,
                  "skipped": false
                },
                {
                  "title": "Debería mostrarse la imagen de \"Partnered Charities\"",
                  "fullTitle": "Prueba de scroll en vista móvil y desktop - Comfrt Pruebas en MacBook Pro 16\" Debería mostrarse la imagen de \"Partnered Charities\"",
                  "timedOut": null,
                  "duration": 1577,
                  "state": "passed",
                  "speed": "fast",
                  "pass": true,
                  "fail": false,
                  "pending": false,
                  "context": "{\n  \"title\": \"cypress-mochawesome-reporter-videos-passed\",\n  \"value\": \"cypress/e2e/COMFRT/NavegationHomeAlldevicesElementVisibles.cy.js\"\n}",
                  "code": "cy.get('.HZLaZ_QX').should('be.visible');",
                  "err": {},
                  "uuid": "e4fb9e2b-6929-4b6e-a455-cf1eb99f65ff",
                  "parentUUID": "7d69294f-69e8-4241-b554-1d13d1e246cb",
                  "isHook": false,
                  "skipped": false
                },
                {
                  "title": "Deberían mostrarse las 4 imágenes de las secciones (Hoodie, Sweetpants, Loungewear y Accessories)",
                  "fullTitle": "Prueba de scroll en vista móvil y desktop - Comfrt Pruebas en MacBook Pro 16\" Deberían mostrarse las 4 imágenes de las secciones (Hoodie, Sweetpants, Loungewear y Accessories)",
                  "timedOut": null,
                  "duration": 2090,
                  "state": "passed",
                  "speed": "fast",
                  "pass": true,
                  "fail": false,
                  "pending": false,
                  "context": "{\n  \"title\": \"cypress-mochawesome-reporter-videos-passed\",\n  \"value\": \"cypress/e2e/COMFRT/NavegationHomeAlldevicesElementVisibles.cy.js\"\n}",
                  "code": "cy.get('.OhiQ0ybu').each($img => {\n  cy.wrap($img).should('be.visible');\n});",
                  "err": {},
                  "uuid": "22ecf49d-e7de-4f70-b030-0781dc42a612",
                  "parentUUID": "7d69294f-69e8-4241-b554-1d13d1e246cb",
                  "isHook": false,
                  "skipped": false
                },
                {
                  "title": "Debería mostrarse el texto de la sección Comfrt Community",
                  "fullTitle": "Prueba de scroll en vista móvil y desktop - Comfrt Pruebas en MacBook Pro 16\" Debería mostrarse el texto de la sección Comfrt Community",
                  "timedOut": null,
                  "duration": 1988,
                  "state": "passed",
                  "speed": "fast",
                  "pass": true,
                  "fail": false,
                  "pending": false,
                  "context": "{\n  \"title\": \"cypress-mochawesome-reporter-videos-passed\",\n  \"value\": \"cypress/e2e/COMFRT/NavegationHomeAlldevicesElementVisibles.cy.js\"\n}",
                  "code": "cy.contains('Comfrt Community').should('be.visible');",
                  "err": {},
                  "uuid": "ccf6f510-bd95-4eee-b5de-ad9febde4502",
                  "parentUUID": "7d69294f-69e8-4241-b554-1d13d1e246cb",
                  "isHook": false,
                  "skipped": false
                },
                {
                  "title": "Debería mostrarse el texto debajo del título de la sección Comfrt Community",
                  "fullTitle": "Prueba de scroll en vista móvil y desktop - Comfrt Pruebas en MacBook Pro 16\" Debería mostrarse el texto debajo del título de la sección Comfrt Community",
                  "timedOut": null,
                  "duration": 1437,
                  "state": "passed",
                  "speed": "fast",
                  "pass": true,
                  "fail": false,
                  "pending": false,
                  "context": "{\n  \"title\": \"cypress-mochawesome-reporter-videos-passed\",\n  \"value\": \"cypress/e2e/COMFRT/NavegationHomeAlldevicesElementVisibles.cy.js\"\n}",
                  "code": "cy.contains('Join millions that love comfy clothes').should('be.visible');",
                  "err": {},
                  "uuid": "4550ab34-7cea-488f-8653-811521aad863",
                  "parentUUID": "7d69294f-69e8-4241-b554-1d13d1e246cb",
                  "isHook": false,
                  "skipped": false
                },
                {
                  "title": "Deberían mostrarse las 4 imágenes de \"Comfrt Community\"",
                  "fullTitle": "Prueba de scroll en vista móvil y desktop - Comfrt Pruebas en MacBook Pro 16\" Deberían mostrarse las 4 imágenes de \"Comfrt Community\"",
                  "timedOut": null,
                  "duration": 1667,
                  "state": "passed",
                  "speed": "fast",
                  "pass": true,
                  "fail": false,
                  "pending": false,
                  "context": "{\n  \"title\": \"cypress-mochawesome-reporter-videos-passed\",\n  \"value\": \"cypress/e2e/COMFRT/NavegationHomeAlldevicesElementVisibles.cy.js\"\n}",
                  "code": "cy.get('.k5PkXOzu').should('be.visible');",
                  "err": {},
                  "uuid": "ccdd99b3-ff13-4e9f-918a-d44091d8ee81",
                  "parentUUID": "7d69294f-69e8-4241-b554-1d13d1e246cb",
                  "isHook": false,
                  "skipped": false
                },
                {
                  "title": "Debería mostrarse la imagen de \"View Our Hoodies\"",
                  "fullTitle": "Prueba de scroll en vista móvil y desktop - Comfrt Pruebas en MacBook Pro 16\" Debería mostrarse la imagen de \"View Our Hoodies\"",
                  "timedOut": null,
                  "duration": 1735,
                  "state": "passed",
                  "speed": "fast",
                  "pass": true,
                  "fail": false,
                  "pending": false,
                  "context": "{\n  \"title\": \"cypress-mochawesome-reporter-videos-passed\",\n  \"value\": \"cypress/e2e/COMFRT/NavegationHomeAlldevicesElementVisibles.cy.js\"\n}",
                  "code": "cy.get('.IPzctVm4').should('be.visible');",
                  "err": {},
                  "uuid": "62cbd4e5-cd86-47f8-86ff-ade29c6ea2de",
                  "parentUUID": "7d69294f-69e8-4241-b554-1d13d1e246cb",
                  "isHook": false,
                  "skipped": false
                },
                {
                  "title": "Debería mostrarse el texto de la sección View Our Hoodies",
                  "fullTitle": "Prueba de scroll en vista móvil y desktop - Comfrt Pruebas en MacBook Pro 16\" Debería mostrarse el texto de la sección View Our Hoodies",
                  "timedOut": null,
                  "duration": 1682,
                  "state": "passed",
                  "speed": "fast",
                  "pass": true,
                  "fail": false,
                  "pending": false,
                  "context": "{\n  \"title\": \"cypress-mochawesome-reporter-videos-passed\",\n  \"value\": \"cypress/e2e/COMFRT/NavegationHomeAlldevicesElementVisibles.cy.js\"\n}",
                  "code": "cy.contains('It\\'s always Comfrt season').should('be.visible');\ncy.contains('View Our Hoodies').should('be.visible');",
                  "err": {},
                  "uuid": "2965ed2f-efef-4918-8146-b4fffc374531",
                  "parentUUID": "7d69294f-69e8-4241-b554-1d13d1e246cb",
                  "isHook": false,
                  "skipped": false
                },
                {
                  "title": "Debería mostrarse el footer",
                  "fullTitle": "Prueba de scroll en vista móvil y desktop - Comfrt Pruebas en MacBook Pro 16\" Debería mostrarse el footer",
                  "timedOut": null,
                  "duration": 1794,
                  "state": "passed",
                  "speed": "fast",
                  "pass": true,
                  "fail": false,
                  "pending": false,
                  "context": "{\n  \"title\": \"cypress-mochawesome-reporter-videos-passed\",\n  \"value\": \"cypress/e2e/COMFRT/NavegationHomeAlldevicesElementVisibles.cy.js\"\n}",
                  "code": "cy.get('.KzcSxBo0').should('be.visible');",
                  "err": {},
                  "uuid": "98a7fa2c-59c1-4d60-8d66-9baa15d82be8",
                  "parentUUID": "7d69294f-69e8-4241-b554-1d13d1e246cb",
                  "isHook": false,
                  "skipped": false
                }
              ],
              "suites": [],
              "passes": [
                "58dc5db8-1a57-4723-87ee-6fef180993df",
                "b9c5e4df-3034-4741-94b9-3f7f84d6f266",
                "ed5c4006-da61-4224-a090-d7a53be1fc2c",
                "0c264aba-0ee6-4a2b-ba2d-e2f13b11db31",
                "e4fb9e2b-6929-4b6e-a455-cf1eb99f65ff",
                "22ecf49d-e7de-4f70-b030-0781dc42a612",
                "ccf6f510-bd95-4eee-b5de-ad9febde4502",
                "4550ab34-7cea-488f-8653-811521aad863",
                "ccdd99b3-ff13-4e9f-918a-d44091d8ee81",
                "62cbd4e5-cd86-47f8-86ff-ade29c6ea2de",
                "2965ed2f-efef-4918-8146-b4fffc374531",
                "98a7fa2c-59c1-4d60-8d66-9baa15d82be8"
              ],
              "failures": [],
              "pending": [],
              "skipped": [],
              "duration": 22027,
              "root": false,
              "rootEmpty": false,
              "_timeout": 2000
            }
          ],
          "passes": [],
          "failures": [],
          "pending": [],
          "skipped": [],
          "duration": 0,
          "root": false,
          "rootEmpty": false,
          "_timeout": 2000
        }
      ],
      "passes": [],
      "failures": [],
      "pending": [],
      "skipped": [],
      "duration": 0,
      "root": true,
      "rootEmpty": true,
      "_timeout": 2000
    }
  ],
  "meta": {
    "mocha": {
      "version": "7.0.1"
    },
    "mochawesome": {
      "options": {
        "quiet": false,
        "reportFilename": "mochawesome",
        "saveHtml": false,
        "saveJson": true,
        "consoleReporter": "spec",
        "useInlineDiffs": false,
        "code": true
      },
      "version": "7.1.3"
    },
    "marge": {
      "options": {
        "reportDir": "mochawesome-report/.jsons",
        "overwrite": false,
        "html": false,
        "json": true
      },
      "version": "6.2.0"
    }
  }
}