{
  "stats": {
    "suites": 2,
    "tests": 3,
    "passes": 3,
    "pending": 0,
    "failures": 0,
    "start": "2025-02-13T18:21:42.612Z",
    "end": "2025-02-13T18:22:11.420Z",
    "duration": 28808,
    "testsRegistered": 3,
    "passPercent": 100,
    "pendingPercent": 0,
    "other": 0,
    "hasOther": false,
    "skipped": 0,
    "hasSkipped": false
  },
  "results": [
    {
      "uuid": "1583313f-e148-4e93-bb00-d211eb92ff4e",
      "title": "",
      "fullFile": "cypress/e2e/COMFRT/CTAsHome.cy.js",
      "file": "cypress/e2e/COMFRT/CTAsHome.cy.js",
      "beforeHooks": [],
      "afterHooks": [],
      "tests": [],
      "suites": [
        {
          "uuid": "7a8012de-0109-4093-a5cc-0520df68885d",
          "title": "Flujo de navegación en la Home",
          "fullFile": "",
          "file": "",
          "beforeHooks": [],
          "afterHooks": [],
          "tests": [],
          "suites": [
            {
              "uuid": "e7fa6ad3-7500-4839-85ce-2f0f6fc016fe",
              "title": "Pruebas en MacBook Pro 16\"",
              "fullFile": "",
              "file": "",
              "beforeHooks": [],
              "afterHooks": [],
              "tests": [
                {
                  "title": "Debe hacer clic en 'Shop Your Hoodie' y volver a la Home",
                  "fullTitle": "Flujo de navegación en la Home Pruebas en MacBook Pro 16\" Debe hacer clic en 'Shop Your Hoodie' y volver a la Home",
                  "timedOut": null,
                  "duration": 6841,
                  "state": "passed",
                  "speed": "medium",
                  "pass": true,
                  "fail": false,
                  "pending": false,
                  "context": null,
                  "code": "cy.get('#home_hero-shop-your-hoodie_0 > div > div > a > button').click({\n  force: true\n});\ncy.url().should('include', 'collections/hoodies');\ncy.go(\"back\"); // Volver a la Home\ncy.url().should('include', 'https://comfrt.com/');",
                  "err": {},
                  "uuid": "c3cac5d4-482f-4710-a69c-1d2079b26056",
                  "parentUUID": "e7fa6ad3-7500-4839-85ce-2f0f6fc016fe",
                  "isHook": false,
                  "skipped": false
                },
                {
                  "title": "Debe hacer scroll hasta la sección y hacer clic en el CTA View All",
                  "fullTitle": "Flujo de navegación en la Home Pruebas en MacBook Pro 16\" Debe hacer scroll hasta la sección y hacer clic en el CTA View All",
                  "timedOut": null,
                  "duration": 9035,
                  "state": "passed",
                  "speed": "medium",
                  "pass": true,
                  "fail": false,
                  "pending": false,
                  "context": null,
                  "code": "cy.contains('Shop Best Sellers', {\n  timeout: 10000\n}) // Busca el texto en la página\n.scrollIntoView() // Hace scroll hasta ese texto\n.should('be.visible'); // Verifica que es visible\ncy.wait(2000);\n//\"Debe hacer clic en 'View All' en la sección de Shop Best Seller y volver a la Home\", () => {\ncy.get('#featured_products_section-alternative-home-featured-products_2 > div > div.vMPtAMR0 > a > button').click({\n  force: true\n});\ncy.url().should('include', '/collections');\ncy.go(\"back\"); // Volver a la Home\ncy.url().should('include', 'https://comfrt.com/');",
                  "err": {},
                  "uuid": "466a8422-2cac-4af1-b3b1-aa4120aff2d5",
                  "parentUUID": "e7fa6ad3-7500-4839-85ce-2f0f6fc016fe",
                  "isHook": false,
                  "skipped": false
                },
                {
                  "title": "Debe hacer scroll hasta la sección y hacer clic en el CTA Shop All Items",
                  "fullTitle": "Flujo de navegación en la Home Pruebas en MacBook Pro 16\" Debe hacer scroll hasta la sección y hacer clic en el CTA Shop All Items",
                  "timedOut": null,
                  "duration": 11236,
                  "state": "passed",
                  "speed": "slow",
                  "pass": true,
                  "fail": false,
                  "pending": false,
                  "context": null,
                  "code": "cy.contains('View Our Hoodies', {\n  timeout: 10000\n}) // Busca el texto en la página\n.scrollIntoView() // Hace scroll hasta ese texto\n.should('be.visible'); // Verifica que es visible\ncy.wait(2000);\n//\"Debe scrollear hasta 'Shop All Items', hacer clic y validar la navegación\",\ncy.get('#full_with_image_section-view-our-hoodies-1_7 > div > div > a > button').click({\n  force: true\n});\ncy.url().should('include', '/all-products');\n// Vuelve a la página anterior\ncy.go('back');\ncy.url().should('include', 'https://comfrt.com/'); // Verifica que regresó correctamente",
                  "err": {},
                  "uuid": "594f4a3a-87eb-4c8a-b2c2-0185b61a1c9f",
                  "parentUUID": "e7fa6ad3-7500-4839-85ce-2f0f6fc016fe",
                  "isHook": false,
                  "skipped": false
                }
              ],
              "suites": [],
              "passes": [
                "c3cac5d4-482f-4710-a69c-1d2079b26056",
                "466a8422-2cac-4af1-b3b1-aa4120aff2d5",
                "594f4a3a-87eb-4c8a-b2c2-0185b61a1c9f"
              ],
              "failures": [],
              "pending": [],
              "skipped": [],
              "duration": 27112,
              "root": false,
              "rootEmpty": false,
              "_timeout": 2000
            }
          ],
          "passes": [],
          "failures": [],
          "pending": [],
          "skipped": [],
          "duration": 0,
          "root": false,
          "rootEmpty": false,
          "_timeout": 2000
        }
      ],
      "passes": [],
      "failures": [],
      "pending": [],
      "skipped": [],
      "duration": 0,
      "root": true,
      "rootEmpty": true,
      "_timeout": 2000
    }
  ],
  "meta": {
    "mocha": {
      "version": "7.0.1"
    },
    "mochawesome": {
      "options": {
        "quiet": false,
        "reportFilename": "mochawesome",
        "saveHtml": true,
        "saveJson": true,
        "consoleReporter": "spec",
        "useInlineDiffs": false,
        "code": true
      },
      "version": "7.1.3"
    },
    "marge": {
      "options": {
        "reportDir": "cypress/mochawesome-report",
        "overwrite": false,
        "html": true,
        "json": true
      },
      "version": "6.2.0"
    }
  }
}