{
  "stats": {
    "suites": 1,
    "tests": 1,
    "passes": 0,
    "pending": 0,
    "failures": 1,
    "start": "2025-02-13T18:14:29.641Z",
    "end": "2025-02-13T18:15:09.271Z",
    "duration": 39630,
    "testsRegistered": 1,
    "passPercent": 0,
    "pendingPercent": 0,
    "other": 0,
    "hasOther": false,
    "skipped": 0,
    "hasSkipped": false
  },
  "results": [
    {
      "uuid": "d0e44201-af28-493b-9535-1c29553a73fb",
      "title": "",
      "fullFile": "cypress/e2e/COMFRT/CTABannerPrin+PDP.cy.js",
      "file": "cypress/e2e/COMFRT/CTABannerPrin+PDP.cy.js",
      "beforeHooks": [],
      "afterHooks": [],
      "tests": [],
      "suites": [
        {
          "uuid": "c6b9e799-8796-4a63-928d-0410a8c94a1e",
          "title": "Prueba en dispositivos móviles y desktop en www.comfrt.com",
          "fullFile": "",
          "file": "",
          "beforeHooks": [],
          "afterHooks": [],
          "tests": [
            {
              "title": "Flujo de compra en iPhone 15 Pro Max",
              "fullTitle": "Prueba en dispositivos móviles y desktop en www.comfrt.com Flujo de compra en iPhone 15 Pro Max",
              "timedOut": null,
              "duration": 37389,
              "state": "failed",
              "speed": null,
              "pass": false,
              "fail": true,
              "pending": false,
              "context": null,
              "code": "cy.viewport(device.width, device.height);\ncy.visit('https://www.comfrt.com');\n// Haz clic en \"Shop Your Hoodie\"\ncy.get('#home_hero-shop-your-hoodie_0 > div > div > a > button', {\n  timeout: 10000\n}).should('be.visible').click({\n  force: true\n});\n// Verifica que la URL es la correcta\ncy.url().should('include', '/collections/hoodies');\n// Espera para asegurar carga de productos\ncy.wait(2000);\n// Interactúa con el selector de colores\ncy.get('#collections_with_pagination-default-collections-with-pagination_0 > div > div > div:nth-child(1) > div.VtFAkf4R > fieldset > div > label:nth-child(5) > a > span', {\n  timeout: 10000\n}).should('be.visible').click({\n  force: true\n});\ncy.wait(2000);\ncy.get('#collections_with_pagination-default-collections-with-pagination_0 > div > div > div:nth-child(1) > div.VtFAkf4R > fieldset > div > label:nth-child(3) > a > span', {\n  timeout: 10000\n}).should('be.visible').click({\n  force: true\n});\ncy.wait(2000);\n/*cy.get('#collections_with_pagination-default-collections-with-pagination_0 > div > div > div:nth-child(1) > div.VtFAkf4R > fieldset > div > label:nth-child(11) > a', { timeout: 10000 })\n.should('be.visible')\n.click({ force: true });\ncy.wait(2000);\n cy.get('#collections_with_pagination-default-collections-with-pagination_0 > div > div > div:nth-child(1) > div.VtFAkf4R > fieldset > div > label:nth-child(5)', { timeout: 10000 })\n.should('be.visible')\n.click({ force: true });*/\ncy.wait(2000);\n// Espera y clickea en la imagen del hoodie seleccionado\ncy.wait(2000);\ncy.get('#collections_with_pagination-default-collections-with-pagination_0 > div > div > div:nth-child(1) > a > div.tK5FSRVg > img', {\n  timeout: 10000\n}).should('be.visible').click({\n  force: true\n});\n// Verifica que se abrió la página del producto \ncy.url().should('include', 'products/cloud-zip-hoodie?variant=41732312858668');\n// Hacer scroll en la página del producto\ncy.scrollTo('bottom'); // Desplaza hasta el final de la página\ncy.wait(2000);\ncy.scrollTo('top'); // Vuelve al inicio de la página\ncy.wait(2000);\n// Interactuar con las tallas\ncy.get('#product_hero_options-default-product-hero-options_3_rc > div > fieldset:nth-child(3) > div.v26a1W51 > label:nth-child(1) > a > span', {\n  timeout: 10000\n}).should('be.visible').click({\n  force: true\n});\ncy.wait(2000);\ncy.get('#product_hero_options-default-product-hero-options_3_rc > div > fieldset:nth-child(3) > div.v26a1W51 > label:nth-child(5) > a > span', {\n  timeout: 10000\n}).should('be.visible').click({\n  force: true\n});\ncy.wait(2000);\ncy.get('#product_hero_options-default-product-hero-options_3_rc > div > fieldset:nth-child(3) > div.v26a1W51 > label:nth-child(7) > a > span', {\n  timeout: 10000\n}).should('be.visible').click({\n  force: true\n});\ncy.wait(2000);\n// Hacer clic en el botón \"Add to Cart\"\ncy.get('#product_hero_add_to_cart_button-default-product-hero-add-to-cart-button_5_rc > form:nth-child(1) > button', {\n  timeout: 10000\n}).should('be.visible').click({\n  force: true\n});\ncy.wait(2000);\n// Verificar que el carrito se ha desplegado\n// Suponiendo que el carrito tiene un elemento identificable cuando está visible\ncy.get('#cart > div', {\n  timeout: 10000\n});\n// Hacer clic en el botón checkout\ncy.get('#checkout_button-checkout_button_1 > form > button').should('be.visible').click({\n  force: true\n});\ncy.wait(2000);\n// Regresar a la página anterior\ncy.go('back');\ncy.reload();",
              "err": {
                "message": "AssertionError: Timed out retrying after 4000ms: expected '<button.e1yuB0Es>' to be 'visible'\n\nThis element `<button.e1yuB0Es>` is not visible because it has CSS property: `position: fixed` and it's being covered by another element:\n\n`<iframe src=\"https://customer-app.alia-cloudflare.com/popup?shop=comfrtclothing.myshopify.com&amp;width=430&amp;width=430&amp;height=932&amp;path=%2Fproducts%2Fcloud-zip-hoodie%3Fvariant%3D41732312858668&amp;jwt=eyJhbGciOiJIUzI1NiIsInR5cCI6IkpXVCJ9.eyJsYXN0VXNlcklEIjoyNTA1MzMyNjAsImlhdCI6MTczOTQ3MDQ3Nn0.u0iEVgPKheDLonATBe2FjInEBJlnnLfZFabei7o7lYA\" allow=\"clipboard-write\" title=\"Alia popup\" style=\"border: none; width: 100%; height: 100%;\"></iframe>`",
                "estack": "AssertionError: Timed out retrying after 4000ms: expected '<button.e1yuB0Es>' to be 'visible'\n\nThis element `<button.e1yuB0Es>` is not visible because it has CSS property: `position: fixed` and it's being covered by another element:\n\n`<iframe src=\"https://customer-app.alia-cloudflare.com/popup?shop=comfrtclothing.myshopify.com&amp;width=430&amp;width=430&amp;height=932&amp;path=%2Fproducts%2Fcloud-zip-hoodie%3Fvariant%3D41732312858668&amp;jwt=eyJhbGciOiJIUzI1NiIsInR5cCI6IkpXVCJ9.eyJsYXN0VXNlcklEIjoyNTA1MzMyNjAsImlhdCI6MTczOTQ3MDQ3Nn0.u0iEVgPKheDLonATBe2FjInEBJlnnLfZFabei7o7lYA\" allow=\"clipboard-write\" title=\"Alia popup\" style=\"border: none; width: 100%; height: 100%;\"></iframe>`\n    at Context.eval (webpack://documents/./cypress/e2e/COMFRT/CTABannerPrin+PDP.cy.js:90:9)",
                "diff": null
              },
              "uuid": "21471a00-2ee0-4c7a-a2ee-15b3100a64c5",
              "parentUUID": "c6b9e799-8796-4a63-928d-0410a8c94a1e",
              "isHook": false,
              "skipped": false
            }
          ],
          "suites": [],
          "passes": [],
          "failures": [
            "21471a00-2ee0-4c7a-a2ee-15b3100a64c5"
          ],
          "pending": [],
          "skipped": [],
          "duration": 37389,
          "root": false,
          "rootEmpty": false,
          "_timeout": 2000
        }
      ],
      "passes": [],
      "failures": [],
      "pending": [],
      "skipped": [],
      "duration": 0,
      "root": true,
      "rootEmpty": true,
      "_timeout": 2000
    }
  ],
  "meta": {
    "mocha": {
      "version": "7.0.1"
    },
    "mochawesome": {
      "options": {
        "quiet": false,
        "reportFilename": "mochawesome",
        "saveHtml": true,
        "saveJson": true,
        "consoleReporter": "spec",
        "useInlineDiffs": false,
        "code": true
      },
      "version": "7.1.3"
    },
    "marge": {
      "options": {
        "reportDir": "cypress/mochawesome-report",
        "overwrite": false,
        "html": true,
        "json": true
      },
      "version": "6.2.0"
    }
  }
}