{
  "stats": {
    "suites": 1,
    "tests": 3,
    "passes": 0,
    "pending": 0,
    "failures": 3,
    "start": "2025-02-11T18:50:48.995Z",
    "end": "2025-02-11T18:52:30.378Z",
    "duration": 101383,
    "testsRegistered": 3,
    "passPercent": 0,
    "pendingPercent": 0,
    "other": 0,
    "hasOther": false,
    "skipped": 0,
    "hasSkipped": false
  },
  "results": [
    {
      "uuid": "ce981018-d30d-4e9e-8458-2d1fa30b11db",
      "title": "",
      "fullFile": "cypress/e2e/COMFRT/CTABannerPrin+PDP.cy.js",
      "file": "cypress/e2e/COMFRT/CTABannerPrin+PDP.cy.js",
      "beforeHooks": [],
      "afterHooks": [],
      "tests": [],
      "suites": [
        {
          "uuid": "8ccdb748-8097-4038-9fd5-65f764272252",
          "title": "Prueba en dispositivos móviles y desktop en www.comfrt.com",
          "fullFile": "",
          "file": "",
          "beforeHooks": [],
          "afterHooks": [],
          "tests": [
            {
              "title": "Flujo de compra en iPhone 15 Pro Max",
              "fullTitle": "Prueba en dispositivos móviles y desktop en www.comfrt.com Flujo de compra en iPhone 15 Pro Max",
              "timedOut": null,
              "duration": 34236,
              "state": "failed",
              "speed": null,
              "pass": false,
              "fail": true,
              "pending": false,
              "context": null,
              "code": "cy.viewport(device.width, device.height);\ncy.visit('https://www.comfrt.com');\n// Haz clic en \"Shop Your Hoodie\"\ncy.get('#home_hero-shop-your-hoodie_0 > div > div > a > button', {\n  timeout: 10000\n}).should('be.visible').click({\n  force: true\n});\n// Verifica que la URL es la correcta\ncy.url().should('include', '/collections/hoodies');\n// Espera para asegurar carga de productos\ncy.wait(2000);\n// Interactúa con el selector de colores\ncy.get('#collections_with_pagination-default-collections-with-pagination_0 > div > div > div:nth-child(1) > div.VtFAkf4R > fieldset > div > label:nth-child(5) > a > span', {\n  timeout: 10000\n}).should('be.visible').click({\n  force: true\n});\ncy.wait(2000);\ncy.get('#collections_with_pagination-default-collections-with-pagination_0 > div > div > div:nth-child(1) > div.VtFAkf4R > fieldset > div > label:nth-child(3) > a > span', {\n  timeout: 10000\n}).should('be.visible').click({\n  force: true\n});\ncy.wait(2000);\n/*cy.get('#collections_with_pagination-default-collections-with-pagination_0 > div > div > div:nth-child(1) > div.VtFAkf4R > fieldset > div > label:nth-child(11) > a', { timeout: 10000 })\n.should('be.visible')\n.click({ force: true });\ncy.wait(2000);\n  cy.get('#collections_with_pagination-default-collections-with-pagination_0 > div > div > div:nth-child(1) > div.VtFAkf4R > fieldset > div > label:nth-child(5)', { timeout: 10000 })\n.should('be.visible')\n.click({ force: true });*/\ncy.wait(2000);\n// Espera y clickea en la imagen del hoodie seleccionado\ncy.wait(2000);\ncy.get('#collections_with_pagination-default-collections-with-pagination_0 > div > div > div:nth-child(1) > a > div.tK5FSRVg > img', {\n  timeout: 10000\n}).should('be.visible').click({\n  force: true\n});\n// Verifica que se abrió la página del producto \ncy.url().should('include', 'products/cloud-zip-hoodie?variant=41732312858668');\n// Hacer scroll en la página del producto\ncy.scrollTo('bottom'); // Desplaza hasta el final de la página\ncy.wait(2000);\ncy.scrollTo('top'); // Vuelve al inicio de la página\ncy.wait(2000);\n// Interactuar con las tallas\ncy.get('#product_hero_options-default-product-hero-options_3_rc > div > fieldset:nth-child(3) > div.v26a1W51 > label:nth-child(1) > a > span', {\n  timeout: 10000\n}).should('be.visible').click({\n  force: true\n});\ncy.wait(2000);\ncy.get('#product_hero_options-default-product-hero-options_3_rc > div > fieldset:nth-child(3) > div.v26a1W51 > label:nth-child(5) > a > span', {\n  timeout: 10000\n}).should('be.visible').click({\n  force: true\n});\ncy.wait(2000);\ncy.get('#product_hero_options-default-product-hero-options_3_rc > div > fieldset:nth-child(3) > div.v26a1W51 > label:nth-child(7) > a > span', {\n  timeout: 10000\n}).should('be.visible').click({\n  force: true\n});\ncy.wait(2000);\n// Hacer clic en el botón \"Add to Cart\"\ncy.get('#product_hero_add_to_cart_button-default-product-hero-add-to-cart-button_5_rc > form:nth-child(1) > button', {\n  timeout: 10000\n}).should('be.visible').click({\n  force: true\n});\ncy.wait(2000);\n// Verificar que el carrito se ha desplegado\n// Suponiendo que el carrito tiene un elemento identificable cuando está visible\ncy.get('#cart > div', {\n  timeout: 10000\n});\n//Hacer clic en el boton checkout\ncy.get('#checkout_button-checkout_button_1 > form > .e1yuB0Es').click({\n  force: true\n});\n// Regresar a la página anterior\ncy.go('back');\ncy.reload();",
              "err": {
                "message": "TypeError: The following error originated from your application code, not from Cypress.\n\n  > window.gtag is not a function\n\nWhen Cypress detects uncaught errors originating from your application it will automatically fail the current test.\n\nThis behavior is configurable, and you can choose to turn this off by listening to the `uncaught:exception` event.\n\nhttps://on.cypress.io/uncaught-exception-from-application",
                "estack": "TypeError: The following error originated from your application code, not from Cypress.\n\n  > window.gtag is not a function\n\nWhen Cypress detects uncaught errors originating from your application it will automatically fail the current test.\n\nThis behavior is configurable, and you can choose to turn this off by listening to the `uncaught:exception` event.\n\nhttps://on.cypress.io/uncaught-exception-from-application\n    at <unknown> (https://comfrt.com/checkouts/cn/Z2NwLXVzLWVhc3QxOjAxSktWNU0wUUJKNUgxTkM3MkhSQzlTTjlE?auto_redirect=false&edge_redirect=true&locale=en-AR&skip_shop_pay=true:1077:47)",
                "diff": null
              },
              "uuid": "abde19a7-201b-4f6e-a195-f85f3a0c8d51",
              "parentUUID": "8ccdb748-8097-4038-9fd5-65f764272252",
              "isHook": false,
              "skipped": false
            },
            {
              "title": "Flujo de compra en Samsung Galaxy S24",
              "fullTitle": "Prueba en dispositivos móviles y desktop en www.comfrt.com Flujo de compra en Samsung Galaxy S24",
              "timedOut": null,
              "duration": 33264,
              "state": "failed",
              "speed": null,
              "pass": false,
              "fail": true,
              "pending": false,
              "context": null,
              "code": "cy.viewport(device.width, device.height);\ncy.visit('https://www.comfrt.com');\n// Haz clic en \"Shop Your Hoodie\"\ncy.get('#home_hero-shop-your-hoodie_0 > div > div > a > button', {\n  timeout: 10000\n}).should('be.visible').click({\n  force: true\n});\n// Verifica que la URL es la correcta\ncy.url().should('include', '/collections/hoodies');\n// Espera para asegurar carga de productos\ncy.wait(2000);\n// Interactúa con el selector de colores\ncy.get('#collections_with_pagination-default-collections-with-pagination_0 > div > div > div:nth-child(1) > div.VtFAkf4R > fieldset > div > label:nth-child(5) > a > span', {\n  timeout: 10000\n}).should('be.visible').click({\n  force: true\n});\ncy.wait(2000);\ncy.get('#collections_with_pagination-default-collections-with-pagination_0 > div > div > div:nth-child(1) > div.VtFAkf4R > fieldset > div > label:nth-child(3) > a > span', {\n  timeout: 10000\n}).should('be.visible').click({\n  force: true\n});\ncy.wait(2000);\n/*cy.get('#collections_with_pagination-default-collections-with-pagination_0 > div > div > div:nth-child(1) > div.VtFAkf4R > fieldset > div > label:nth-child(11) > a', { timeout: 10000 })\n.should('be.visible')\n.click({ force: true });\ncy.wait(2000);\n  cy.get('#collections_with_pagination-default-collections-with-pagination_0 > div > div > div:nth-child(1) > div.VtFAkf4R > fieldset > div > label:nth-child(5)', { timeout: 10000 })\n.should('be.visible')\n.click({ force: true });*/\ncy.wait(2000);\n// Espera y clickea en la imagen del hoodie seleccionado\ncy.wait(2000);\ncy.get('#collections_with_pagination-default-collections-with-pagination_0 > div > div > div:nth-child(1) > a > div.tK5FSRVg > img', {\n  timeout: 10000\n}).should('be.visible').click({\n  force: true\n});\n// Verifica que se abrió la página del producto \ncy.url().should('include', 'products/cloud-zip-hoodie?variant=41732312858668');\n// Hacer scroll en la página del producto\ncy.scrollTo('bottom'); // Desplaza hasta el final de la página\ncy.wait(2000);\ncy.scrollTo('top'); // Vuelve al inicio de la página\ncy.wait(2000);\n// Interactuar con las tallas\ncy.get('#product_hero_options-default-product-hero-options_3_rc > div > fieldset:nth-child(3) > div.v26a1W51 > label:nth-child(1) > a > span', {\n  timeout: 10000\n}).should('be.visible').click({\n  force: true\n});\ncy.wait(2000);\ncy.get('#product_hero_options-default-product-hero-options_3_rc > div > fieldset:nth-child(3) > div.v26a1W51 > label:nth-child(5) > a > span', {\n  timeout: 10000\n}).should('be.visible').click({\n  force: true\n});\ncy.wait(2000);\ncy.get('#product_hero_options-default-product-hero-options_3_rc > div > fieldset:nth-child(3) > div.v26a1W51 > label:nth-child(7) > a > span', {\n  timeout: 10000\n}).should('be.visible').click({\n  force: true\n});\ncy.wait(2000);\n// Hacer clic en el botón \"Add to Cart\"\ncy.get('#product_hero_add_to_cart_button-default-product-hero-add-to-cart-button_5_rc > form:nth-child(1) > button', {\n  timeout: 10000\n}).should('be.visible').click({\n  force: true\n});\ncy.wait(2000);\n// Verificar que el carrito se ha desplegado\n// Suponiendo que el carrito tiene un elemento identificable cuando está visible\ncy.get('#cart > div', {\n  timeout: 10000\n});\n//Hacer clic en el boton checkout\ncy.get('#checkout_button-checkout_button_1 > form > .e1yuB0Es').click({\n  force: true\n});\n// Regresar a la página anterior\ncy.go('back');\ncy.reload();",
              "err": {
                "message": "TypeError: The following error originated from your application code, not from Cypress.\n\n  > window.gtag is not a function\n\nWhen Cypress detects uncaught errors originating from your application it will automatically fail the current test.\n\nThis behavior is configurable, and you can choose to turn this off by listening to the `uncaught:exception` event.\n\nhttps://on.cypress.io/uncaught-exception-from-application",
                "estack": "TypeError: The following error originated from your application code, not from Cypress.\n\n  > window.gtag is not a function\n\nWhen Cypress detects uncaught errors originating from your application it will automatically fail the current test.\n\nThis behavior is configurable, and you can choose to turn this off by listening to the `uncaught:exception` event.\n\nhttps://on.cypress.io/uncaught-exception-from-application\n    at <unknown> (https://comfrt.com/checkouts/cn/Z2NwLXVzLWVhc3QxOjAxSktWNU4xMlhTWkZBNktHNjRDMUFWMUtW?auto_redirect=false&edge_redirect=true&locale=en-AR&skip_shop_pay=true:1075:47)",
                "diff": null
              },
              "uuid": "5c799ef4-0146-48b2-b6e6-87d47b46626a",
              "parentUUID": "8ccdb748-8097-4038-9fd5-65f764272252",
              "isHook": false,
              "skipped": false
            },
            {
              "title": "Flujo de compra en Desktop 1920x1080",
              "fullTitle": "Prueba en dispositivos móviles y desktop en www.comfrt.com Flujo de compra en Desktop 1920x1080",
              "timedOut": null,
              "duration": 31163,
              "state": "failed",
              "speed": null,
              "pass": false,
              "fail": true,
              "pending": false,
              "context": null,
              "code": "cy.viewport(device.width, device.height);\ncy.visit('https://www.comfrt.com');\n// Haz clic en \"Shop Your Hoodie\"\ncy.get('#home_hero-shop-your-hoodie_0 > div > div > a > button', {\n  timeout: 10000\n}).should('be.visible').click({\n  force: true\n});\n// Verifica que la URL es la correcta\ncy.url().should('include', '/collections/hoodies');\n// Espera para asegurar carga de productos\ncy.wait(2000);\n// Interactúa con el selector de colores\ncy.get('#collections_with_pagination-default-collections-with-pagination_0 > div > div > div:nth-child(1) > div.VtFAkf4R > fieldset > div > label:nth-child(5) > a > span', {\n  timeout: 10000\n}).should('be.visible').click({\n  force: true\n});\ncy.wait(2000);\ncy.get('#collections_with_pagination-default-collections-with-pagination_0 > div > div > div:nth-child(1) > div.VtFAkf4R > fieldset > div > label:nth-child(3) > a > span', {\n  timeout: 10000\n}).should('be.visible').click({\n  force: true\n});\ncy.wait(2000);\n/*cy.get('#collections_with_pagination-default-collections-with-pagination_0 > div > div > div:nth-child(1) > div.VtFAkf4R > fieldset > div > label:nth-child(11) > a', { timeout: 10000 })\n.should('be.visible')\n.click({ force: true });\ncy.wait(2000);\n  cy.get('#collections_with_pagination-default-collections-with-pagination_0 > div > div > div:nth-child(1) > div.VtFAkf4R > fieldset > div > label:nth-child(5)', { timeout: 10000 })\n.should('be.visible')\n.click({ force: true });*/\ncy.wait(2000);\n// Espera y clickea en la imagen del hoodie seleccionado\ncy.wait(2000);\ncy.get('#collections_with_pagination-default-collections-with-pagination_0 > div > div > div:nth-child(1) > a > div.tK5FSRVg > img', {\n  timeout: 10000\n}).should('be.visible').click({\n  force: true\n});\n// Verifica que se abrió la página del producto \ncy.url().should('include', 'products/cloud-zip-hoodie?variant=41732312858668');\n// Hacer scroll en la página del producto\ncy.scrollTo('bottom'); // Desplaza hasta el final de la página\ncy.wait(2000);\ncy.scrollTo('top'); // Vuelve al inicio de la página\ncy.wait(2000);\n// Interactuar con las tallas\ncy.get('#product_hero_options-default-product-hero-options_3_rc > div > fieldset:nth-child(3) > div.v26a1W51 > label:nth-child(1) > a > span', {\n  timeout: 10000\n}).should('be.visible').click({\n  force: true\n});\ncy.wait(2000);\ncy.get('#product_hero_options-default-product-hero-options_3_rc > div > fieldset:nth-child(3) > div.v26a1W51 > label:nth-child(5) > a > span', {\n  timeout: 10000\n}).should('be.visible').click({\n  force: true\n});\ncy.wait(2000);\ncy.get('#product_hero_options-default-product-hero-options_3_rc > div > fieldset:nth-child(3) > div.v26a1W51 > label:nth-child(7) > a > span', {\n  timeout: 10000\n}).should('be.visible').click({\n  force: true\n});\ncy.wait(2000);\n// Hacer clic en el botón \"Add to Cart\"\ncy.get('#product_hero_add_to_cart_button-default-product-hero-add-to-cart-button_5_rc > form:nth-child(1) > button', {\n  timeout: 10000\n}).should('be.visible').click({\n  force: true\n});\ncy.wait(2000);\n// Verificar que el carrito se ha desplegado\n// Suponiendo que el carrito tiene un elemento identificable cuando está visible\ncy.get('#cart > div', {\n  timeout: 10000\n});\n//Hacer clic en el boton checkout\ncy.get('#checkout_button-checkout_button_1 > form > .e1yuB0Es').click({\n  force: true\n});\n// Regresar a la página anterior\ncy.go('back');\ncy.reload();",
              "err": {
                "message": "TypeError: The following error originated from your application code, not from Cypress.\n\n  > window.gtag is not a function\n\nWhen Cypress detects uncaught errors originating from your application it will automatically fail the current test.\n\nThis behavior is configurable, and you can choose to turn this off by listening to the `uncaught:exception` event.\n\nhttps://on.cypress.io/uncaught-exception-from-application",
                "estack": "TypeError: The following error originated from your application code, not from Cypress.\n\n  > window.gtag is not a function\n\nWhen Cypress detects uncaught errors originating from your application it will automatically fail the current test.\n\nThis behavior is configurable, and you can choose to turn this off by listening to the `uncaught:exception` event.\n\nhttps://on.cypress.io/uncaught-exception-from-application\n    at <unknown> (https://comfrt.com/checkouts/cn/Z2NwLXVzLWVhc3QxOjAxSktWNU5aSFE5NVlTVDZXQVQ0WDkzUVFG?auto_redirect=false&edge_redirect=true&locale=en-AR&skip_shop_pay=true:1077:47)",
                "diff": null
              },
              "uuid": "a75c5b87-3c28-4c7a-87e0-4b2a505b7e61",
              "parentUUID": "8ccdb748-8097-4038-9fd5-65f764272252",
              "isHook": false,
              "skipped": false
            }
          ],
          "suites": [],
          "passes": [],
          "failures": [
            "abde19a7-201b-4f6e-a195-f85f3a0c8d51",
            "5c799ef4-0146-48b2-b6e6-87d47b46626a",
            "a75c5b87-3c28-4c7a-87e0-4b2a505b7e61"
          ],
          "pending": [],
          "skipped": [],
          "duration": 98663,
          "root": false,
          "rootEmpty": false,
          "_timeout": 2000
        }
      ],
      "passes": [],
      "failures": [],
      "pending": [],
      "skipped": [],
      "duration": 0,
      "root": true,
      "rootEmpty": true,
      "_timeout": 2000
    }
  ],
  "meta": {
    "mocha": {
      "version": "7.0.1"
    },
    "mochawesome": {
      "options": {
        "quiet": false,
        "reportFilename": "mochawesome",
        "saveHtml": true,
        "saveJson": true,
        "consoleReporter": "spec",
        "useInlineDiffs": false,
        "code": true
      },
      "version": "7.1.3"
    },
    "marge": {
      "options": {
        "reportDir": "cypress/mochawesome-report",
        "overwrite": false,
        "html": true,
        "json": true
      },
      "version": "6.2.0"
    }
  }
}