{
  "stats": {
    "suites": 1,
    "tests": 3,
    "passes": 3,
    "pending": 0,
    "failures": 0,
    "start": "2025-02-14T15:09:48.460Z",
    "end": "2025-02-14T15:13:04.269Z",
    "duration": 195809,
    "testsRegistered": 3,
    "passPercent": 100,
    "pendingPercent": 0,
    "other": 0,
    "hasOther": false,
    "skipped": 0,
    "hasSkipped": false
  },
  "results": [
    {
      "uuid": "4899752e-1b66-4075-af90-aca04c82b518",
      "title": "",
      "fullFile": "cypress/e2e/COMFRT/CTACateKidsBlanketsPetsMobile.cy.js",
      "file": "cypress/e2e/COMFRT/CTACateKidsBlanketsPetsMobile.cy.js",
      "beforeHooks": [],
      "afterHooks": [],
      "tests": [],
      "suites": [
        {
          "uuid": "d883d18c-1e97-4890-aa19-3e853c896800",
          "title": "Prueba en dispositivos móviles en www.comfrt.com",
          "fullFile": "",
          "file": "",
          "beforeHooks": [],
          "afterHooks": [],
          "tests": [
            {
              "title": "Debería abrir el menú hamburguesa y navegar en iPhone 15 Pro Max",
              "fullTitle": "Prueba en dispositivos móviles en www.comfrt.com Debería abrir el menú hamburguesa y navegar en iPhone 15 Pro Max",
              "timedOut": null,
              "duration": 78889,
              "state": "passed",
              "speed": "slow",
              "pass": true,
              "fail": false,
              "pending": false,
              "context": null,
              "code": "// Configura la emulación para el dispositivo actual\ncy.viewport(device.width, device.height);\ncy.visit('https://www.comfrt.com');\n// Espera a que el ícono del menú hamburguesa sea visible y haz clic en él\ncy.get('#default_header-default-header_0 > header > label.hamburger > svg', {\n  timeout: 10000\n}).should('be.visible').click({\n  force: true\n});\n// Haz clic en la categoría \"Kids\"\ncy.get('#menu-default > a:nth-child(4)', {\n  timeout: 10000\n}).should('be.visible').click({\n  force: true\n});\n// Verifica que la página de \"Kids\" se haya cargado correctamente\ncy.url().should('include', 'content/kids');\n// Desplázate y espera\ncy.scrollTo('bottom');\ncy.wait(2000);\ncy.scrollTo('center');\ncy.wait(2000);\ncy.scrollTo('top');\ncy.wait(2000);\n// Haz clic en el CTA \"Shop Now\"\ncy.get('#home_hero-kids-hero-draft_0 > div > div > a > button', {\n  timeout: 10000\n})\n//.should('be.visible')\n.click({\n  force: true\n});\n// Verifica que la página se haya cargado correctamente\ncy.url().should('include', 'collections/kids');\n// Verifica que todos los elementos sean visibles\ncy.get('#collections_with_pagination-default-collections-with-pagination_0').should('be.visible');\ncy.wait(2000);\n// Desplázate y espera\ncy.scrollTo('bottom');\ncy.wait(2000);\ncy.scrollTo('center');\ncy.wait(2000);\ncy.scrollTo('top');\ncy.wait(2000);\n// Vuelve a la página anterior\ncy.go('back');\ncy.url().should('include', 'content/kids'); // Verifica que regresó correctamente\n// Haz clic en el CTA \"Shop All\" en la sección Shop Kids Hoodies\ncy.get('#featured_products_section-shop-kids-section-draft_2 > div > div.vMPtAMR0 > a > button', {\n  timeout: 10000\n}).should('be.visible').click({\n  force: true\n});\n// Verifica que la página se haya cargado correctamente\ncy.url().should('include', 'collections/kids');\n// Verifica que todos los elementos sean visibles\ncy.get('#collections_with_pagination-default-collections-with-pagination_0').should('be.visible');\ncy.wait(2000);\n// Desplázate y espera\ncy.scrollTo('bottom');\ncy.wait(2000);\ncy.scrollTo('center');\ncy.wait(2000);\ncy.scrollTo('top');\ncy.wait(2000);\n// Vuelve a la página anterior\ncy.go('back');\ncy.url().should('include', 'content/kids'); // Verifica que regresó correctamente\ncy.contains('Shop Kids Sweatpants', {\n  timeout: 10000\n}) // Busca el texto en la página\n.scrollIntoView() // Hace scroll hasta ese texto\n.should('be.visible'); // Verifica que es visible\ncy.wait(2000);\n// Haz clic en el CTA \"Shop All\" en la sección Shop Kids Sweatpants\ncy.get('#featured_products_section-shop-kids-sweatpants_3 > div > div.vMPtAMR0 > a > button', {\n  timeout: 10000\n}).should('be.visible').click({\n  force: true\n});\n// Verifica que la página se haya cargado correctamente\ncy.url().should('include', 'collections/kids');\n// Verifica que todos los elementos sean visibles\ncy.get('#collections_with_pagination-default-collections-with-pagination_0').should('be.visible');\ncy.wait(2000);\n// Desplázate y espera\ncy.scrollTo('bottom');\ncy.wait(2000);\ncy.scrollTo('center');\ncy.wait(2000);\ncy.scrollTo('top');\ncy.wait(2000);\n// Vuelve a la página anterior\ncy.go('back');\ncy.url().should('include', 'content/kids'); // Verifica que regresó correctamente\ncy.contains('BEST SELLER', {\n  timeout: 10000\n}) // Busca el texto en la página\n.scrollIntoView() // Hace scroll hasta ese texto\n.should('be.visible'); // Verifica que es visible\ncy.wait(2000);\n// Haz clic en el CTA \"Shop now\" en la sección BEST SELLER\ncy.get('#home_featured_section-kids-featured-draft_6 > section > div:nth-child(1) > div.btVi5MCm > a', {\n  timeout: 10000\n}).should('be.visible').click({\n  force: true\n});\n// Verifica que la página se haya cargado correctamente\ncy.url().should('include', 'products/signature-kids-hoodie');\n// Verifica que todos los elementos sean visibles\ncy.get('body').should('be.visible');\ncy.wait(2000);\n// Desplázate y espera\ncy.scrollTo('bottom');\ncy.wait(2000);\ncy.scrollTo('center');\ncy.wait(2000);\ncy.scrollTo('top');\ncy.wait(2000);\n// Vuelve a la página anterior\ncy.go('back');\ncy.url().should('include', 'content/kids'); // Verifica que regresó correctamente\ncy.contains('MATCHING MOMENTS', {\n  timeout: 10000\n}) // Busca el texto en la página\n.scrollIntoView() // Hace scroll hasta ese texto\n.should('be.visible'); // Verifica que es visible\ncy.wait(2000);\n// Haz clic en el CTA \"Shop now\" en la sección BEST SELLER\ncy.get('#home_featured_section-kids-featured-draft_6 > section > div:nth-child(2) > div.btVi5MCm > a', {\n  timeout: 10000\n}).should('be.visible').click({\n  force: true\n});\n// Verifica que la página se haya cargado correctamente\n//    cy.url().should('include', 'products/signature-kids-hoodie');\n// Verifica que todos los elementos sean visibles\ncy.get('body').should('be.visible');\ncy.wait(2000);\n// Desplázate y espera\ncy.scrollTo('bottom');\ncy.wait(2000);\ncy.scrollTo('center');\ncy.wait(2000);\ncy.scrollTo('top');\ncy.wait(2000);",
              "err": {},
              "uuid": "20aa681d-9e48-4faf-9785-e5cf2a236f2c",
              "parentUUID": "d883d18c-1e97-4890-aa19-3e853c896800",
              "isHook": false,
              "skipped": false
            },
            {
              "title": "Debería abrir el menú hamburguesa y navegar en Blankets en iPhone 15 Pro Max",
              "fullTitle": "Prueba en dispositivos móviles en www.comfrt.com Debería abrir el menú hamburguesa y navegar en Blankets en iPhone 15 Pro Max",
              "timedOut": null,
              "duration": 48813,
              "state": "passed",
              "speed": "slow",
              "pass": true,
              "fail": false,
              "pending": false,
              "context": null,
              "code": "// Configura la emulación para el dispositivo actual\ncy.viewport(device.width, device.height);\ncy.visit('https://www.comfrt.com');\n// Espera a que el ícono del menú hamburguesa sea visible y haz clic en él\ncy.get('#default_header-default-header_0 > header > label.hamburger > svg', {\n  timeout: 10000\n}).should('be.visible').click({\n  force: true\n});\n// Haz clic en la categoría \"Blankets\"\ncy.get('#menu-default > a:nth-child(6)', {\n  timeout: 10000\n}).should('be.visible').click({\n  force: true\n});\n// Verifica que la página de \"Blankets\" se haya cargado correctamente\ncy.url().should('include', 'content/blankets');\n// Desplázate y espera\ncy.scrollTo('bottom');\ncy.wait(2000);\ncy.scrollTo('center');\ncy.wait(2000);\ncy.scrollTo('top');\ncy.wait(2000);\n// Haz clic en el CTA \"Shop Now\"\ncy.get('#home_hero-weighted-blanket-landing-page-hero_0 > div > div > a > button', {\n  timeout: 10000\n}).should('be.visible').click({\n  force: true\n});\n// Verifica que la página se haya cargado correctamente\ncy.url().should('include', 'products/the-dreamer-blanket');\n// Verifica que todos los elementos sean visibles\ncy.get('body').should('be.visible');\ncy.wait(2000);\n// Desplázate y espera\ncy.scrollTo('bottom');\ncy.wait(2000);\ncy.scrollTo('center');\ncy.wait(2000);\ncy.scrollTo('top');\ncy.wait(2000);\n// Vuelve a la página anterior\ncy.go('back');\ncy.url().should('include', 'content/blankets'); // Verifica que regresó correctamente\ncy.contains('The CuddleCloud Blanket', {\n  timeout: 10000\n}) // Busca el texto en la página\n.scrollIntoView() // Hace scroll hasta ese texto\n.should('be.visible'); // Verifica que es visible\ncy.wait(2000);\n// Haz clic en el CTA \"Shop Now\" en la sección The CuddleCloud Blanket\ncy.get('#home_featured_section-blankets-featured-section-draft_5 > section > div:nth-child(1) > div.btVi5MCm > a', {\n  timeout: 10000\n}).should('be.visible').click({\n  force: true\n});\n// Verifica que la página se haya cargado correctamente\ncy.url().should('include', 'products/cuddlecloud-weighted-blanket');\n// Verifica que todos los elementos sean visibles\ncy.get('body').should('be.visible');\ncy.wait(2000);\n// Desplázate y espera\ncy.scrollTo('bottom');\ncy.wait(2000);\ncy.scrollTo('center');\ncy.wait(2000);\ncy.scrollTo('top');\ncy.wait(2000);\n// Vuelve a la página anterior\ncy.go('back');\ncy.url().should('include', 'content/blankets'); // Verifica que regresó correctamente\ncy.contains('The Perfect Gift', {\n  timeout: 10000\n}) // Busca el texto en la página\n.scrollIntoView() // Hace scroll hasta ese texto\n.should('be.visible'); // Verifica que es visible\ncy.wait(2000);\n// Haz clic en el CTA \"Shop Now\" en la sección The Perfect Gift\ncy.get('#home_featured_section-blankets-featured-section-draft_5 > section > div:nth-child(2) > div.btVi5MCm > a', {\n  timeout: 10000\n}).should('be.visible').click({\n  force: true\n});\n// Verifica que la página se haya cargado correctamente\ncy.url().should('include', 'products/the-dreamer-blanket');\n// Verifica que todos los elementos sean visibles\ncy.get('body').should('be.visible');\ncy.wait(2000);\n// Desplázate y espera\ncy.scrollTo('bottom');\ncy.wait(2000);\ncy.scrollTo('center');\ncy.wait(2000);\ncy.scrollTo('top');\ncy.wait(2000);",
              "err": {},
              "uuid": "f45bdce3-e2e2-4cb7-b0c4-7c16e87fa641",
              "parentUUID": "d883d18c-1e97-4890-aa19-3e853c896800",
              "isHook": false,
              "skipped": false
            },
            {
              "title": "Debería abrir el menú hamburguesa y navegar en Pets en iPhone 15 Pro Max",
              "fullTitle": "Prueba en dispositivos móviles en www.comfrt.com Debería abrir el menú hamburguesa y navegar en Pets en iPhone 15 Pro Max",
              "timedOut": null,
              "duration": 64890,
              "state": "passed",
              "speed": "slow",
              "pass": true,
              "fail": false,
              "pending": false,
              "context": null,
              "code": "// Configura la emulación para el dispositivo actual\ncy.viewport(device.width, device.height);\ncy.visit('https://www.comfrt.com');\n// Espera a que el ícono del menú hamburguesa sea visible y haz clic en él\ncy.get('#default_header-default-header_0 > header > label.hamburger > svg', {\n  timeout: 10000\n}).should('be.visible').click({\n  force: true\n});\n// Haz clic en la categoría \"Pets\"\ncy.get('#menu-default > a:nth-child(8)', {\n  timeout: 10000\n}).should('be.visible').click({\n  force: true\n});\n// Verifica que la página de \"Pets\" se haya cargado correctamente\ncy.url().should('include', 'content/pets');\n// Desplázate y espera\ncy.scrollTo('bottom');\ncy.wait(2000);\ncy.scrollTo('center');\ncy.wait(2000);\ncy.scrollTo('top');\ncy.wait(2000);\n// Haz clic en el CTA \"Shop Now\"\ncy.get('#home_hero-pets-hero-draft_0 > div > div > a > button', {\n  timeout: 10000\n}).should('be.visible').click({\n  force: true\n});\n// Verifica que la página se haya cargado correctamente\ncy.url().should('include', 'collections/paw-hoodies');\n// Verifica que todos los elementos sean visibles\ncy.get('#collections_with_pagination-default-collections-with-pagination_0').should('be.visible');\ncy.wait(2000);\n// Desplázate y espera\ncy.scrollTo('bottom');\ncy.wait(2000);\ncy.scrollTo('center');\ncy.wait(2000);\ncy.scrollTo('top');\ncy.wait(2000);\n// Vuelve a la página anterior\ncy.go('back');\ncy.url().should('include', 'content/pets'); // Verifica que regresó correctamente\ncy.contains('Shop Pets', {\n  timeout: 10000\n}) // Busca el texto en la página\n.scrollIntoView() // Hace scroll hasta ese texto\n.should('be.visible'); // Verifica que es visible\ncy.wait(2000);\n// Haz clic en el CTA \"Shop All\" en la sección Shop Pets\ncy.get('#featured_products_section-shop-pets-draft_2 > div > div.vMPtAMR0 > a > button', {\n  timeout: 10000\n}).should('be.visible').click({\n  force: true\n});\n// Verifica que la página se haya cargado correctamente\ncy.url().should('include', 'collections/paw-hoodies');\n// Verifica que todos los elementos sean visibles\ncy.get('#collections_with_pagination-default-collections-with-pagination_0').should('be.visible');\ncy.wait(2000);\n// Desplázate y espera\ncy.scrollTo('bottom');\ncy.wait(2000);\ncy.scrollTo('center');\ncy.wait(2000);\ncy.scrollTo('top');\ncy.wait(2000);\n// Vuelve a la página anterior\ncy.go('back');\ncy.url().should('include', 'content/pets'); // Verifica que regresó correctamente\ncy.contains('MATCHING MOMENTS', {\n  timeout: 10000\n}) // Busca el texto en la página\n.scrollIntoView() // Hace scroll hasta ese texto\n.should('be.visible'); // Verifica que es visible\ncy.wait(2000);\n// Haz clic en el CTA \"Shop now\" en la sección MATCHING MOMENTS\ncy.get('#home_featured_section-pets-featured-section-draft_5 > section > div:nth-child(1) > div.btVi5MCm > a', {\n  timeout: 10000\n}).should('be.visible').click({\n  force: true\n});\n// Verifica que la página se haya cargado correctamente\ncy.url().should('include', 'products/the-standard-paw-hoodie');\n// Verifica que todos los elementos sean visibles\ncy.get('body').should('be.visible');\ncy.wait(2000);\n// Desplázate y espera\ncy.scrollTo('bottom');\ncy.wait(2000);\ncy.scrollTo('center');\ncy.wait(2000);\ncy.scrollTo('top');\ncy.wait(2000);\n// Vuelve a la página anterior\ncy.go('back');\ncy.url().should('include', 'content/pets'); // Verifica que regresó correctamente\ncy.contains('COMING SOON', {\n  timeout: 10000\n}) // Busca el texto en la página\n.scrollIntoView() // Hace scroll hasta ese texto\n.should('be.visible'); // Verifica que es visible\ncy.wait(2000);\n// Haz clic en el CTA \"Shop now\" en la sección MATCHING MOMENTS\ncy.get('#home_featured_section-pets-featured-section-draft_5 > section > div:nth-child(2) > div.btVi5MCm > a', {\n  timeout: 10000\n}).should('be.visible').click({\n  force: true\n});\n// Verifica que la página se haya cargado correctamente\ncy.url().should('include', 'products/the-camo-paw-hoodie');\n// Verifica que todos los elementos sean visibles\ncy.get('body').should('be.visible');\ncy.wait(2000);\n// Desplázate y espera\ncy.scrollTo('bottom');\ncy.wait(2000);\ncy.scrollTo('center');\ncy.wait(2000);\ncy.scrollTo('top');\ncy.wait(2000);\n// Vuelve a la página anterior\ncy.go('back');\n//Vuelve a la home\ncy.get('#default_header-default-header_0 > header > a > img', {\n  timeout: 10000\n}).should('be.visible').click({\n  force: true\n});\n// Verifica que la página se haya cargado correctamente\ncy.url().should('include', 'https://comfrt.com/');",
              "err": {},
              "uuid": "23c9c3d1-0529-4c34-ae44-ca88aa6a53f1",
              "parentUUID": "d883d18c-1e97-4890-aa19-3e853c896800",
              "isHook": false,
              "skipped": false
            }
          ],
          "suites": [],
          "passes": [
            "20aa681d-9e48-4faf-9785-e5cf2a236f2c",
            "f45bdce3-e2e2-4cb7-b0c4-7c16e87fa641",
            "23c9c3d1-0529-4c34-ae44-ca88aa6a53f1"
          ],
          "failures": [],
          "pending": [],
          "skipped": [],
          "duration": 192592,
          "root": false,
          "rootEmpty": false,
          "_timeout": 2000
        }
      ],
      "passes": [],
      "failures": [],
      "pending": [],
      "skipped": [],
      "duration": 0,
      "root": true,
      "rootEmpty": true,
      "_timeout": 2000
    }
  ],
  "meta": {
    "mocha": {
      "version": "7.0.1"
    },
    "mochawesome": {
      "options": {
        "quiet": false,
        "reportFilename": "mochawesome",
        "saveHtml": true,
        "saveJson": true,
        "consoleReporter": "spec",
        "useInlineDiffs": false,
        "code": true
      },
      "version": "7.1.3"
    },
    "marge": {
      "options": {
        "reportDir": "cypress/mochawesome-report",
        "overwrite": false,
        "html": true,
        "json": true
      },
      "version": "6.2.0"
    }
  }
}