{
  "stats": {
    "suites": 1,
    "tests": 1,
    "passes": 0,
    "pending": 0,
    "failures": 1,
    "start": "2025-02-04T12:04:45.507Z",
    "end": "2025-02-04T12:04:56.846Z",
    "duration": 11339,
    "testsRegistered": 1,
    "passPercent": 0,
    "pendingPercent": 0,
    "other": 0,
    "hasOther": false,
    "skipped": 0,
    "hasSkipped": false
  },
  "results": [
    {
      "uuid": "63e89cd2-b046-41e1-9f05-949751d9b54b",
      "title": "",
      "fullFile": "cypress/e2e/COMFRT/NavCateClicMobile.cy.js",
      "file": "cypress/e2e/COMFRT/NavCateClicMobile.cy.js",
      "beforeHooks": [],
      "afterHooks": [],
      "tests": [],
      "suites": [
        {
          "uuid": "94df44f5-6dc0-4526-8bd1-aa6c2d5ab7d2",
          "title": "Prueba de navegación en menú móvil - Comfrt",
          "fullFile": "",
          "file": "",
          "beforeHooks": [],
          "afterHooks": [],
          "tests": [
            {
              "title": "Debería abrir el menú hamburguesa y seleccionar la categoría \"Hoodies\"",
              "fullTitle": "Prueba de navegación en menú móvil - Comfrt Debería abrir el menú hamburguesa y seleccionar la categoría \"Hoodies\"",
              "timedOut": null,
              "duration": 8912,
              "state": "failed",
              "speed": null,
              "pass": false,
              "fail": true,
              "pending": false,
              "context": null,
              "code": "// Hacer clic en el botón del menú hamburguesa\ncy.get('button[aria-label=\"Open menu\"]').click();\n// Esperar a que el menú se despliegue\ncy.get('nav[aria-label=\"Mobile navigation\"]').should('be.visible');\n// Hacer clic en la categoría \"Hoodies\"\ncy.contains('a', 'Hoodies').click();\n// Verificar que la URL contiene '/collections/hoodies'\ncy.url().should('include', '/collections/hoodies');",
              "err": {
                "message": "AssertionError: Timed out retrying after 4000ms: Expected to find element: `button[aria-label=\"Open menu\"]`, but never found it.",
                "estack": "AssertionError: Timed out retrying after 4000ms: Expected to find element: `button[aria-label=\"Open menu\"]`, but never found it.\n    at Context.eval (webpack://documents/./cypress/e2e/COMFRT/NavCateClicMobile.cy.js:10:9)",
                "diff": null
              },
              "uuid": "6da36769-9c0b-4ea5-88b1-0d253a1a32f3",
              "parentUUID": "94df44f5-6dc0-4526-8bd1-aa6c2d5ab7d2",
              "isHook": false,
              "skipped": false
            }
          ],
          "suites": [],
          "passes": [],
          "failures": [
            "6da36769-9c0b-4ea5-88b1-0d253a1a32f3"
          ],
          "pending": [],
          "skipped": [],
          "duration": 8912,
          "root": false,
          "rootEmpty": false,
          "_timeout": 2000
        }
      ],
      "passes": [],
      "failures": [],
      "pending": [],
      "skipped": [],
      "duration": 0,
      "root": true,
      "rootEmpty": true,
      "_timeout": 2000
    }
  ],
  "meta": {
    "mocha": {
      "version": "7.0.1"
    },
    "mochawesome": {
      "options": {
        "quiet": false,
        "reportFilename": "mochawesome",
        "saveHtml": true,
        "saveJson": true,
        "consoleReporter": "spec",
        "useInlineDiffs": false,
        "code": true
      },
      "version": "7.1.3"
    },
    "marge": {
      "options": {
        "reportDir": "cypress/mochawesome-report",
        "overwrite": false,
        "html": true,
        "json": true
      },
      "version": "6.2.0"
    }
  }
}