{
  "stats": {
    "suites": 7,
    "tests": 72,
    "passes": 72,
    "pending": 0,
    "failures": 0,
    "start": "2025-01-31T20:40:34.123Z",
    "end": "2025-01-31T20:42:58.727Z",
    "duration": 144604,
    "testsRegistered": 72,
    "passPercent": 100,
    "pendingPercent": 0,
    "other": 0,
    "hasOther": false,
    "skipped": 0,
    "hasSkipped": false
  },
  "results": [
    {
      "uuid": "e508e2c8-6b39-427f-b5b6-5537c54e56c9",
      "title": "",
      "fullFile": "cypress/e2e/COMFRT/HomeAlldevicesElementsVisibles.cy.js",
      "file": "cypress/e2e/COMFRT/HomeAlldevicesElementsVisibles.cy.js",
      "beforeHooks": [],
      "afterHooks": [],
      "tests": [],
      "suites": [
        {
          "uuid": "dfab33a3-6082-4e93-b201-5e1de15c1b02",
          "title": "Prueba de scroll en vista móvil y desktop - Comfrt",
          "fullFile": "",
          "file": "",
          "beforeHooks": [],
          "afterHooks": [],
          "tests": [],
          "suites": [
            {
              "uuid": "276e9f61-1593-4603-88b7-ddd7b69ffa12",
              "title": "Pruebas en Samsung Galaxy S23 Ultra",
              "fullFile": "",
              "file": "",
              "beforeHooks": [],
              "afterHooks": [],
              "tests": [
                {
                  "title": "Debería mostrarse el header",
                  "fullTitle": "Prueba de scroll en vista móvil y desktop - Comfrt Pruebas en Samsung Galaxy S23 Ultra Debería mostrarse el header",
                  "timedOut": null,
                  "duration": 3216,
                  "state": "passed",
                  "speed": "fast",
                  "pass": true,
                  "fail": false,
                  "pending": false,
                  "context": null,
                  "code": "cy.get('.IXjqotrK').should('be.visible');",
                  "err": {},
                  "uuid": "7b734e87-4ed4-4deb-bf9c-0c22ddb3b95e",
                  "parentUUID": "276e9f61-1593-4603-88b7-ddd7b69ffa12",
                  "isHook": false,
                  "skipped": false
                },
                {
                  "title": "Debería mostrarse el banner principal",
                  "fullTitle": "Prueba de scroll en vista móvil y desktop - Comfrt Pruebas en Samsung Galaxy S23 Ultra Debería mostrarse el banner principal",
                  "timedOut": null,
                  "duration": 1914,
                  "state": "passed",
                  "speed": "fast",
                  "pass": true,
                  "fail": false,
                  "pending": false,
                  "context": null,
                  "code": "cy.get('.WcmUoMRO').should('be.visible');",
                  "err": {},
                  "uuid": "e78a343b-727d-481d-8e5f-1f91b7195f8d",
                  "parentUUID": "276e9f61-1593-4603-88b7-ddd7b69ffa12",
                  "isHook": false,
                  "skipped": false
                },
                {
                  "title": "Deberían mostrarse las imágenes de los productos \"Shop Best Seller\"",
                  "fullTitle": "Prueba de scroll en vista móvil y desktop - Comfrt Pruebas en Samsung Galaxy S23 Ultra Deberían mostrarse las imágenes de los productos \"Shop Best Seller\"",
                  "timedOut": null,
                  "duration": 1445,
                  "state": "passed",
                  "speed": "fast",
                  "pass": true,
                  "fail": false,
                  "pending": false,
                  "context": null,
                  "code": "cy.get('.NYNuDbQO').each($img => {\n  cy.wrap($img).should('be.visible');\n});",
                  "err": {},
                  "uuid": "fed39cc0-aa3a-4f90-ba0b-0d5d972e6cc7",
                  "parentUUID": "276e9f61-1593-4603-88b7-ddd7b69ffa12",
                  "isHook": false,
                  "skipped": false
                },
                {
                  "title": "Deberían mostrarse las dos imágenes debajo de \"Shop Best Seller\"",
                  "fullTitle": "Prueba de scroll en vista móvil y desktop - Comfrt Pruebas en Samsung Galaxy S23 Ultra Deberían mostrarse las dos imágenes debajo de \"Shop Best Seller\"",
                  "timedOut": null,
                  "duration": 2193,
                  "state": "passed",
                  "speed": "fast",
                  "pass": true,
                  "fail": false,
                  "pending": false,
                  "context": null,
                  "code": "cy.get('.VOXO2Pq8').each($img => {\n  cy.wrap($img).should('be.visible');\n});",
                  "err": {},
                  "uuid": "90b9eb8b-514d-4d13-a118-fc3ecdd9e2b9",
                  "parentUUID": "276e9f61-1593-4603-88b7-ddd7b69ffa12",
                  "isHook": false,
                  "skipped": false
                },
                {
                  "title": "Debería mostrarse la imagen de \"Partnered Charities\"",
                  "fullTitle": "Prueba de scroll en vista móvil y desktop - Comfrt Pruebas en Samsung Galaxy S23 Ultra Debería mostrarse la imagen de \"Partnered Charities\"",
                  "timedOut": null,
                  "duration": 1957,
                  "state": "passed",
                  "speed": "fast",
                  "pass": true,
                  "fail": false,
                  "pending": false,
                  "context": null,
                  "code": "cy.get('.HZLaZ_QX').should('be.visible');",
                  "err": {},
                  "uuid": "be8278bf-e362-4498-94b2-853cd1f17cf3",
                  "parentUUID": "276e9f61-1593-4603-88b7-ddd7b69ffa12",
                  "isHook": false,
                  "skipped": false
                },
                {
                  "title": "Deberían mostrarse las 4 imágenes de las secciones (Hoodie, Sweetpants, Loungewear y Accessories)",
                  "fullTitle": "Prueba de scroll en vista móvil y desktop - Comfrt Pruebas en Samsung Galaxy S23 Ultra Deberían mostrarse las 4 imágenes de las secciones (Hoodie, Sweetpants, Loungewear y Accessories)",
                  "timedOut": null,
                  "duration": 1472,
                  "state": "passed",
                  "speed": "fast",
                  "pass": true,
                  "fail": false,
                  "pending": false,
                  "context": null,
                  "code": "cy.get('.OhiQ0ybu').each($img => {\n  cy.wrap($img).should('be.visible');\n});",
                  "err": {},
                  "uuid": "fdcdd338-6108-4102-bc70-20eb673db136",
                  "parentUUID": "276e9f61-1593-4603-88b7-ddd7b69ffa12",
                  "isHook": false,
                  "skipped": false
                },
                {
                  "title": "Debería mostrarse el texto de la sección Comfrt Community",
                  "fullTitle": "Prueba de scroll en vista móvil y desktop - Comfrt Pruebas en Samsung Galaxy S23 Ultra Debería mostrarse el texto de la sección Comfrt Community",
                  "timedOut": null,
                  "duration": 1335,
                  "state": "passed",
                  "speed": "fast",
                  "pass": true,
                  "fail": false,
                  "pending": false,
                  "context": null,
                  "code": "cy.contains('Comfrt Community').should('be.visible');",
                  "err": {},
                  "uuid": "d769ecc6-17d4-456b-8242-9089335726bc",
                  "parentUUID": "276e9f61-1593-4603-88b7-ddd7b69ffa12",
                  "isHook": false,
                  "skipped": false
                },
                {
                  "title": "Debería mostrarse el texto debajo del título de la sección Comfrt Community",
                  "fullTitle": "Prueba de scroll en vista móvil y desktop - Comfrt Pruebas en Samsung Galaxy S23 Ultra Debería mostrarse el texto debajo del título de la sección Comfrt Community",
                  "timedOut": null,
                  "duration": 1188,
                  "state": "passed",
                  "speed": "fast",
                  "pass": true,
                  "fail": false,
                  "pending": false,
                  "context": null,
                  "code": "cy.contains('Join millions that love comfy clothes').should('be.visible');",
                  "err": {},
                  "uuid": "75af68c5-f2f8-4bfe-9499-b87b4a8fe20a",
                  "parentUUID": "276e9f61-1593-4603-88b7-ddd7b69ffa12",
                  "isHook": false,
                  "skipped": false
                },
                {
                  "title": "Deberían mostrarse las 4 imágenes de \"Comfrt Community\"",
                  "fullTitle": "Prueba de scroll en vista móvil y desktop - Comfrt Pruebas en Samsung Galaxy S23 Ultra Deberían mostrarse las 4 imágenes de \"Comfrt Community\"",
                  "timedOut": null,
                  "duration": 1548,
                  "state": "passed",
                  "speed": "fast",
                  "pass": true,
                  "fail": false,
                  "pending": false,
                  "context": null,
                  "code": "cy.get('.k5PkXOzu').should('be.visible');",
                  "err": {},
                  "uuid": "43399805-58ab-42ef-9523-50248d08a15e",
                  "parentUUID": "276e9f61-1593-4603-88b7-ddd7b69ffa12",
                  "isHook": false,
                  "skipped": false
                },
                {
                  "title": "Debería mostrarse la imagen de \"View Our Hoodies\"",
                  "fullTitle": "Prueba de scroll en vista móvil y desktop - Comfrt Pruebas en Samsung Galaxy S23 Ultra Debería mostrarse la imagen de \"View Our Hoodies\"",
                  "timedOut": null,
                  "duration": 1718,
                  "state": "passed",
                  "speed": "fast",
                  "pass": true,
                  "fail": false,
                  "pending": false,
                  "context": null,
                  "code": "cy.get('.IPzctVm4').should('be.visible');",
                  "err": {},
                  "uuid": "f9fd72db-7df9-4050-8cfd-185c797267cd",
                  "parentUUID": "276e9f61-1593-4603-88b7-ddd7b69ffa12",
                  "isHook": false,
                  "skipped": false
                },
                {
                  "title": "Debería mostrarse el texto de la sección View Our Hoodies",
                  "fullTitle": "Prueba de scroll en vista móvil y desktop - Comfrt Pruebas en Samsung Galaxy S23 Ultra Debería mostrarse el texto de la sección View Our Hoodies",
                  "timedOut": null,
                  "duration": 1344,
                  "state": "passed",
                  "speed": "fast",
                  "pass": true,
                  "fail": false,
                  "pending": false,
                  "context": null,
                  "code": "cy.contains('It\\'s always Comfrt season').should('be.visible');\ncy.contains('View Our Hoodies').should('be.visible');",
                  "err": {},
                  "uuid": "b4b1769e-4e70-4a64-889a-e998842f8839",
                  "parentUUID": "276e9f61-1593-4603-88b7-ddd7b69ffa12",
                  "isHook": false,
                  "skipped": false
                },
                {
                  "title": "Debería mostrarse el footer",
                  "fullTitle": "Prueba de scroll en vista móvil y desktop - Comfrt Pruebas en Samsung Galaxy S23 Ultra Debería mostrarse el footer",
                  "timedOut": null,
                  "duration": 1730,
                  "state": "passed",
                  "speed": "fast",
                  "pass": true,
                  "fail": false,
                  "pending": false,
                  "context": null,
                  "code": "cy.get('.KzcSxBo0').should('be.visible');",
                  "err": {},
                  "uuid": "cf1c4940-c832-4a58-aa28-15dddfd78d81",
                  "parentUUID": "276e9f61-1593-4603-88b7-ddd7b69ffa12",
                  "isHook": false,
                  "skipped": false
                }
              ],
              "suites": [],
              "passes": [
                "7b734e87-4ed4-4deb-bf9c-0c22ddb3b95e",
                "e78a343b-727d-481d-8e5f-1f91b7195f8d",
                "fed39cc0-aa3a-4f90-ba0b-0d5d972e6cc7",
                "90b9eb8b-514d-4d13-a118-fc3ecdd9e2b9",
                "be8278bf-e362-4498-94b2-853cd1f17cf3",
                "fdcdd338-6108-4102-bc70-20eb673db136",
                "d769ecc6-17d4-456b-8242-9089335726bc",
                "75af68c5-f2f8-4bfe-9499-b87b4a8fe20a",
                "43399805-58ab-42ef-9523-50248d08a15e",
                "f9fd72db-7df9-4050-8cfd-185c797267cd",
                "b4b1769e-4e70-4a64-889a-e998842f8839",
                "cf1c4940-c832-4a58-aa28-15dddfd78d81"
              ],
              "failures": [],
              "pending": [],
              "skipped": [],
              "duration": 21060,
              "root": false,
              "rootEmpty": false,
              "_timeout": 2000
            },
            {
              "uuid": "397279ca-2724-4743-a933-a0a014e7c63f",
              "title": "Pruebas en iPhone 15 Pro",
              "fullFile": "",
              "file": "",
              "beforeHooks": [],
              "afterHooks": [],
              "tests": [
                {
                  "title": "Debería mostrarse el header",
                  "fullTitle": "Prueba de scroll en vista móvil y desktop - Comfrt Pruebas en iPhone 15 Pro Debería mostrarse el header",
                  "timedOut": null,
                  "duration": 1777,
                  "state": "passed",
                  "speed": "fast",
                  "pass": true,
                  "fail": false,
                  "pending": false,
                  "context": null,
                  "code": "cy.get('.IXjqotrK').should('be.visible');",
                  "err": {},
                  "uuid": "f84a60ba-91b4-49b8-8caf-c76e22490c81",
                  "parentUUID": "397279ca-2724-4743-a933-a0a014e7c63f",
                  "isHook": false,
                  "skipped": false
                },
                {
                  "title": "Debería mostrarse el banner principal",
                  "fullTitle": "Prueba de scroll en vista móvil y desktop - Comfrt Pruebas en iPhone 15 Pro Debería mostrarse el banner principal",
                  "timedOut": null,
                  "duration": 1658,
                  "state": "passed",
                  "speed": "fast",
                  "pass": true,
                  "fail": false,
                  "pending": false,
                  "context": null,
                  "code": "cy.get('.WcmUoMRO').should('be.visible');",
                  "err": {},
                  "uuid": "760dbf05-77fb-4e3c-bf0c-3c3f58e78544",
                  "parentUUID": "397279ca-2724-4743-a933-a0a014e7c63f",
                  "isHook": false,
                  "skipped": false
                },
                {
                  "title": "Deberían mostrarse las imágenes de los productos \"Shop Best Seller\"",
                  "fullTitle": "Prueba de scroll en vista móvil y desktop - Comfrt Pruebas en iPhone 15 Pro Deberían mostrarse las imágenes de los productos \"Shop Best Seller\"",
                  "timedOut": null,
                  "duration": 1855,
                  "state": "passed",
                  "speed": "fast",
                  "pass": true,
                  "fail": false,
                  "pending": false,
                  "context": null,
                  "code": "cy.get('.NYNuDbQO').each($img => {\n  cy.wrap($img).should('be.visible');\n});",
                  "err": {},
                  "uuid": "02cadd2a-913b-4a45-bf1a-4e17fef85915",
                  "parentUUID": "397279ca-2724-4743-a933-a0a014e7c63f",
                  "isHook": false,
                  "skipped": false
                },
                {
                  "title": "Deberían mostrarse las dos imágenes debajo de \"Shop Best Seller\"",
                  "fullTitle": "Prueba de scroll en vista móvil y desktop - Comfrt Pruebas en iPhone 15 Pro Deberían mostrarse las dos imágenes debajo de \"Shop Best Seller\"",
                  "timedOut": null,
                  "duration": 1601,
                  "state": "passed",
                  "speed": "fast",
                  "pass": true,
                  "fail": false,
                  "pending": false,
                  "context": null,
                  "code": "cy.get('.VOXO2Pq8').each($img => {\n  cy.wrap($img).should('be.visible');\n});",
                  "err": {},
                  "uuid": "66a88ef1-e337-4d63-ad1d-b5d59627ea8d",
                  "parentUUID": "397279ca-2724-4743-a933-a0a014e7c63f",
                  "isHook": false,
                  "skipped": false
                },
                {
                  "title": "Debería mostrarse la imagen de \"Partnered Charities\"",
                  "fullTitle": "Prueba de scroll en vista móvil y desktop - Comfrt Pruebas en iPhone 15 Pro Debería mostrarse la imagen de \"Partnered Charities\"",
                  "timedOut": null,
                  "duration": 1786,
                  "state": "passed",
                  "speed": "fast",
                  "pass": true,
                  "fail": false,
                  "pending": false,
                  "context": null,
                  "code": "cy.get('.HZLaZ_QX').should('be.visible');",
                  "err": {},
                  "uuid": "1c299a03-1a73-461e-bf4d-457f318c78b3",
                  "parentUUID": "397279ca-2724-4743-a933-a0a014e7c63f",
                  "isHook": false,
                  "skipped": false
                },
                {
                  "title": "Deberían mostrarse las 4 imágenes de las secciones (Hoodie, Sweetpants, Loungewear y Accessories)",
                  "fullTitle": "Prueba de scroll en vista móvil y desktop - Comfrt Pruebas en iPhone 15 Pro Deberían mostrarse las 4 imágenes de las secciones (Hoodie, Sweetpants, Loungewear y Accessories)",
                  "timedOut": null,
                  "duration": 1582,
                  "state": "passed",
                  "speed": "fast",
                  "pass": true,
                  "fail": false,
                  "pending": false,
                  "context": null,
                  "code": "cy.get('.OhiQ0ybu').each($img => {\n  cy.wrap($img).should('be.visible');\n});",
                  "err": {},
                  "uuid": "a9841b39-9ff9-48a4-a25d-d69c441209bf",
                  "parentUUID": "397279ca-2724-4743-a933-a0a014e7c63f",
                  "isHook": false,
                  "skipped": false
                },
                {
                  "title": "Debería mostrarse el texto de la sección Comfrt Community",
                  "fullTitle": "Prueba de scroll en vista móvil y desktop - Comfrt Pruebas en iPhone 15 Pro Debería mostrarse el texto de la sección Comfrt Community",
                  "timedOut": null,
                  "duration": 2659,
                  "state": "passed",
                  "speed": "fast",
                  "pass": true,
                  "fail": false,
                  "pending": false,
                  "context": null,
                  "code": "cy.contains('Comfrt Community').should('be.visible');",
                  "err": {},
                  "uuid": "431246ff-b164-463f-b945-a3de570ba460",
                  "parentUUID": "397279ca-2724-4743-a933-a0a014e7c63f",
                  "isHook": false,
                  "skipped": false
                },
                {
                  "title": "Debería mostrarse el texto debajo del título de la sección Comfrt Community",
                  "fullTitle": "Prueba de scroll en vista móvil y desktop - Comfrt Pruebas en iPhone 15 Pro Debería mostrarse el texto debajo del título de la sección Comfrt Community",
                  "timedOut": null,
                  "duration": 1787,
                  "state": "passed",
                  "speed": "fast",
                  "pass": true,
                  "fail": false,
                  "pending": false,
                  "context": null,
                  "code": "cy.contains('Join millions that love comfy clothes').should('be.visible');",
                  "err": {},
                  "uuid": "51a938c7-88d3-4d8a-89de-65fb0963b534",
                  "parentUUID": "397279ca-2724-4743-a933-a0a014e7c63f",
                  "isHook": false,
                  "skipped": false
                },
                {
                  "title": "Deberían mostrarse las 4 imágenes de \"Comfrt Community\"",
                  "fullTitle": "Prueba de scroll en vista móvil y desktop - Comfrt Pruebas en iPhone 15 Pro Deberían mostrarse las 4 imágenes de \"Comfrt Community\"",
                  "timedOut": null,
                  "duration": 1381,
                  "state": "passed",
                  "speed": "fast",
                  "pass": true,
                  "fail": false,
                  "pending": false,
                  "context": null,
                  "code": "cy.get('.k5PkXOzu').should('be.visible');",
                  "err": {},
                  "uuid": "87c9b5e3-29e5-4c22-86ca-ba765dd00ff4",
                  "parentUUID": "397279ca-2724-4743-a933-a0a014e7c63f",
                  "isHook": false,
                  "skipped": false
                },
                {
                  "title": "Debería mostrarse la imagen de \"View Our Hoodies\"",
                  "fullTitle": "Prueba de scroll en vista móvil y desktop - Comfrt Pruebas en iPhone 15 Pro Debería mostrarse la imagen de \"View Our Hoodies\"",
                  "timedOut": null,
                  "duration": 1325,
                  "state": "passed",
                  "speed": "fast",
                  "pass": true,
                  "fail": false,
                  "pending": false,
                  "context": null,
                  "code": "cy.get('.IPzctVm4').should('be.visible');",
                  "err": {},
                  "uuid": "fe6d0e56-3649-4f80-a296-d109b3fc5ca3",
                  "parentUUID": "397279ca-2724-4743-a933-a0a014e7c63f",
                  "isHook": false,
                  "skipped": false
                },
                {
                  "title": "Debería mostrarse el texto de la sección View Our Hoodies",
                  "fullTitle": "Prueba de scroll en vista móvil y desktop - Comfrt Pruebas en iPhone 15 Pro Debería mostrarse el texto de la sección View Our Hoodies",
                  "timedOut": null,
                  "duration": 1297,
                  "state": "passed",
                  "speed": "fast",
                  "pass": true,
                  "fail": false,
                  "pending": false,
                  "context": null,
                  "code": "cy.contains('It\\'s always Comfrt season').should('be.visible');\ncy.contains('View Our Hoodies').should('be.visible');",
                  "err": {},
                  "uuid": "44df8dd5-2a34-4ef8-8eda-8658341cdcc8",
                  "parentUUID": "397279ca-2724-4743-a933-a0a014e7c63f",
                  "isHook": false,
                  "skipped": false
                },
                {
                  "title": "Debería mostrarse el footer",
                  "fullTitle": "Prueba de scroll en vista móvil y desktop - Comfrt Pruebas en iPhone 15 Pro Debería mostrarse el footer",
                  "timedOut": null,
                  "duration": 1568,
                  "state": "passed",
                  "speed": "fast",
                  "pass": true,
                  "fail": false,
                  "pending": false,
                  "context": null,
                  "code": "cy.get('.KzcSxBo0').should('be.visible');",
                  "err": {},
                  "uuid": "d58371c0-2a86-4d26-9a92-60ab0c691bbf",
                  "parentUUID": "397279ca-2724-4743-a933-a0a014e7c63f",
                  "isHook": false,
                  "skipped": false
                }
              ],
              "suites": [],
              "passes": [
                "f84a60ba-91b4-49b8-8caf-c76e22490c81",
                "760dbf05-77fb-4e3c-bf0c-3c3f58e78544",
                "02cadd2a-913b-4a45-bf1a-4e17fef85915",
                "66a88ef1-e337-4d63-ad1d-b5d59627ea8d",
                "1c299a03-1a73-461e-bf4d-457f318c78b3",
                "a9841b39-9ff9-48a4-a25d-d69c441209bf",
                "431246ff-b164-463f-b945-a3de570ba460",
                "51a938c7-88d3-4d8a-89de-65fb0963b534",
                "87c9b5e3-29e5-4c22-86ca-ba765dd00ff4",
                "fe6d0e56-3649-4f80-a296-d109b3fc5ca3",
                "44df8dd5-2a34-4ef8-8eda-8658341cdcc8",
                "d58371c0-2a86-4d26-9a92-60ab0c691bbf"
              ],
              "failures": [],
              "pending": [],
              "skipped": [],
              "duration": 20276,
              "root": false,
              "rootEmpty": false,
              "_timeout": 2000
            },
            {
              "uuid": "aa79cb9e-8b7c-454e-a5df-9c2ad4c9bac4",
              "title": "Pruebas en iPhone 15 Pro Max",
              "fullFile": "",
              "file": "",
              "beforeHooks": [],
              "afterHooks": [],
              "tests": [
                {
                  "title": "Debería mostrarse el header",
                  "fullTitle": "Prueba de scroll en vista móvil y desktop - Comfrt Pruebas en iPhone 15 Pro Max Debería mostrarse el header",
                  "timedOut": null,
                  "duration": 3745,
                  "state": "passed",
                  "speed": "fast",
                  "pass": true,
                  "fail": false,
                  "pending": false,
                  "context": null,
                  "code": "cy.get('.IXjqotrK').should('be.visible');",
                  "err": {},
                  "uuid": "ec956721-6bb3-40aa-b639-dbd0104b13a2",
                  "parentUUID": "aa79cb9e-8b7c-454e-a5df-9c2ad4c9bac4",
                  "isHook": false,
                  "skipped": false
                },
                {
                  "title": "Debería mostrarse el banner principal",
                  "fullTitle": "Prueba de scroll en vista móvil y desktop - Comfrt Pruebas en iPhone 15 Pro Max Debería mostrarse el banner principal",
                  "timedOut": null,
                  "duration": 1536,
                  "state": "passed",
                  "speed": "fast",
                  "pass": true,
                  "fail": false,
                  "pending": false,
                  "context": null,
                  "code": "cy.get('.WcmUoMRO').should('be.visible');",
                  "err": {},
                  "uuid": "69bbf3a5-1543-4670-be96-0c5e8a6457cc",
                  "parentUUID": "aa79cb9e-8b7c-454e-a5df-9c2ad4c9bac4",
                  "isHook": false,
                  "skipped": false
                },
                {
                  "title": "Deberían mostrarse las imágenes de los productos \"Shop Best Seller\"",
                  "fullTitle": "Prueba de scroll en vista móvil y desktop - Comfrt Pruebas en iPhone 15 Pro Max Deberían mostrarse las imágenes de los productos \"Shop Best Seller\"",
                  "timedOut": null,
                  "duration": 2256,
                  "state": "passed",
                  "speed": "fast",
                  "pass": true,
                  "fail": false,
                  "pending": false,
                  "context": null,
                  "code": "cy.get('.NYNuDbQO').each($img => {\n  cy.wrap($img).should('be.visible');\n});",
                  "err": {},
                  "uuid": "8c8b5153-d7ee-4a25-87df-17f5997cefdb",
                  "parentUUID": "aa79cb9e-8b7c-454e-a5df-9c2ad4c9bac4",
                  "isHook": false,
                  "skipped": false
                },
                {
                  "title": "Deberían mostrarse las dos imágenes debajo de \"Shop Best Seller\"",
                  "fullTitle": "Prueba de scroll en vista móvil y desktop - Comfrt Pruebas en iPhone 15 Pro Max Deberían mostrarse las dos imágenes debajo de \"Shop Best Seller\"",
                  "timedOut": null,
                  "duration": 1487,
                  "state": "passed",
                  "speed": "fast",
                  "pass": true,
                  "fail": false,
                  "pending": false,
                  "context": null,
                  "code": "cy.get('.VOXO2Pq8').each($img => {\n  cy.wrap($img).should('be.visible');\n});",
                  "err": {},
                  "uuid": "58bf2990-86f9-4922-bb59-ab71fcd5c38d",
                  "parentUUID": "aa79cb9e-8b7c-454e-a5df-9c2ad4c9bac4",
                  "isHook": false,
                  "skipped": false
                },
                {
                  "title": "Debería mostrarse la imagen de \"Partnered Charities\"",
                  "fullTitle": "Prueba de scroll en vista móvil y desktop - Comfrt Pruebas en iPhone 15 Pro Max Debería mostrarse la imagen de \"Partnered Charities\"",
                  "timedOut": null,
                  "duration": 3176,
                  "state": "passed",
                  "speed": "fast",
                  "pass": true,
                  "fail": false,
                  "pending": false,
                  "context": null,
                  "code": "cy.get('.HZLaZ_QX').should('be.visible');",
                  "err": {},
                  "uuid": "6e8222eb-df55-45f1-881c-26b1bbdeaa29",
                  "parentUUID": "aa79cb9e-8b7c-454e-a5df-9c2ad4c9bac4",
                  "isHook": false,
                  "skipped": false
                },
                {
                  "title": "Deberían mostrarse las 4 imágenes de las secciones (Hoodie, Sweetpants, Loungewear y Accessories)",
                  "fullTitle": "Prueba de scroll en vista móvil y desktop - Comfrt Pruebas en iPhone 15 Pro Max Deberían mostrarse las 4 imágenes de las secciones (Hoodie, Sweetpants, Loungewear y Accessories)",
                  "timedOut": null,
                  "duration": 1868,
                  "state": "passed",
                  "speed": "fast",
                  "pass": true,
                  "fail": false,
                  "pending": false,
                  "context": null,
                  "code": "cy.get('.OhiQ0ybu').each($img => {\n  cy.wrap($img).should('be.visible');\n});",
                  "err": {},
                  "uuid": "610d441d-f869-4dff-8d0b-242d06bd5358",
                  "parentUUID": "aa79cb9e-8b7c-454e-a5df-9c2ad4c9bac4",
                  "isHook": false,
                  "skipped": false
                },
                {
                  "title": "Debería mostrarse el texto de la sección Comfrt Community",
                  "fullTitle": "Prueba de scroll en vista móvil y desktop - Comfrt Pruebas en iPhone 15 Pro Max Debería mostrarse el texto de la sección Comfrt Community",
                  "timedOut": null,
                  "duration": 1838,
                  "state": "passed",
                  "speed": "fast",
                  "pass": true,
                  "fail": false,
                  "pending": false,
                  "context": null,
                  "code": "cy.contains('Comfrt Community').should('be.visible');",
                  "err": {},
                  "uuid": "5c3884a4-0ecb-4d60-b217-8437a9f65aea",
                  "parentUUID": "aa79cb9e-8b7c-454e-a5df-9c2ad4c9bac4",
                  "isHook": false,
                  "skipped": false
                },
                {
                  "title": "Debería mostrarse el texto debajo del título de la sección Comfrt Community",
                  "fullTitle": "Prueba de scroll en vista móvil y desktop - Comfrt Pruebas en iPhone 15 Pro Max Debería mostrarse el texto debajo del título de la sección Comfrt Community",
                  "timedOut": null,
                  "duration": 2016,
                  "state": "passed",
                  "speed": "fast",
                  "pass": true,
                  "fail": false,
                  "pending": false,
                  "context": null,
                  "code": "cy.contains('Join millions that love comfy clothes').should('be.visible');",
                  "err": {},
                  "uuid": "fafd3aa1-fb41-4b46-825a-53a049cbea5e",
                  "parentUUID": "aa79cb9e-8b7c-454e-a5df-9c2ad4c9bac4",
                  "isHook": false,
                  "skipped": false
                },
                {
                  "title": "Deberían mostrarse las 4 imágenes de \"Comfrt Community\"",
                  "fullTitle": "Prueba de scroll en vista móvil y desktop - Comfrt Pruebas en iPhone 15 Pro Max Deberían mostrarse las 4 imágenes de \"Comfrt Community\"",
                  "timedOut": null,
                  "duration": 1762,
                  "state": "passed",
                  "speed": "fast",
                  "pass": true,
                  "fail": false,
                  "pending": false,
                  "context": null,
                  "code": "cy.get('.k5PkXOzu').should('be.visible');",
                  "err": {},
                  "uuid": "1513a12a-6a45-43ab-9b65-3aedcdc6b8ab",
                  "parentUUID": "aa79cb9e-8b7c-454e-a5df-9c2ad4c9bac4",
                  "isHook": false,
                  "skipped": false
                },
                {
                  "title": "Debería mostrarse la imagen de \"View Our Hoodies\"",
                  "fullTitle": "Prueba de scroll en vista móvil y desktop - Comfrt Pruebas en iPhone 15 Pro Max Debería mostrarse la imagen de \"View Our Hoodies\"",
                  "timedOut": null,
                  "duration": 1320,
                  "state": "passed",
                  "speed": "fast",
                  "pass": true,
                  "fail": false,
                  "pending": false,
                  "context": null,
                  "code": "cy.get('.IPzctVm4').should('be.visible');",
                  "err": {},
                  "uuid": "95907667-97d7-49fc-9a04-b166ce8f09ff",
                  "parentUUID": "aa79cb9e-8b7c-454e-a5df-9c2ad4c9bac4",
                  "isHook": false,
                  "skipped": false
                },
                {
                  "title": "Debería mostrarse el texto de la sección View Our Hoodies",
                  "fullTitle": "Prueba de scroll en vista móvil y desktop - Comfrt Pruebas en iPhone 15 Pro Max Debería mostrarse el texto de la sección View Our Hoodies",
                  "timedOut": null,
                  "duration": 2077,
                  "state": "passed",
                  "speed": "fast",
                  "pass": true,
                  "fail": false,
                  "pending": false,
                  "context": null,
                  "code": "cy.contains('It\\'s always Comfrt season').should('be.visible');\ncy.contains('View Our Hoodies').should('be.visible');",
                  "err": {},
                  "uuid": "09bd7048-da3c-4587-b4aa-e67124171de6",
                  "parentUUID": "aa79cb9e-8b7c-454e-a5df-9c2ad4c9bac4",
                  "isHook": false,
                  "skipped": false
                },
                {
                  "title": "Debería mostrarse el footer",
                  "fullTitle": "Prueba de scroll en vista móvil y desktop - Comfrt Pruebas en iPhone 15 Pro Max Debería mostrarse el footer",
                  "timedOut": null,
                  "duration": 2597,
                  "state": "passed",
                  "speed": "fast",
                  "pass": true,
                  "fail": false,
                  "pending": false,
                  "context": null,
                  "code": "cy.get('.KzcSxBo0').should('be.visible');",
                  "err": {},
                  "uuid": "3799364c-aa72-4c99-8e68-a7cd752b655c",
                  "parentUUID": "aa79cb9e-8b7c-454e-a5df-9c2ad4c9bac4",
                  "isHook": false,
                  "skipped": false
                }
              ],
              "suites": [],
              "passes": [
                "ec956721-6bb3-40aa-b639-dbd0104b13a2",
                "69bbf3a5-1543-4670-be96-0c5e8a6457cc",
                "8c8b5153-d7ee-4a25-87df-17f5997cefdb",
                "58bf2990-86f9-4922-bb59-ab71fcd5c38d",
                "6e8222eb-df55-45f1-881c-26b1bbdeaa29",
                "610d441d-f869-4dff-8d0b-242d06bd5358",
                "5c3884a4-0ecb-4d60-b217-8437a9f65aea",
                "fafd3aa1-fb41-4b46-825a-53a049cbea5e",
                "1513a12a-6a45-43ab-9b65-3aedcdc6b8ab",
                "95907667-97d7-49fc-9a04-b166ce8f09ff",
                "09bd7048-da3c-4587-b4aa-e67124171de6",
                "3799364c-aa72-4c99-8e68-a7cd752b655c"
              ],
              "failures": [],
              "pending": [],
              "skipped": [],
              "duration": 25678,
              "root": false,
              "rootEmpty": false,
              "_timeout": 2000
            },
            {
              "uuid": "2e6a525a-ea59-49d6-8482-f9a9f70d66b6",
              "title": "Pruebas en MacBook Pro 16\"",
              "fullFile": "",
              "file": "",
              "beforeHooks": [],
              "afterHooks": [],
              "tests": [
                {
                  "title": "Debería mostrarse el header",
                  "fullTitle": "Prueba de scroll en vista móvil y desktop - Comfrt Pruebas en MacBook Pro 16\" Debería mostrarse el header",
                  "timedOut": null,
                  "duration": 1698,
                  "state": "passed",
                  "speed": "fast",
                  "pass": true,
                  "fail": false,
                  "pending": false,
                  "context": null,
                  "code": "cy.get('.IXjqotrK').should('be.visible');",
                  "err": {},
                  "uuid": "1343d543-160a-4598-b494-33d5aa588d6e",
                  "parentUUID": "2e6a525a-ea59-49d6-8482-f9a9f70d66b6",
                  "isHook": false,
                  "skipped": false
                },
                {
                  "title": "Debería mostrarse el banner principal",
                  "fullTitle": "Prueba de scroll en vista móvil y desktop - Comfrt Pruebas en MacBook Pro 16\" Debería mostrarse el banner principal",
                  "timedOut": null,
                  "duration": 1687,
                  "state": "passed",
                  "speed": "fast",
                  "pass": true,
                  "fail": false,
                  "pending": false,
                  "context": null,
                  "code": "cy.get('.WcmUoMRO').should('be.visible');",
                  "err": {},
                  "uuid": "a2de7d76-5992-4bce-9345-b01c286c0250",
                  "parentUUID": "2e6a525a-ea59-49d6-8482-f9a9f70d66b6",
                  "isHook": false,
                  "skipped": false
                },
                {
                  "title": "Deberían mostrarse las imágenes de los productos \"Shop Best Seller\"",
                  "fullTitle": "Prueba de scroll en vista móvil y desktop - Comfrt Pruebas en MacBook Pro 16\" Deberían mostrarse las imágenes de los productos \"Shop Best Seller\"",
                  "timedOut": null,
                  "duration": 1523,
                  "state": "passed",
                  "speed": "fast",
                  "pass": true,
                  "fail": false,
                  "pending": false,
                  "context": null,
                  "code": "cy.get('.NYNuDbQO').each($img => {\n  cy.wrap($img).should('be.visible');\n});",
                  "err": {},
                  "uuid": "3d5c8d6d-036c-489b-8f9e-4a1a2a2fd515",
                  "parentUUID": "2e6a525a-ea59-49d6-8482-f9a9f70d66b6",
                  "isHook": false,
                  "skipped": false
                },
                {
                  "title": "Deberían mostrarse las dos imágenes debajo de \"Shop Best Seller\"",
                  "fullTitle": "Prueba de scroll en vista móvil y desktop - Comfrt Pruebas en MacBook Pro 16\" Deberían mostrarse las dos imágenes debajo de \"Shop Best Seller\"",
                  "timedOut": null,
                  "duration": 1537,
                  "state": "passed",
                  "speed": "fast",
                  "pass": true,
                  "fail": false,
                  "pending": false,
                  "context": null,
                  "code": "cy.get('.VOXO2Pq8').each($img => {\n  cy.wrap($img).should('be.visible');\n});",
                  "err": {},
                  "uuid": "c7628422-bb17-4dc7-bc8c-6b61efe5f902",
                  "parentUUID": "2e6a525a-ea59-49d6-8482-f9a9f70d66b6",
                  "isHook": false,
                  "skipped": false
                },
                {
                  "title": "Debería mostrarse la imagen de \"Partnered Charities\"",
                  "fullTitle": "Prueba de scroll en vista móvil y desktop - Comfrt Pruebas en MacBook Pro 16\" Debería mostrarse la imagen de \"Partnered Charities\"",
                  "timedOut": null,
                  "duration": 1380,
                  "state": "passed",
                  "speed": "fast",
                  "pass": true,
                  "fail": false,
                  "pending": false,
                  "context": null,
                  "code": "cy.get('.HZLaZ_QX').should('be.visible');",
                  "err": {},
                  "uuid": "63e7975c-ae6a-4aaf-844e-5956258008fe",
                  "parentUUID": "2e6a525a-ea59-49d6-8482-f9a9f70d66b6",
                  "isHook": false,
                  "skipped": false
                },
                {
                  "title": "Deberían mostrarse las 4 imágenes de las secciones (Hoodie, Sweetpants, Loungewear y Accessories)",
                  "fullTitle": "Prueba de scroll en vista móvil y desktop - Comfrt Pruebas en MacBook Pro 16\" Deberían mostrarse las 4 imágenes de las secciones (Hoodie, Sweetpants, Loungewear y Accessories)",
                  "timedOut": null,
                  "duration": 1804,
                  "state": "passed",
                  "speed": "fast",
                  "pass": true,
                  "fail": false,
                  "pending": false,
                  "context": null,
                  "code": "cy.get('.OhiQ0ybu').each($img => {\n  cy.wrap($img).should('be.visible');\n});",
                  "err": {},
                  "uuid": "4a2682e8-3161-4f3b-b5e1-deab88f7a68c",
                  "parentUUID": "2e6a525a-ea59-49d6-8482-f9a9f70d66b6",
                  "isHook": false,
                  "skipped": false
                },
                {
                  "title": "Debería mostrarse el texto de la sección Comfrt Community",
                  "fullTitle": "Prueba de scroll en vista móvil y desktop - Comfrt Pruebas en MacBook Pro 16\" Debería mostrarse el texto de la sección Comfrt Community",
                  "timedOut": null,
                  "duration": 1666,
                  "state": "passed",
                  "speed": "fast",
                  "pass": true,
                  "fail": false,
                  "pending": false,
                  "context": null,
                  "code": "cy.contains('Comfrt Community').should('be.visible');",
                  "err": {},
                  "uuid": "d87f5160-168b-43f0-bc68-611084ee929a",
                  "parentUUID": "2e6a525a-ea59-49d6-8482-f9a9f70d66b6",
                  "isHook": false,
                  "skipped": false
                },
                {
                  "title": "Debería mostrarse el texto debajo del título de la sección Comfrt Community",
                  "fullTitle": "Prueba de scroll en vista móvil y desktop - Comfrt Pruebas en MacBook Pro 16\" Debería mostrarse el texto debajo del título de la sección Comfrt Community",
                  "timedOut": null,
                  "duration": 1845,
                  "state": "passed",
                  "speed": "fast",
                  "pass": true,
                  "fail": false,
                  "pending": false,
                  "context": null,
                  "code": "cy.contains('Join millions that love comfy clothes').should('be.visible');",
                  "err": {},
                  "uuid": "b41abb4e-ab5a-4465-ba53-9017d90ee4bb",
                  "parentUUID": "2e6a525a-ea59-49d6-8482-f9a9f70d66b6",
                  "isHook": false,
                  "skipped": false
                },
                {
                  "title": "Deberían mostrarse las 4 imágenes de \"Comfrt Community\"",
                  "fullTitle": "Prueba de scroll en vista móvil y desktop - Comfrt Pruebas en MacBook Pro 16\" Deberían mostrarse las 4 imágenes de \"Comfrt Community\"",
                  "timedOut": null,
                  "duration": 1970,
                  "state": "passed",
                  "speed": "fast",
                  "pass": true,
                  "fail": false,
                  "pending": false,
                  "context": null,
                  "code": "cy.get('.k5PkXOzu').should('be.visible');",
                  "err": {},
                  "uuid": "09e322c0-837c-41f9-82b9-2abcedc9a620",
                  "parentUUID": "2e6a525a-ea59-49d6-8482-f9a9f70d66b6",
                  "isHook": false,
                  "skipped": false
                },
                {
                  "title": "Debería mostrarse la imagen de \"View Our Hoodies\"",
                  "fullTitle": "Prueba de scroll en vista móvil y desktop - Comfrt Pruebas en MacBook Pro 16\" Debería mostrarse la imagen de \"View Our Hoodies\"",
                  "timedOut": null,
                  "duration": 1817,
                  "state": "passed",
                  "speed": "fast",
                  "pass": true,
                  "fail": false,
                  "pending": false,
                  "context": null,
                  "code": "cy.get('.IPzctVm4').should('be.visible');",
                  "err": {},
                  "uuid": "9e49c799-30bc-4511-bba9-236041969d3f",
                  "parentUUID": "2e6a525a-ea59-49d6-8482-f9a9f70d66b6",
                  "isHook": false,
                  "skipped": false
                },
                {
                  "title": "Debería mostrarse el texto de la sección View Our Hoodies",
                  "fullTitle": "Prueba de scroll en vista móvil y desktop - Comfrt Pruebas en MacBook Pro 16\" Debería mostrarse el texto de la sección View Our Hoodies",
                  "timedOut": null,
                  "duration": 1453,
                  "state": "passed",
                  "speed": "fast",
                  "pass": true,
                  "fail": false,
                  "pending": false,
                  "context": null,
                  "code": "cy.contains('It\\'s always Comfrt season').should('be.visible');\ncy.contains('View Our Hoodies').should('be.visible');",
                  "err": {},
                  "uuid": "a5ada611-2cbf-4e63-8398-0343b46020c3",
                  "parentUUID": "2e6a525a-ea59-49d6-8482-f9a9f70d66b6",
                  "isHook": false,
                  "skipped": false
                },
                {
                  "title": "Debería mostrarse el footer",
                  "fullTitle": "Prueba de scroll en vista móvil y desktop - Comfrt Pruebas en MacBook Pro 16\" Debería mostrarse el footer",
                  "timedOut": null,
                  "duration": 1488,
                  "state": "passed",
                  "speed": "fast",
                  "pass": true,
                  "fail": false,
                  "pending": false,
                  "context": null,
                  "code": "cy.get('.KzcSxBo0').should('be.visible');",
                  "err": {},
                  "uuid": "4e8ab27c-9cd6-4682-9d73-03f9f77a0804",
                  "parentUUID": "2e6a525a-ea59-49d6-8482-f9a9f70d66b6",
                  "isHook": false,
                  "skipped": false
                }
              ],
              "suites": [],
              "passes": [
                "1343d543-160a-4598-b494-33d5aa588d6e",
                "a2de7d76-5992-4bce-9345-b01c286c0250",
                "3d5c8d6d-036c-489b-8f9e-4a1a2a2fd515",
                "c7628422-bb17-4dc7-bc8c-6b61efe5f902",
                "63e7975c-ae6a-4aaf-844e-5956258008fe",
                "4a2682e8-3161-4f3b-b5e1-deab88f7a68c",
                "d87f5160-168b-43f0-bc68-611084ee929a",
                "b41abb4e-ab5a-4465-ba53-9017d90ee4bb",
                "09e322c0-837c-41f9-82b9-2abcedc9a620",
                "9e49c799-30bc-4511-bba9-236041969d3f",
                "a5ada611-2cbf-4e63-8398-0343b46020c3",
                "4e8ab27c-9cd6-4682-9d73-03f9f77a0804"
              ],
              "failures": [],
              "pending": [],
              "skipped": [],
              "duration": 19868,
              "root": false,
              "rootEmpty": false,
              "_timeout": 2000
            },
            {
              "uuid": "11ca9332-f416-43aa-9cd3-5bf64e37ebb7",
              "title": "Pruebas en Windows 4K Monitor",
              "fullFile": "",
              "file": "",
              "beforeHooks": [],
              "afterHooks": [],
              "tests": [
                {
                  "title": "Debería mostrarse el header",
                  "fullTitle": "Prueba de scroll en vista móvil y desktop - Comfrt Pruebas en Windows 4K Monitor Debería mostrarse el header",
                  "timedOut": null,
                  "duration": 1513,
                  "state": "passed",
                  "speed": "fast",
                  "pass": true,
                  "fail": false,
                  "pending": false,
                  "context": null,
                  "code": "cy.get('.IXjqotrK').should('be.visible');",
                  "err": {},
                  "uuid": "739e8539-ebcb-486f-a620-0ab78dae078e",
                  "parentUUID": "11ca9332-f416-43aa-9cd3-5bf64e37ebb7",
                  "isHook": false,
                  "skipped": false
                },
                {
                  "title": "Debería mostrarse el banner principal",
                  "fullTitle": "Prueba de scroll en vista móvil y desktop - Comfrt Pruebas en Windows 4K Monitor Debería mostrarse el banner principal",
                  "timedOut": null,
                  "duration": 1575,
                  "state": "passed",
                  "speed": "fast",
                  "pass": true,
                  "fail": false,
                  "pending": false,
                  "context": null,
                  "code": "cy.get('.WcmUoMRO').should('be.visible');",
                  "err": {},
                  "uuid": "e5da3f8f-8f12-45a7-ade9-239c3dd32698",
                  "parentUUID": "11ca9332-f416-43aa-9cd3-5bf64e37ebb7",
                  "isHook": false,
                  "skipped": false
                },
                {
                  "title": "Deberían mostrarse las imágenes de los productos \"Shop Best Seller\"",
                  "fullTitle": "Prueba de scroll en vista móvil y desktop - Comfrt Pruebas en Windows 4K Monitor Deberían mostrarse las imágenes de los productos \"Shop Best Seller\"",
                  "timedOut": null,
                  "duration": 1576,
                  "state": "passed",
                  "speed": "fast",
                  "pass": true,
                  "fail": false,
                  "pending": false,
                  "context": null,
                  "code": "cy.get('.NYNuDbQO').each($img => {\n  cy.wrap($img).should('be.visible');\n});",
                  "err": {},
                  "uuid": "e557099d-1c9e-44d5-87f1-6b9b6b3a0936",
                  "parentUUID": "11ca9332-f416-43aa-9cd3-5bf64e37ebb7",
                  "isHook": false,
                  "skipped": false
                },
                {
                  "title": "Deberían mostrarse las dos imágenes debajo de \"Shop Best Seller\"",
                  "fullTitle": "Prueba de scroll en vista móvil y desktop - Comfrt Pruebas en Windows 4K Monitor Deberían mostrarse las dos imágenes debajo de \"Shop Best Seller\"",
                  "timedOut": null,
                  "duration": 1684,
                  "state": "passed",
                  "speed": "fast",
                  "pass": true,
                  "fail": false,
                  "pending": false,
                  "context": null,
                  "code": "cy.get('.VOXO2Pq8').each($img => {\n  cy.wrap($img).should('be.visible');\n});",
                  "err": {},
                  "uuid": "cb585833-8f57-447d-8633-35b2de81d552",
                  "parentUUID": "11ca9332-f416-43aa-9cd3-5bf64e37ebb7",
                  "isHook": false,
                  "skipped": false
                },
                {
                  "title": "Debería mostrarse la imagen de \"Partnered Charities\"",
                  "fullTitle": "Prueba de scroll en vista móvil y desktop - Comfrt Pruebas en Windows 4K Monitor Debería mostrarse la imagen de \"Partnered Charities\"",
                  "timedOut": null,
                  "duration": 1433,
                  "state": "passed",
                  "speed": "fast",
                  "pass": true,
                  "fail": false,
                  "pending": false,
                  "context": null,
                  "code": "cy.get('.HZLaZ_QX').should('be.visible');",
                  "err": {},
                  "uuid": "1801e2e8-b5dc-4744-8f8b-01ef0b2f44ba",
                  "parentUUID": "11ca9332-f416-43aa-9cd3-5bf64e37ebb7",
                  "isHook": false,
                  "skipped": false
                },
                {
                  "title": "Deberían mostrarse las 4 imágenes de las secciones (Hoodie, Sweetpants, Loungewear y Accessories)",
                  "fullTitle": "Prueba de scroll en vista móvil y desktop - Comfrt Pruebas en Windows 4K Monitor Deberían mostrarse las 4 imágenes de las secciones (Hoodie, Sweetpants, Loungewear y Accessories)",
                  "timedOut": null,
                  "duration": 1777,
                  "state": "passed",
                  "speed": "fast",
                  "pass": true,
                  "fail": false,
                  "pending": false,
                  "context": null,
                  "code": "cy.get('.OhiQ0ybu').each($img => {\n  cy.wrap($img).should('be.visible');\n});",
                  "err": {},
                  "uuid": "418cced7-30a7-41af-b0a1-223ccf57e02f",
                  "parentUUID": "11ca9332-f416-43aa-9cd3-5bf64e37ebb7",
                  "isHook": false,
                  "skipped": false
                },
                {
                  "title": "Debería mostrarse el texto de la sección Comfrt Community",
                  "fullTitle": "Prueba de scroll en vista móvil y desktop - Comfrt Pruebas en Windows 4K Monitor Debería mostrarse el texto de la sección Comfrt Community",
                  "timedOut": null,
                  "duration": 1811,
                  "state": "passed",
                  "speed": "fast",
                  "pass": true,
                  "fail": false,
                  "pending": false,
                  "context": null,
                  "code": "cy.contains('Comfrt Community').should('be.visible');",
                  "err": {},
                  "uuid": "d52712a4-51b7-40a6-a7a2-fb8368e67970",
                  "parentUUID": "11ca9332-f416-43aa-9cd3-5bf64e37ebb7",
                  "isHook": false,
                  "skipped": false
                },
                {
                  "title": "Debería mostrarse el texto debajo del título de la sección Comfrt Community",
                  "fullTitle": "Prueba de scroll en vista móvil y desktop - Comfrt Pruebas en Windows 4K Monitor Debería mostrarse el texto debajo del título de la sección Comfrt Community",
                  "timedOut": null,
                  "duration": 1574,
                  "state": "passed",
                  "speed": "fast",
                  "pass": true,
                  "fail": false,
                  "pending": false,
                  "context": null,
                  "code": "cy.contains('Join millions that love comfy clothes').should('be.visible');",
                  "err": {},
                  "uuid": "06b42cbf-a294-40d9-af39-7fa7f82345b8",
                  "parentUUID": "11ca9332-f416-43aa-9cd3-5bf64e37ebb7",
                  "isHook": false,
                  "skipped": false
                },
                {
                  "title": "Deberían mostrarse las 4 imágenes de \"Comfrt Community\"",
                  "fullTitle": "Prueba de scroll en vista móvil y desktop - Comfrt Pruebas en Windows 4K Monitor Deberían mostrarse las 4 imágenes de \"Comfrt Community\"",
                  "timedOut": null,
                  "duration": 1237,
                  "state": "passed",
                  "speed": "fast",
                  "pass": true,
                  "fail": false,
                  "pending": false,
                  "context": null,
                  "code": "cy.get('.k5PkXOzu').should('be.visible');",
                  "err": {},
                  "uuid": "2ec5e64f-d8ff-4f20-8ddf-294ee0f4e510",
                  "parentUUID": "11ca9332-f416-43aa-9cd3-5bf64e37ebb7",
                  "isHook": false,
                  "skipped": false
                },
                {
                  "title": "Debería mostrarse la imagen de \"View Our Hoodies\"",
                  "fullTitle": "Prueba de scroll en vista móvil y desktop - Comfrt Pruebas en Windows 4K Monitor Debería mostrarse la imagen de \"View Our Hoodies\"",
                  "timedOut": null,
                  "duration": 1252,
                  "state": "passed",
                  "speed": "fast",
                  "pass": true,
                  "fail": false,
                  "pending": false,
                  "context": null,
                  "code": "cy.get('.IPzctVm4').should('be.visible');",
                  "err": {},
                  "uuid": "2b327cd3-6cc9-45a4-a4b8-216be168a256",
                  "parentUUID": "11ca9332-f416-43aa-9cd3-5bf64e37ebb7",
                  "isHook": false,
                  "skipped": false
                },
                {
                  "title": "Debería mostrarse el texto de la sección View Our Hoodies",
                  "fullTitle": "Prueba de scroll en vista móvil y desktop - Comfrt Pruebas en Windows 4K Monitor Debería mostrarse el texto de la sección View Our Hoodies",
                  "timedOut": null,
                  "duration": 1415,
                  "state": "passed",
                  "speed": "fast",
                  "pass": true,
                  "fail": false,
                  "pending": false,
                  "context": null,
                  "code": "cy.contains('It\\'s always Comfrt season').should('be.visible');\ncy.contains('View Our Hoodies').should('be.visible');",
                  "err": {},
                  "uuid": "ca07e52f-ed46-4da2-8716-bd9757e90675",
                  "parentUUID": "11ca9332-f416-43aa-9cd3-5bf64e37ebb7",
                  "isHook": false,
                  "skipped": false
                },
                {
                  "title": "Debería mostrarse el footer",
                  "fullTitle": "Prueba de scroll en vista móvil y desktop - Comfrt Pruebas en Windows 4K Monitor Debería mostrarse el footer",
                  "timedOut": null,
                  "duration": 1368,
                  "state": "passed",
                  "speed": "fast",
                  "pass": true,
                  "fail": false,
                  "pending": false,
                  "context": null,
                  "code": "cy.get('.KzcSxBo0').should('be.visible');",
                  "err": {},
                  "uuid": "0209f6c6-5fb6-451f-aaae-b539eec81061",
                  "parentUUID": "11ca9332-f416-43aa-9cd3-5bf64e37ebb7",
                  "isHook": false,
                  "skipped": false
                }
              ],
              "suites": [],
              "passes": [
                "739e8539-ebcb-486f-a620-0ab78dae078e",
                "e5da3f8f-8f12-45a7-ade9-239c3dd32698",
                "e557099d-1c9e-44d5-87f1-6b9b6b3a0936",
                "cb585833-8f57-447d-8633-35b2de81d552",
                "1801e2e8-b5dc-4744-8f8b-01ef0b2f44ba",
                "418cced7-30a7-41af-b0a1-223ccf57e02f",
                "d52712a4-51b7-40a6-a7a2-fb8368e67970",
                "06b42cbf-a294-40d9-af39-7fa7f82345b8",
                "2ec5e64f-d8ff-4f20-8ddf-294ee0f4e510",
                "2b327cd3-6cc9-45a4-a4b8-216be168a256",
                "ca07e52f-ed46-4da2-8716-bd9757e90675",
                "0209f6c6-5fb6-451f-aaae-b539eec81061"
              ],
              "failures": [],
              "pending": [],
              "skipped": [],
              "duration": 18215,
              "root": false,
              "rootEmpty": false,
              "_timeout": 2000
            },
            {
              "uuid": "c0b97fc1-925e-42d9-a649-2c520e426969",
              "title": "Pruebas en Windows Full HD Monitor",
              "fullFile": "",
              "file": "",
              "beforeHooks": [],
              "afterHooks": [],
              "tests": [
                {
                  "title": "Debería mostrarse el header",
                  "fullTitle": "Prueba de scroll en vista móvil y desktop - Comfrt Pruebas en Windows Full HD Monitor Debería mostrarse el header",
                  "timedOut": null,
                  "duration": 1135,
                  "state": "passed",
                  "speed": "fast",
                  "pass": true,
                  "fail": false,
                  "pending": false,
                  "context": null,
                  "code": "cy.get('.IXjqotrK').should('be.visible');",
                  "err": {},
                  "uuid": "88ae38fc-dc47-4805-acc0-4fba5038c17c",
                  "parentUUID": "c0b97fc1-925e-42d9-a649-2c520e426969",
                  "isHook": false,
                  "skipped": false
                },
                {
                  "title": "Debería mostrarse el banner principal",
                  "fullTitle": "Prueba de scroll en vista móvil y desktop - Comfrt Pruebas en Windows Full HD Monitor Debería mostrarse el banner principal",
                  "timedOut": null,
                  "duration": 2511,
                  "state": "passed",
                  "speed": "fast",
                  "pass": true,
                  "fail": false,
                  "pending": false,
                  "context": null,
                  "code": "cy.get('.WcmUoMRO').should('be.visible');",
                  "err": {},
                  "uuid": "6f631f47-927e-4103-b784-c83bef5f5f90",
                  "parentUUID": "c0b97fc1-925e-42d9-a649-2c520e426969",
                  "isHook": false,
                  "skipped": false
                },
                {
                  "title": "Deberían mostrarse las imágenes de los productos \"Shop Best Seller\"",
                  "fullTitle": "Prueba de scroll en vista móvil y desktop - Comfrt Pruebas en Windows Full HD Monitor Deberían mostrarse las imágenes de los productos \"Shop Best Seller\"",
                  "timedOut": null,
                  "duration": 1792,
                  "state": "passed",
                  "speed": "fast",
                  "pass": true,
                  "fail": false,
                  "pending": false,
                  "context": null,
                  "code": "cy.get('.NYNuDbQO').each($img => {\n  cy.wrap($img).should('be.visible');\n});",
                  "err": {},
                  "uuid": "5a79a7c6-084f-4bb3-a586-c05e2af4c428",
                  "parentUUID": "c0b97fc1-925e-42d9-a649-2c520e426969",
                  "isHook": false,
                  "skipped": false
                },
                {
                  "title": "Deberían mostrarse las dos imágenes debajo de \"Shop Best Seller\"",
                  "fullTitle": "Prueba de scroll en vista móvil y desktop - Comfrt Pruebas en Windows Full HD Monitor Deberían mostrarse las dos imágenes debajo de \"Shop Best Seller\"",
                  "timedOut": null,
                  "duration": 1426,
                  "state": "passed",
                  "speed": "fast",
                  "pass": true,
                  "fail": false,
                  "pending": false,
                  "context": null,
                  "code": "cy.get('.VOXO2Pq8').each($img => {\n  cy.wrap($img).should('be.visible');\n});",
                  "err": {},
                  "uuid": "963936bf-ebdf-474c-9233-d21f946c04ed",
                  "parentUUID": "c0b97fc1-925e-42d9-a649-2c520e426969",
                  "isHook": false,
                  "skipped": false
                },
                {
                  "title": "Debería mostrarse la imagen de \"Partnered Charities\"",
                  "fullTitle": "Prueba de scroll en vista móvil y desktop - Comfrt Pruebas en Windows Full HD Monitor Debería mostrarse la imagen de \"Partnered Charities\"",
                  "timedOut": null,
                  "duration": 1501,
                  "state": "passed",
                  "speed": "fast",
                  "pass": true,
                  "fail": false,
                  "pending": false,
                  "context": null,
                  "code": "cy.get('.HZLaZ_QX').should('be.visible');",
                  "err": {},
                  "uuid": "ea14eb90-54a1-4621-838b-9de1ce7eb99e",
                  "parentUUID": "c0b97fc1-925e-42d9-a649-2c520e426969",
                  "isHook": false,
                  "skipped": false
                },
                {
                  "title": "Deberían mostrarse las 4 imágenes de las secciones (Hoodie, Sweetpants, Loungewear y Accessories)",
                  "fullTitle": "Prueba de scroll en vista móvil y desktop - Comfrt Pruebas en Windows Full HD Monitor Deberían mostrarse las 4 imágenes de las secciones (Hoodie, Sweetpants, Loungewear y Accessories)",
                  "timedOut": null,
                  "duration": 1728,
                  "state": "passed",
                  "speed": "fast",
                  "pass": true,
                  "fail": false,
                  "pending": false,
                  "context": null,
                  "code": "cy.get('.OhiQ0ybu').each($img => {\n  cy.wrap($img).should('be.visible');\n});",
                  "err": {},
                  "uuid": "af88faad-6835-4e03-bd85-0435974fee0d",
                  "parentUUID": "c0b97fc1-925e-42d9-a649-2c520e426969",
                  "isHook": false,
                  "skipped": false
                },
                {
                  "title": "Debería mostrarse el texto de la sección Comfrt Community",
                  "fullTitle": "Prueba de scroll en vista móvil y desktop - Comfrt Pruebas en Windows Full HD Monitor Debería mostrarse el texto de la sección Comfrt Community",
                  "timedOut": null,
                  "duration": 1780,
                  "state": "passed",
                  "speed": "fast",
                  "pass": true,
                  "fail": false,
                  "pending": false,
                  "context": null,
                  "code": "cy.contains('Comfrt Community').should('be.visible');",
                  "err": {},
                  "uuid": "001fb1c0-1147-4f89-8e26-539c7fbe5288",
                  "parentUUID": "c0b97fc1-925e-42d9-a649-2c520e426969",
                  "isHook": false,
                  "skipped": false
                },
                {
                  "title": "Debería mostrarse el texto debajo del título de la sección Comfrt Community",
                  "fullTitle": "Prueba de scroll en vista móvil y desktop - Comfrt Pruebas en Windows Full HD Monitor Debería mostrarse el texto debajo del título de la sección Comfrt Community",
                  "timedOut": null,
                  "duration": 1479,
                  "state": "passed",
                  "speed": "fast",
                  "pass": true,
                  "fail": false,
                  "pending": false,
                  "context": null,
                  "code": "cy.contains('Join millions that love comfy clothes').should('be.visible');",
                  "err": {},
                  "uuid": "78039d54-d0f8-45e5-8e74-9282b6884353",
                  "parentUUID": "c0b97fc1-925e-42d9-a649-2c520e426969",
                  "isHook": false,
                  "skipped": false
                },
                {
                  "title": "Deberían mostrarse las 4 imágenes de \"Comfrt Community\"",
                  "fullTitle": "Prueba de scroll en vista móvil y desktop - Comfrt Pruebas en Windows Full HD Monitor Deberían mostrarse las 4 imágenes de \"Comfrt Community\"",
                  "timedOut": null,
                  "duration": 1451,
                  "state": "passed",
                  "speed": "fast",
                  "pass": true,
                  "fail": false,
                  "pending": false,
                  "context": null,
                  "code": "cy.get('.k5PkXOzu').should('be.visible');",
                  "err": {},
                  "uuid": "3e252095-1c08-4f5c-8839-08c0d71b97ef",
                  "parentUUID": "c0b97fc1-925e-42d9-a649-2c520e426969",
                  "isHook": false,
                  "skipped": false
                },
                {
                  "title": "Debería mostrarse la imagen de \"View Our Hoodies\"",
                  "fullTitle": "Prueba de scroll en vista móvil y desktop - Comfrt Pruebas en Windows Full HD Monitor Debería mostrarse la imagen de \"View Our Hoodies\"",
                  "timedOut": null,
                  "duration": 1563,
                  "state": "passed",
                  "speed": "fast",
                  "pass": true,
                  "fail": false,
                  "pending": false,
                  "context": null,
                  "code": "cy.get('.IPzctVm4').should('be.visible');",
                  "err": {},
                  "uuid": "a9f95bd9-3d61-4ffc-9f64-a3aaa7f46655",
                  "parentUUID": "c0b97fc1-925e-42d9-a649-2c520e426969",
                  "isHook": false,
                  "skipped": false
                },
                {
                  "title": "Debería mostrarse el texto de la sección View Our Hoodies",
                  "fullTitle": "Prueba de scroll en vista móvil y desktop - Comfrt Pruebas en Windows Full HD Monitor Debería mostrarse el texto de la sección View Our Hoodies",
                  "timedOut": null,
                  "duration": 1507,
                  "state": "passed",
                  "speed": "fast",
                  "pass": true,
                  "fail": false,
                  "pending": false,
                  "context": null,
                  "code": "cy.contains('It\\'s always Comfrt season').should('be.visible');\ncy.contains('View Our Hoodies').should('be.visible');",
                  "err": {},
                  "uuid": "458665bb-55e8-4fd1-a32b-1c47668175f1",
                  "parentUUID": "c0b97fc1-925e-42d9-a649-2c520e426969",
                  "isHook": false,
                  "skipped": false
                },
                {
                  "title": "Debería mostrarse el footer",
                  "fullTitle": "Prueba de scroll en vista móvil y desktop - Comfrt Pruebas en Windows Full HD Monitor Debería mostrarse el footer",
                  "timedOut": null,
                  "duration": 1726,
                  "state": "passed",
                  "speed": "fast",
                  "pass": true,
                  "fail": false,
                  "pending": false,
                  "context": null,
                  "code": "cy.get('.KzcSxBo0').should('be.visible');",
                  "err": {},
                  "uuid": "f42486a5-24af-44b4-9848-027a443edb52",
                  "parentUUID": "c0b97fc1-925e-42d9-a649-2c520e426969",
                  "isHook": false,
                  "skipped": false
                }
              ],
              "suites": [],
              "passes": [
                "88ae38fc-dc47-4805-acc0-4fba5038c17c",
                "6f631f47-927e-4103-b784-c83bef5f5f90",
                "5a79a7c6-084f-4bb3-a586-c05e2af4c428",
                "963936bf-ebdf-474c-9233-d21f946c04ed",
                "ea14eb90-54a1-4621-838b-9de1ce7eb99e",
                "af88faad-6835-4e03-bd85-0435974fee0d",
                "001fb1c0-1147-4f89-8e26-539c7fbe5288",
                "78039d54-d0f8-45e5-8e74-9282b6884353",
                "3e252095-1c08-4f5c-8839-08c0d71b97ef",
                "a9f95bd9-3d61-4ffc-9f64-a3aaa7f46655",
                "458665bb-55e8-4fd1-a32b-1c47668175f1",
                "f42486a5-24af-44b4-9848-027a443edb52"
              ],
              "failures": [],
              "pending": [],
              "skipped": [],
              "duration": 19599,
              "root": false,
              "rootEmpty": false,
              "_timeout": 2000
            }
          ],
          "passes": [],
          "failures": [],
          "pending": [],
          "skipped": [],
          "duration": 0,
          "root": false,
          "rootEmpty": false,
          "_timeout": 2000
        }
      ],
      "passes": [],
      "failures": [],
      "pending": [],
      "skipped": [],
      "duration": 0,
      "root": true,
      "rootEmpty": true,
      "_timeout": 2000
    }
  ],
  "meta": {
    "mocha": {
      "version": "7.0.1"
    },
    "mochawesome": {
      "options": {
        "quiet": false,
        "reportFilename": "mochawesome",
        "saveHtml": true,
        "saveJson": true,
        "consoleReporter": "spec",
        "useInlineDiffs": false,
        "code": true
      },
      "version": "7.1.3"
    },
    "marge": {
      "options": {
        "reportDir": "cypress/mochawesome-report",
        "overwrite": false,
        "html": true,
        "json": true
      },
      "version": "6.2.0"
    }
  }
}