{
  "stats": {
    "suites": 1,
    "tests": 1,
    "passes": 1,
    "pending": 0,
    "failures": 0,
    "start": "2025-01-31T20:37:36.553Z",
    "end": "2025-01-31T20:37:38.450Z",
    "duration": 1897,
    "testsRegistered": 1,
    "passPercent": 100,
    "pendingPercent": 0,
    "other": 0,
    "hasOther": false,
    "skipped": 0,
    "hasSkipped": false
  },
  "results": [
    {
      "uuid": "46939166-eaf1-4e10-b692-fe45e787c75a",
      "title": "",
      "fullFile": "cypress/e2e/cypress/e2e/spec.cy.js",
      "file": "cypress/e2e/cypress/e2e/spec.cy.js",
      "beforeHooks": [],
      "afterHooks": [],
      "tests": [],
      "suites": [
        {
          "uuid": "8a8684ed-bea1-4463-bbef-65ebdee23db8",
          "title": "template spec",
          "fullFile": "",
          "file": "",
          "beforeHooks": [],
          "afterHooks": [],
          "tests": [
            {
              "title": "passes",
              "fullTitle": "template spec passes",
              "timedOut": null,
              "duration": 743,
              "state": "passed",
              "speed": "fast",
              "pass": true,
              "fail": false,
              "pending": false,
              "context": null,
              "code": "cy.visit('https://example.cypress.io');",
              "err": {},
              "uuid": "f16ec9a4-8b6e-4705-8cbd-f854d5e984bb",
              "parentUUID": "8a8684ed-bea1-4463-bbef-65ebdee23db8",
              "isHook": false,
              "skipped": false
            }
          ],
          "suites": [],
          "passes": [
            "f16ec9a4-8b6e-4705-8cbd-f854d5e984bb"
          ],
          "failures": [],
          "pending": [],
          "skipped": [],
          "duration": 743,
          "root": false,
          "rootEmpty": false,
          "_timeout": 2000
        }
      ],
      "passes": [],
      "failures": [],
      "pending": [],
      "skipped": [],
      "duration": 0,
      "root": true,
      "rootEmpty": true,
      "_timeout": 2000
    }
  ],
  "meta": {
    "mocha": {
      "version": "7.0.1"
    },
    "mochawesome": {
      "options": {
        "quiet": false,
        "reportFilename": "mochawesome",
        "saveHtml": true,
        "saveJson": true,
        "consoleReporter": "spec",
        "useInlineDiffs": false,
        "code": true
      },
      "version": "7.1.3"
    },
    "marge": {
      "options": {
        "reportDir": "cypress/mochawesome-report",
        "overwrite": false,
        "html": true,
        "json": true
      },
      "version": "6.2.0"
    }
  }
}