{
  "stats": {
    "suites": 2,
    "tests": 9,
    "passes": 9,
    "pending": 0,
    "failures": 0,
    "start": "2025-02-14T15:15:00.826Z",
    "end": "2025-02-14T15:16:46.888Z",
    "duration": 106062,
    "testsRegistered": 9,
    "passPercent": 100,
    "pendingPercent": 0,
    "other": 0,
    "hasOther": false,
    "skipped": 0,
    "hasSkipped": false
  },
  "results": [
    {
      "uuid": "69fb14a7-c6ae-4143-b7ad-bb6a1fe02e15",
      "title": "",
      "fullFile": "cypress/e2e/COMFRT/NavCateClic+ElemenVisiblesDesktop.cy.js",
      "file": "cypress/e2e/COMFRT/NavCateClic+ElemenVisiblesDesktop.cy.js",
      "beforeHooks": [],
      "afterHooks": [],
      "tests": [],
      "suites": [
        {
          "uuid": "53f9ca2d-abf3-4c81-b045-33b254240c1b",
          "title": "Prueba de scroll en vista móvil y desktop - Comfrt",
          "fullFile": "",
          "file": "",
          "beforeHooks": [],
          "afterHooks": [],
          "tests": [],
          "suites": [
            {
              "uuid": "0255c4a6-606c-46e1-b6d1-6bac2a6032d5",
              "title": "Pruebas en MacBook Pro 16\"",
              "fullFile": "",
              "file": "",
              "beforeHooks": [],
              "afterHooks": [],
              "tests": [
                {
                  "title": "Debería mostrarse el header",
                  "fullTitle": "Prueba de scroll en vista móvil y desktop - Comfrt Pruebas en MacBook Pro 16\" Debería mostrarse el header",
                  "timedOut": null,
                  "duration": 3147,
                  "state": "passed",
                  "speed": "fast",
                  "pass": true,
                  "fail": false,
                  "pending": false,
                  "context": null,
                  "code": "cy.get('.IXjqotrK').should('be.visible');",
                  "err": {},
                  "uuid": "01f528f4-c36f-47ff-af35-32e2358f9058",
                  "parentUUID": "0255c4a6-606c-46e1-b6d1-6bac2a6032d5",
                  "isHook": false,
                  "skipped": false
                },
                {
                  "title": "Debería hacer clic en el enlace de All Shop en el header",
                  "fullTitle": "Prueba de scroll en vista móvil y desktop - Comfrt Pruebas en MacBook Pro 16\" Debería hacer clic en el enlace de All Shop en el header",
                  "timedOut": null,
                  "duration": 11104,
                  "state": "passed",
                  "speed": "slow",
                  "pass": true,
                  "fail": false,
                  "pending": false,
                  "context": null,
                  "code": "cy.get('.vBg37Hhp > [href=\"/collections/all-products\"]').should('be.visible').click();\ncy.url().should('include', '/collections/all-products');\n//Verificar que todos los elementos sean visibles\ncy.get('#collections_with_pagination-default-collections-with-pagination_0 > div.zZYXATlU > div').should('be.visible');\ncy.wait(2000);\n// Desplázate y espera\ncy.scrollTo('bottom');\ncy.wait(2000);\ncy.scrollTo('top');",
                  "err": {},
                  "uuid": "4d0854eb-a2d2-4013-9686-d7d06156f35d",
                  "parentUUID": "0255c4a6-606c-46e1-b6d1-6bac2a6032d5",
                  "isHook": false,
                  "skipped": false
                },
                {
                  "title": "Debería hacer clic en el enlace de Hoodies en el header",
                  "fullTitle": "Prueba de scroll en vista móvil y desktop - Comfrt Pruebas en MacBook Pro 16\" Debería hacer clic en el enlace de Hoodies en el header",
                  "timedOut": null,
                  "duration": 8797,
                  "state": "passed",
                  "speed": "medium",
                  "pass": true,
                  "fail": false,
                  "pending": false,
                  "context": null,
                  "code": "cy.get('.vBg37Hhp > [href=\"/collections/hoodies\"]').should('be.visible').click();\ncy.url().should('include', '/collections/hoodies');\n//Verificar que todos los elementos sean visibles\ncy.get('#collections_with_pagination-default-collections-with-pagination_0').should('be.visible');\ncy.wait(2000);\n// Desplázate y espera\ncy.scrollTo('bottom');\ncy.wait(2000);\ncy.scrollTo('top');",
                  "err": {},
                  "uuid": "36d3872d-a8ed-410f-b93b-c73c96d22c07",
                  "parentUUID": "0255c4a6-606c-46e1-b6d1-6bac2a6032d5",
                  "isHook": false,
                  "skipped": false
                },
                {
                  "title": "Debería hacer clic en el enlace de Sweatpants en el header",
                  "fullTitle": "Prueba de scroll en vista móvil y desktop - Comfrt Pruebas en MacBook Pro 16\" Debería hacer clic en el enlace de Sweatpants en el header",
                  "timedOut": null,
                  "duration": 8572,
                  "state": "passed",
                  "speed": "medium",
                  "pass": true,
                  "fail": false,
                  "pending": false,
                  "context": null,
                  "code": "cy.get('.vBg37Hhp > [href=\"/collections/sweatpants\"]').should('be.visible').click();\ncy.url().should('include', '/collections/sweatpants');\n//Verificar que todos los elementos sean visibles\ncy.get('#collections_with_pagination-default-collections-with-pagination_0').should('be.visible');\ncy.wait(2000);\n// Desplázate y espera\ncy.scrollTo('bottom');\ncy.wait(2000);\ncy.scrollTo('top');",
                  "err": {},
                  "uuid": "56dae0e5-13d0-4676-9eeb-d10e791b57c6",
                  "parentUUID": "0255c4a6-606c-46e1-b6d1-6bac2a6032d5",
                  "isHook": false,
                  "skipped": false
                },
                {
                  "title": "Debería hacer clic en el enlace de Kids en el header",
                  "fullTitle": "Prueba de scroll en vista móvil y desktop - Comfrt Pruebas en MacBook Pro 16\" Debería hacer clic en el enlace de Kids en el header",
                  "timedOut": null,
                  "duration": 19969,
                  "state": "passed",
                  "speed": "slow",
                  "pass": true,
                  "fail": false,
                  "pending": false,
                  "context": null,
                  "code": "cy.get('.vBg37Hhp > [href=\"/content/kids\"]').should('be.visible').click();\ncy.url().should('include', '/content/kids');\n//Verificar que todos los elementos sean visibles\ncy.get('#home_hero-kids-hero-draft_0 > div > img').should('be.visible');\ncy.wait(2000);\ncy.get('#featured_products_section-shop-kids-section-draft_2 > div > div.zZYXATlU > div').should('be.visible');\ncy.wait(2000);\ncy.get('#featured_products_section-shop-kids-sweatpants_3 > div').should('be.visible');\ncy.wait(2000);\ncy.get('#image_centered_text-kids-sub-section-draft_4 > section > img').should('be.visible');\ncy.wait(2000);\ncy.get('#home_featured_section-kids-featured-draft_6 > section > div:nth-child(1) > div.dlYCmTsm > img').should('be.visible');\ncy.wait(2000);\ncy.get('#home_featured_section-kids-featured-draft_6 > section > div:nth-child(2) > div.dlYCmTsm > img').should('be.visible');\ncy.wait(2000);\n// Desplázate y espera\ncy.scrollTo('bottom');\ncy.wait(2000);\ncy.scrollTo('top');",
                  "err": {},
                  "uuid": "dbd40f4d-e4a5-41f5-9fd3-621b5c54df2e",
                  "parentUUID": "0255c4a6-606c-46e1-b6d1-6bac2a6032d5",
                  "isHook": false,
                  "skipped": false
                },
                {
                  "title": "Debería hacer clic en el enlace de Loungewear en el header",
                  "fullTitle": "Prueba de scroll en vista móvil y desktop - Comfrt Pruebas en MacBook Pro 16\" Debería hacer clic en el enlace de Loungewear en el header",
                  "timedOut": null,
                  "duration": 8870,
                  "state": "passed",
                  "speed": "medium",
                  "pass": true,
                  "fail": false,
                  "pending": false,
                  "context": null,
                  "code": "cy.get('.vBg37Hhp > [href=\"/collections/loungewear\"]').should('be.visible').click();\ncy.url().should('include', '/collections/loungewear');\n//Verificar que todos los elementos sean visibles\ncy.get('#collections_with_pagination-default-collections-with-pagination_0').should('be.visible');\ncy.wait(2000);\n// Desplázate y espera\ncy.scrollTo('bottom');\ncy.wait(2000);\ncy.scrollTo('top');",
                  "err": {},
                  "uuid": "892a0c10-9e79-4cd8-ab57-402223126e65",
                  "parentUUID": "0255c4a6-606c-46e1-b6d1-6bac2a6032d5",
                  "isHook": false,
                  "skipped": false
                },
                {
                  "title": "Debería hacer clic en el enlace de Blankets en el header",
                  "fullTitle": "Prueba de scroll en vista móvil y desktop - Comfrt Pruebas en MacBook Pro 16\" Debería hacer clic en el enlace de Blankets en el header",
                  "timedOut": null,
                  "duration": 16392,
                  "state": "passed",
                  "speed": "slow",
                  "pass": true,
                  "fail": false,
                  "pending": false,
                  "context": null,
                  "code": "cy.get('.vBg37Hhp > [href=\"/content/blankets\"]').should('be.visible').click();\ncy.url().should('include', '/content/blankets');\n//Verificar que todos los elementos sean visibles\ncy.get('#home_hero-weighted-blanket-landing-page-hero_0 > div > img').should('be.visible');\ncy.wait(2000);\ncy.get('#featured_products_section-shop-blankets_2 > div > div.zZYXATlU > div').should('be.visible');\ncy.wait(2000);\ncy.get('#image_centered_text-banner-blankets-draft_3 > section > img').should('be.visible');\ncy.wait(2000);\ncy.get('#home_featured_section-blankets-featured-section-draft_5 > section > div:nth-child(1) > div.dlYCmTsm > img').should('be.visible');\ncy.wait(2000);\ncy.get('#home_featured_section-blankets-featured-section-draft_5 > section > div:nth-child(2) > div.dlYCmTsm > img').should('be.visible');\ncy.wait(2000);\n// Desplázate y espera\ncy.scrollTo('bottom');\ncy.wait(2000);\ncy.scrollTo('top');",
                  "err": {},
                  "uuid": "b7f696ad-5260-464f-985f-bf34f5f80486",
                  "parentUUID": "0255c4a6-606c-46e1-b6d1-6bac2a6032d5",
                  "isHook": false,
                  "skipped": false
                },
                {
                  "title": "Debería hacer clic en el enlace de Accessories en el header",
                  "fullTitle": "Prueba de scroll en vista móvil y desktop - Comfrt Pruebas en MacBook Pro 16\" Debería hacer clic en el enlace de Accessories en el header",
                  "timedOut": null,
                  "duration": 8379,
                  "state": "passed",
                  "speed": "medium",
                  "pass": true,
                  "fail": false,
                  "pending": false,
                  "context": null,
                  "code": "cy.get('.vBg37Hhp > [href=\"/collections/accessories\"]').should('be.visible').click();\ncy.url().should('include', '/collections/accessories');\n//Verificar que todos los elementos sean visibles\ncy.get('#collections_with_pagination-default-collections-with-pagination_0 > div > div').should('be.visible');\ncy.wait(2000);\n// Desplázate y espera\ncy.scrollTo('bottom');\ncy.wait(2000);\ncy.scrollTo('top');",
                  "err": {},
                  "uuid": "af9d37ca-c851-43af-9db5-db30ee7fbb33",
                  "parentUUID": "0255c4a6-606c-46e1-b6d1-6bac2a6032d5",
                  "isHook": false,
                  "skipped": false
                },
                {
                  "title": "Debería hacer clic en el enlace de Pets en el header",
                  "fullTitle": "Prueba de scroll en vista móvil y desktop - Comfrt Pruebas en MacBook Pro 16\" Debería hacer clic en el enlace de Pets en el header",
                  "timedOut": null,
                  "duration": 16240,
                  "state": "passed",
                  "speed": "slow",
                  "pass": true,
                  "fail": false,
                  "pending": false,
                  "context": null,
                  "code": "cy.get('.vBg37Hhp > [href=\"/content/pets\"]').should('be.visible').click();\ncy.url().should('include', '/content/pets');\n//Verificar que todos los elementos sean visibles\ncy.get('#home_hero-pets-hero-draft_0 > div > img').should('be.visible');\ncy.wait(2000);\ncy.get('#featured_products_section-shop-pets-draft_2 > div').should('be.visible');\ncy.wait(2000);\ncy.get('#image_centered_text-pets-banner-draft_3 > section > img').should('be.visible');\ncy.wait(2000);\ncy.get('#home_featured_section-pets-featured-section-draft_5 > section > div:nth-child(1) > div.dlYCmTsm > img').should('be.visible');\ncy.wait(2000);\ncy.get('#home_featured_section-pets-featured-section-draft_5 > section > div:nth-child(2) > div.dlYCmTsm > img').should('be.visible');\ncy.wait(2000);\n// Desplázate y espera\ncy.scrollTo('bottom');\ncy.wait(2000);\ncy.scrollTo('top');",
                  "err": {},
                  "uuid": "679ef540-06d9-4b03-9465-364893b4c9c6",
                  "parentUUID": "0255c4a6-606c-46e1-b6d1-6bac2a6032d5",
                  "isHook": false,
                  "skipped": false
                }
              ],
              "suites": [],
              "passes": [
                "01f528f4-c36f-47ff-af35-32e2358f9058",
                "4d0854eb-a2d2-4013-9686-d7d06156f35d",
                "36d3872d-a8ed-410f-b93b-c73c96d22c07",
                "56dae0e5-13d0-4676-9eeb-d10e791b57c6",
                "dbd40f4d-e4a5-41f5-9fd3-621b5c54df2e",
                "892a0c10-9e79-4cd8-ab57-402223126e65",
                "b7f696ad-5260-464f-985f-bf34f5f80486",
                "af9d37ca-c851-43af-9db5-db30ee7fbb33",
                "679ef540-06d9-4b03-9465-364893b4c9c6"
              ],
              "failures": [],
              "pending": [],
              "skipped": [],
              "duration": 101470,
              "root": false,
              "rootEmpty": false,
              "_timeout": 2000
            }
          ],
          "passes": [],
          "failures": [],
          "pending": [],
          "skipped": [],
          "duration": 0,
          "root": false,
          "rootEmpty": false,
          "_timeout": 2000
        }
      ],
      "passes": [],
      "failures": [],
      "pending": [],
      "skipped": [],
      "duration": 0,
      "root": true,
      "rootEmpty": true,
      "_timeout": 2000
    }
  ],
  "meta": {
    "mocha": {
      "version": "7.0.1"
    },
    "mochawesome": {
      "options": {
        "quiet": false,
        "reportFilename": "mochawesome",
        "saveHtml": true,
        "saveJson": true,
        "consoleReporter": "spec",
        "useInlineDiffs": false,
        "code": true
      },
      "version": "7.1.3"
    },
    "marge": {
      "options": {
        "reportDir": "cypress/mochawesome-report",
        "overwrite": false,
        "html": true,
        "json": true
      },
      "version": "6.2.0"
    }
  }
}