{
  "stats": {
    "suites": 1,
    "tests": 1,
    "passes": 0,
    "pending": 0,
    "failures": 1,
    "start": "2025-02-05T18:43:29.024Z",
    "end": "2025-02-05T18:44:11.338Z",
    "duration": 42314,
    "testsRegistered": 1,
    "passPercent": 0,
    "pendingPercent": 0,
    "other": 0,
    "hasOther": false,
    "skipped": 0,
    "hasSkipped": false
  },
  "results": [
    {
      "uuid": "7af1e74f-1df1-4774-b180-66660db35fb1",
      "title": "",
      "fullFile": "cypress/e2e/COMFRT/NavSweatpantsCatDesktop.cy.js",
      "file": "cypress/e2e/COMFRT/NavSweatpantsCatDesktop.cy.js",
      "beforeHooks": [],
      "afterHooks": [],
      "tests": [],
      "suites": [
        {
          "uuid": "50f4ce2b-58f8-4a70-bb6e-49a4375af3d8",
          "title": "Pruebas en dispositivos de escritorio en www.comfrt.com",
          "fullFile": "",
          "file": "",
          "beforeHooks": [],
          "afterHooks": [],
          "tests": [
            {
              "title": "Navega a la categoría Sweatpants y hace scroll",
              "fullTitle": "Pruebas en dispositivos de escritorio en www.comfrt.com Navega a la categoría Sweatpants y hace scroll",
              "timedOut": null,
              "duration": 40387,
              "state": "failed",
              "speed": null,
              "pass": false,
              "fail": true,
              "pending": false,
              "context": null,
              "code": "cy.get('.vBg37Hhp > [href=\"/collections/sweatpants\"]', {\n  timeout: 10000\n}).should('be.visible').click({\n  force: true\n});\ncy.url().should('include', '/collections/sweatpants');\ncy.scrollTo('bottom');\ncy.wait(2000);\ncy.scrollTo('top');\ncy.wait(2000);\n// Interactúa con el selector de colores del producto Signature Fit Sweatpants\ncy.get(':nth-child(1) > .VtFAkf4R > .SJQFNexH > .v26a1W51 > :nth-child(1) > .N1cHTXJ7 > .XSvSsyWQ', {\n  timeout: 10000\n}).should('be.visible').click({\n  force: true\n});\ncy.get(':nth-child(1) > .VtFAkf4R > .SJQFNexH > .v26a1W51 > :nth-child(5) > .N1cHTXJ7 > .XSvSsyWQ', {\n  timeout: 10000\n}).should('be.visible').click({\n  force: true\n});\ncy.wait(2000);\ncy.get(':nth-child(1) > .VtFAkf4R > .SJQFNexH > .v26a1W51 > :nth-child(8) > .N1cHTXJ7 > .XSvSsyWQ', {\n  timeout: 10000\n}).should('be.visible').click({\n  force: true\n});\ncy.wait(2000);\n// Interactúa con los colores del producto Classic Sweatpants\ncy.get('#collections_with_pagination-default-collections-with-pagination_0 > div > div > div:nth-child(3) > div.VtFAkf4R > fieldset > div > label:nth-child(1) > a', {\n  timeout: 10000\n}).should('be.visible').click({\n  force: true\n});\ncy.wait(2000);\ncy.get('#collections_with_pagination-default-collections-with-pagination_0 > div > div > div:nth-child(3) > div.VtFAkf4R > fieldset > div > label:nth-child(5) > a > span', {\n  timeout: 10000\n}).should('be.visible').click({\n  force: true\n});\ncy.wait(2000);\ncy.get('#collections_with_pagination-default-collections-with-pagination_0 > div > div > div:nth-child(3) > div.VtFAkf4R > fieldset > div > label:nth-child(7) > a', {\n  timeout: 10000\n}).should('be.visible').click({\n  force: true\n});\ncy.wait(2000);\n//'Selecciona la última prenda del color elegido', () => {\ncy.wait(2000);\ncy.get('#collections_with_pagination-default-collections-with-pagination_0 > div > div > div:nth-child(3) > a > div.tK5FSRVg > img', {\n  timeout: 10000\n}).click({\n  force: true\n});\n// Verifica que se abrió la página del producto \ncy.url().should('include', 'coordinate-sweatpants?variant=43983688859692');\n// Hacer scroll en la página del producto\ncy.scrollTo('bottom'); // Desplaza hasta el final de la página\ncy.wait(2000);\ncy.scrollTo('top'); // Vuelve al inicio de la página\ncy.wait(2000);\n//'Interactúa con las tallas XS,S, M, L, XL\ncy.get('#product_hero_options-default-product-hero-options_3_rc > div > fieldset:nth-child(3) > div.v26a1W51 > label:nth-child(1) > a > span', {\n  timeout: 10000\n}).should('be.visible').click({\n  force: true\n});\ncy.wait(2000);\ncy.get('#product_hero_options-default-product-hero-options_3_rc > div > fieldset:nth-child(3) > div.v26a1W51 > label:nth-child(2) > a > span', {\n  timeout: 10000\n}).should('be.visible').click({\n  force: true\n});\ncy.wait(2000);\ncy.get('#product_hero_options-default-product-hero-options_3_rc > div > fieldset:nth-child(3) > div.v26a1W51 > label:nth-child(3) > a > span', {\n  timeout: 10000\n}).should('be.visible').click({\n  force: true\n});\ncy.wait(2000);\ncy.get('#product_hero_options-default-product-hero-options_3_rc > div > fieldset:nth-child(3) > div.v26a1W51 > label:nth-child(4) > a > span', {\n  timeout: 10000\n}).should('be.visible').click({\n  force: true\n});\ncy.wait(2000);\ncy.get('#product_hero_options-default-product-hero-options_3_rc > div > fieldset:nth-child(3) > div.v26a1W51 > label:nth-child(5) > a > span', {\n  timeout: 10000\n}).should('be.visible').click({\n  force: true\n});\ncy.wait(2000);\n//Hace clic en la Size Guide y verifica que sea visible\ncy.get('#product_hero_options-default-product-hero-options_3_rc > div > fieldset:nth-child(3) > div.Sjgd8MXw > label', {\n  timeout: 10000\n}).should('be.visible').click({\n  force: true\n});\ncy.wait(2000);\n//Cierra el Size Guide y verifique que no sea visible\ncy.get('#product_hero_options-default-product-hero-options_3_rc > div > fieldset:nth-child(3) > div.Sjgd8MXw > div.o3JfeQ8Y > div > label > svg > path', {\n  timeout: 10000\n}).click({\n  force: true\n}).should('not.be.visible');\ncy.wait(2000);\n// Selecciona el botón de add to cart o pre-order según disponibilidad\ncy.get('#product_hero_add_to_cart_button-default-product-hero-add-to-cart-button_5_rc > form:nth-child(1) > button').then($btn => {\n  // Verifica si el botón está habilitado\n  if ($btn.is(':enabled')) {\n    // Si el botón está habilitado, realiza una acción, como hacer clic\n    cy.wrap($btn).click();\n  } else {\n    // Si el botón está deshabilitado, realiza una acción alternativa\n    cy.log('El botón está deshabilitado. Realizando acción alternativa.');\n    // Aquí puedes agregar la lógica para la acción alternativa\n    cy.get('#product_hero_add_to_cart_button-default-product-hero-add-to-cart-button_5_rc > form:nth-child(2) > button', {\n      timeout: 10000\n    }).click({\n      force: true\n    });\n    // Verificar que el carrito se ha desplegado\n    cy.get('#cart', {\n      timeout: 10000\n    }).should('be.visible');\n    // Verificar que el producto añadido es el correcto\n    cy.get('#cart .cart-item', {\n      timeout: 10000\n    }).should('contain', 'Coordinate Sweatpants').and('contain', 'Selected Color').and('contain', 'Selected Size');\n    // Hace clic en el botón que aumenta la cantidad del producto\n    cy.get('#34 1732312858668 > div > div.glwAfW_z > div > form:nth-child(3) > button', {\n      timeout: 1000\n    }).click().click().click();\n    cy.wait(2000);\n    // Verifica que la cantidad del producto se haya actualizado correctamente\n    cy.get('#34 1732312858668 > div > div.glwAfW_z > div > input').should('have.value', '3');\n    cy.wait(2000);\n    // Hace clic en el botón que disminuye la cantidad del producto\n    cy.get('#34 1732312858668 > div > div.glwAfW_z > div > form:nth-child(1) > button', {\n      timeout: 1000\n    }).click().click().click();\n    cy.wait(2000);\n    // Verifica que la cantidad del producto se haya actualizado correctamente\n    cy.get('#34 1732312858668 > div > div.glwAfW_z > div > input').should('have.value', '1');\n    cy.wait(2000);\n    //'Procede al checkout', () => {\n    cy.get('#checkout_button-checkout_button_1 > form > button')\n    //.should('be.visible')\n    .click({\n      force: true\n    });\n    cy.url().should('include', 'checkouts/cn/Z2NwLXVzLWVhc3QxOjAxSko3OUc0N1ZBQjU1RVBDS1czWFRYOVpO/information');\n  }\n});",
              "err": {
                "message": "AssertionError: Timed out retrying after 10000ms: expected '<span.XSvSsyWQ.MSGuc0os.>' to be 'visible'\n\nThis element `<span.XSvSsyWQ.MSGuc0os.>` is not visible because it has CSS property: `position: fixed` and it's being covered by another element:\n\n`<iframe src=\"https://customer-app.alia-cloudflare.com/popup?shop=comfrtclothing.myshopify.com&amp;width=1280&amp;height=1080&amp;path=%2Fproducts%2Fcoordinate-sweatpants%3Fvariant%3D43983688859692&amp;jwt=eyJhbGciOiJIUzI1NiIsInR5cCI6IkpXVCJ9.eyJsYXN0VXNlcklEIjoyMzM0MTc1NTAsImlhdCI6MTczODc4MTAxNH0.oOzORrxHJQHIhVEFrlCtkOlRyFQTbzLPKf83XPp22F4&amp;flows=true\" allow=\"clipboard-write\" title=\"Alia popup\" style=\"border: none; width: 100%; height: 100%;\"></iframe>`",
                "estack": "AssertionError: Timed out retrying after 10000ms: expected '<span.XSvSsyWQ.MSGuc0os.>' to be 'visible'\n\nThis element `<span.XSvSsyWQ.MSGuc0os.>` is not visible because it has CSS property: `position: fixed` and it's being covered by another element:\n\n`<iframe src=\"https://customer-app.alia-cloudflare.com/popup?shop=comfrtclothing.myshopify.com&amp;width=1280&amp;height=1080&amp;path=%2Fproducts%2Fcoordinate-sweatpants%3Fvariant%3D43983688859692&amp;jwt=eyJhbGciOiJIUzI1NiIsInR5cCI6IkpXVCJ9.eyJsYXN0VXNlcklEIjoyMzM0MTc1NTAsImlhdCI6MTczODc4MTAxNH0.oOzORrxHJQHIhVEFrlCtkOlRyFQTbzLPKf83XPp22F4&amp;flows=true\" allow=\"clipboard-write\" title=\"Alia popup\" style=\"border: none; width: 100%; height: 100%;\"></iframe>`\n    at Context.eval (webpack://documents/./cypress/e2e/COMFRT/NavSweatpantsCatDesktop.cy.js:67:7)",
                "diff": null
              },
              "uuid": "b7b8f871-a58d-4663-b57d-9bc00bacf57b",
              "parentUUID": "50f4ce2b-58f8-4a70-bb6e-49a4375af3d8",
              "isHook": false,
              "skipped": false
            }
          ],
          "suites": [],
          "passes": [],
          "failures": [
            "b7b8f871-a58d-4663-b57d-9bc00bacf57b"
          ],
          "pending": [],
          "skipped": [],
          "duration": 40387,
          "root": false,
          "rootEmpty": false,
          "_timeout": 2000
        }
      ],
      "passes": [],
      "failures": [],
      "pending": [],
      "skipped": [],
      "duration": 0,
      "root": true,
      "rootEmpty": true,
      "_timeout": 2000
    }
  ],
  "meta": {
    "mocha": {
      "version": "7.0.1"
    },
    "mochawesome": {
      "options": {
        "quiet": false,
        "reportFilename": "mochawesome",
        "saveHtml": true,
        "saveJson": true,
        "consoleReporter": "spec",
        "useInlineDiffs": false,
        "code": true
      },
      "version": "7.1.3"
    },
    "marge": {
      "options": {
        "reportDir": "cypress/mochawesome-report",
        "overwrite": false,
        "html": true,
        "json": true
      },
      "version": "6.2.0"
    }
  }
}