{
  "stats": {
    "suites": 1,
    "tests": 1,
    "passes": 1,
    "pending": 0,
    "failures": 0,
    "start": "2025-03-18T00:24:34.836Z",
    "end": "2025-03-18T00:28:23.856Z",
    "duration": 229020,
    "testsRegistered": 1,
    "passPercent": 100,
    "pendingPercent": 0,
    "other": 0,
    "hasOther": false,
    "skipped": 0,
    "hasSkipped": false
  },
  "results": [
    {
      "uuid": "4ba11955-425b-4306-a03d-95181579f246",
      "title": "",
      "fullFile": "cypress/e2e/TuAlmacen/ClicCategoriasMobile.cy.js",
      "file": "cypress/e2e/TuAlmacen/ClicCategoriasMobile.cy.js",
      "beforeHooks": [],
      "afterHooks": [],
      "tests": [],
      "suites": [
        {
          "uuid": "d6f059c4-c118-4aed-9342-30cf8972bf1a",
          "title": "Pruebas en dispositivos Desktop y Mobile en www.tualmacen.com.ar",
          "fullFile": "",
          "file": "",
          "beforeHooks": [],
          "afterHooks": [],
          "tests": [
            {
              "title": "Visita y scrollea en iPhone 15 Pro Max",
              "fullTitle": "Pruebas en dispositivos Desktop y Mobile en www.tualmacen.com.ar Visita y scrollea en iPhone 15 Pro Max",
              "timedOut": null,
              "duration": 226749,
              "state": "passed",
              "speed": "slow",
              "pass": true,
              "fail": false,
              "pending": false,
              "context": null,
              "code": "cy.viewport(device.width, device.height); // Configurar el tamaño del dispositivo\ncy.visit('https://www.tualmacen.com.ar'); // Visitar la web\ncy.wait(2000); // Esperar que cargue la página\n//clic en ENTENDIDO en las cookies\ncy.get('.mt-1 > .cursor-pointer').click({\n  force: true\n});\n//Hacer clic en Categorias\ncy.get(':nth-child(1) > :nth-child(1) > .flex > .text-xs', {\n  timeout: 2000\n}).should('be.visible').click({\n  force: true\n});\ncy.wait(2000);\n//Clic en Last Chance, clic en last chance de nuevo y validación de url\ncy.contains('Last Chance').should('be.visible').click({\n  force: true\n});\ncy.wait(2000);\ncy.get('[id=\"Last Chance\"] > div > div', {\n  timeout: 2000\n}).should('be.visible').click({\n  force: true\n});\ncy.wait(2000);\ncy.url().should('include', '/categoria/271/272');\ncy.wait(2000);\ncy.scrollTo('bottom', {\n  duration: 3000\n});\ncy.wait(1000);\ncy.scrollTo('top', {\n  duration: 2000\n});\n//Hacer clic en Categorias\ncy.get('.justify-center > :nth-child(1) > :nth-child(1) > .flex > .text-xs', {\n  timeout: 2000\n}).should('be.visible').click({\n  force: true\n});\ncy.wait(2000);\n//Clic Almacen, Ver todos, validacion url y scroll\n//  cy.contains('Almacén',  {timeout: 2000})\n//  .should('be.visible')\n//  .click({force: true})\n//  cy.wait(2000);\ncy.get('#Almacén > li > div', {\n  timeout: 2000\n}).should('be.visible').click({\n  force: true\n});\ncy.wait(2000);\ncy.get('#Almacén > div > div:nth-child(1)', {\n  timeout: 2000\n}).should('be.visible').click({\n  force: true\n});\ncy.wait(2000);\ncy.url().should('include', '/categoria/12/0');\ncy.wait(2000);\ncy.scrollTo('bottom', {\n  duration: 3000\n});\ncy.wait(1000);\ncy.scrollTo('top', {\n  duration: 2000\n});\n//Hacer clic en Categorias\ncy.get('.justify-center > :nth-child(1) > :nth-child(1) > .flex > .text-xs', {\n  timeout: 2000\n}).should('be.visible').click({\n  force: true\n});\ncy.wait(2000);\ncy.get('#Almacén > li > div', {\n  timeout: 2000\n}) //Hace clic acá para cerrar el desplegable y que pueda avanzar\n.should('be.visible').click({\n  force: true\n});\ncy.wait(2000);\n//Clic Kiosko, Ver todos y validacion url\ncy.contains('Kiosko', {\n  timeout: 2000\n}).should('be.visible').click({\n  force: true\n});\ncy.wait(2000);\ncy.get('#Kiosko > div > div:nth-child(1)', {\n  timeout: 2000\n}).should('be.visible').click({\n  force: true\n});\ncy.wait(2000);\ncy.url().should('include', '/categoria/260/0');\ncy.wait(2000);\n//Hacer clic en Categorias\ncy.get('.justify-center > :nth-child(1) > :nth-child(1) > .flex > .text-xs', {\n  timeout: 2000\n}).should('be.visible').click({\n  force: true\n});\ncy.wait(2000);\ncy.contains('Kiosko', {\n  timeout: 2000\n}).should('be.visible').click({\n  force: true\n});\ncy.wait(2000);\n//Clic Bebidas, Ver todos y validacion url\ncy.contains('Bebidas', {\n  timeout: 2000\n}).should('be.visible').click({\n  force: true\n});\ncy.wait(2000);\ncy.get('#Bebidas > div > div:nth-child(1)', {\n  timeout: 2000\n}).should('be.visible').click({\n  force: true\n});\ncy.wait(2000);\ncy.url().should('include', '/categoria/60/0');\ncy.wait(2000);\ncy.scrollTo('bottom', {\n  duration: 3000\n});\ncy.wait(1000);\ncy.scrollTo('top', {\n  duration: 2000\n});\n//Hacer clic en Categorias\ncy.get('.justify-center > :nth-child(1) > :nth-child(1) > .flex > .text-xs', {\n  timeout: 2000\n}).should('be.visible').click({\n  force: true\n});\ncy.wait(2000);\ncy.contains('Bebidas', {\n  timeout: 2000\n}).should('be.visible').click({\n  force: true\n});\ncy.wait(2000);\n//Clic Frescos, Ver todos y validacion url\ncy.contains('Frescos', {\n  timeout: 2000\n}).should('be.visible').click({\n  force: true\n});\ncy.wait(2000);\ncy.get('#Frescos > div > div:nth-child(1)', {\n  timeout: 2000\n}).should('be.visible').click({\n  force: true\n});\ncy.wait(2000);\ncy.url().should('include', '/categoria/51/0');\ncy.wait(2000);\ncy.scrollTo('bottom', {\n  duration: 3000\n});\ncy.wait(1000);\ncy.scrollTo('top', {\n  duration: 2000\n});\n//Hacer clic en Categorias\ncy.get('.justify-center > :nth-child(1) > :nth-child(1) > .flex > .text-xs', {\n  timeout: 2000\n}).should('be.visible').click({\n  force: true\n});\ncy.wait(2000);\ncy.contains('Frescos', {\n  timeout: 2000\n}).should('be.visible').click({\n  force: true\n});\ncy.wait(2000);\n//Clic Fiambrería, Ver todos y validacion url\ncy.contains('Fiambrería', {\n  timeout: 2000\n}).should('be.visible').click({\n  force: true\n});\ncy.wait(2000);\ncy.get('#Fiambrería > div > div:nth-child(1)', {\n  timeout: 2000\n}).should('be.visible').click({\n  force: true\n});\ncy.wait(2000);\ncy.url().should('include', '/categoria/121/0');\ncy.wait(2000);\ncy.scrollTo('bottom', {\n  duration: 3000\n});\ncy.wait(1000);\ncy.scrollTo('top', {\n  duration: 2000\n});\n//Hacer clic en Categorias\ncy.get('.justify-center > :nth-child(1) > :nth-child(1) > .flex > .text-xs', {\n  timeout: 2000\n}).should('be.visible').click({\n  force: true\n});\ncy.wait(2000);\ncy.contains('Fiambrería', {\n  timeout: 2000\n}).should('be.visible').click({\n  force: true\n});\ncy.wait(2000);\n//Clic Carnicería, Ver todos y validacion url\ncy.contains('Carnicería', {\n  timeout: 2000\n}).should('be.visible').click({\n  force: true\n});\ncy.wait(2000);\ncy.get('#Carnicería > div > div:nth-child(1)', {\n  timeout: 2000\n}).should('be.visible').click({\n  force: true\n});\ncy.wait(2000);\ncy.url().should('include', '/categoria/146/0');\ncy.wait(2000);\ncy.scrollTo('bottom', {\n  duration: 3000\n});\ncy.wait(1000);\ncy.scrollTo('top', {\n  duration: 2000\n});\n//Hacer clic en Categorias\ncy.get('.justify-center > :nth-child(1) > :nth-child(1) > .flex > .text-xs', {\n  timeout: 2000\n}).should('be.visible').click({\n  force: true\n});\ncy.wait(2000);\ncy.contains('Carnicería', {\n  timeout: 2000\n}).should('be.visible').click({\n  force: true\n});\ncy.wait(2000);\n//Clic Congelados, Ver todos y validacion url\ncy.get('#Congelados > li > div > p', {\n  timeout: 3000\n}).should('be.visible').click({\n  force: true\n});\ncy.wait(2000);\ncy.get('#Congelados > div > div:nth-child(1)', {\n  timeout: 2000\n}).should('be.visible').click({\n  force: true\n});\ncy.wait(2000);\ncy.url().should('include', '/categoria/122/0');\ncy.wait(2000);\ncy.scrollTo('bottom', {\n  duration: 3000\n});\ncy.wait(1000);\ncy.scrollTo('top', {\n  duration: 2000\n});\n//Hacer clic en Categorias\ncy.get('.justify-center > :nth-child(1) > :nth-child(1) > .flex > .text-xs', {\n  timeout: 2000\n}).should('be.visible').click({\n  force: true\n});\ncy.wait(2000);\ncy.get('#Congelados > li > div > p', {\n  timeout: 3000\n}).should('be.visible').click({\n  force: true\n});\ncy.wait(2000);\n//Clic Dietética, Ver todos y validacion url\ncy.contains('Dietética', {\n  timeout: 2000\n}).should('be.visible').click({\n  force: true\n});\ncy.wait(2000);\ncy.get('#Dietética > div > div:nth-child(1)', {\n  timeout: 2000\n}).should('be.visible').click({\n  force: true\n});\ncy.wait(2000);\ncy.url().should('include', '/categoria/95/0');\ncy.wait(2000);\ncy.scrollTo('bottom', {\n  duration: 3000\n});\ncy.wait(1000);\ncy.scrollTo('top', {\n  duration: 2000\n});\n//Hacer clic en Categorias\ncy.get('.justify-center > :nth-child(1) > :nth-child(1) > .flex > .text-xs', {\n  timeout: 2000\n}).should('be.visible').click({\n  force: true\n});\ncy.wait(2000);\ncy.contains('Dietética', {\n  timeout: 2000\n}).should('be.visible').click({\n  force: true\n});\ncy.wait(2000);\n//Clic Verduleria, Ver todos y validacion url\ncy.contains('Verduleria', {\n  timeout: 2000\n}).should('be.visible').click({\n  force: true\n});\ncy.wait(2000);\ncy.get('#Verduleria > div > div:nth-child(1)', {\n  timeout: 2000\n}).should('be.visible').click({\n  force: true\n});\ncy.wait(2000);\ncy.url().should('include', '/categoria/104/0');\ncy.wait(2000);\ncy.scrollTo('bottom', {\n  duration: 3000\n});\ncy.wait(1000);\ncy.scrollTo('top', {\n  duration: 2000\n});\n//Hacer clic en Categorias\ncy.get('.justify-center > :nth-child(1) > :nth-child(1) > .flex > .text-xs', {\n  timeout: 2000\n}).should('be.visible').click({\n  force: true\n});\ncy.wait(2000);\ncy.contains('Verduleria', {\n  timeout: 2000\n}).should('be.visible').click({\n  force: true\n});\ncy.wait(2000);\n//Clic Hogar y Bazar, Ver todos y validacion url\ncy.contains('Hogar y Bazar', {\n  timeout: 2000\n}).should('be.visible').click({\n  force: true\n});\ncy.wait(2000);\ncy.get('[id=\"Hogar y Bazar\"] > div > div:nth-child(1)', {\n  timeout: 4000\n}).should('be.visible').click({\n  force: true\n});\ncy.wait(2000);\ncy.url().should('include', '/categoria/229/0');\ncy.wait(2000);\ncy.scrollTo('bottom', {\n  duration: 3000\n});\ncy.wait(1000);\ncy.scrollTo('top', {\n  duration: 2000\n});\n//Hacer clic en Categorias\ncy.get('.justify-center > :nth-child(1) > :nth-child(1) > .flex > .text-xs', {\n  timeout: 2000\n}).should('be.visible').click({\n  force: true\n});\ncy.wait(2000);\ncy.contains('Hogar y Bazar', {\n  timeout: 2000\n}).should('be.visible').click({\n  force: true\n});\ncy.wait(2000);\n//Clic Limpieza, Ver todos y validacion url\ncy.contains('Limpieza', {\n  timeout: 2000\n}).should('be.visible').click({\n  force: true\n});\ncy.wait(2000);\ncy.get('#Limpieza > div > div:nth-child(1)', {\n  timeout: 2000\n}).should('be.visible').click({\n  force: true\n});\ncy.wait(2000);\ncy.url().should('include', '/categoria/83/0');\ncy.wait(2000);\ncy.scrollTo('bottom', {\n  duration: 3000\n});\ncy.wait(1000);\ncy.scrollTo('top', {\n  duration: 2000\n});\n//Hacer clic en Categorias\ncy.get('.justify-center > :nth-child(1) > :nth-child(1) > .flex > .text-xs', {\n  timeout: 2000\n}).should('be.visible').click({\n  force: true\n});\ncy.wait(2000);\ncy.contains('Limpieza', {\n  timeout: 2000\n}).should('be.visible').click({\n  force: true\n});\ncy.wait(2000);\n//Clic Perfumeria, Ver todos y validacion url\ncy.contains('Perfumeria', {\n  timeout: 2000\n}).should('be.visible').click({\n  force: true\n});\ncy.wait(2000);\ncy.get('#Perfumeria > div > div:nth-child(1)', {\n  timeout: 2000\n}).should('be.visible').click({\n  force: true\n});\ncy.wait(2000);\ncy.url().should('include', '/categoria/70/0');\ncy.wait(2000);\ncy.scrollTo('bottom', {\n  duration: 3000\n});\ncy.wait(1000);\ncy.scrollTo('top', {\n  duration: 2000\n});\n//Hacer clic en Categorias\ncy.get('.justify-center > :nth-child(1) > :nth-child(1) > .flex > .text-xs', {\n  timeout: 2000\n}).should('be.visible').click({\n  force: true\n});\ncy.wait(2000);\ncy.contains('Perfumeria', {\n  timeout: 2000\n}).should('be.visible').click({\n  force: true\n});\ncy.wait(2000);\n//Clic Verano, Ver todos y validacion url\ncy.contains('Verano', {\n  timeout: 2000\n}).should('be.visible').click({\n  force: true\n});\ncy.wait(2000);\ncy.get('#Verano > div > div:nth-child(1)', {\n  timeout: 2000\n})\n// .should('be.visible')\n.click({\n  force: true\n});\ncy.wait(2000);\ncy.url().should('include', '/categoria/257/0');\ncy.wait(2000);\ncy.scrollTo('bottom', {\n  duration: 3000\n});\ncy.wait(1000);\ncy.scrollTo('top', {\n  duration: 2000\n});",
              "err": {},
              "uuid": "5d57ac37-72dd-41b7-85cb-3d8893f9369b",
              "parentUUID": "d6f059c4-c118-4aed-9342-30cf8972bf1a",
              "isHook": false,
              "skipped": false
            }
          ],
          "suites": [],
          "passes": [
            "5d57ac37-72dd-41b7-85cb-3d8893f9369b"
          ],
          "failures": [],
          "pending": [],
          "skipped": [],
          "duration": 226749,
          "root": false,
          "rootEmpty": false,
          "_timeout": 2000
        }
      ],
      "passes": [],
      "failures": [],
      "pending": [],
      "skipped": [],
      "duration": 0,
      "root": true,
      "rootEmpty": true,
      "_timeout": 2000
    }
  ],
  "meta": {
    "mocha": {
      "version": "7.0.1"
    },
    "mochawesome": {
      "options": {
        "quiet": false,
        "reportFilename": "mochawesome",
        "saveHtml": true,
        "saveJson": true,
        "consoleReporter": "spec",
        "useInlineDiffs": false,
        "code": true
      },
      "version": "7.1.3"
    },
    "marge": {
      "options": {
        "reportDir": "mochawesome-report",
        "overwrite": false,
        "html": true,
        "json": true
      },
      "version": "6.2.0"
    }
  }
}