{
  "stats": {
    "suites": 1,
    "tests": 2,
    "passes": 2,
    "pending": 0,
    "failures": 0,
    "start": "2025-01-31T14:07:06.145Z",
    "end": "2025-01-31T14:07:29.217Z",
    "duration": 23072,
    "testsRegistered": 2,
    "passPercent": 100,
    "pendingPercent": 0,
    "other": 0,
    "hasOther": false,
    "skipped": 0,
    "hasSkipped": false
  },
  "results": [
    {
      "uuid": "7c2d046e-e412-420b-b48f-4d43e1478082",
      "title": "",
      "fullFile": "cypress/e2e/MiracleBrand Prod/ShopTestCTAB4.cy.js",
      "file": "cypress/e2e/MiracleBrand Prod/ShopTestCTAB4.cy.js",
      "beforeHooks": [],
      "afterHooks": [],
      "tests": [],
      "suites": [
        {
          "uuid": "45fcf534-9b86-42a1-9705-ec69091fcbc9",
          "title": "home de www.shopmiraclebrand.co/a/b4-g-bento?__orly_origin=qa-bento",
          "fullFile": "",
          "file": "",
          "beforeHooks": [],
          "afterHooks": [],
          "tests": [
            {
              "title": "Verificacion Elementos existentes y visibles",
              "fullTitle": "home de www.shopmiraclebrand.co/a/b4-g-bento?__orly_origin=qa-bento Verificacion Elementos existentes y visibles",
              "timedOut": null,
              "duration": 10556,
              "state": "passed",
              "speed": "slow",
              "pass": true,
              "fail": false,
              "pending": false,
              "context": null,
              "code": "cy.get('.Ohp2jNMB > .vrDNRk1b').should('be.visible');\ncy.get('.Ohp2jNMB > .vrDNRk1b').should('exist');\ncy.wait(4000);",
              "err": {},
              "uuid": "c816f1cb-2d51-4e8a-b178-e4544a1ec661",
              "parentUUID": "45fcf534-9b86-42a1-9705-ec69091fcbc9",
              "isHook": false,
              "skipped": false
            },
            {
              "title": "Navegar Home y verificación de botón CTA",
              "fullTitle": "home de www.shopmiraclebrand.co/a/b4-g-bento?__orly_origin=qa-bento Navegar Home y verificación de botón CTA",
              "timedOut": null,
              "duration": 10131,
              "state": "passed",
              "speed": "slow",
              "pass": true,
              "fail": false,
              "pending": false,
              "context": null,
              "code": "cy.scrollTo(0, 1000);\ncy.wait(1000);\ncy.scrollTo(0, 1000);\ncy.wait(1000);\ncy.scrollTo(0, 1000);\ncy.wait(1000);\ncy.scrollTo(0, 1000);\ncy.wait(1000);\ncy.get('.iue0EKse > :nth-child(2)').click();",
              "err": {},
              "uuid": "b463aab2-3c2f-4f83-87c7-653c4b822b54",
              "parentUUID": "45fcf534-9b86-42a1-9705-ec69091fcbc9",
              "isHook": false,
              "skipped": false
            }
          ],
          "suites": [],
          "passes": [
            "c816f1cb-2d51-4e8a-b178-e4544a1ec661",
            "b463aab2-3c2f-4f83-87c7-653c4b822b54"
          ],
          "failures": [],
          "pending": [],
          "skipped": [],
          "duration": 20687,
          "root": false,
          "rootEmpty": false,
          "_timeout": 2000
        }
      ],
      "passes": [],
      "failures": [],
      "pending": [],
      "skipped": [],
      "duration": 0,
      "root": true,
      "rootEmpty": true,
      "_timeout": 2000
    }
  ],
  "meta": {
    "mocha": {
      "version": "7.0.1"
    },
    "mochawesome": {
      "options": {
        "quiet": false,
        "reportFilename": "mochawesome",
        "saveHtml": true,
        "saveJson": true,
        "consoleReporter": "spec",
        "useInlineDiffs": false,
        "code": true
      },
      "version": "7.1.3"
    },
    "marge": {
      "options": {
        "reportDir": "mochawesome-report",
        "overwrite": false,
        "html": true,
        "json": true
      },
      "version": "6.2.0"
    }
  }
}