{
  "stats": {
    "suites": 1,
    "tests": 1,
    "passes": 0,
    "pending": 0,
    "failures": 1,
    "start": "2025-01-31T14:12:44.905Z",
    "end": "2025-01-31T14:12:52.806Z",
    "duration": 7901,
    "testsRegistered": 1,
    "passPercent": 0,
    "pendingPercent": 0,
    "other": 0,
    "hasOther": false,
    "skipped": 0,
    "hasSkipped": false
  },
  "results": [
    {
      "uuid": "a40cbe9e-6521-4616-b242-705c7d9f67ca",
      "title": "",
      "fullFile": "cypress/e2e/othersProd1/Carrito.cy.js",
      "file": "cypress/e2e/othersProd1/Carrito.cy.js",
      "beforeHooks": [],
      "afterHooks": [],
      "tests": [],
      "suites": [
        {
          "uuid": "6f156a0e-7311-44a0-9930-626bbb1cdc4c",
          "title": "Probar todas las funcionalidades del carrito de compras con y sin productos",
          "fullFile": "",
          "file": "",
          "beforeHooks": [],
          "afterHooks": [],
          "tests": [
            {
              "title": "Verificar elementos del carrito sin productos, agregar productos",
              "fullTitle": "Probar todas las funcionalidades del carrito de compras con y sin productos Verificar elementos del carrito sin productos, agregar productos",
              "timedOut": null,
              "duration": 6397,
              "state": "failed",
              "speed": null,
              "pass": false,
              "fail": true,
              "pending": false,
              "context": null,
              "code": "cy.get('.jm-shopping-bag').should('be.visible').click();\ncy.get('.order-summary-content > .wrapEmptyCart > .img-responsive').should('be.visible');\ncy.contains('¡Tu carrito está vacío!');\ncy.get('.order-summary-content > .wrapEmptyCart > p').should('be.visible');\ncy.get('.order-summary-content > .wrapEmptyCart > .volverCatalogo').should('be.visible').click();\ncy.get(':nth-child(5) > .thumbnail > .caption > .categoryName').click();\ncy.get('[title=\"Chapita tapa x 3\"] > .titlePremio').should('be.visible').click();\ncy.get('.wrapAddToCartBtn > .input-group-btn').should('be.visible');\ncy.get('.row #add-to-cart-button-3926').click({\n  force: true\n});\ncy.wait(5000);\ncy.get('#addToCartModal > .modal-dialog > .modal-content > .modal-body').should('be.visible');\ncy.get('#addToCartModal > .modal-dialog > .modal-content > .modal-footer > .close').should('be.visible');\ncy.get('.modal-message > a').should('be.visible').click();\ncy.get('thead > tr > :nth-child(2)').should('be.visible').click();\ncy.get('thead > tr > :nth-child(4)').should('be.visible');\ncy.get('thead > tr > :nth-child(5)').should('be.visible');\ncy.get('thead > tr > :nth-child(6)').should('be.visible');\ncy.get('thead > tr > :nth-child(7)').should('be.visible');\ncy.get('tbody > .row').should('be.visible');\ncy.get('[style=\"margin-right: 20px;\"]').should('be.visible');\ncy.get('#updatecart').should('be.visible').click();\ncy.get('#continueshopping').should('be.visible').click();\ncy.get('.categoriasTitle').should('be.visible');\ncy.get('.jm-shopping-bag').click();\ncy.get('.coupon-codes-action > .btn').should('be.visible');\ncy.get('.total-info').should('be.visible');\ncy.get('.remove-from-cart > input').check();\ncy.get('#updatecart').click();\ncy.get('.order-summary-content > .wrapEmptyCart > h3').should('be.visible');",
              "err": {
                "message": "AssertionError: Timed out retrying after 4000ms: Expected to find element: `.ingresarLink`, but never found it.\n\nBecause this error occurred during a `before each` hook we are skipping the remaining tests in the current suite: `Probar todas las funcionali...`",
                "estack": "AssertionError: Timed out retrying after 4000ms: Expected to find element: `.ingresarLink`, but never found it.\n\nBecause this error occurred during a `before each` hook we are skipping the remaining tests in the current suite: `Probar todas las funcionali...`\n    at Context.eval (webpack://documents/./cypress/e2e/othersProd1/Carrito.cy.js:4:8)",
                "diff": null
              },
              "uuid": "5965f327-f4be-4957-b907-56c25c420cdb",
              "parentUUID": "6f156a0e-7311-44a0-9930-626bbb1cdc4c",
              "isHook": false,
              "skipped": false
            }
          ],
          "suites": [],
          "passes": [],
          "failures": [
            "5965f327-f4be-4957-b907-56c25c420cdb"
          ],
          "pending": [],
          "skipped": [],
          "duration": 6397,
          "root": false,
          "rootEmpty": false,
          "_timeout": 2000
        }
      ],
      "passes": [],
      "failures": [],
      "pending": [],
      "skipped": [],
      "duration": 0,
      "root": true,
      "rootEmpty": true,
      "_timeout": 2000
    }
  ],
  "meta": {
    "mocha": {
      "version": "7.0.1"
    },
    "mochawesome": {
      "options": {
        "quiet": false,
        "reportFilename": "mochawesome",
        "saveHtml": true,
        "saveJson": true,
        "consoleReporter": "spec",
        "useInlineDiffs": false,
        "code": true
      },
      "version": "7.1.3"
    },
    "marge": {
      "options": {
        "reportDir": "mochawesome-report",
        "overwrite": false,
        "html": true,
        "json": true
      },
      "version": "6.2.0"
    }
  }
}