{
  "stats": {
    "suites": 1,
    "tests": 1,
    "passes": 1,
    "pending": 0,
    "failures": 0,
    "start": "2025-03-18T01:11:31.226Z",
    "end": "2025-03-18T01:12:31.925Z",
    "duration": 60699,
    "testsRegistered": 1,
    "passPercent": 100,
    "pendingPercent": 0,
    "other": 0,
    "hasOther": false,
    "skipped": 0,
    "hasSkipped": false
  },
  "results": [
    {
      "uuid": "d83b9a00-d33a-4a23-af16-75b6baa0b322",
      "title": "",
      "fullFile": "cypress/e2e/TuAlmacen/FlujoCompraMobile.cy.js",
      "file": "cypress/e2e/TuAlmacen/FlujoCompraMobile.cy.js",
      "beforeHooks": [],
      "afterHooks": [],
      "tests": [],
      "suites": [
        {
          "uuid": "7258d9a2-fd65-408b-a97a-c0bb3ee3a3af",
          "title": "Pruebas en dispositivos Desktop y Mobile en www.tualmacen.com.ar",
          "fullFile": "",
          "file": "",
          "beforeHooks": [],
          "afterHooks": [],
          "tests": [
            {
              "title": "Visita y scrollea en Samsung S22",
              "fullTitle": "Pruebas en dispositivos Desktop y Mobile en www.tualmacen.com.ar Visita y scrollea en Samsung S22",
              "timedOut": null,
              "duration": 56438,
              "state": "passed",
              "speed": "slow",
              "pass": true,
              "fail": false,
              "pending": false,
              "context": "{\n  \"title\": \"cypress-mochawesome-reporter-videos-passed\",\n  \"value\": \"cypress/e2e/TuAlmacen/FlujoCompraMobile.cy.js\"\n}",
              "code": "cy.viewport(device.width, device.height); // Configurar el tamaño del dispositivo\ncy.visit('https://www.tualmacen.com.ar'); // Visitar la web\ncy.wait(2000); // Esperar que cargue la página\n//clic en ENTENDIDO en las cookies\ncy.get('.mt-1 > .cursor-pointer').click({\n  force: true\n});\ncy.wait(2000);\n///click en iniciar sesion///\ncy.get('.justify-between > :nth-child(5)').click({\n  force: true\n});\ncy.wait(2000);\n// Ingresar email\ncy.get('.pt-0 > .pb-2 > .relative > #new-password').should('be.visible').type('angel.arellan@latechfactory.com', {\n  force: true\n});\ncy.wait(2000);\n// Ingresar contraseña\ncy.get('.pt-4 > :nth-child(1) > .pb-2 > .relative > #new-password').should('be.visible').type('ang3l.DAN1EL', {\n  force: true\n});\ncy.wait(2000);\n// Hacer clic en \"Iniciar Sesión\"\ncy.get('.mt-5 > .shadow-xl').should('be.visible').click({\n  force: true\n});\ncy.wait(4000);\n// click para cerrar  Popup de Bienvenida de TUalmacen//\n// Esperar y validar que el popup desapareció\n// cy.get('.popup-background')\n// .click({ force: true });\ncy.wait(2000);\n//Hacer clic en la categoría de banner header\ncy.get('#__next > main > div:nth-child(2) > div.mt-2.mb-5 > div > div > div.swiper-wrapper > div.swiper-slide.swiper-slide-active > div > a > img', {\n  timeout: 10000\n}).should('exist').click({\n  force: true\n});\ncy.wait(2000);\n//Validar que la url es la correcta\ncy.url().should('include', '/ofertas');\n// Desplázate y espera\ncy.scrollTo('bottom');\ncy.wait(2000);\ncy.scrollTo('top');\ncy.wait(2000);\n//Hacer clic en la categoria RECIEN AGREGADOS\ncy.get(':nth-child(3) > .text-xs').should('be.visible').click({\n  force: true\n});\ncy.wait(2000);\n//Validar que la url es la correcta\ncy.url().should('include', '/recien-agregados');\n// Desplázate y espera\ncy.scrollTo('bottom');\ncy.wait(2000);\ncy.scrollTo('top');\n//Hacer clic en este producto\ncy.get('#__next > main > div.pb-4.md\\\\:pt-1.md\\\\:pb-0.lg\\\\:pb-\\\\[4\\\\.8rem\\\\] > div.grid.grid-cols-2.sm\\\\:grid-cols-3.md\\\\:grid-cols-4.lg\\\\:grid-cols-5.xl\\\\:grid-cols-7 > div:nth-child(3) > div > div.flex.justify-center.flex-col.items-center.cursor-pointer > span > img', {\n  timeout: 10000\n}).click({\n  force: true\n});\n//cy.url().should('include', '/producto/11810?data=');\n// Scroll hacia abajo lentamente\ncy.scrollTo('bottom', {\n  duration: 3000\n});\ncy.wait(2000);\n// Scroll hacia arriba\ncy.scrollTo('top', {\n  duration: 2000\n});\ncy.wait(2000);\n///desplegar carrito\ncy.get('.lg\\\\:bg-success > .flex svg').click({\n  force: true\n});\n/// click en finalizar compra-pedido/\ncy.get('.shadow-xl').click({\n  force: true\n});\ncy.wait(3000);\n/// boton continuar para seleccionar tipo de envio a domicilio o retiro en tienda//\ncy.get(':nth-child(1) > .justify-center > .shadow-xl').click({\n  force: true\n});\ncy.wait(3000);\n///clic en la direccion a domicilio numero 1//\ncy.get(':nth-child(2) > .ticket-card > .col-span-3').click({\n  force: true\n});\ncy.wait(2000);\n// clic en continuar en seccion de direccion de entrega, este caso es a domicilio//\ncy.get('.flex-col > .shadow-xl').click({\n  force: true\n});\ncy.wait(2000);\n/// clic en boton \"mi pedido\" es el que está del lado superior derecho\ncy.get('#__next > main > div:nth-child(2) > div > div > div.w-full.md\\\\:w-1\\\\/2.lg\\\\:px-\\\\[0rem\\\\] > div.px-2.block.md\\\\:hidden.shadow-sm.rounded-3xl.rounded-t-none.pb-2.relative.z-10.bg-white > div > div.flex.justify-between.items-center > div.w-full.flex.space-x-2.justify-end.items-center > button').click({\n  force: true\n});\n//    /// Aumentar cantidad en producto Pechuga de Pollo Congelada//\n//    cy.get('#__next > main > div:nth-child(2) > div > div > div.w-1\\\\/2.hidden.md\\\\:block > div > div > div.overflow-x-hidden.w-full.false > div > div > div > div:nth-child(2) > div > div:nth-child(1) > div > div > div:nth-child(3) button')\n//    .should('be.visible')\n//    .click({ force: true })\n//    .click({ force: true });\n//      cy.wait(3000);\n// ///disminuir cantidad en producto Pechuga de Pollo Congelada//\n// cy.window().then((win) => {\n//     // Intentar seleccionar el elemento utilizando querySelector\n//     const el = win.document.querySelector(\".h-\\[100\\%\\] > .lg\\:pb-4 > .overflow-x-hidden > .shop-container > .lg\\:min-h-\\[250px\\] > .divide-y > :nth-child(2) > .lg\\:space-x-4 > :nth-child(1) > :nth-child(1) > .grid > .ml-2 > .undefined\");\n//     // Verificar si el elemento fue encontrado\n//     if (el) {\n//       // Envolver el elemento con Cypress para interactuar con él\n//       cy.wrap(el)\n//         .scrollIntoView() // Asegurarse de que el elemento esté en la vista\n//         .should('be.visible') // Verificar que el elemento sea visible\n//         .click({ force: true }); // Forzar el clic en caso de que haya superposiciones\n//     } else {\n//       // Registrar un mensaje en caso de que el elemento no sea encontrado\n//       cy.log(\"⚠️ No se encontró el elemento con el selector proporcionado.\");\n//     }\n//   });",
              "err": {},
              "uuid": "4e830aaf-41ac-4744-ab16-b5dcc671bdef",
              "parentUUID": "7258d9a2-fd65-408b-a97a-c0bb3ee3a3af",
              "isHook": false,
              "skipped": false
            }
          ],
          "suites": [],
          "passes": [
            "4e830aaf-41ac-4744-ab16-b5dcc671bdef"
          ],
          "failures": [],
          "pending": [],
          "skipped": [],
          "duration": 56438,
          "root": false,
          "rootEmpty": false,
          "_timeout": 2000
        }
      ],
      "passes": [],
      "failures": [],
      "pending": [],
      "skipped": [],
      "duration": 0,
      "root": true,
      "rootEmpty": true,
      "_timeout": 2000
    }
  ],
  "meta": {
    "mocha": {
      "version": "7.0.1"
    },
    "mochawesome": {
      "options": {
        "quiet": false,
        "reportFilename": "mochawesome",
        "saveHtml": true,
        "saveJson": true,
        "consoleReporter": "spec",
        "useInlineDiffs": false,
        "code": true
      },
      "version": "7.1.3"
    },
    "marge": {
      "options": {
        "reportDir": "mochawesome-report",
        "overwrite": false,
        "html": true,
        "json": true
      },
      "version": "6.2.0"
    }
  }
}