{
  "stats": {
    "suites": 7,
    "tests": 18,
    "passes": 18,
    "pending": 0,
    "failures": 0,
    "start": "2025-01-31T14:05:55.311Z",
    "end": "2025-01-31T14:07:04.765Z",
    "duration": 69454,
    "testsRegistered": 18,
    "passPercent": 100,
    "pendingPercent": 0,
    "other": 0,
    "hasOther": false,
    "skipped": 0,
    "hasSkipped": false
  },
  "results": [
    {
      "uuid": "2a490162-97ff-471c-a498-4c441d8d08b3",
      "title": "",
      "fullFile": "cypress/e2e/COMFRT/homeiOScroll.cy.js",
      "file": "cypress/e2e/COMFRT/homeiOScroll.cy.js",
      "beforeHooks": [],
      "afterHooks": [],
      "tests": [],
      "suites": [
        {
          "uuid": "3416ff53-05cf-4241-a622-d9ca4b0046a4",
          "title": "Prueba de scroll en vista móvil y desktop - Comfrt",
          "fullFile": "",
          "file": "",
          "beforeHooks": [],
          "afterHooks": [],
          "tests": [],
          "suites": [
            {
              "uuid": "57946af2-aad3-4fc7-8733-ea5837da3d93",
              "title": "Pruebas de scroll en Samsung Galaxy S23 Ultra",
              "fullFile": "",
              "file": "",
              "beforeHooks": [],
              "afterHooks": [],
              "tests": [
                {
                  "title": "Debería hacer scroll hacia abajo y arriba",
                  "fullTitle": "Prueba de scroll en vista móvil y desktop - Comfrt Pruebas de scroll en Samsung Galaxy S23 Ultra Debería hacer scroll hacia abajo y arriba",
                  "timedOut": null,
                  "duration": 7464,
                  "state": "passed",
                  "speed": "medium",
                  "pass": true,
                  "fail": false,
                  "pending": false,
                  "context": null,
                  "code": "// Scroll hacia abajo\ncy.scrollTo('bottom');\ncy.wait(1000); // Esperar para simular tiempo de carga\n// Scroll hacia arriba\ncy.scrollTo('top');\ncy.wait(1000); // Esperar para observar el efecto",
                  "err": {},
                  "uuid": "0ab522f6-5ec5-478f-b6b9-7ba7793d738e",
                  "parentUUID": "57946af2-aad3-4fc7-8733-ea5837da3d93",
                  "isHook": false,
                  "skipped": false
                },
                {
                  "title": "Debería hacer scroll a una posición específica",
                  "fullTitle": "Prueba de scroll en vista móvil y desktop - Comfrt Pruebas de scroll en Samsung Galaxy S23 Ultra Debería hacer scroll a una posición específica",
                  "timedOut": null,
                  "duration": 3732,
                  "state": "passed",
                  "speed": "fast",
                  "pass": true,
                  "fail": false,
                  "pending": false,
                  "context": null,
                  "code": "// Scroll a 500px desde la parte superior\ncy.scrollTo(0, 500);\ncy.wait(1000);\n// Scroll de regreso al inicio\ncy.scrollTo(0, 0);",
                  "err": {},
                  "uuid": "0427f825-15e9-40b1-b16e-133de1249058",
                  "parentUUID": "57946af2-aad3-4fc7-8733-ea5837da3d93",
                  "isHook": false,
                  "skipped": false
                },
                {
                  "title": "Debería hacer scroll hacia un elemento específico",
                  "fullTitle": "Prueba de scroll en vista móvil y desktop - Comfrt Pruebas de scroll en Samsung Galaxy S23 Ultra Debería hacer scroll hacia un elemento específico",
                  "timedOut": null,
                  "duration": 3659,
                  "state": "passed",
                  "speed": "fast",
                  "pass": true,
                  "fail": false,
                  "pending": false,
                  "context": null,
                  "code": "// Asegurarte de que un elemento esté visible al hacer scroll\ncy.get('.KzcSxBo0').scrollIntoView(); // Desplaza hacia el footer\ncy.wait(1000);\n// Vuelve al header\ncy.get('.IXjqotrK').scrollIntoView();\ncy.wait(1000);",
                  "err": {},
                  "uuid": "a719bf13-698a-415e-b998-d6beb3aef085",
                  "parentUUID": "57946af2-aad3-4fc7-8733-ea5837da3d93",
                  "isHook": false,
                  "skipped": false
                }
              ],
              "suites": [],
              "passes": [
                "0ab522f6-5ec5-478f-b6b9-7ba7793d738e",
                "0427f825-15e9-40b1-b16e-133de1249058",
                "a719bf13-698a-415e-b998-d6beb3aef085"
              ],
              "failures": [],
              "pending": [],
              "skipped": [],
              "duration": 14855,
              "root": false,
              "rootEmpty": false,
              "_timeout": 2000
            },
            {
              "uuid": "ab8ce82f-26f9-4bca-a803-f6e12e102ada",
              "title": "Pruebas de scroll en iPhone 15 Pro",
              "fullFile": "",
              "file": "",
              "beforeHooks": [],
              "afterHooks": [],
              "tests": [
                {
                  "title": "Debería hacer scroll hacia abajo y arriba",
                  "fullTitle": "Prueba de scroll en vista móvil y desktop - Comfrt Pruebas de scroll en iPhone 15 Pro Debería hacer scroll hacia abajo y arriba",
                  "timedOut": null,
                  "duration": 4339,
                  "state": "passed",
                  "speed": "fast",
                  "pass": true,
                  "fail": false,
                  "pending": false,
                  "context": null,
                  "code": "// Scroll hacia abajo\ncy.scrollTo('bottom');\ncy.wait(1000); // Esperar para simular tiempo de carga\n// Scroll hacia arriba\ncy.scrollTo('top');\ncy.wait(1000); // Esperar para observar el efecto",
                  "err": {},
                  "uuid": "95b113f1-8f6e-4735-89f8-f3ee4e71bf6c",
                  "parentUUID": "ab8ce82f-26f9-4bca-a803-f6e12e102ada",
                  "isHook": false,
                  "skipped": false
                },
                {
                  "title": "Debería hacer scroll a una posición específica",
                  "fullTitle": "Prueba de scroll en vista móvil y desktop - Comfrt Pruebas de scroll en iPhone 15 Pro Debería hacer scroll a una posición específica",
                  "timedOut": null,
                  "duration": 2606,
                  "state": "passed",
                  "speed": "fast",
                  "pass": true,
                  "fail": false,
                  "pending": false,
                  "context": null,
                  "code": "// Scroll a 500px desde la parte superior\ncy.scrollTo(0, 500);\ncy.wait(1000);\n// Scroll de regreso al inicio\ncy.scrollTo(0, 0);",
                  "err": {},
                  "uuid": "ddb24698-fdf0-40b9-bdd6-9282ba8fe572",
                  "parentUUID": "ab8ce82f-26f9-4bca-a803-f6e12e102ada",
                  "isHook": false,
                  "skipped": false
                },
                {
                  "title": "Debería hacer scroll hacia un elemento específico",
                  "fullTitle": "Prueba de scroll en vista móvil y desktop - Comfrt Pruebas de scroll en iPhone 15 Pro Debería hacer scroll hacia un elemento específico",
                  "timedOut": null,
                  "duration": 3428,
                  "state": "passed",
                  "speed": "fast",
                  "pass": true,
                  "fail": false,
                  "pending": false,
                  "context": null,
                  "code": "// Asegurarte de que un elemento esté visible al hacer scroll\ncy.get('.KzcSxBo0').scrollIntoView(); // Desplaza hacia el footer\ncy.wait(1000);\n// Vuelve al header\ncy.get('.IXjqotrK').scrollIntoView();\ncy.wait(1000);",
                  "err": {},
                  "uuid": "787593a7-8033-4fc5-b42f-d622d7b9c65e",
                  "parentUUID": "ab8ce82f-26f9-4bca-a803-f6e12e102ada",
                  "isHook": false,
                  "skipped": false
                }
              ],
              "suites": [],
              "passes": [
                "95b113f1-8f6e-4735-89f8-f3ee4e71bf6c",
                "ddb24698-fdf0-40b9-bdd6-9282ba8fe572",
                "787593a7-8033-4fc5-b42f-d622d7b9c65e"
              ],
              "failures": [],
              "pending": [],
              "skipped": [],
              "duration": 10373,
              "root": false,
              "rootEmpty": false,
              "_timeout": 2000
            },
            {
              "uuid": "6d73a426-5000-4a61-93a2-9c3606c926e4",
              "title": "Pruebas de scroll en iPhone 15 Pro Max",
              "fullFile": "",
              "file": "",
              "beforeHooks": [],
              "afterHooks": [],
              "tests": [
                {
                  "title": "Debería hacer scroll hacia abajo y arriba",
                  "fullTitle": "Prueba de scroll en vista móvil y desktop - Comfrt Pruebas de scroll en iPhone 15 Pro Max Debería hacer scroll hacia abajo y arriba",
                  "timedOut": null,
                  "duration": 3512,
                  "state": "passed",
                  "speed": "fast",
                  "pass": true,
                  "fail": false,
                  "pending": false,
                  "context": null,
                  "code": "// Scroll hacia abajo\ncy.scrollTo('bottom');\ncy.wait(1000); // Esperar para simular tiempo de carga\n// Scroll hacia arriba\ncy.scrollTo('top');\ncy.wait(1000); // Esperar para observar el efecto",
                  "err": {},
                  "uuid": "0f3e2eee-d8fb-4f5a-907a-8431dd5f0293",
                  "parentUUID": "6d73a426-5000-4a61-93a2-9c3606c926e4",
                  "isHook": false,
                  "skipped": false
                },
                {
                  "title": "Debería hacer scroll a una posición específica",
                  "fullTitle": "Prueba de scroll en vista móvil y desktop - Comfrt Pruebas de scroll en iPhone 15 Pro Max Debería hacer scroll a una posición específica",
                  "timedOut": null,
                  "duration": 3180,
                  "state": "passed",
                  "speed": "fast",
                  "pass": true,
                  "fail": false,
                  "pending": false,
                  "context": null,
                  "code": "// Scroll a 500px desde la parte superior\ncy.scrollTo(0, 500);\ncy.wait(1000);\n// Scroll de regreso al inicio\ncy.scrollTo(0, 0);",
                  "err": {},
                  "uuid": "410d17a2-ab62-41d6-8836-8b2585fbba5e",
                  "parentUUID": "6d73a426-5000-4a61-93a2-9c3606c926e4",
                  "isHook": false,
                  "skipped": false
                },
                {
                  "title": "Debería hacer scroll hacia un elemento específico",
                  "fullTitle": "Prueba de scroll en vista móvil y desktop - Comfrt Pruebas de scroll en iPhone 15 Pro Max Debería hacer scroll hacia un elemento específico",
                  "timedOut": null,
                  "duration": 3943,
                  "state": "passed",
                  "speed": "fast",
                  "pass": true,
                  "fail": false,
                  "pending": false,
                  "context": null,
                  "code": "// Asegurarte de que un elemento esté visible al hacer scroll\ncy.get('.KzcSxBo0').scrollIntoView(); // Desplaza hacia el footer\ncy.wait(1000);\n// Vuelve al header\ncy.get('.IXjqotrK').scrollIntoView();\ncy.wait(1000);",
                  "err": {},
                  "uuid": "a995d611-53fd-4fef-a26e-71acec4277aa",
                  "parentUUID": "6d73a426-5000-4a61-93a2-9c3606c926e4",
                  "isHook": false,
                  "skipped": false
                }
              ],
              "suites": [],
              "passes": [
                "0f3e2eee-d8fb-4f5a-907a-8431dd5f0293",
                "410d17a2-ab62-41d6-8836-8b2585fbba5e",
                "a995d611-53fd-4fef-a26e-71acec4277aa"
              ],
              "failures": [],
              "pending": [],
              "skipped": [],
              "duration": 10635,
              "root": false,
              "rootEmpty": false,
              "_timeout": 2000
            },
            {
              "uuid": "74c00f64-0f41-4b6c-a83e-45607ec6b043",
              "title": "Pruebas de scroll en MacBook Pro 16\"",
              "fullFile": "",
              "file": "",
              "beforeHooks": [],
              "afterHooks": [],
              "tests": [
                {
                  "title": "Debería hacer scroll hacia abajo y arriba",
                  "fullTitle": "Prueba de scroll en vista móvil y desktop - Comfrt Pruebas de scroll en MacBook Pro 16\" Debería hacer scroll hacia abajo y arriba",
                  "timedOut": null,
                  "duration": 3626,
                  "state": "passed",
                  "speed": "fast",
                  "pass": true,
                  "fail": false,
                  "pending": false,
                  "context": null,
                  "code": "// Scroll hacia abajo\ncy.scrollTo('bottom');\ncy.wait(1000); // Esperar para simular tiempo de carga\n// Scroll hacia arriba\ncy.scrollTo('top');\ncy.wait(1000); // Esperar para observar el efecto",
                  "err": {},
                  "uuid": "464840a7-a1cd-40ff-9277-6fab2a2acf08",
                  "parentUUID": "74c00f64-0f41-4b6c-a83e-45607ec6b043",
                  "isHook": false,
                  "skipped": false
                },
                {
                  "title": "Debería hacer scroll a una posición específica",
                  "fullTitle": "Prueba de scroll en vista móvil y desktop - Comfrt Pruebas de scroll en MacBook Pro 16\" Debería hacer scroll a una posición específica",
                  "timedOut": null,
                  "duration": 2376,
                  "state": "passed",
                  "speed": "fast",
                  "pass": true,
                  "fail": false,
                  "pending": false,
                  "context": null,
                  "code": "// Scroll a 500px desde la parte superior\ncy.scrollTo(0, 500);\ncy.wait(1000);\n// Scroll de regreso al inicio\ncy.scrollTo(0, 0);",
                  "err": {},
                  "uuid": "cd03ace7-3946-45c3-b607-42b3c248226a",
                  "parentUUID": "74c00f64-0f41-4b6c-a83e-45607ec6b043",
                  "isHook": false,
                  "skipped": false
                },
                {
                  "title": "Debería hacer scroll hacia un elemento específico",
                  "fullTitle": "Prueba de scroll en vista móvil y desktop - Comfrt Pruebas de scroll en MacBook Pro 16\" Debería hacer scroll hacia un elemento específico",
                  "timedOut": null,
                  "duration": 3843,
                  "state": "passed",
                  "speed": "fast",
                  "pass": true,
                  "fail": false,
                  "pending": false,
                  "context": null,
                  "code": "// Asegurarte de que un elemento esté visible al hacer scroll\ncy.get('.KzcSxBo0').scrollIntoView(); // Desplaza hacia el footer\ncy.wait(1000);\n// Vuelve al header\ncy.get('.IXjqotrK').scrollIntoView();\ncy.wait(1000);",
                  "err": {},
                  "uuid": "fd8db3f0-6ca7-4c8b-b1a5-ec227de9763f",
                  "parentUUID": "74c00f64-0f41-4b6c-a83e-45607ec6b043",
                  "isHook": false,
                  "skipped": false
                }
              ],
              "suites": [],
              "passes": [
                "464840a7-a1cd-40ff-9277-6fab2a2acf08",
                "cd03ace7-3946-45c3-b607-42b3c248226a",
                "fd8db3f0-6ca7-4c8b-b1a5-ec227de9763f"
              ],
              "failures": [],
              "pending": [],
              "skipped": [],
              "duration": 9845,
              "root": false,
              "rootEmpty": false,
              "_timeout": 2000
            },
            {
              "uuid": "0b765fbd-b408-45eb-b8f8-2e266904ae76",
              "title": "Pruebas de scroll en Windows 4K Monitor",
              "fullFile": "",
              "file": "",
              "beforeHooks": [],
              "afterHooks": [],
              "tests": [
                {
                  "title": "Debería hacer scroll hacia abajo y arriba",
                  "fullTitle": "Prueba de scroll en vista móvil y desktop - Comfrt Pruebas de scroll en Windows 4K Monitor Debería hacer scroll hacia abajo y arriba",
                  "timedOut": null,
                  "duration": 3450,
                  "state": "passed",
                  "speed": "fast",
                  "pass": true,
                  "fail": false,
                  "pending": false,
                  "context": null,
                  "code": "// Scroll hacia abajo\ncy.scrollTo('bottom');\ncy.wait(1000); // Esperar para simular tiempo de carga\n// Scroll hacia arriba\ncy.scrollTo('top');\ncy.wait(1000); // Esperar para observar el efecto",
                  "err": {},
                  "uuid": "f65b263a-18f7-44d3-8b8e-76ac6aaec394",
                  "parentUUID": "0b765fbd-b408-45eb-b8f8-2e266904ae76",
                  "isHook": false,
                  "skipped": false
                },
                {
                  "title": "Debería hacer scroll a una posición específica",
                  "fullTitle": "Prueba de scroll en vista móvil y desktop - Comfrt Pruebas de scroll en Windows 4K Monitor Debería hacer scroll a una posición específica",
                  "timedOut": null,
                  "duration": 2863,
                  "state": "passed",
                  "speed": "fast",
                  "pass": true,
                  "fail": false,
                  "pending": false,
                  "context": null,
                  "code": "// Scroll a 500px desde la parte superior\ncy.scrollTo(0, 500);\ncy.wait(1000);\n// Scroll de regreso al inicio\ncy.scrollTo(0, 0);",
                  "err": {},
                  "uuid": "3f4fe36e-b1cc-4c8f-b88e-afa07e6fac99",
                  "parentUUID": "0b765fbd-b408-45eb-b8f8-2e266904ae76",
                  "isHook": false,
                  "skipped": false
                },
                {
                  "title": "Debería hacer scroll hacia un elemento específico",
                  "fullTitle": "Prueba de scroll en vista móvil y desktop - Comfrt Pruebas de scroll en Windows 4K Monitor Debería hacer scroll hacia un elemento específico",
                  "timedOut": null,
                  "duration": 3983,
                  "state": "passed",
                  "speed": "fast",
                  "pass": true,
                  "fail": false,
                  "pending": false,
                  "context": null,
                  "code": "// Asegurarte de que un elemento esté visible al hacer scroll\ncy.get('.KzcSxBo0').scrollIntoView(); // Desplaza hacia el footer\ncy.wait(1000);\n// Vuelve al header\ncy.get('.IXjqotrK').scrollIntoView();\ncy.wait(1000);",
                  "err": {},
                  "uuid": "dfd40ea1-5744-43da-9cda-160ecce6addd",
                  "parentUUID": "0b765fbd-b408-45eb-b8f8-2e266904ae76",
                  "isHook": false,
                  "skipped": false
                }
              ],
              "suites": [],
              "passes": [
                "f65b263a-18f7-44d3-8b8e-76ac6aaec394",
                "3f4fe36e-b1cc-4c8f-b88e-afa07e6fac99",
                "dfd40ea1-5744-43da-9cda-160ecce6addd"
              ],
              "failures": [],
              "pending": [],
              "skipped": [],
              "duration": 10296,
              "root": false,
              "rootEmpty": false,
              "_timeout": 2000
            },
            {
              "uuid": "43f61123-fd80-4d67-9c13-20728a292fd4",
              "title": "Pruebas de scroll en Windows Full HD Monitor",
              "fullFile": "",
              "file": "",
              "beforeHooks": [],
              "afterHooks": [],
              "tests": [
                {
                  "title": "Debería hacer scroll hacia abajo y arriba",
                  "fullTitle": "Prueba de scroll en vista móvil y desktop - Comfrt Pruebas de scroll en Windows Full HD Monitor Debería hacer scroll hacia abajo y arriba",
                  "timedOut": null,
                  "duration": 5771,
                  "state": "passed",
                  "speed": "medium",
                  "pass": true,
                  "fail": false,
                  "pending": false,
                  "context": null,
                  "code": "// Scroll hacia abajo\ncy.scrollTo('bottom');\ncy.wait(1000); // Esperar para simular tiempo de carga\n// Scroll hacia arriba\ncy.scrollTo('top');\ncy.wait(1000); // Esperar para observar el efecto",
                  "err": {},
                  "uuid": "e12f8ae8-8132-4d6a-b479-5aedf6810b13",
                  "parentUUID": "43f61123-fd80-4d67-9c13-20728a292fd4",
                  "isHook": false,
                  "skipped": false
                },
                {
                  "title": "Debería hacer scroll a una posición específica",
                  "fullTitle": "Prueba de scroll en vista móvil y desktop - Comfrt Pruebas de scroll en Windows Full HD Monitor Debería hacer scroll a una posición específica",
                  "timedOut": null,
                  "duration": 2492,
                  "state": "passed",
                  "speed": "fast",
                  "pass": true,
                  "fail": false,
                  "pending": false,
                  "context": null,
                  "code": "// Scroll a 500px desde la parte superior\ncy.scrollTo(0, 500);\ncy.wait(1000);\n// Scroll de regreso al inicio\ncy.scrollTo(0, 0);",
                  "err": {},
                  "uuid": "dfe8f99b-5ab1-4a50-bfe3-ca556d2c70e4",
                  "parentUUID": "43f61123-fd80-4d67-9c13-20728a292fd4",
                  "isHook": false,
                  "skipped": false
                },
                {
                  "title": "Debería hacer scroll hacia un elemento específico",
                  "fullTitle": "Prueba de scroll en vista móvil y desktop - Comfrt Pruebas de scroll en Windows Full HD Monitor Debería hacer scroll hacia un elemento específico",
                  "timedOut": null,
                  "duration": 3971,
                  "state": "passed",
                  "speed": "fast",
                  "pass": true,
                  "fail": false,
                  "pending": false,
                  "context": null,
                  "code": "// Asegurarte de que un elemento esté visible al hacer scroll\ncy.get('.KzcSxBo0').scrollIntoView(); // Desplaza hacia el footer\ncy.wait(1000);\n// Vuelve al header\ncy.get('.IXjqotrK').scrollIntoView();\ncy.wait(1000);",
                  "err": {},
                  "uuid": "97b13798-e115-4e90-8f9e-7316deb5bdf1",
                  "parentUUID": "43f61123-fd80-4d67-9c13-20728a292fd4",
                  "isHook": false,
                  "skipped": false
                }
              ],
              "suites": [],
              "passes": [
                "e12f8ae8-8132-4d6a-b479-5aedf6810b13",
                "dfe8f99b-5ab1-4a50-bfe3-ca556d2c70e4",
                "97b13798-e115-4e90-8f9e-7316deb5bdf1"
              ],
              "failures": [],
              "pending": [],
              "skipped": [],
              "duration": 12234,
              "root": false,
              "rootEmpty": false,
              "_timeout": 2000
            }
          ],
          "passes": [],
          "failures": [],
          "pending": [],
          "skipped": [],
          "duration": 0,
          "root": false,
          "rootEmpty": false,
          "_timeout": 2000
        }
      ],
      "passes": [],
      "failures": [],
      "pending": [],
      "skipped": [],
      "duration": 0,
      "root": true,
      "rootEmpty": true,
      "_timeout": 2000
    }
  ],
  "meta": {
    "mocha": {
      "version": "7.0.1"
    },
    "mochawesome": {
      "options": {
        "quiet": false,
        "reportFilename": "mochawesome",
        "saveHtml": true,
        "saveJson": true,
        "consoleReporter": "spec",
        "useInlineDiffs": false,
        "code": true
      },
      "version": "7.1.3"
    },
    "marge": {
      "options": {
        "reportDir": "mochawesome-report",
        "overwrite": false,
        "html": true,
        "json": true
      },
      "version": "6.2.0"
    }
  }
}