{
  "stats": {
    "suites": 1,
    "tests": 3,
    "passes": 2,
    "pending": 0,
    "failures": 1,
    "start": "2025-02-19T17:35:32.664Z",
    "end": "2025-02-19T17:39:00.094Z",
    "duration": 207430,
    "testsRegistered": 3,
    "passPercent": 66.66666666666666,
    "pendingPercent": 0,
    "other": 0,
    "hasOther": false,
    "skipped": 0,
    "hasSkipped": false
  },
  "results": [
    {
      "uuid": "08d4f895-fac9-44aa-97c5-11f142454294",
      "title": "",
      "fullFile": "cypress/e2e/COMFRT/CTACateKidsBlanketsPetsDesktop.cy.js",
      "file": "cypress/e2e/COMFRT/CTACateKidsBlanketsPetsDesktop.cy.js",
      "beforeHooks": [],
      "afterHooks": [],
      "tests": [],
      "suites": [
        {
          "uuid": "1c9fdff4-4478-4cec-b88f-244cb0f6b219",
          "title": "Pruebas en dispositivos de escritorio en www.comfrt.com",
          "fullFile": "",
          "file": "",
          "beforeHooks": [],
          "afterHooks": [],
          "tests": [
            {
              "title": "Hace clic en la categoria Kids",
              "fullTitle": "Pruebas en dispositivos de escritorio en www.comfrt.com Hace clic en la categoria Kids",
              "timedOut": null,
              "duration": 81237,
              "state": "passed",
              "speed": "slow",
              "pass": true,
              "fail": false,
              "pending": false,
              "context": null,
              "code": "cy.get('#default_header-default-header_0 > header > div.vBg37Hhp > a:nth-child(4)', {\n  timeout: 10000\n}) // ✅ Corregido el selector\n.should('be.visible').click({\n  force: true\n});\n// Verifica que la página de \"Kids\" se haya cargado correctamente\ncy.url().should('include', 'content/kids');\n// Desplázate y espera\ncy.scrollTo('bottom');\ncy.wait(2000);\ncy.scrollTo('center');\ncy.wait(2000);\ncy.scrollTo('top');\ncy.wait(2000);\n// Haz clic en el CTA \"Shop Now\"\ncy.get('#home_hero-kids-hero-draft_0 > div > div > a > button', {\n  timeout: 10000\n}).should('be.visible').click({\n  force: true\n});\n// Verifica que la página se haya cargado correctamente\ncy.url().should('include', 'collections/kids');\n// Verifica que todos los elementos sean visibles\ncy.get('#collections_with_pagination-default-collections-with-pagination_0 > div > div').should('be.visible');\ncy.wait(2000);\n// Desplázate y espera\ncy.scrollTo('bottom');\ncy.wait(2000);\ncy.scrollTo('center');\ncy.wait(2000);\ncy.scrollTo('top');\ncy.wait(2000);\n// Vuelve a la página anterior\ncy.go('back');\ncy.url().should('include', 'content/kids'); // Verifica que regresó correctamente\n// Haz clic en el CTA \"Shop All\" en la sección Shop Kids Hoodies\ncy.get('#featured_products_section-shop-kids-section-draft_2 > div > div.vMPtAMR0 > a > button', {\n  timeout: 10000\n}).should('be.visible').click({\n  force: true\n});\n// Verifica que la página se haya cargado correctamente\ncy.url().should('include', 'collections/kids');\n// Verifica que todos los elementos sean visibles\ncy.get('#collections_with_pagination-default-collections-with-pagination_0').should('be.visible');\ncy.wait(2000);\n// Desplázate y espera\ncy.scrollTo('bottom');\ncy.wait(2000);\ncy.scrollTo('center');\ncy.wait(2000);\ncy.scrollTo('top');\ncy.wait(3000);\n// Vuelve a la página anterior\ncy.go('back');\ncy.url().should('include', 'content/kids'); // Verifica que regresó correctamente\ncy.contains('Shop Kids Sweatpants', {\n  timeout: 10000\n}) // Busca el texto en la página\n.scrollIntoView() // Hace scroll hasta ese texto\n.should('be.visible'); // Verifica que es visible\ncy.wait(2000);\n// Haz clic en el CTA \"Shop All\" en la sección Shop Kids Sweatpants\ncy.get('#featured_products_section-shop-kids-sweatpants_3 > div > div.vMPtAMR0 > a > button', {\n  timeout: 10000\n}).should('be.visible').click({\n  force: true\n});\n// Verifica que la página se haya cargado correctamente\ncy.url().should('include', 'collections/kids');\n// Verifica que todos los elementos sean visibles\ncy.get('#collections_with_pagination-default-collections-with-pagination_0').should('be.visible');\ncy.wait(2000);\n// Desplázate y espera\ncy.scrollTo('bottom');\ncy.wait(2000);\ncy.scrollTo('center');\ncy.wait(2000);\ncy.scrollTo('top');\ncy.wait(2000);\n// Vuelve a la página anterior\ncy.go('back');\ncy.url().should('include', 'content/kids'); // Verifica que regresó correctamente\ncy.contains('BEST SELLER', {\n  timeout: 10000\n}) // Busca el texto en la página\n.scrollIntoView() // Hace scroll hasta ese texto\n.should('be.visible'); // Verifica que es visible\ncy.wait(2000);\n// Haz clic en el CTA \"Shop now\" en la sección BEST SELLER\ncy.get('#home_featured_section-kids-featured-draft_6 > section > div:nth-child(1) > div.btVi5MCm > a', {\n  timeout: 10000\n}).should('be.visible').click({\n  force: true\n});\n// Verifica que la página se haya cargado correctamente\ncy.url().should('include', 'products/signature-kids-hoodie');\n// Verifica que todos los elementos sean visibles\ncy.get('body').should('be.visible');\ncy.wait(2000);\n// Desplázate y espera\ncy.scrollTo('bottom');\ncy.wait(2000);\ncy.scrollTo('center');\ncy.wait(2000);\ncy.scrollTo('top');\ncy.wait(2000);\n// Vuelve a la página anterior\ncy.go('back');\ncy.url().should('include', 'content/kids'); // Verifica que regresó correctamente\ncy.contains('MATCHING MOMENTS', {\n  timeout: 10000\n}) // Busca el texto en la página\n.scrollIntoView() // Hace scroll hasta ese texto\n.should('be.visible'); // Verifica que es visible\ncy.wait(2000);\n// Haz clic en el CTA \"Shop now\" en la sección MATCHING MOMENTS\ncy.get('#home_featured_section-kids-featured-draft_6 > section > div:nth-child(2) > div.btVi5MCm > a', {\n  timeout: 10000\n}).should('be.visible').click({\n  force: true\n});\n// Verifica que la página se haya cargado correctamente\ncy.url().should('include', 'collections/all-products');\n// Verifica que todos los elementos sean visibles\ncy.get('#collections_with_pagination-default-collections-with-pagination_0').should('be.visible');\ncy.wait(2000);\n// Desplázate y espera\ncy.scrollTo('bottom');\ncy.wait(2000);\ncy.scrollTo('center');\ncy.wait(2000);\ncy.scrollTo('top');\ncy.wait(2000);",
              "err": {},
              "uuid": "4199b6fd-31aa-4bec-8cd3-fcbb0706b22f",
              "parentUUID": "1c9fdff4-4478-4cec-b88f-244cb0f6b219",
              "isHook": false,
              "skipped": false
            },
            {
              "title": "Hace clic en la categoria Blankets",
              "fullTitle": "Pruebas en dispositivos de escritorio en www.comfrt.com Hace clic en la categoria Blankets",
              "timedOut": null,
              "duration": 49297,
              "state": "passed",
              "speed": "slow",
              "pass": true,
              "fail": false,
              "pending": false,
              "context": null,
              "code": "cy.get('#default_header-default-header_0 > header > div.vBg37Hhp > a:nth-child(6)', {\n  timeout: 10000\n}) // ✅ Corregido el selector\n.should('be.visible').click({\n  force: true\n});\n// Verifica que la página de \"Blankets\" se haya cargado correctamente\ncy.url().should('include', 'content/blankets');\n// Desplázate y espera\ncy.scrollTo('bottom');\ncy.wait(2000);\ncy.scrollTo('center');\ncy.wait(2000);\ncy.scrollTo('top');\ncy.wait(2000);\n// Haz clic en el CTA \"Shop Now\"\ncy.get('#home_hero-weighted-blanket-landing-page-hero_0 > div > div > a > button', {\n  timeout: 10000\n}).should('be.visible').click({\n  force: true\n});\n// Verifica que la página se haya cargado correctamente\ncy.url().should('include', 'products/the-dreamer-blanket');\n// Verifica que todos los elementos sean visibles\ncy.get('body').should('be.visible');\ncy.wait(2000);\n// Desplázate y espera\ncy.scrollTo('bottom');\ncy.wait(2000);\ncy.scrollTo('center');\ncy.wait(2000);\ncy.scrollTo('top');\ncy.wait(2000);\n// Vuelve a la página anterior\ncy.go('back');\ncy.url().should('include', 'content/blankets'); // Verifica que regresó correctamente\ncy.contains('The CuddleCloud Blanket', {\n  timeout: 10000\n}) // Busca el texto en la página\n.scrollIntoView() // Hace scroll hasta ese texto\n.should('be.visible'); // Verifica que es visible\ncy.wait(2000);\n// Haz clic en el CTA \"Shop Now\" en la sección The CuddleCloud Blanket\ncy.get('#home_featured_section-blankets-featured-section-draft_5 > section > div:nth-child(1) > div.btVi5MCm > a', {\n  timeout: 10000\n}).should('be.visible').click({\n  force: true\n});\n// Verifica que la página se haya cargado correctamente\ncy.url().should('include', 'products/cuddlecloud-weighted-blanket');\n// Verifica que todos los elementos sean visibles\ncy.get('body').should('be.visible');\ncy.wait(2000);\n// Desplázate y espera\ncy.scrollTo('bottom');\ncy.wait(2000);\ncy.scrollTo('center');\ncy.wait(2000);\ncy.scrollTo('top');\ncy.wait(2000);\n// Vuelve a la página anterior\ncy.go('back');\ncy.url().should('include', 'content/blankets'); // Verifica que regresó correctamente\ncy.contains('The Perfect Gift', {\n  timeout: 10000\n}) // Busca el texto en la página\n.scrollIntoView() // Hace scroll hasta ese texto\n.should('be.visible'); // Verifica que es visible\ncy.wait(2000);\n// Haz clic en el CTA \"Shop Now\" en la sección The Perfect Gift\ncy.get('#home_featured_section-blankets-featured-section-draft_5 > section > div:nth-child(2) > div.btVi5MCm > a', {\n  timeout: 10000\n}).should('be.visible').click({\n  force: true\n});\n// Verifica que la página se haya cargado correctamente\ncy.url().should('include', 'products/the-dreamer-blanket');\n// Verifica que todos los elementos sean visibles\ncy.get('body').should('be.visible');\ncy.wait(2000);\n// Desplázate y espera\ncy.scrollTo('bottom');\ncy.wait(2000);\ncy.scrollTo('center');\ncy.wait(2000);\ncy.scrollTo('top');\ncy.wait(2000);",
              "err": {},
              "uuid": "d95ac47b-ce89-44f8-ab7a-5ec555b699e2",
              "parentUUID": "1c9fdff4-4478-4cec-b88f-244cb0f6b219",
              "isHook": false,
              "skipped": false
            },
            {
              "title": "Hace clic en la categoria Pets",
              "fullTitle": "Pruebas en dispositivos de escritorio en www.comfrt.com Hace clic en la categoria Pets",
              "timedOut": null,
              "duration": 74374,
              "state": "failed",
              "speed": null,
              "pass": false,
              "fail": true,
              "pending": false,
              "context": null,
              "code": "cy.get('#default_header-default-header_0 > header > div.vBg37Hhp > a:nth-child(8)', {\n  timeout: 10000\n}) // ✅ Corregido el selector\n.should('be.visible').click({\n  force: true\n});\n// Verifica que la página de \"Kids\" se haya cargado correctamente\ncy.url().should('include', 'content/pets');\n// Desplázate y espera\ncy.scrollTo('bottom');\ncy.wait(2000);\ncy.scrollTo('center');\ncy.wait(2000);\ncy.scrollTo('top');\ncy.wait(2000);\n// Haz clic en el CTA \"Shop Now\"\ncy.get('#home_hero-pets-hero-draft_0 > div > div > a > button', {\n  timeout: 10000\n}).should('be.visible').click({\n  force: true\n});\n// Verifica que la página se haya cargado correctamente\ncy.url().should('include', 'collections/paw-hoodies');\n// Verifica que todos los elementos sean visibles\ncy.get('#collections_with_pagination-default-collections-with-pagination_0').should('be.visible');\ncy.wait(2000);\n// Desplázate y espera\ncy.scrollTo('bottom');\ncy.wait(2000);\ncy.scrollTo('center');\ncy.wait(2000);\ncy.scrollTo('top');\ncy.wait(2000);\n// Vuelve a la página anterior\ncy.go('back');\ncy.url().should('include', 'content/pets'); // Verifica que regresó correctamente\ncy.contains('Shop Pets', {\n  timeout: 10000\n}) // Busca el texto en la página\n.scrollIntoView() // Hace scroll hasta ese texto\n.should('be.visible'); // Verifica que es visible\ncy.wait(2000);\n// Haz clic en el CTA \"Shop All\" en la sección Shop Pets\ncy.get('#featured_products_section-shop-pets-draft_2 > div > div.vMPtAMR0 > a > button', {\n  timeout: 10000\n}).should('be.visible').click({\n  force: true\n});\n// Verifica que la página se haya cargado correctamente\ncy.url().should('include', 'collections/paw-hoodies');\n// Verifica que todos los elementos sean visibles\ncy.get('#collections_with_pagination-default-collections-with-pagination_0').should('be.visible');\ncy.wait(2000);\n// Desplázate y espera\ncy.scrollTo('bottom');\ncy.wait(2000);\ncy.scrollTo('center');\ncy.wait(2000);\ncy.scrollTo('top');\ncy.wait(2000);\n// Vuelve a la página anterior\ncy.go('back');\ncy.url().should('include', 'content/pets'); // Verifica que regresó correctamente\ncy.contains('MATCHING MOMENTS', {\n  timeout: 10000\n}) // Busca el texto en la página\n.scrollIntoView() // Hace scroll hasta ese texto\n.should('be.visible'); // Verifica que es visible\ncy.wait(2000);\n// Haz clic en el CTA \"Shop now\" en la sección MATCHING MOMENTS\ncy.get('#home_featured_section-pets-featured-section-draft_5 > section > div:nth-child(1) > div.btVi5MCm > a', {\n  timeout: 10000\n}).should('be.visible').click({\n  force: true\n});\n// Verifica que la página se haya cargado correctamente\ncy.url().should('include', 'products/the-standard-paw-hoodie');\n// Verifica que todos los elementos sean visibles\ncy.get('body').should('be.visible');\ncy.wait(2000);\n// Desplázate y espera\ncy.scrollTo('bottom');\ncy.wait(2000);\ncy.scrollTo('center');\ncy.wait(2000);\ncy.scrollTo('top');\ncy.wait(2000);\n// Vuelve a la página anterior\ncy.go('back');\ncy.url().should('include', 'content/pets'); // Verifica que regresó correctamente\ncy.contains('COMING SOON', {\n  timeout: 10000\n}) // Busca el texto en la página\n.scrollIntoView() // Hace scroll hasta ese texto\n.should('be.visible'); // Verifica que es visible\ncy.wait(2000);\n// Haz clic en el CTA \"Shop now\" en la sección COMING SOON\ncy.get('#home_featured_section-pets-featured-section-draft_5 > section > div:nth-child(2) > div.btVi5MCm > a', {\n  timeout: 10000\n}).should('be.visible').click({\n  force: true\n});\n// Verifica que la página se haya cargado correctamente\ncy.url().should('include', 'products/the-camo-paw-hoodie');\n// Verifica que todos los elementos sean visibles\ncy.get('body').should('be.visible');\ncy.wait(2000);\n// Desplázate y espera\ncy.scrollTo('bottom');\ncy.wait(2000);\ncy.scrollTo('center');\ncy.wait(2000);\ncy.scrollTo('top');\ncy.wait(2000);\n// Vuelve a la página anterior\ncy.go('back');\n//Vuelve a la home\ncy.get('#default_header-default-header_0 > header > a > img', {\n  timeout: 10000\n}).should('be.visible').click({\n  force: true\n});\n// Verifica que la página se haya cargado correctamente\ncy.url().should('include', 'https://comfrt.com/');",
              "err": {
                "message": "AssertionError: Timed out retrying after 10000ms: expected '<img>' to be 'visible'\n\nThis element `<img>` is not visible because its ancestor has `position: fixed` CSS property and it is overflowed by other elements. How about scrolling to the element with `cy.scrollIntoView()`?",
                "estack": "AssertionError: Timed out retrying after 10000ms: expected '<img>' to be 'visible'\n\nThis element `<img>` is not visible because its ancestor has `position: fixed` CSS property and it is overflowed by other elements. How about scrolling to the element with `cy.scrollIntoView()`?\n    at Context.eval (webpack://documents/./cypress/e2e/COMFRT/CTACateKidsBlanketsPetsDesktop.cy.js:402:13)",
                "diff": null
              },
              "uuid": "6426fa2f-d76a-41ee-b9f9-2b92cd185fbe",
              "parentUUID": "1c9fdff4-4478-4cec-b88f-244cb0f6b219",
              "isHook": false,
              "skipped": false
            }
          ],
          "suites": [],
          "passes": [
            "4199b6fd-31aa-4bec-8cd3-fcbb0706b22f",
            "d95ac47b-ce89-44f8-ab7a-5ec555b699e2"
          ],
          "failures": [
            "6426fa2f-d76a-41ee-b9f9-2b92cd185fbe"
          ],
          "pending": [],
          "skipped": [],
          "duration": 204908,
          "root": false,
          "rootEmpty": false,
          "_timeout": 2000
        }
      ],
      "passes": [],
      "failures": [],
      "pending": [],
      "skipped": [],
      "duration": 0,
      "root": true,
      "rootEmpty": true,
      "_timeout": 2000
    }
  ],
  "meta": {
    "mocha": {
      "version": "7.0.1"
    },
    "mochawesome": {
      "options": {
        "quiet": false,
        "reportFilename": "mochawesome",
        "saveHtml": true,
        "saveJson": true,
        "consoleReporter": "spec",
        "useInlineDiffs": false,
        "code": true
      },
      "version": "7.1.3"
    },
    "marge": {
      "options": {
        "reportDir": "mochawesome-report",
        "overwrite": true,
        "html": true,
        "json": true
      },
      "version": "6.2.0"
    }
  }
}