{
  "stats": {
    "suites": 1,
    "tests": 1,
    "passes": 1,
    "pending": 0,
    "failures": 0,
    "start": "2025-02-18T15:40:17.500Z",
    "end": "2025-02-18T15:41:25.705Z",
    "duration": 68205,
    "testsRegistered": 1,
    "passPercent": 100,
    "pendingPercent": 0,
    "other": 0,
    "hasOther": false,
    "skipped": 0,
    "hasSkipped": false
  },
  "results": [
    {
      "uuid": "b817e28b-8b34-4a4e-a3ba-d9767c6a7651",
      "title": "",
      "fullFile": "cypress/e2e/COMFRT/NavCateClic+ElemenVisiblesMobile.cy.js",
      "file": "cypress/e2e/COMFRT/NavCateClic+ElemenVisiblesMobile.cy.js",
      "beforeHooks": [],
      "afterHooks": [],
      "tests": [],
      "suites": [
        {
          "uuid": "a7c202e3-df09-42d9-9e97-13124b203283",
          "title": "Interacción con el Menú Hamburguesa en dispositivos móviles",
          "fullFile": "",
          "file": "",
          "beforeHooks": [],
          "afterHooks": [],
          "tests": [
            {
              "title": "Debería abrir el menú hamburguesa y navegar en iPhone 15 Pro Max",
              "fullTitle": "Interacción con el Menú Hamburguesa en dispositivos móviles Debería abrir el menú hamburguesa y navegar en iPhone 15 Pro Max",
              "timedOut": null,
              "duration": 66280,
              "state": "passed",
              "speed": "slow",
              "pass": true,
              "fail": false,
              "pending": false,
              "context": null,
              "code": "// Configura la emulación para el dispositivo actual\ncy.viewport(device.width, device.height);\ncy.visit('https://www.comfrt.com');\n// Espera a que el ícono del menú hamburguesa sea visible y haz clic en él\ncy.get('#default_header-default-header_0 > header > label.hamburger > svg', {\n  timeout: 10000\n}).should('be.visible').click({\n  force: true\n});\n// Haz clic en la categoría \"Shop All\"\ncy.get('[href=\"https://comfrt.com/collections/all-products\"]', {\n  timeout: 10000\n}).should('be.visible').click({\n  force: true\n});\n// Verifica que la página de \"Shop All\" se haya cargado correctamente\ncy.url().should('include', '/collections/all-products');\ncy.wait(2000);\n// Reabre el menú hamburguesa\ncy.get('#default_header-default-header_0 > header > label.hamburger > svg', {\n  timeout: 10000\n}).should('be.visible').click({\n  force: true\n});\ncy.wait(2000);\n// Haz clic en la categoría \"Hoodies\"\ncy.get(':nth-child(2) > .menuLabel > :nth-child(1)', {\n  timeout: 10000\n}).should('be.visible').click({\n  force: true\n});\n// Haz clic en la subcategoría \"All Hoodies\"\ncy.get('[href=\"https://comfrt.com/collections/hoodies\"]', {\n  timeout: 10000\n}).should('be.visible').click({\n  force: true\n});\n// Verifica la carga de \"All Hoodies\"\ncy.url().should('include', '/collections/hoodies');\ncy.wait(2000);\n// Reabre el menú hamburguesa\ncy.get('#default_header-default-header_0 > header > label.hamburger > svg', {\n  timeout: 10000\n}).should('be.visible').click({\n  force: true\n});\ncy.wait(2000);\n// Haz clic en la categoría \"Sweatpants\"\ncy.get(':nth-child(3) > .menuLabel > :nth-child(1)', {\n  timeout: 10000\n}).should('be.visible').click({\n  force: true\n});\n// Haz clic en la subcategoría \"All Sweatpants\"\ncy.get('[href=\"https://comfrt.com/collections/sweatpants\"]', {\n  timeout: 10000\n}).should('be.visible').click({\n  force: true\n});\n// Verifica la carga de \"All Sweatpants\"\ncy.url().should('include', '/collections/sweatpants');\ncy.wait(2000);\n// Reabre el menú hamburguesa\ncy.get('#default_header-default-header_0 > header > label.hamburger > svg', {\n  timeout: 10000\n}).should('be.visible').click({\n  force: true\n});\ncy.wait(2000);\n// Haz clic en la categoría \"Kids\"\ncy.get('[href=\"https://comfrt.com/content/kids\"]', {\n  timeout: 10000\n}).should('be.visible').click({\n  force: true\n});\n// Verifica la carga de \"Kids\"\ncy.url().should('include', '/content/kids');\ncy.wait(2000);\n// Reabre el menú hamburguesa\ncy.get('#default_header-default-header_0 > header > label.hamburger > svg', {\n  timeout: 10000\n}).should('be.visible').click({\n  force: true\n});\ncy.wait(2000);\n// Haz clic en la categoría \"Loungewear\"\ncy.get('[href=\"https://comfrt.com/collections/loungewear\"]', {\n  timeout: 10000\n}).should('be.visible').click({\n  force: true\n});\n// Verifica la carga de \"Loungewear\"\ncy.url().should('include', '/collections/loungewear');\ncy.wait(2000);\n// Reabre el menú hamburguesa\ncy.get('#default_header-default-header_0 > header > label.hamburger > svg', {\n  timeout: 10000\n}).should('be.visible').click({\n  force: true\n});\ncy.wait(2000);\n// Haz clic en la categoría \"Blankets\"\ncy.get('#menu-default > a:nth-child(6)', {\n  timeout: 10000\n}).should('be.visible').click({\n  force: true\n});\n// Verifica la carga de \"Blankets\"\ncy.url().should('include', '/content/blankets');\ncy.wait(2000);\n// Reabre el menú hamburguesa\ncy.get('#default_header-default-header_0 > header > label.hamburger > svg', {\n  timeout: 10000\n}).should('be.visible').click({\n  force: true\n});\ncy.wait(2000);\n// Haz clic en la categoría \"Accessories\"\ncy.get('#menu-default > div:nth-child(7) > label', {\n  timeout: 10000\n}).should('be.visible').click({\n  force: true\n});\ncy.get('#menu-default > div:nth-child(7) > div > a:nth-child(2)', {\n  timeout: 10000\n}).should('be.visible').click({\n  force: true\n});\n// Verifica la carga de \"All Accessories\"\ncy.url().should('include', '/collections/accessories');\ncy.wait(2000);\n// Reabre el menú hamburguesa\ncy.get('#default_header-default-header_0 > header > label.hamburger > svg', {\n  timeout: 10000\n}).should('be.visible').click({\n  force: true\n});\ncy.wait(2000);\n// Haz clic en la categoría \"Pets\"\ncy.get('[href=\"https://comfrt.com/content/pets\"]', {\n  timeout: 10000\n}).should('be.visible').click({\n  force: true\n});\n// Verifica la carga de \"Pets\"\ncy.url().should('include', '/content/pets');\ncy.wait(2000);\n// Desplázate y espera\ncy.scrollTo('bottom');\ncy.wait(2000);\ncy.scrollTo('top');\n// Reabre el menú hamburguesa\ncy.get('#default_header-default-header_0 > header > label.hamburger > svg', {\n  timeout: 10000\n}).should('be.visible').click({\n  force: true\n});\ncy.wait(2000);\n/*// Espera a que el enlace de \"Ambassador Program\" esté disponible y visible\ncy.get('a[href=\"/pages/ambassador\"]', { timeout: 10000 })\n.then(($link) => {\n// Verifica si el enlace tiene el atributo href correctamente definido\nconst href = $link.attr('href');\nif (href) {\ncy.wrap($link).click({ force: true });\n} else {\nthrow new Error(\"El enlace 'Ambassador Program' no tiene un href definido.\");\n}\n});\ncy.wait(2000);\n// Verifica que la página cargó correctamente\ncy.url().should('include', '/pages/ambassador');\n// Desplázate y espera\ncy.scrollTo('bottom');\ncy.wait(2000);\ncy.scrollTo('top');\n// Reabre el menú hamburguesa\ncy.get('#default_header-default-header_0 > header > label.hamburger > svg', { timeout: 10000 })\n.should('be.visible')\n.click({ force: true }); \n// Espera a que el ícono del menú hamburguesa se cierre*/",
              "err": {},
              "uuid": "29dff1a0-7eef-4f89-9024-037c8240f67c",
              "parentUUID": "a7c202e3-df09-42d9-9e97-13124b203283",
              "isHook": false,
              "skipped": false
            }
          ],
          "suites": [],
          "passes": [
            "29dff1a0-7eef-4f89-9024-037c8240f67c"
          ],
          "failures": [],
          "pending": [],
          "skipped": [],
          "duration": 66280,
          "root": false,
          "rootEmpty": false,
          "_timeout": 2000
        }
      ],
      "passes": [],
      "failures": [],
      "pending": [],
      "skipped": [],
      "duration": 0,
      "root": true,
      "rootEmpty": true,
      "_timeout": 2000
    }
  ],
  "meta": {
    "mocha": {
      "version": "7.0.1"
    },
    "mochawesome": {
      "options": {
        "quiet": false,
        "reportFilename": "mochawesome",
        "saveHtml": true,
        "saveJson": true,
        "consoleReporter": "spec",
        "useInlineDiffs": false,
        "code": true
      },
      "version": "7.1.3"
    },
    "marge": {
      "options": {
        "reportDir": "mochawesome-report",
        "overwrite": true,
        "html": true,
        "json": true
      },
      "version": "6.2.0"
    }
  }
}