{
  "stats": {
    "suites": 1,
    "tests": 2,
    "passes": 0,
    "pending": 0,
    "failures": 2,
    "start": "2025-01-31T14:17:42.511Z",
    "end": "2025-01-31T14:17:54.466Z",
    "duration": 11955,
    "testsRegistered": 12,
    "passPercent": 0,
    "pendingPercent": 0,
    "other": 0,
    "hasOther": false,
    "skipped": 10,
    "hasSkipped": true
  },
  "results": [
    {
      "uuid": "f5f2dcb4-23ea-42a3-8fb5-e7ca809a88bc",
      "title": "",
      "fullFile": "cypress/e2e/othersProd1/MiCuenta.cy.js",
      "file": "cypress/e2e/othersProd1/MiCuenta.cy.js",
      "beforeHooks": [],
      "afterHooks": [],
      "tests": [],
      "suites": [
        {
          "uuid": "4b309836-3fbb-40c0-acae-f64428250455",
          "title": "mi cuenta",
          "fullFile": "",
          "file": "",
          "beforeHooks": [],
          "afterHooks": [],
          "tests": [
            {
              "title": "Ingresar a la sección \"mi cuenta\" y verificar elementos",
              "fullTitle": "mi cuenta Ingresar a la sección \"mi cuenta\" y verificar elementos",
              "timedOut": null,
              "duration": 8062,
              "state": "failed",
              "speed": null,
              "pass": false,
              "fail": true,
              "pending": false,
              "context": null,
              "code": "cy.get('.jm-user-circle').should('be.visible').click();\ncy.get('#menuUser > :nth-child(1) > a').should('be.visible').click();\ncy.contains('Mi Cuenta - Resumen');\ncy.contains('CUENTA TITULAR');\ncy.contains('MI ADICIONAL');\ncy.get('.changePassCliente > a').should('be.visible').click();\ncy.get('form > .form-horizontal').should('be.visible');\ncy.get('.row > .btn').should('be.visible');\ncy.get('.btnVolver > a').should('be.visible').click();\ncy.get('.noAdicionales > a').should('be.visible').click();\ncy.get('#StepOne > .container-fluid > :nth-child(1) > .col-md-6').should('be.visible');\ncy.get('.jm-user-circle').click();\ncy.get('#menuUser > :nth-child(1) > a').click();\ncy.get('.DatosTitular').should('be.visible').click();\ncy.get('.toggle').should('be.visible').click();\ncy.get('.panel-body').should('be.visible');\ncy.get('.btnVolver > a').should('be.visible').click();\ncy.get('.noAdicionales > a').should('be.visible').click();\ncy.get('#StepOne > .container-fluid > :nth-child(1) > .col-md-6').should('be.visible');\ncy.get('.jm-user-circle').click();\ncy.get('#menuUser > :nth-child(1) > a').click();\ncy.get('#showAlternativoEmail > .title').should('be.visible');\ncy.get('#SaveAlternativeEmail').should('be.visible');\ncy.contains('Beneficio Anses');\ncy.get('#messageAnses').should('be.visible');\ncy.get('#btnAnses').should('be.visible').click();\ncy.wait(5000);\ncy.get('#AnsesResponseMessage').should('be.visible');\ncy.get('#myModalAnses > .modal-dialog > .modal-content > .modal-footer > .btn').should('be.visible').click();\ncy.get('.irCatalogo').should('be.visible').click();\ncy.get('.categoriasTitle').should('be.visible');",
              "err": {
                "message": "Error: The following error originated from your application code, not from Cypress.\n\n  > Script error.\n\nCypress detected that an uncaught error was thrown from a cross origin script.\n\nWe cannot provide you the stack trace, line number, or file where this error occurred.\n\nCheck your Developer Tools Console for the actual error - it should be printed there.\n\nIt's possible to enable debugging these scripts by adding the `crossorigin` attribute and setting a CORS header.\n\nWhen Cypress detects uncaught errors originating from your application it will automatically fail the current test.\n\nThis behavior is configurable, and you can choose to turn this off by listening to the `uncaught:exception` event.\n\nhttps://on.cypress.io/uncaught-exception-from-application\n\nhttps://on.cypress.io/cross-origin-script-error",
                "estack": "Error: The following error originated from your application code, not from Cypress.\n\n  > Script error.\n\nCypress detected that an uncaught error was thrown from a cross origin script.\n\nWe cannot provide you the stack trace, line number, or file where this error occurred.\n\nCheck your Developer Tools Console for the actual error - it should be printed there.\n\nIt's possible to enable debugging these scripts by adding the `crossorigin` attribute and setting a CORS header.\n\nWhen Cypress detects uncaught errors originating from your application it will automatically fail the current test.\n\nThis behavior is configurable, and you can choose to turn this off by listening to the `uncaught:exception` event.\n\nhttps://on.cypress.io/uncaught-exception-from-application\n\nhttps://on.cypress.io/cross-origin-script-error",
                "diff": null
              },
              "uuid": "28ea4425-8a0a-4b3e-a92b-36fecf9569bc",
              "parentUUID": "4b309836-3fbb-40c0-acae-f64428250455",
              "isHook": false,
              "skipped": false
            },
            {
              "title": "Domicilios de entrega",
              "fullTitle": "mi cuenta Domicilios de entrega",
              "timedOut": null,
              "duration": 2679,
              "state": "failed",
              "speed": null,
              "pass": false,
              "fail": true,
              "pending": false,
              "context": null,
              "code": "cy.get('.jm-user-circle').click();\ncy.get('#menuUser > :nth-child(1) > a').click();\ncy.get('.btneraUsuario > :nth-child(3) > a').should('be.visible').click();\ncy.contains('Domicilios de Entrega');\ncy.get('.panel-body').should('be.visible');\ncy.get('.active > a').should('be.visible');\ncy.get('.content > .nav > :nth-child(2) > a').should('be.visible');\ncy.get('#domicilios > [style=\"display: flex; justify-content: flex-end; margin: 10px 0;\"] > .btn').should('be.visible').click();\ncy.get('#addressModal > .modal-dialog > .modal-content > .modal-body').should('be.visible');\ncy.get('#btnAddAddress').should('be.visible');\ncy.get('#addressModal > .modal-dialog > .modal-content > .modal-footer > .close').should('be.visible').click();\ncy.get('button > .fa').should('be.visible').click();\ncy.get('.nota-entrega > strong').should('be.visible');\ncy.get('.btnVolver > a').should('be.visible').click();",
              "err": {
                "message": "Error: The following error originated from your application code, not from Cypress.\n\n  > Script error.\n\nCypress detected that an uncaught error was thrown from a cross origin script.\n\nWe cannot provide you the stack trace, line number, or file where this error occurred.\n\nCheck your Developer Tools Console for the actual error - it should be printed there.\n\nIt's possible to enable debugging these scripts by adding the `crossorigin` attribute and setting a CORS header.\n\nWhen Cypress detects uncaught errors originating from your application it will automatically fail the current test.\n\nThis behavior is configurable, and you can choose to turn this off by listening to the `uncaught:exception` event.\n\nhttps://on.cypress.io/uncaught-exception-from-application\n\nhttps://on.cypress.io/cross-origin-script-error\n\nBecause this error occurred during a `before each` hook we are skipping the remaining tests in the current suite: `mi cuenta`",
                "estack": "Error: The following error originated from your application code, not from Cypress.\n\n  > Script error.\n\nCypress detected that an uncaught error was thrown from a cross origin script.\n\nWe cannot provide you the stack trace, line number, or file where this error occurred.\n\nCheck your Developer Tools Console for the actual error - it should be printed there.\n\nIt's possible to enable debugging these scripts by adding the `crossorigin` attribute and setting a CORS header.\n\nWhen Cypress detects uncaught errors originating from your application it will automatically fail the current test.\n\nThis behavior is configurable, and you can choose to turn this off by listening to the `uncaught:exception` event.\n\nhttps://on.cypress.io/uncaught-exception-from-application\n\nhttps://on.cypress.io/cross-origin-script-error\n\nBecause this error occurred during a `before each` hook we are skipping the remaining tests in the current suite: `mi cuenta`",
                "diff": null
              },
              "uuid": "8b07f61f-03d9-4148-b354-81a82eb44975",
              "parentUUID": "4b309836-3fbb-40c0-acae-f64428250455",
              "isHook": false,
              "skipped": false
            },
            {
              "title": "Códigos de descuento",
              "fullTitle": "mi cuenta Códigos de descuento",
              "timedOut": null,
              "duration": 0,
              "state": "skipped",
              "speed": null,
              "pass": false,
              "fail": false,
              "pending": false,
              "context": null,
              "code": "cy.get('.jm-user-circle').click();\ncy.get('#menuUser > :nth-child(1) > a').click();\ncy.get('.btneraUsuario > :nth-child(5) > a').should('be.visible').click();\ncy.contains('Códigos de descuento');\ncy.get('.active > a').should('be.visible');\ncy.get('.divNoResults').should('be.visible');\ncy.get('.content > .nav > :nth-child(2) > a').should('be.visible').click();\ncy.get('.btnVolver > a').should('be.visible').click();",
              "err": {},
              "uuid": "fe3f0cfe-8c6b-442e-afa8-f37f2068f0d3",
              "parentUUID": "4b309836-3fbb-40c0-acae-f64428250455",
              "isHook": false,
              "skipped": true
            },
            {
              "title": "Cuponera de descuento",
              "fullTitle": "mi cuenta Cuponera de descuento",
              "timedOut": null,
              "duration": 0,
              "state": "skipped",
              "speed": null,
              "pass": false,
              "fail": false,
              "pending": false,
              "context": null,
              "code": "cy.get('.jm-user-circle').click();\ncy.get('#menuUser > :nth-child(1) > a').click();\ncy.get('.btneraUsuario > :nth-child(7) > a').should('be.visible').click();\ncy.contains('Cupones de descuento');\ncy.get('.ecoText').should('be.visible');\ncy.get('.slider').should('be.visible');\ncy.get('#accordion').should('be.visible');\ncy.get('.btnVolver > a').should('be.visible').click();",
              "err": {},
              "uuid": "5212a7dc-e1bd-4587-a62c-35a30a731f1c",
              "parentUUID": "4b309836-3fbb-40c0-acae-f64428250455",
              "isHook": false,
              "skipped": true
            },
            {
              "title": "Ofertas personalizadas",
              "fullTitle": "mi cuenta Ofertas personalizadas",
              "timedOut": null,
              "duration": 0,
              "state": "skipped",
              "speed": null,
              "pass": false,
              "fail": false,
              "pending": false,
              "context": null,
              "code": "cy.get('.jm-user-circle').click();\ncy.get('#menuUser > :nth-child(1) > a').click();\ncy.get(':nth-child(9) > a').should('be.visible').click();\ncy.contains('MIS OFERTAS');\ncy.get('.wrap-no-ofertas > h2').should('be.visible');\ncy.get('.wrap-no-ofertas > p').should('be.visible');\ncy.get('.btnVolver > a').should('be.visible').click();",
              "err": {},
              "uuid": "ad8aff46-7278-46ed-b247-8e2b5d94c195",
              "parentUUID": "4b309836-3fbb-40c0-acae-f64428250455",
              "isHook": false,
              "skipped": true
            },
            {
              "title": "Mis canjes",
              "fullTitle": "mi cuenta Mis canjes",
              "timedOut": null,
              "duration": 0,
              "state": "skipped",
              "speed": null,
              "pass": false,
              "fail": false,
              "pending": false,
              "context": null,
              "code": "cy.get('.jm-user-circle').click();\ncy.get('#menuUser > :nth-child(1) > a').click();\ncy.get('[href=\"/order/history\"]').should('be.visible').click();\ncy.contains('DETALLE DE ORDENES');\ncy.get('#linkTitular').should('be.visible');\ncy.get('#titular > :nth-child(1) > .divNoResults').should('be.visible');\ncy.get('[href=\"/order/vouchers\"]').should('be.visible').click();\ncy.contains('DETALLES VOUCHERS');\ncy.get('.active > a').should('be.visible');\ncy.get('#vouchersTitular > .divNoResults').should('be.visible');\ncy.get('.content > .nav > :nth-child(2) > a').should('be.visible').click();\ncy.get('#vouchersAdicional > .divNoResults').should('be.visible');\ncy.get('.btnVolver > a').should('be.visible').click();\ncy.get('[href=\"/order/history\"]').click();\ncy.get('[href=\"/order/premiocanjepresencial\"]').should('be.visible').click();\ncy.contains('DETALLES CANJES PRESENCIALES');\ncy.get('.active > a').should('be.visible');\ncy.get('#canjesPresencialesTitular > .text-center').should('be.visible');\ncy.get('#canjesPresencialesTitular > :nth-child(2) > .divNoResults').should('be.visible');\ncy.get('.content > .nav > :nth-child(2) > a').should('be.visible').click();\ncy.get('#canjesPresencialesAdicional > .text-center').should('be.visible');\ncy.get('#canjesPresencialesAdicional > :nth-child(2) > .divNoResults').should('be.visible');\ncy.get('.btnVolver > a').should('be.visible').click();",
              "err": {},
              "uuid": "194248e2-3f36-4942-8eca-d5a77e1284a4",
              "parentUUID": "4b309836-3fbb-40c0-acae-f64428250455",
              "isHook": false,
              "skipped": true
            },
            {
              "title": "Mis tarjetas",
              "fullTitle": "mi cuenta Mis tarjetas",
              "timedOut": null,
              "duration": 0,
              "state": "skipped",
              "speed": null,
              "pass": false,
              "fail": false,
              "pending": false,
              "context": null,
              "code": "cy.get('.jm-user-circle').click();\ncy.get('#menuUser > :nth-child(1) > a').click();\ncy.get(':nth-child(15) > a').should('be.visible').click();\ncy.contains('Mis tarjetas');\ncy.get('.inhabilitar').should('be.visible');\ncy.get('#desk-topright-options > .plus').should('be.visible').click();\ncy.get('.virtualCardMessage').should('be.visible');\ncy.get('.wrapTarjeta').should('be.visible');\ncy.get('.btnImprimirTarjeta').should('be.visible');\ncy.get('.page-body > .alert').should('be.visible');\ncy.get('.wrapTarjeta').should('be.visible');\ncy.get('#myModal1 > .modal-dialog > .modal-content > .modal-header > .modal-title').should('be.visible');\ncy.get('.form-group > label').should('be.visible');\ncy.get('#CustomerCardsModel_NewCard').should('be.visible');\ncy.get('#myModal1 > .modal-dialog > .modal-content > .modal-footer > .btn').should('be.visible');\ncy.get('#myModal1 > .modal-dialog > .modal-content > .modal-header > .close').should('be.visible').click();\ncy.get('.btnVolver > a').should('be.visible').click();",
              "err": {},
              "uuid": "dedab747-4b1d-467f-a449-4bd8adbffac7",
              "parentUUID": "4b309836-3fbb-40c0-acae-f64428250455",
              "isHook": false,
              "skipped": true
            },
            {
              "title": "Mis notificaciones",
              "fullTitle": "mi cuenta Mis notificaciones",
              "timedOut": null,
              "duration": 0,
              "state": "skipped",
              "speed": null,
              "pass": false,
              "fail": false,
              "pending": false,
              "context": null,
              "code": "cy.get('.jm-user-circle').click();\ncy.get('#menuUser > :nth-child(1) > a').click();\ncy.get(':nth-child(17) > a').should('be.visible').click();\ncy.contains('Mis notificaciones');\ncy.get('.headerNotif').should('be.visible');\ncy.get('.wrapNotificaciones').should('be.visible');\ncy.get('.btnVolver > a').should('be.visible').click();",
              "err": {},
              "uuid": "51857131-bc7c-4c92-9962-516aac71daa9",
              "parentUUID": "4b309836-3fbb-40c0-acae-f64428250455",
              "isHook": false,
              "skipped": true
            },
            {
              "title": "Mis calificaciones",
              "fullTitle": "mi cuenta Mis calificaciones",
              "timedOut": null,
              "duration": 0,
              "state": "skipped",
              "speed": null,
              "pass": false,
              "fail": false,
              "pending": false,
              "context": null,
              "code": "cy.get('.jm-user-circle').click();\ncy.get('#menuUser > :nth-child(1) > a').click();\ncy.get(':nth-child(19) > a').should('be.visible').click();\ncy.contains('Mis calificaciones');\ncy.get('.no-data').should('be.visible');\ncy.get('.btnVolver > a').should('be.visible').click();",
              "err": {},
              "uuid": "606c221c-ad9f-4976-b7b9-7127c62c4571",
              "parentUUID": "4b309836-3fbb-40c0-acae-f64428250455",
              "isHook": false,
              "skipped": true
            },
            {
              "title": "Últimos movimientos",
              "fullTitle": "mi cuenta Últimos movimientos",
              "timedOut": null,
              "duration": 0,
              "state": "skipped",
              "speed": null,
              "pass": false,
              "fail": false,
              "pending": false,
              "context": null,
              "code": "cy.get('.jm-user-circle').click();\ncy.get('#menuUser > :nth-child(1) > a').click();\ncy.get(':nth-child(21) > a').should('be.visible').click();\ncy.contains('Mis transacciones');\ncy.get('.ptosAcumulados').should('be.visible');\ncy.get('#mistransacciones-periodo-detalle > :nth-child(2)').should('be.visible');\ncy.get('.ptosExpirados').should('be.visible').click();\ncy.get('.bodyPage > .openSans').should('be.visible');\ncy.get('tr > :nth-child(1)').should('be.visible');\ncy.get('tr > :nth-child(2)').should('be.visible');\ncy.get('tr > :nth-child(3)').should('be.visible');\ncy.get('tr > :nth-child(4)').should('be.visible');\ncy.get('[style=\"display:inline-block; font-size: 1.4rem;\"]').should('be.visible');\ncy.get('[style=\"margin-top: 20px;margin-bottom:20px;\"] > :nth-child(1)').should('be.visible');\ncy.get('[style=\"margin-top: 20px;margin-bottom:20px;\"] > :nth-child(2)').should('be.visible');\ncy.get('#buscartransacciones').should('be.visible');\ncy.get('.leyenda').should('be.visible');\ncy.get('.btnVolver > a').should('be.visible').click();",
              "err": {},
              "uuid": "9f270090-b46e-4dd4-bbec-7f2188758c11",
              "parentUUID": "4b309836-3fbb-40c0-acae-f64428250455",
              "isHook": false,
              "skipped": true
            },
            {
              "title": "Próximos vencimientos",
              "fullTitle": "mi cuenta Próximos vencimientos",
              "timedOut": null,
              "duration": 0,
              "state": "skipped",
              "speed": null,
              "pass": false,
              "fail": false,
              "pending": false,
              "context": null,
              "code": "cy.get('.jm-user-circle').click();\ncy.get('#menuUser > :nth-child(1) > a').click();\ncy.get(':nth-child(23) > a').should('be.visible').click();\ncy.contains('Próximos vencimientos');\ncy.get('.divNoResults').should('be.visible');\ncy.get('.legalVencimientos').should('be.visible');\ncy.get('.btnVolver > a').should('be.visible').click();",
              "err": {},
              "uuid": "567e959f-ccb8-4282-aaf7-41ae84e926c7",
              "parentUUID": "4b309836-3fbb-40c0-acae-f64428250455",
              "isHook": false,
              "skipped": true
            },
            {
              "title": "Modificar datos",
              "fullTitle": "mi cuenta Modificar datos",
              "timedOut": null,
              "duration": 0,
              "state": "skipped",
              "speed": null,
              "pass": false,
              "fail": false,
              "pending": false,
              "context": null,
              "code": "cy.get('.jm-user-circle').click();\ncy.get('#menuUser > :nth-child(1) > a').click();\ncy.get('.btneraAdicional > .col-md-12 > a').should('be.visible').click();\ncy.contains('MI CUENTA - Datos Personales');\ncy.get('.page').should('be.visible');\ncy.get('.btnVolver > a').should('be.visible').click();",
              "err": {},
              "uuid": "60c1cd17-eeef-4f8a-9235-0f571a15d6cf",
              "parentUUID": "4b309836-3fbb-40c0-acae-f64428250455",
              "isHook": false,
              "skipped": true
            }
          ],
          "suites": [],
          "passes": [],
          "failures": [
            "28ea4425-8a0a-4b3e-a92b-36fecf9569bc",
            "8b07f61f-03d9-4148-b354-81a82eb44975"
          ],
          "pending": [],
          "skipped": [
            "fe3f0cfe-8c6b-442e-afa8-f37f2068f0d3",
            "5212a7dc-e1bd-4587-a62c-35a30a731f1c",
            "ad8aff46-7278-46ed-b247-8e2b5d94c195",
            "194248e2-3f36-4942-8eca-d5a77e1284a4",
            "dedab747-4b1d-467f-a449-4bd8adbffac7",
            "51857131-bc7c-4c92-9962-516aac71daa9",
            "606c221c-ad9f-4976-b7b9-7127c62c4571",
            "9f270090-b46e-4dd4-bbec-7f2188758c11",
            "567e959f-ccb8-4282-aaf7-41ae84e926c7",
            "60c1cd17-eeef-4f8a-9235-0f571a15d6cf"
          ],
          "duration": 10741,
          "root": false,
          "rootEmpty": false,
          "_timeout": 2000
        }
      ],
      "passes": [],
      "failures": [],
      "pending": [],
      "skipped": [],
      "duration": 0,
      "root": true,
      "rootEmpty": true,
      "_timeout": 2000
    }
  ],
  "meta": {
    "mocha": {
      "version": "7.0.1"
    },
    "mochawesome": {
      "options": {
        "quiet": false,
        "reportFilename": "mochawesome",
        "saveHtml": true,
        "saveJson": true,
        "consoleReporter": "spec",
        "useInlineDiffs": false,
        "code": true
      },
      "version": "7.1.3"
    },
    "marge": {
      "options": {
        "reportDir": "mochawesome-report",
        "overwrite": false,
        "html": true,
        "json": true
      },
      "version": "6.2.0"
    }
  }
}