{
  "stats": {
    "suites": 1,
    "tests": 1,
    "passes": 0,
    "pending": 0,
    "failures": 1,
    "start": "2025-01-31T14:11:53.161Z",
    "end": "2025-01-31T14:11:53.602Z",
    "duration": 441,
    "testsRegistered": 2,
    "passPercent": 0,
    "pendingPercent": 0,
    "other": 0,
    "hasOther": false,
    "skipped": 1,
    "hasSkipped": true
  },
  "results": [
    {
      "uuid": "8ee413a8-2a0a-48bc-9a79-06f76c9d7ef1",
      "title": "",
      "fullFile": "cypress/e2e/OthersTests1/Buscador.cy.js",
      "file": "cypress/e2e/OthersTests1/Buscador.cy.js",
      "beforeHooks": [],
      "afterHooks": [],
      "tests": [],
      "suites": [
        {
          "uuid": "e47e4513-cc63-498b-8895-656f4ea63105",
          "title": "Buscador",
          "fullFile": "",
          "file": "",
          "beforeHooks": [],
          "afterHooks": [],
          "tests": [
            {
              "title": "Buscar un producto y que no se encuentre resultado",
              "fullTitle": "Buscador Buscar un producto y que no se encuentre resultado",
              "timedOut": null,
              "duration": 406,
              "state": "failed",
              "speed": null,
              "pass": false,
              "fail": true,
              "pending": false,
              "context": null,
              "code": "cy.get('#enableSearchBoxGroup > .jm-search').should('be.visible').click();\ncy.xpath('//*[@id=\"small-searchterms\"]').should('be.visible');\ncy.xpath('//*[@id=\"small-searchterms\"]').click().type('cucharita');\ncy.get('#btnSearchBoxCatalog > .jm-search').click();\ncy.get('.resultsPage > .text-center').should('be.visible');\ncy.contains('Buscar palabra clave');\ncy.get('#q').should('be.visible');\ncy.contains('Búsqueda avanzada');\ncy.get('.col-sm-offset-2 > .btn').should('be.visible');\ncy.contains('No se encontraron productos');\ncy.get('#adv').check();\ncy.contains('Categoría');\ncy.contains('Rango de precios');\ncy.get('#advanced-search-block > :nth-child(2) > .col-sm-offset-2 > .checkbox > label').should('be.visible');\ncy.get(':nth-child(4) > .col-sm-offset-2 > .checkbox > label').should('be.visible');\ncy.get('#isc').check();\ncy.get('#sid').check();\ncy.get('.col-sm-offset-2 > .btn').click();\ncy.get('#q').click().clear('cucharita');\ncy.get('#q').click().type('cuchara');\ncy.get('.col-sm-offset-2 > .btn').click();",
              "err": {
                "message": "CypressError: `cy.visit()` failed trying to load:\n\nhttps://jumbomasbeta.cencosud.com/\n\nThe response we received from your web server was:\n\n  > 403: Forbidden\n\nThis was considered a failure because the status code was not `2xx`.\n\nIf you do not want status codes to cause failures pass the option: `failOnStatusCode: false`\n\nBecause this error occurred during a `before each` hook we are skipping the remaining tests in the current suite: `Buscador`",
                "estack": "CypressError: `cy.visit()` failed trying to load:\n\nhttps://jumbomasbeta.cencosud.com/\n\nThe response we received from your web server was:\n\n  > 403: Forbidden\n\nThis was considered a failure because the status code was not `2xx`.\n\nIf you do not want status codes to cause failures pass the option: `failOnStatusCode: false`\n\nBecause this error occurred during a `before each` hook we are skipping the remaining tests in the current suite: `Buscador`\n    at <unknown> (https://www.comfrt.com/__cypress/runner/cypress_runner.js:131634:76)\n    at visitFailedByErr (https://www.comfrt.com/__cypress/runner/cypress_runner.js:131049:12)\n    at <unknown> (https://www.comfrt.com/__cypress/runner/cypress_runner.js:131617:13)\n    at tryCatcher (https://www.comfrt.com/__cypress/runner/cypress_runner.js:1807:23)\n    at Promise._settlePromiseFromHandler (https://www.comfrt.com/__cypress/runner/cypress_runner.js:1519:31)\n    at Promise._settlePromise (https://www.comfrt.com/__cypress/runner/cypress_runner.js:1576:18)\n    at Promise._settlePromise0 (https://www.comfrt.com/__cypress/runner/cypress_runner.js:1621:10)\n    at Promise._settlePromises (https://www.comfrt.com/__cypress/runner/cypress_runner.js:1697:18)\n    at _drainQueueStep (https://www.comfrt.com/__cypress/runner/cypress_runner.js:2407:12)\n    at _drainQueue (https://www.comfrt.com/__cypress/runner/cypress_runner.js:2400:9)\n    at Async._drainQueues (https://www.comfrt.com/__cypress/runner/cypress_runner.js:2416:5)\n    at Async.drainQueues (https://www.comfrt.com/__cypress/runner/cypress_runner.js:2286:14)\nFrom Your Spec Code:\n    at Context.eval (webpack://documents/./cypress/e2e/OthersTests1/Buscador.cy.js:3:8)",
                "diff": null
              },
              "uuid": "cb66ab62-e28b-4c62-8b6d-79f80269dda6",
              "parentUUID": "e47e4513-cc63-498b-8895-656f4ea63105",
              "isHook": false,
              "skipped": false
            },
            {
              "title": "Buscar un producto resultado exitoso",
              "fullTitle": "Buscador Buscar un producto resultado exitoso",
              "timedOut": null,
              "duration": 0,
              "state": "skipped",
              "speed": null,
              "pass": false,
              "fail": false,
              "pending": false,
              "context": null,
              "code": "cy.get('#enableSearchBoxGroup > .jm-search').should('be.visible').click();\ncy.xpath('//*[@id=\"small-searchterms\"]').should('be.visible');\ncy.xpath('//*[@id=\"small-searchterms\"]').click().type('cuchara');\ncy.get('#btnSearchBoxCatalog > .jm-search').click();\ncy.wait(1000);\ncy.get('.search-results > .row > .col-xs-12').should('be.visible');\ncy.contains('Set X 6 cucharas milkshake');",
              "err": {},
              "uuid": "30e7aabd-5618-4123-bd64-c4db806992ca",
              "parentUUID": "e47e4513-cc63-498b-8895-656f4ea63105",
              "isHook": false,
              "skipped": true
            }
          ],
          "suites": [],
          "passes": [],
          "failures": [
            "cb66ab62-e28b-4c62-8b6d-79f80269dda6"
          ],
          "pending": [],
          "skipped": [
            "30e7aabd-5618-4123-bd64-c4db806992ca"
          ],
          "duration": 406,
          "root": false,
          "rootEmpty": false,
          "_timeout": 2000
        }
      ],
      "passes": [],
      "failures": [],
      "pending": [],
      "skipped": [],
      "duration": 0,
      "root": true,
      "rootEmpty": true,
      "_timeout": 2000
    }
  ],
  "meta": {
    "mocha": {
      "version": "7.0.1"
    },
    "mochawesome": {
      "options": {
        "quiet": false,
        "reportFilename": "mochawesome",
        "saveHtml": true,
        "saveJson": true,
        "consoleReporter": "spec",
        "useInlineDiffs": false,
        "code": true
      },
      "version": "7.1.3"
    },
    "marge": {
      "options": {
        "reportDir": "mochawesome-report",
        "overwrite": false,
        "html": true,
        "json": true
      },
      "version": "6.2.0"
    }
  }
}