{
  "stats": {
    "suites": 1,
    "tests": 1,
    "passes": 0,
    "pending": 0,
    "failures": 1,
    "start": "2025-01-31T14:12:40.694Z",
    "end": "2025-01-31T14:12:41.533Z",
    "duration": 839,
    "testsRegistered": 2,
    "passPercent": 0,
    "pendingPercent": 0,
    "other": 0,
    "hasOther": false,
    "skipped": 1,
    "hasSkipped": true
  },
  "results": [
    {
      "uuid": "9a676c89-f0cb-47a1-abc2-85da0cd73344",
      "title": "",
      "fullFile": "cypress/e2e/othersProd1/Buscador.cy.js",
      "file": "cypress/e2e/othersProd1/Buscador.cy.js",
      "beforeHooks": [],
      "afterHooks": [],
      "tests": [],
      "suites": [
        {
          "uuid": "e660bb59-a4f1-4292-bdad-36347b9f4173",
          "title": "Buscador",
          "fullFile": "",
          "file": "",
          "beforeHooks": [],
          "afterHooks": [],
          "tests": [
            {
              "title": "Buscar un producto y que no se encuentre resultado",
              "fullTitle": "Buscador Buscar un producto y que no se encuentre resultado",
              "timedOut": null,
              "duration": 798,
              "state": "failed",
              "speed": null,
              "pass": false,
              "fail": true,
              "pending": false,
              "context": null,
              "code": "cy.get('#enableSearchBoxGroup > .jm-search').should('be.visible');\ncy.get('#enableSearchBoxGroup > .jm-search').click();\ncy.xpath('//*[@id=\"small-searchterms\"]').should('be.visible');\ncy.xpath('//*[@id=\"small-searchterms\"]').click().type('cucharita');\ncy.get('#btnSearchBoxCatalog > .jm-search').click();\ncy.get('.resultsPage > .text-center').should('be.visible');\ncy.contains('Buscar palabra clave');\ncy.get('#q').should('be.visible');\ncy.contains('Búsqueda avanzada');\ncy.get('.col-sm-offset-2 > .btn').should('be.visible');\ncy.contains('No se encontraron productos');\ncy.get('#adv').check();\ncy.contains('Categoría');\ncy.contains('Rango de precios');\ncy.get('#advanced-search-block > :nth-child(2) > .col-sm-offset-2 > .checkbox > label').should('be.visible');\ncy.get(':nth-child(4) > .col-sm-offset-2 > .checkbox > label').should('be.visible');\ncy.get('#isc').check();\ncy.get('#sid').check();\ncy.get('.col-sm-offset-2 > .btn').click();\ncy.get('#q').click().clear('cucharita');\ncy.get('#q').click().type('cuchara');\ncy.get('.col-sm-offset-2 > .btn').click();",
              "err": {
                "message": "CypressError: `cy.visit()` failed trying to load:\n\nhttps://www..com.ar/\n\nWe attempted to make an http request to this URL but the request failed without a response.\n\nWe received this error at the network level:\n\n  > Error: getaddrinfo ENOTFOUND www..com.ar\n\nCommon situations why this would fail:\n  - you don't have internet access\n  - you forgot to run / boot your web server\n  - your web server isn't accessible\n  - you have weird network configuration settings on your computer\n\nBecause this error occurred during a `before each` hook we are skipping the remaining tests in the current suite: `Buscador`",
                "estack": "CypressError: `cy.visit()` failed trying to load:\n\nhttps://www..com.ar/\n\nWe attempted to make an http request to this URL but the request failed without a response.\n\nWe received this error at the network level:\n\n  > Error: getaddrinfo ENOTFOUND www..com.ar\n\nCommon situations why this would fail:\n  - you don't have internet access\n  - you forgot to run / boot your web server\n  - your web server isn't accessible\n  - you have weird network configuration settings on your computer\n\nBecause this error occurred during a `before each` hook we are skipping the remaining tests in the current suite: `Buscador`\n    at <unknown> (https://www.comfrt.com/__cypress/runner/cypress_runner.js:131650:74)\n    at visitFailedByErr (https://www.comfrt.com/__cypress/runner/cypress_runner.js:131049:12)\n    at <unknown> (https://www.comfrt.com/__cypress/runner/cypress_runner.js:131649:11)\n    at tryCatcher (https://www.comfrt.com/__cypress/runner/cypress_runner.js:1807:23)\n    at Promise._settlePromiseFromHandler (https://www.comfrt.com/__cypress/runner/cypress_runner.js:1519:31)\n    at Promise._settlePromise (https://www.comfrt.com/__cypress/runner/cypress_runner.js:1576:18)\n    at Promise._settlePromise0 (https://www.comfrt.com/__cypress/runner/cypress_runner.js:1621:10)\n    at Promise._settlePromises (https://www.comfrt.com/__cypress/runner/cypress_runner.js:1697:18)\n    at _drainQueueStep (https://www.comfrt.com/__cypress/runner/cypress_runner.js:2407:12)\n    at _drainQueue (https://www.comfrt.com/__cypress/runner/cypress_runner.js:2400:9)\n    at Async._drainQueues (https://www.comfrt.com/__cypress/runner/cypress_runner.js:2416:5)\n    at Async.drainQueues (https://www.comfrt.com/__cypress/runner/cypress_runner.js:2286:14)\nFrom Your Spec Code:\n    at Context.eval (webpack://documents/./cypress/e2e/othersProd1/Buscador.cy.js:3:8)\n\nFrom Node.js Internals:\n  Error: getaddrinfo ENOTFOUND www..com.ar\n      at GetAddrInfoReqWrap.onlookup [as oncomplete] (node:dns:108:26)",
                "diff": null
              },
              "uuid": "eb788559-e92c-4871-a836-0555070539ed",
              "parentUUID": "e660bb59-a4f1-4292-bdad-36347b9f4173",
              "isHook": false,
              "skipped": false
            },
            {
              "title": "Buscar un producto resultado exitoso",
              "fullTitle": "Buscador Buscar un producto resultado exitoso",
              "timedOut": null,
              "duration": 0,
              "state": "skipped",
              "speed": null,
              "pass": false,
              "fail": false,
              "pending": false,
              "context": null,
              "code": "cy.get('#enableSearchBoxGroup > .jm-search').should('be.visible');\ncy.get('#enableSearchBoxGroup > .jm-search').click();\ncy.xpath('//*[@id=\"small-searchterms\"]').should('be.visible');\ncy.xpath('//*[@id=\"small-searchterms\"]').click().type('cuchara');\ncy.get('#btnSearchBoxCatalog > .jm-search').click();\ncy.wait(1000);\ncy.get('.search-results > .row > .col-xs-12').should('be.visible');\ncy.contains('Set X 6 cucharas milkshake');",
              "err": {},
              "uuid": "05d1f843-ca13-4267-9cd1-45a6e20cd59a",
              "parentUUID": "e660bb59-a4f1-4292-bdad-36347b9f4173",
              "isHook": false,
              "skipped": true
            }
          ],
          "suites": [],
          "passes": [],
          "failures": [
            "eb788559-e92c-4871-a836-0555070539ed"
          ],
          "pending": [],
          "skipped": [
            "05d1f843-ca13-4267-9cd1-45a6e20cd59a"
          ],
          "duration": 798,
          "root": false,
          "rootEmpty": false,
          "_timeout": 2000
        }
      ],
      "passes": [],
      "failures": [],
      "pending": [],
      "skipped": [],
      "duration": 0,
      "root": true,
      "rootEmpty": true,
      "_timeout": 2000
    }
  ],
  "meta": {
    "mocha": {
      "version": "7.0.1"
    },
    "mochawesome": {
      "options": {
        "quiet": false,
        "reportFilename": "mochawesome",
        "saveHtml": true,
        "saveJson": true,
        "consoleReporter": "spec",
        "useInlineDiffs": false,
        "code": true
      },
      "version": "7.1.3"
    },
    "marge": {
      "options": {
        "reportDir": "mochawesome-report",
        "overwrite": false,
        "html": true,
        "json": true
      },
      "version": "6.2.0"
    }
  }
}