{
  "stats": {
    "suites": 7,
    "tests": 18,
    "passes": 18,
    "pending": 0,
    "failures": 0,
    "start": "2025-01-31T20:27:31.186Z",
    "end": "2025-01-31T20:28:37.868Z",
    "duration": 66682,
    "testsRegistered": 18,
    "passPercent": 100,
    "pendingPercent": 0,
    "other": 0,
    "hasOther": false,
    "skipped": 0,
    "hasSkipped": false
  },
  "results": [
    {
      "uuid": "47717c71-e0b4-436c-b14f-7511b3661f2d",
      "title": "",
      "fullFile": "cypress/e2e/COMFRT/homeiOScroll.cy.js",
      "file": "cypress/e2e/COMFRT/homeiOScroll.cy.js",
      "beforeHooks": [],
      "afterHooks": [],
      "tests": [],
      "suites": [
        {
          "uuid": "95e3d765-8bf8-49be-bc65-95cb132eeeb8",
          "title": "Prueba de scroll en vista móvil y desktop - Comfrt",
          "fullFile": "",
          "file": "",
          "beforeHooks": [],
          "afterHooks": [],
          "tests": [],
          "suites": [
            {
              "uuid": "1b23d3da-48f5-4ebf-89d9-c7ea1cd04875",
              "title": "Pruebas de scroll en Samsung Galaxy S23 Ultra",
              "fullFile": "",
              "file": "",
              "beforeHooks": [],
              "afterHooks": [],
              "tests": [
                {
                  "title": "Debería hacer scroll hacia abajo y arriba",
                  "fullTitle": "Prueba de scroll en vista móvil y desktop - Comfrt Pruebas de scroll en Samsung Galaxy S23 Ultra Debería hacer scroll hacia abajo y arriba",
                  "timedOut": null,
                  "duration": 6234,
                  "state": "passed",
                  "speed": "medium",
                  "pass": true,
                  "fail": false,
                  "pending": false,
                  "context": null,
                  "code": "// Scroll hacia abajo\ncy.scrollTo('bottom');\ncy.wait(1000); // Esperar para simular tiempo de carga\n// Scroll hacia arriba\ncy.scrollTo('top');\ncy.wait(1000); // Esperar para observar el efecto",
                  "err": {},
                  "uuid": "1ec80daf-0d1e-4f06-9b51-028529e608cc",
                  "parentUUID": "1b23d3da-48f5-4ebf-89d9-c7ea1cd04875",
                  "isHook": false,
                  "skipped": false
                },
                {
                  "title": "Debería hacer scroll a una posición específica",
                  "fullTitle": "Prueba de scroll en vista móvil y desktop - Comfrt Pruebas de scroll en Samsung Galaxy S23 Ultra Debería hacer scroll a una posición específica",
                  "timedOut": null,
                  "duration": 2879,
                  "state": "passed",
                  "speed": "fast",
                  "pass": true,
                  "fail": false,
                  "pending": false,
                  "context": null,
                  "code": "// Scroll a 500px desde la parte superior\ncy.scrollTo(0, 500);\ncy.wait(1000);\n// Scroll de regreso al inicio\ncy.scrollTo(0, 0);",
                  "err": {},
                  "uuid": "d71d5702-37c9-4a37-98c3-21bb32bb1d5b",
                  "parentUUID": "1b23d3da-48f5-4ebf-89d9-c7ea1cd04875",
                  "isHook": false,
                  "skipped": false
                },
                {
                  "title": "Debería hacer scroll hacia un elemento específico",
                  "fullTitle": "Prueba de scroll en vista móvil y desktop - Comfrt Pruebas de scroll en Samsung Galaxy S23 Ultra Debería hacer scroll hacia un elemento específico",
                  "timedOut": null,
                  "duration": 5754,
                  "state": "passed",
                  "speed": "medium",
                  "pass": true,
                  "fail": false,
                  "pending": false,
                  "context": null,
                  "code": "// Asegurarte de que un elemento esté visible al hacer scroll\ncy.get('.KzcSxBo0').scrollIntoView(); // Desplaza hacia el footer\ncy.wait(1000);\n// Vuelve al header\ncy.get('.IXjqotrK').scrollIntoView();\ncy.wait(1000);",
                  "err": {},
                  "uuid": "42a73e25-f403-472c-845b-effbc2ca6cc5",
                  "parentUUID": "1b23d3da-48f5-4ebf-89d9-c7ea1cd04875",
                  "isHook": false,
                  "skipped": false
                }
              ],
              "suites": [],
              "passes": [
                "1ec80daf-0d1e-4f06-9b51-028529e608cc",
                "d71d5702-37c9-4a37-98c3-21bb32bb1d5b",
                "42a73e25-f403-472c-845b-effbc2ca6cc5"
              ],
              "failures": [],
              "pending": [],
              "skipped": [],
              "duration": 14867,
              "root": false,
              "rootEmpty": false,
              "_timeout": 2000
            },
            {
              "uuid": "9978592f-8d3f-4b86-a52d-d3b3675470f3",
              "title": "Pruebas de scroll en iPhone 15 Pro",
              "fullFile": "",
              "file": "",
              "beforeHooks": [],
              "afterHooks": [],
              "tests": [
                {
                  "title": "Debería hacer scroll hacia abajo y arriba",
                  "fullTitle": "Prueba de scroll en vista móvil y desktop - Comfrt Pruebas de scroll en iPhone 15 Pro Debería hacer scroll hacia abajo y arriba",
                  "timedOut": null,
                  "duration": 3926,
                  "state": "passed",
                  "speed": "fast",
                  "pass": true,
                  "fail": false,
                  "pending": false,
                  "context": null,
                  "code": "// Scroll hacia abajo\ncy.scrollTo('bottom');\ncy.wait(1000); // Esperar para simular tiempo de carga\n// Scroll hacia arriba\ncy.scrollTo('top');\ncy.wait(1000); // Esperar para observar el efecto",
                  "err": {},
                  "uuid": "a911c2b1-7c27-48bd-8536-a056df72e6ab",
                  "parentUUID": "9978592f-8d3f-4b86-a52d-d3b3675470f3",
                  "isHook": false,
                  "skipped": false
                },
                {
                  "title": "Debería hacer scroll a una posición específica",
                  "fullTitle": "Prueba de scroll en vista móvil y desktop - Comfrt Pruebas de scroll en iPhone 15 Pro Debería hacer scroll a una posición específica",
                  "timedOut": null,
                  "duration": 2768,
                  "state": "passed",
                  "speed": "fast",
                  "pass": true,
                  "fail": false,
                  "pending": false,
                  "context": null,
                  "code": "// Scroll a 500px desde la parte superior\ncy.scrollTo(0, 500);\ncy.wait(1000);\n// Scroll de regreso al inicio\ncy.scrollTo(0, 0);",
                  "err": {},
                  "uuid": "06789983-c2ab-46cc-b6a3-f6b5a8eea92c",
                  "parentUUID": "9978592f-8d3f-4b86-a52d-d3b3675470f3",
                  "isHook": false,
                  "skipped": false
                },
                {
                  "title": "Debería hacer scroll hacia un elemento específico",
                  "fullTitle": "Prueba de scroll en vista móvil y desktop - Comfrt Pruebas de scroll en iPhone 15 Pro Debería hacer scroll hacia un elemento específico",
                  "timedOut": null,
                  "duration": 3872,
                  "state": "passed",
                  "speed": "fast",
                  "pass": true,
                  "fail": false,
                  "pending": false,
                  "context": null,
                  "code": "// Asegurarte de que un elemento esté visible al hacer scroll\ncy.get('.KzcSxBo0').scrollIntoView(); // Desplaza hacia el footer\ncy.wait(1000);\n// Vuelve al header\ncy.get('.IXjqotrK').scrollIntoView();\ncy.wait(1000);",
                  "err": {},
                  "uuid": "3909d102-ab3e-4a0c-873b-bdca2b195fb1",
                  "parentUUID": "9978592f-8d3f-4b86-a52d-d3b3675470f3",
                  "isHook": false,
                  "skipped": false
                }
              ],
              "suites": [],
              "passes": [
                "a911c2b1-7c27-48bd-8536-a056df72e6ab",
                "06789983-c2ab-46cc-b6a3-f6b5a8eea92c",
                "3909d102-ab3e-4a0c-873b-bdca2b195fb1"
              ],
              "failures": [],
              "pending": [],
              "skipped": [],
              "duration": 10566,
              "root": false,
              "rootEmpty": false,
              "_timeout": 2000
            },
            {
              "uuid": "75ba8c7a-4f05-4a4c-8362-125e2d002c13",
              "title": "Pruebas de scroll en iPhone 15 Pro Max",
              "fullFile": "",
              "file": "",
              "beforeHooks": [],
              "afterHooks": [],
              "tests": [
                {
                  "title": "Debería hacer scroll hacia abajo y arriba",
                  "fullTitle": "Prueba de scroll en vista móvil y desktop - Comfrt Pruebas de scroll en iPhone 15 Pro Max Debería hacer scroll hacia abajo y arriba",
                  "timedOut": null,
                  "duration": 4015,
                  "state": "passed",
                  "speed": "fast",
                  "pass": true,
                  "fail": false,
                  "pending": false,
                  "context": null,
                  "code": "// Scroll hacia abajo\ncy.scrollTo('bottom');\ncy.wait(1000); // Esperar para simular tiempo de carga\n// Scroll hacia arriba\ncy.scrollTo('top');\ncy.wait(1000); // Esperar para observar el efecto",
                  "err": {},
                  "uuid": "114e18e5-79fc-48a0-a5db-12a613e769dd",
                  "parentUUID": "75ba8c7a-4f05-4a4c-8362-125e2d002c13",
                  "isHook": false,
                  "skipped": false
                },
                {
                  "title": "Debería hacer scroll a una posición específica",
                  "fullTitle": "Prueba de scroll en vista móvil y desktop - Comfrt Pruebas de scroll en iPhone 15 Pro Max Debería hacer scroll a una posición específica",
                  "timedOut": null,
                  "duration": 2410,
                  "state": "passed",
                  "speed": "fast",
                  "pass": true,
                  "fail": false,
                  "pending": false,
                  "context": null,
                  "code": "// Scroll a 500px desde la parte superior\ncy.scrollTo(0, 500);\ncy.wait(1000);\n// Scroll de regreso al inicio\ncy.scrollTo(0, 0);",
                  "err": {},
                  "uuid": "386f5172-2aba-41b4-ad5e-c740783ddf2b",
                  "parentUUID": "75ba8c7a-4f05-4a4c-8362-125e2d002c13",
                  "isHook": false,
                  "skipped": false
                },
                {
                  "title": "Debería hacer scroll hacia un elemento específico",
                  "fullTitle": "Prueba de scroll en vista móvil y desktop - Comfrt Pruebas de scroll en iPhone 15 Pro Max Debería hacer scroll hacia un elemento específico",
                  "timedOut": null,
                  "duration": 3437,
                  "state": "passed",
                  "speed": "fast",
                  "pass": true,
                  "fail": false,
                  "pending": false,
                  "context": null,
                  "code": "// Asegurarte de que un elemento esté visible al hacer scroll\ncy.get('.KzcSxBo0').scrollIntoView(); // Desplaza hacia el footer\ncy.wait(1000);\n// Vuelve al header\ncy.get('.IXjqotrK').scrollIntoView();\ncy.wait(1000);",
                  "err": {},
                  "uuid": "28bc29bd-d339-4e3f-9aac-0b061329c109",
                  "parentUUID": "75ba8c7a-4f05-4a4c-8362-125e2d002c13",
                  "isHook": false,
                  "skipped": false
                }
              ],
              "suites": [],
              "passes": [
                "114e18e5-79fc-48a0-a5db-12a613e769dd",
                "386f5172-2aba-41b4-ad5e-c740783ddf2b",
                "28bc29bd-d339-4e3f-9aac-0b061329c109"
              ],
              "failures": [],
              "pending": [],
              "skipped": [],
              "duration": 9862,
              "root": false,
              "rootEmpty": false,
              "_timeout": 2000
            },
            {
              "uuid": "8431af52-e086-4bfb-b20c-7e46a4938b79",
              "title": "Pruebas de scroll en MacBook Pro 16\"",
              "fullFile": "",
              "file": "",
              "beforeHooks": [],
              "afterHooks": [],
              "tests": [
                {
                  "title": "Debería hacer scroll hacia abajo y arriba",
                  "fullTitle": "Prueba de scroll en vista móvil y desktop - Comfrt Pruebas de scroll en MacBook Pro 16\" Debería hacer scroll hacia abajo y arriba",
                  "timedOut": null,
                  "duration": 3514,
                  "state": "passed",
                  "speed": "fast",
                  "pass": true,
                  "fail": false,
                  "pending": false,
                  "context": null,
                  "code": "// Scroll hacia abajo\ncy.scrollTo('bottom');\ncy.wait(1000); // Esperar para simular tiempo de carga\n// Scroll hacia arriba\ncy.scrollTo('top');\ncy.wait(1000); // Esperar para observar el efecto",
                  "err": {},
                  "uuid": "59b063bb-4425-4d6f-989a-5300df244a1f",
                  "parentUUID": "8431af52-e086-4bfb-b20c-7e46a4938b79",
                  "isHook": false,
                  "skipped": false
                },
                {
                  "title": "Debería hacer scroll a una posición específica",
                  "fullTitle": "Prueba de scroll en vista móvil y desktop - Comfrt Pruebas de scroll en MacBook Pro 16\" Debería hacer scroll a una posición específica",
                  "timedOut": null,
                  "duration": 2876,
                  "state": "passed",
                  "speed": "fast",
                  "pass": true,
                  "fail": false,
                  "pending": false,
                  "context": null,
                  "code": "// Scroll a 500px desde la parte superior\ncy.scrollTo(0, 500);\ncy.wait(1000);\n// Scroll de regreso al inicio\ncy.scrollTo(0, 0);",
                  "err": {},
                  "uuid": "8d1c757e-9634-4f08-8fb6-1b7809c4aeb1",
                  "parentUUID": "8431af52-e086-4bfb-b20c-7e46a4938b79",
                  "isHook": false,
                  "skipped": false
                },
                {
                  "title": "Debería hacer scroll hacia un elemento específico",
                  "fullTitle": "Prueba de scroll en vista móvil y desktop - Comfrt Pruebas de scroll en MacBook Pro 16\" Debería hacer scroll hacia un elemento específico",
                  "timedOut": null,
                  "duration": 3531,
                  "state": "passed",
                  "speed": "fast",
                  "pass": true,
                  "fail": false,
                  "pending": false,
                  "context": null,
                  "code": "// Asegurarte de que un elemento esté visible al hacer scroll\ncy.get('.KzcSxBo0').scrollIntoView(); // Desplaza hacia el footer\ncy.wait(1000);\n// Vuelve al header\ncy.get('.IXjqotrK').scrollIntoView();\ncy.wait(1000);",
                  "err": {},
                  "uuid": "5c5cfe85-ed78-45bc-8e84-9f77792efe00",
                  "parentUUID": "8431af52-e086-4bfb-b20c-7e46a4938b79",
                  "isHook": false,
                  "skipped": false
                }
              ],
              "suites": [],
              "passes": [
                "59b063bb-4425-4d6f-989a-5300df244a1f",
                "8d1c757e-9634-4f08-8fb6-1b7809c4aeb1",
                "5c5cfe85-ed78-45bc-8e84-9f77792efe00"
              ],
              "failures": [],
              "pending": [],
              "skipped": [],
              "duration": 9921,
              "root": false,
              "rootEmpty": false,
              "_timeout": 2000
            },
            {
              "uuid": "9c0bdff4-52cb-41f2-911b-383eff4c40f1",
              "title": "Pruebas de scroll en Windows 4K Monitor",
              "fullFile": "",
              "file": "",
              "beforeHooks": [],
              "afterHooks": [],
              "tests": [
                {
                  "title": "Debería hacer scroll hacia abajo y arriba",
                  "fullTitle": "Prueba de scroll en vista móvil y desktop - Comfrt Pruebas de scroll en Windows 4K Monitor Debería hacer scroll hacia abajo y arriba",
                  "timedOut": null,
                  "duration": 3352,
                  "state": "passed",
                  "speed": "fast",
                  "pass": true,
                  "fail": false,
                  "pending": false,
                  "context": null,
                  "code": "// Scroll hacia abajo\ncy.scrollTo('bottom');\ncy.wait(1000); // Esperar para simular tiempo de carga\n// Scroll hacia arriba\ncy.scrollTo('top');\ncy.wait(1000); // Esperar para observar el efecto",
                  "err": {},
                  "uuid": "d009bc1a-097e-431b-bd41-bbba463f29ea",
                  "parentUUID": "9c0bdff4-52cb-41f2-911b-383eff4c40f1",
                  "isHook": false,
                  "skipped": false
                },
                {
                  "title": "Debería hacer scroll a una posición específica",
                  "fullTitle": "Prueba de scroll en vista móvil y desktop - Comfrt Pruebas de scroll en Windows 4K Monitor Debería hacer scroll a una posición específica",
                  "timedOut": null,
                  "duration": 2614,
                  "state": "passed",
                  "speed": "fast",
                  "pass": true,
                  "fail": false,
                  "pending": false,
                  "context": null,
                  "code": "// Scroll a 500px desde la parte superior\ncy.scrollTo(0, 500);\ncy.wait(1000);\n// Scroll de regreso al inicio\ncy.scrollTo(0, 0);",
                  "err": {},
                  "uuid": "e5f391a2-d0b7-4d10-b7d3-cdd0cf206372",
                  "parentUUID": "9c0bdff4-52cb-41f2-911b-383eff4c40f1",
                  "isHook": false,
                  "skipped": false
                },
                {
                  "title": "Debería hacer scroll hacia un elemento específico",
                  "fullTitle": "Prueba de scroll en vista móvil y desktop - Comfrt Pruebas de scroll en Windows 4K Monitor Debería hacer scroll hacia un elemento específico",
                  "timedOut": null,
                  "duration": 3605,
                  "state": "passed",
                  "speed": "fast",
                  "pass": true,
                  "fail": false,
                  "pending": false,
                  "context": null,
                  "code": "// Asegurarte de que un elemento esté visible al hacer scroll\ncy.get('.KzcSxBo0').scrollIntoView(); // Desplaza hacia el footer\ncy.wait(1000);\n// Vuelve al header\ncy.get('.IXjqotrK').scrollIntoView();\ncy.wait(1000);",
                  "err": {},
                  "uuid": "f0b3f4f3-8901-4da3-9909-89cc7af2fa7a",
                  "parentUUID": "9c0bdff4-52cb-41f2-911b-383eff4c40f1",
                  "isHook": false,
                  "skipped": false
                }
              ],
              "suites": [],
              "passes": [
                "d009bc1a-097e-431b-bd41-bbba463f29ea",
                "e5f391a2-d0b7-4d10-b7d3-cdd0cf206372",
                "f0b3f4f3-8901-4da3-9909-89cc7af2fa7a"
              ],
              "failures": [],
              "pending": [],
              "skipped": [],
              "duration": 9571,
              "root": false,
              "rootEmpty": false,
              "_timeout": 2000
            },
            {
              "uuid": "c5ef9ebd-14a1-4ea4-8fbd-e3f9cefc8424",
              "title": "Pruebas de scroll en Windows Full HD Monitor",
              "fullFile": "",
              "file": "",
              "beforeHooks": [],
              "afterHooks": [],
              "tests": [
                {
                  "title": "Debería hacer scroll hacia abajo y arriba",
                  "fullTitle": "Prueba de scroll en vista móvil y desktop - Comfrt Pruebas de scroll en Windows Full HD Monitor Debería hacer scroll hacia abajo y arriba",
                  "timedOut": null,
                  "duration": 3604,
                  "state": "passed",
                  "speed": "fast",
                  "pass": true,
                  "fail": false,
                  "pending": false,
                  "context": null,
                  "code": "// Scroll hacia abajo\ncy.scrollTo('bottom');\ncy.wait(1000); // Esperar para simular tiempo de carga\n// Scroll hacia arriba\ncy.scrollTo('top');\ncy.wait(1000); // Esperar para observar el efecto",
                  "err": {},
                  "uuid": "5d3237aa-3f89-46d5-8584-73185a2ec4be",
                  "parentUUID": "c5ef9ebd-14a1-4ea4-8fbd-e3f9cefc8424",
                  "isHook": false,
                  "skipped": false
                },
                {
                  "title": "Debería hacer scroll a una posición específica",
                  "fullTitle": "Prueba de scroll en vista móvil y desktop - Comfrt Pruebas de scroll en Windows Full HD Monitor Debería hacer scroll a una posición específica",
                  "timedOut": null,
                  "duration": 3618,
                  "state": "passed",
                  "speed": "fast",
                  "pass": true,
                  "fail": false,
                  "pending": false,
                  "context": null,
                  "code": "// Scroll a 500px desde la parte superior\ncy.scrollTo(0, 500);\ncy.wait(1000);\n// Scroll de regreso al inicio\ncy.scrollTo(0, 0);",
                  "err": {},
                  "uuid": "bcbfcc36-6ed2-4c06-9ab0-27afec2037bf",
                  "parentUUID": "c5ef9ebd-14a1-4ea4-8fbd-e3f9cefc8424",
                  "isHook": false,
                  "skipped": false
                },
                {
                  "title": "Debería hacer scroll hacia un elemento específico",
                  "fullTitle": "Prueba de scroll en vista móvil y desktop - Comfrt Pruebas de scroll en Windows Full HD Monitor Debería hacer scroll hacia un elemento específico",
                  "timedOut": null,
                  "duration": 3583,
                  "state": "passed",
                  "speed": "fast",
                  "pass": true,
                  "fail": false,
                  "pending": false,
                  "context": null,
                  "code": "// Asegurarte de que un elemento esté visible al hacer scroll\ncy.get('.KzcSxBo0').scrollIntoView(); // Desplaza hacia el footer\ncy.wait(1000);\n// Vuelve al header\ncy.get('.IXjqotrK').scrollIntoView();\ncy.wait(1000);",
                  "err": {},
                  "uuid": "252aa5d8-f3e7-4d98-9bbf-d68902d95ae6",
                  "parentUUID": "c5ef9ebd-14a1-4ea4-8fbd-e3f9cefc8424",
                  "isHook": false,
                  "skipped": false
                }
              ],
              "suites": [],
              "passes": [
                "5d3237aa-3f89-46d5-8584-73185a2ec4be",
                "bcbfcc36-6ed2-4c06-9ab0-27afec2037bf",
                "252aa5d8-f3e7-4d98-9bbf-d68902d95ae6"
              ],
              "failures": [],
              "pending": [],
              "skipped": [],
              "duration": 10805,
              "root": false,
              "rootEmpty": false,
              "_timeout": 2000
            }
          ],
          "passes": [],
          "failures": [],
          "pending": [],
          "skipped": [],
          "duration": 0,
          "root": false,
          "rootEmpty": false,
          "_timeout": 2000
        }
      ],
      "passes": [],
      "failures": [],
      "pending": [],
      "skipped": [],
      "duration": 0,
      "root": true,
      "rootEmpty": true,
      "_timeout": 2000
    }
  ],
  "meta": {
    "mocha": {
      "version": "7.0.1"
    },
    "mochawesome": {
      "options": {
        "quiet": false,
        "reportFilename": "mochawesome",
        "saveHtml": true,
        "saveJson": true,
        "consoleReporter": "spec",
        "useInlineDiffs": false,
        "code": true
      },
      "version": "7.1.3"
    },
    "marge": {
      "options": {
        "reportDir": "mochawesome-report",
        "overwrite": false,
        "html": true,
        "json": true
      },
      "version": "6.2.0"
    }
  }
}