{
  "stats": {
    "suites": 1,
    "tests": 2,
    "passes": 0,
    "pending": 0,
    "failures": 2,
    "start": "2025-01-31T14:07:57.722Z",
    "end": "2025-01-31T14:08:22.048Z",
    "duration": 24326,
    "testsRegistered": 2,
    "passPercent": 0,
    "pendingPercent": 0,
    "other": 0,
    "hasOther": false,
    "skipped": 0,
    "hasSkipped": false
  },
  "results": [
    {
      "uuid": "142fc1ea-a12f-4964-9502-26c93efeb9d6",
      "title": "",
      "fullFile": "cypress/e2e/MiracleBrand Prod/ShopTestCTAComforter.cy.js",
      "file": "cypress/e2e/MiracleBrand Prod/ShopTestCTAComforter.cy.js",
      "beforeHooks": [],
      "afterHooks": [],
      "tests": [],
      "suites": [
        {
          "uuid": "085158f3-2a98-49d4-9c7a-5f1f1e597565",
          "title": "home de www.shopmiraclebrand.co/comforter/ksp-bento/?__orly_origin=qa-bento",
          "fullFile": "",
          "file": "",
          "beforeHooks": [],
          "afterHooks": [],
          "tests": [
            {
              "title": "Verificacion Elementos existentes y visibles",
              "fullTitle": "home de www.shopmiraclebrand.co/comforter/ksp-bento/?__orly_origin=qa-bento Verificacion Elementos existentes y visibles",
              "timedOut": null,
              "duration": 11149,
              "state": "failed",
              "speed": null,
              "pass": false,
              "fail": true,
              "pending": false,
              "context": null,
              "code": "cy.get(':nth-child(1) > .WPv3QHU8').should('be.visible');\ncy.get(':nth-child(1) > .WPv3QHU8').should('exist');\ncy.wait(4000);",
              "err": {
                "message": "AssertionError: Timed out retrying after 4000ms: Expected to find element: `:nth-child(1) > .WPv3QHU8`, but never found it.",
                "estack": "AssertionError: Timed out retrying after 4000ms: Expected to find element: `:nth-child(1) > .WPv3QHU8`, but never found it.\n    at Context.eval (webpack://documents/./cypress/e2e/MiracleBrand Prod/ShopTestCTAComforter.cy.js:16:38)",
                "diff": null
              },
              "uuid": "a5d5d857-ba2f-495a-bd0d-b7efeb34f867",
              "parentUUID": "085158f3-2a98-49d4-9c7a-5f1f1e597565",
              "isHook": false,
              "skipped": false
            },
            {
              "title": "Navegar Home y verificación de botón CTA",
              "fullTitle": "home de www.shopmiraclebrand.co/comforter/ksp-bento/?__orly_origin=qa-bento Navegar Home y verificación de botón CTA",
              "timedOut": null,
              "duration": 11540,
              "state": "failed",
              "speed": null,
              "pass": false,
              "fail": true,
              "pending": false,
              "context": null,
              "code": "cy.scrollTo(0, 1000);\ncy.wait(1000);\ncy.scrollTo(0, 1000);\ncy.wait(1000);\ncy.scrollTo(0, 1000);\ncy.wait(1000);\ncy.scrollTo(0, 1000);\ncy.wait(1000);\ncy.get('.u05GBI5R').click();",
              "err": {
                "message": "AssertionError: Timed out retrying after 4000ms: Expected to find element: `.u05GBI5R`, but never found it.",
                "estack": "AssertionError: Timed out retrying after 4000ms: Expected to find element: `.u05GBI5R`, but never found it.\n    at Context.eval (webpack://documents/./cypress/e2e/MiracleBrand Prod/ShopTestCTAComforter.cy.js:33:7)",
                "diff": null
              },
              "uuid": "367bec93-aeca-47b6-bf10-cb0a89a26d9a",
              "parentUUID": "085158f3-2a98-49d4-9c7a-5f1f1e597565",
              "isHook": false,
              "skipped": false
            }
          ],
          "suites": [],
          "passes": [],
          "failures": [
            "a5d5d857-ba2f-495a-bd0d-b7efeb34f867",
            "367bec93-aeca-47b6-bf10-cb0a89a26d9a"
          ],
          "pending": [],
          "skipped": [],
          "duration": 22689,
          "root": false,
          "rootEmpty": false,
          "_timeout": 2000
        }
      ],
      "passes": [],
      "failures": [],
      "pending": [],
      "skipped": [],
      "duration": 0,
      "root": true,
      "rootEmpty": true,
      "_timeout": 2000
    }
  ],
  "meta": {
    "mocha": {
      "version": "7.0.1"
    },
    "mochawesome": {
      "options": {
        "quiet": false,
        "reportFilename": "mochawesome",
        "saveHtml": true,
        "saveJson": true,
        "consoleReporter": "spec",
        "useInlineDiffs": false,
        "code": true
      },
      "version": "7.1.3"
    },
    "marge": {
      "options": {
        "reportDir": "mochawesome-report",
        "overwrite": false,
        "html": true,
        "json": true
      },
      "version": "6.2.0"
    }
  }
}