{
  "stats": {
    "suites": 1,
    "tests": 1,
    "passes": 0,
    "pending": 0,
    "failures": 1,
    "start": "2025-01-31T14:14:29.630Z",
    "end": "2025-01-31T14:14:51.300Z",
    "duration": 21670,
    "testsRegistered": 1,
    "passPercent": 0,
    "pendingPercent": 0,
    "other": 0,
    "hasOther": false,
    "skipped": 0,
    "hasSkipped": false
  },
  "results": [
    {
      "uuid": "74067c33-dcde-48dd-a28b-80e03a19a034",
      "title": "",
      "fullFile": "cypress/e2e/othersProd1/ContinuarCanjeando.cy.js",
      "file": "cypress/e2e/othersProd1/ContinuarCanjeando.cy.js",
      "beforeHooks": [],
      "afterHooks": [],
      "tests": [],
      "suites": [
        {
          "uuid": "4f161d9e-2943-44f3-94ae-1fb0e2621ce0",
          "title": "Botón Continuar Canjeando del carrito",
          "fullFile": "",
          "file": "",
          "beforeHooks": [],
          "afterHooks": [],
          "tests": [
            {
              "title": "Verificación botón \"continuar canjeando\" ",
              "fullTitle": "Botón Continuar Canjeando del carrito Verificación botón \"continuar canjeando\" ",
              "timedOut": null,
              "duration": 20373,
              "state": "failed",
              "speed": null,
              "pass": false,
              "fail": true,
              "pending": false,
              "context": null,
              "code": "cy.get('#menuItemsList > :nth-child(2) > a').click();\ncy.get(':nth-child(5) > .thumbnail > .caption > .categoryName').click();\ncy.get(':nth-child(1) > .premioEnCatalogo > .thumbnail').should('be.visible').click();\ncy.get('.wrapAddToCartBtn > .input-group-btn').should('be.visible');\ncy.get('.wrapAddToCartBtn > .input-group-btn').should('be.visible');\ncy.get('#add-to-cart-button-1032').click({\n  force: true\n});\ncy.wait(5000);\ncy.get('a[href=\"/cart\"]').should('be.visible');\ncy.get('.close').should('be.visible');\ncy.get('.modal-message > a').click();\ncy.contains('Continuar canjeando');\ncy.get('#continueshopping').should('be.visible').click();",
              "err": {
                "message": "AssertionError: Timed out retrying after 4000ms: Expected to find element: `#add-to-cart-button-1032`, but never found it.",
                "estack": "AssertionError: Timed out retrying after 4000ms: Expected to find element: `#add-to-cart-button-1032`, but never found it.\n    at Context.eval (webpack://documents/./cypress/e2e/othersProd1/ContinuarCanjeando.cy.js:26:11)",
                "diff": null
              },
              "uuid": "6e455d5f-27ae-4966-b79a-5b2b5101fcb4",
              "parentUUID": "4f161d9e-2943-44f3-94ae-1fb0e2621ce0",
              "isHook": false,
              "skipped": false
            }
          ],
          "suites": [],
          "passes": [],
          "failures": [
            "6e455d5f-27ae-4966-b79a-5b2b5101fcb4"
          ],
          "pending": [],
          "skipped": [],
          "duration": 20373,
          "root": false,
          "rootEmpty": false,
          "_timeout": 2000
        }
      ],
      "passes": [],
      "failures": [],
      "pending": [],
      "skipped": [],
      "duration": 0,
      "root": true,
      "rootEmpty": true,
      "_timeout": 2000
    }
  ],
  "meta": {
    "mocha": {
      "version": "7.0.1"
    },
    "mochawesome": {
      "options": {
        "quiet": false,
        "reportFilename": "mochawesome",
        "saveHtml": true,
        "saveJson": true,
        "consoleReporter": "spec",
        "useInlineDiffs": false,
        "code": true
      },
      "version": "7.1.3"
    },
    "marge": {
      "options": {
        "reportDir": "mochawesome-report",
        "overwrite": false,
        "html": true,
        "json": true
      },
      "version": "6.2.0"
    }
  }
}