{
  "stats": {
    "suites": 2,
    "tests": 9,
    "passes": 9,
    "pending": 0,
    "failures": 0,
    "start": "2025-02-18T14:19:16.540Z",
    "end": "2025-02-18T14:21:21.739Z",
    "duration": 125199,
    "testsRegistered": 9,
    "passPercent": 100,
    "pendingPercent": 0,
    "other": 0,
    "hasOther": false,
    "skipped": 0,
    "hasSkipped": false
  },
  "results": [
    {
      "uuid": "7dcc9108-2c39-4d0e-8dee-a0559e99ca8a",
      "title": "",
      "fullFile": "cypress/e2e/COMFRT/NavCateClic+ElemenVisiblesDesktop.cy.js",
      "file": "cypress/e2e/COMFRT/NavCateClic+ElemenVisiblesDesktop.cy.js",
      "beforeHooks": [],
      "afterHooks": [],
      "tests": [],
      "suites": [
        {
          "uuid": "ef27ab0d-3d40-4691-8e09-2196941bb4ae",
          "title": "Prueba de scroll en vista móvil y desktop - Comfrt",
          "fullFile": "",
          "file": "",
          "beforeHooks": [],
          "afterHooks": [],
          "tests": [],
          "suites": [
            {
              "uuid": "234c69ce-5b4c-4799-bd1e-46d83db162a5",
              "title": "Pruebas en MacBook Pro 16\"",
              "fullFile": "",
              "file": "",
              "beforeHooks": [],
              "afterHooks": [],
              "tests": [
                {
                  "title": "Debería mostrarse el header",
                  "fullTitle": "Prueba de scroll en vista móvil y desktop - Comfrt Pruebas en MacBook Pro 16\" Debería mostrarse el header",
                  "timedOut": null,
                  "duration": 7090,
                  "state": "passed",
                  "speed": "medium",
                  "pass": true,
                  "fail": false,
                  "pending": false,
                  "context": null,
                  "code": "cy.get('.IXjqotrK').should('be.visible');",
                  "err": {},
                  "uuid": "6b8c2e6f-e9a5-46ec-9219-edb9f034d5af",
                  "parentUUID": "234c69ce-5b4c-4799-bd1e-46d83db162a5",
                  "isHook": false,
                  "skipped": false
                },
                {
                  "title": "Debería hacer clic en el enlace de All Shop en el header",
                  "fullTitle": "Prueba de scroll en vista móvil y desktop - Comfrt Pruebas en MacBook Pro 16\" Debería hacer clic en el enlace de All Shop en el header",
                  "timedOut": null,
                  "duration": 11671,
                  "state": "passed",
                  "speed": "slow",
                  "pass": true,
                  "fail": false,
                  "pending": false,
                  "context": null,
                  "code": "cy.get('.vBg37Hhp > [href=\"/collections/all-products\"]').should('be.visible').click();\ncy.url().should('include', '/collections/all-products');\n//Verificar que todos los elementos sean visibles\ncy.get('#collections_with_pagination-default-collections-with-pagination_0 > div.zZYXATlU > div').should('be.visible');\ncy.wait(2000);\n// Desplázate y espera\ncy.scrollTo('bottom');\ncy.wait(2000);\ncy.scrollTo('top');",
                  "err": {},
                  "uuid": "428837de-aebb-491f-b1e9-2f9065a13489",
                  "parentUUID": "234c69ce-5b4c-4799-bd1e-46d83db162a5",
                  "isHook": false,
                  "skipped": false
                },
                {
                  "title": "Debería hacer clic en el enlace de Hoodies en el header",
                  "fullTitle": "Prueba de scroll en vista móvil y desktop - Comfrt Pruebas en MacBook Pro 16\" Debería hacer clic en el enlace de Hoodies en el header",
                  "timedOut": null,
                  "duration": 8792,
                  "state": "passed",
                  "speed": "medium",
                  "pass": true,
                  "fail": false,
                  "pending": false,
                  "context": null,
                  "code": "cy.get('.vBg37Hhp > [href=\"/collections/hoodies\"]').should('be.visible').click();\ncy.url().should('include', '/collections/hoodies');\n//Verificar que todos los elementos sean visibles\ncy.get('#collections_with_pagination-default-collections-with-pagination_0').should('be.visible');\ncy.wait(2000);\n// Desplázate y espera\ncy.scrollTo('bottom');\ncy.wait(2000);\ncy.scrollTo('top');",
                  "err": {},
                  "uuid": "fef85f49-f870-4d10-b979-bef8ad49a095",
                  "parentUUID": "234c69ce-5b4c-4799-bd1e-46d83db162a5",
                  "isHook": false,
                  "skipped": false
                },
                {
                  "title": "Debería hacer clic en el enlace de Sweatpants en el header",
                  "fullTitle": "Prueba de scroll en vista móvil y desktop - Comfrt Pruebas en MacBook Pro 16\" Debería hacer clic en el enlace de Sweatpants en el header",
                  "timedOut": null,
                  "duration": 12506,
                  "state": "passed",
                  "speed": "slow",
                  "pass": true,
                  "fail": false,
                  "pending": false,
                  "context": null,
                  "code": "cy.get('.vBg37Hhp > [href=\"/collections/sweatpants\"]').should('be.visible').click();\ncy.url().should('include', '/collections/sweatpants');\n//Verificar que todos los elementos sean visibles\ncy.get('#collections_with_pagination-default-collections-with-pagination_0').should('be.visible');\ncy.wait(2000);\n// Desplázate y espera\ncy.scrollTo('bottom');\ncy.wait(2000);\ncy.scrollTo('top');",
                  "err": {},
                  "uuid": "5b995323-da11-49da-9d89-63e5894e896c",
                  "parentUUID": "234c69ce-5b4c-4799-bd1e-46d83db162a5",
                  "isHook": false,
                  "skipped": false
                },
                {
                  "title": "Debería hacer clic en el enlace de Kids en el header",
                  "fullTitle": "Prueba de scroll en vista móvil y desktop - Comfrt Pruebas en MacBook Pro 16\" Debería hacer clic en el enlace de Kids en el header",
                  "timedOut": null,
                  "duration": 25053,
                  "state": "passed",
                  "speed": "slow",
                  "pass": true,
                  "fail": false,
                  "pending": false,
                  "context": null,
                  "code": "cy.get('.vBg37Hhp > [href=\"/content/kids\"]').should('be.visible').click();\ncy.url().should('include', '/content/kids');\n//Verificar que todos los elementos sean visibles\ncy.get('#home_hero-kids-hero-draft_0 > div > img').should('be.visible');\ncy.wait(2000);\ncy.get('#featured_products_section-shop-kids-section-draft_2 > div > div.zZYXATlU > div').should('be.visible');\ncy.wait(2000);\ncy.get('#featured_products_section-shop-kids-sweatpants_3 > div').should('be.visible');\ncy.wait(2000);\ncy.get('#image_centered_text-kids-sub-section-draft_4 > section > img').should('be.visible');\ncy.wait(2000);\ncy.get('#home_featured_section-kids-featured-draft_6 > section > div:nth-child(1) > div.dlYCmTsm > img').should('be.visible');\ncy.wait(2000);\ncy.get('#home_featured_section-kids-featured-draft_6 > section > div:nth-child(2) > div.dlYCmTsm > img').should('be.visible');\ncy.wait(2000);\n// Desplázate y espera\ncy.scrollTo('bottom');\ncy.wait(2000);\ncy.scrollTo('top');",
                  "err": {},
                  "uuid": "2bbae985-c045-42ae-803e-8812d67ddd18",
                  "parentUUID": "234c69ce-5b4c-4799-bd1e-46d83db162a5",
                  "isHook": false,
                  "skipped": false
                },
                {
                  "title": "Debería hacer clic en el enlace de Loungewear en el header",
                  "fullTitle": "Prueba de scroll en vista móvil y desktop - Comfrt Pruebas en MacBook Pro 16\" Debería hacer clic en el enlace de Loungewear en el header",
                  "timedOut": null,
                  "duration": 9853,
                  "state": "passed",
                  "speed": "medium",
                  "pass": true,
                  "fail": false,
                  "pending": false,
                  "context": null,
                  "code": "cy.get('.vBg37Hhp > [href=\"/collections/loungewear\"]').should('be.visible').click();\ncy.url().should('include', '/collections/loungewear');\n//Verificar que todos los elementos sean visibles\ncy.get('#collections_with_pagination-default-collections-with-pagination_0').should('be.visible');\ncy.wait(2000);\n// Desplázate y espera\ncy.scrollTo('bottom');\ncy.wait(2000);\ncy.scrollTo('top');",
                  "err": {},
                  "uuid": "836e2047-3bed-47be-b23f-9d41edbb92bb",
                  "parentUUID": "234c69ce-5b4c-4799-bd1e-46d83db162a5",
                  "isHook": false,
                  "skipped": false
                },
                {
                  "title": "Debería hacer clic en el enlace de Blankets en el header",
                  "fullTitle": "Prueba de scroll en vista móvil y desktop - Comfrt Pruebas en MacBook Pro 16\" Debería hacer clic en el enlace de Blankets en el header",
                  "timedOut": null,
                  "duration": 20644,
                  "state": "passed",
                  "speed": "slow",
                  "pass": true,
                  "fail": false,
                  "pending": false,
                  "context": null,
                  "code": "cy.get('.vBg37Hhp > [href=\"/content/blankets\"]').should('be.visible').click();\ncy.url().should('include', '/content/blankets');\n//Verificar que todos los elementos sean visibles\ncy.get('#home_hero-weighted-blanket-landing-page-hero_0 > div > img').should('be.visible');\ncy.wait(2000);\ncy.get('#featured_products_section-shop-blankets_2 > div > div.zZYXATlU > div').should('be.visible');\ncy.wait(2000);\ncy.get('#image_centered_text-banner-blankets-draft_3 > section > img').should('be.visible');\ncy.wait(2000);\ncy.get('#home_featured_section-blankets-featured-section-draft_5 > section > div:nth-child(1) > div.dlYCmTsm > img').should('be.visible');\ncy.wait(2000);\ncy.get('#home_featured_section-blankets-featured-section-draft_5 > section > div:nth-child(2) > div.dlYCmTsm > img').should('be.visible');\ncy.wait(2000);\n// Desplázate y espera\ncy.scrollTo('bottom');\ncy.wait(2000);\ncy.scrollTo('top');",
                  "err": {},
                  "uuid": "101fae02-fee8-448d-8c45-55b34e4767aa",
                  "parentUUID": "234c69ce-5b4c-4799-bd1e-46d83db162a5",
                  "isHook": false,
                  "skipped": false
                },
                {
                  "title": "Debería hacer clic en el enlace de Accessories en el header",
                  "fullTitle": "Prueba de scroll en vista móvil y desktop - Comfrt Pruebas en MacBook Pro 16\" Debería hacer clic en el enlace de Accessories en el header",
                  "timedOut": null,
                  "duration": 8961,
                  "state": "passed",
                  "speed": "medium",
                  "pass": true,
                  "fail": false,
                  "pending": false,
                  "context": null,
                  "code": "cy.get('.vBg37Hhp > [href=\"/collections/accessories\"]').should('be.visible').click();\ncy.url().should('include', '/collections/accessories');\n//Verificar que todos los elementos sean visibles\ncy.get('#collections_with_pagination-default-collections-with-pagination_0 > div > div').should('be.visible');\ncy.wait(2000);\n// Desplázate y espera\ncy.scrollTo('bottom');\ncy.wait(2000);\ncy.scrollTo('top');",
                  "err": {},
                  "uuid": "52490bee-fd60-4f5e-8167-fb95f93ed375",
                  "parentUUID": "234c69ce-5b4c-4799-bd1e-46d83db162a5",
                  "isHook": false,
                  "skipped": false
                },
                {
                  "title": "Debería hacer clic en el enlace de Pets en el header",
                  "fullTitle": "Prueba de scroll en vista móvil y desktop - Comfrt Pruebas en MacBook Pro 16\" Debería hacer clic en el enlace de Pets en el header",
                  "timedOut": null,
                  "duration": 18103,
                  "state": "passed",
                  "speed": "slow",
                  "pass": true,
                  "fail": false,
                  "pending": false,
                  "context": null,
                  "code": "cy.get('.vBg37Hhp > [href=\"/content/pets\"]').should('be.visible').click();\ncy.url().should('include', '/content/pets');\n//Verificar que todos los elementos sean visibles\ncy.get('#home_hero-pets-hero-draft_0 > div > img').should('be.visible');\ncy.wait(2000);\ncy.get('#featured_products_section-shop-pets-draft_2 > div').should('be.visible');\ncy.wait(2000);\ncy.get('#image_centered_text-pets-banner-draft_3 > section > img').should('be.visible');\ncy.wait(2000);\ncy.get('#home_featured_section-pets-featured-section-draft_5 > section > div:nth-child(1) > div.dlYCmTsm > img').should('be.visible');\ncy.wait(2000);\ncy.get('#home_featured_section-pets-featured-section-draft_5 > section > div:nth-child(2) > div.dlYCmTsm > img').should('be.visible');\ncy.wait(2000);\n// Desplázate y espera\ncy.scrollTo('bottom');\ncy.wait(2000);\ncy.scrollTo('top');",
                  "err": {},
                  "uuid": "ed0cb336-787b-48f2-9fdb-8c839af0dfdc",
                  "parentUUID": "234c69ce-5b4c-4799-bd1e-46d83db162a5",
                  "isHook": false,
                  "skipped": false
                }
              ],
              "suites": [],
              "passes": [
                "6b8c2e6f-e9a5-46ec-9219-edb9f034d5af",
                "428837de-aebb-491f-b1e9-2f9065a13489",
                "fef85f49-f870-4d10-b979-bef8ad49a095",
                "5b995323-da11-49da-9d89-63e5894e896c",
                "2bbae985-c045-42ae-803e-8812d67ddd18",
                "836e2047-3bed-47be-b23f-9d41edbb92bb",
                "101fae02-fee8-448d-8c45-55b34e4767aa",
                "52490bee-fd60-4f5e-8167-fb95f93ed375",
                "ed0cb336-787b-48f2-9fdb-8c839af0dfdc"
              ],
              "failures": [],
              "pending": [],
              "skipped": [],
              "duration": 122673,
              "root": false,
              "rootEmpty": false,
              "_timeout": 2000
            }
          ],
          "passes": [],
          "failures": [],
          "pending": [],
          "skipped": [],
          "duration": 0,
          "root": false,
          "rootEmpty": false,
          "_timeout": 2000
        }
      ],
      "passes": [],
      "failures": [],
      "pending": [],
      "skipped": [],
      "duration": 0,
      "root": true,
      "rootEmpty": true,
      "_timeout": 2000
    }
  ],
  "meta": {
    "mocha": {
      "version": "7.0.1"
    },
    "mochawesome": {
      "options": {
        "quiet": false,
        "reportFilename": "mochawesome",
        "saveHtml": true,
        "saveJson": true,
        "consoleReporter": "spec",
        "useInlineDiffs": false,
        "code": true
      },
      "version": "7.1.3"
    },
    "marge": {
      "options": {
        "reportDir": "mochawesome-report",
        "overwrite": true,
        "html": true,
        "json": true
      },
      "version": "6.2.0"
    }
  }
}