{
  "stats": {
    "suites": 1,
    "tests": 2,
    "passes": 0,
    "pending": 0,
    "failures": 2,
    "start": "2025-01-31T14:07:30.527Z",
    "end": "2025-01-31T14:07:56.696Z",
    "duration": 26169,
    "testsRegistered": 2,
    "passPercent": 0,
    "pendingPercent": 0,
    "other": 0,
    "hasOther": false,
    "skipped": 0,
    "hasSkipped": false
  },
  "results": [
    {
      "uuid": "68e8e84a-01e7-43f4-b5c9-ab3b2bbf9f89",
      "title": "",
      "fullFile": "cypress/e2e/MiracleBrand Prod/ShopTestCTAC3.cy.js",
      "file": "cypress/e2e/MiracleBrand Prod/ShopTestCTAC3.cy.js",
      "beforeHooks": [],
      "afterHooks": [],
      "tests": [],
      "suites": [
        {
          "uuid": "cf87c0db-51c2-44d7-abac-d1eb526a6e64",
          "title": "home de www.shopmiraclebrand.co/a/c3-bento?__orly_origin=qa-bento",
          "fullFile": "",
          "file": "",
          "beforeHooks": [],
          "afterHooks": [],
          "tests": [
            {
              "title": "Verificacion Elementos existentes y visibles",
              "fullTitle": "home de www.shopmiraclebrand.co/a/c3-bento?__orly_origin=qa-bento Verificacion Elementos existentes y visibles",
              "timedOut": null,
              "duration": 10504,
              "state": "failed",
              "speed": null,
              "pass": false,
              "fail": true,
              "pending": false,
              "context": null,
              "code": "cy.get('._5IdGgfr').should('be.visible');\ncy.get('._5IdGgfr').should('exist');\ncy.wait(4000);",
              "err": {
                "message": "AssertionError: Timed out retrying after 4000ms: Expected to find element: `._5IdGgfr`, but never found it.",
                "estack": "AssertionError: Timed out retrying after 4000ms: Expected to find element: `._5IdGgfr`, but never found it.\n    at Context.eval (webpack://documents/./cypress/e2e/MiracleBrand Prod/ShopTestCTAC3.cy.js:16:22)",
                "diff": null
              },
              "uuid": "6b0b30d6-cb47-4868-886d-15120ad4b968",
              "parentUUID": "cf87c0db-51c2-44d7-abac-d1eb526a6e64",
              "isHook": false,
              "skipped": false
            },
            {
              "title": "Navegar Home y verificación de botón CTA",
              "fullTitle": "home de www.shopmiraclebrand.co/a/c3-bento?__orly_origin=qa-bento Navegar Home y verificación de botón CTA",
              "timedOut": null,
              "duration": 14382,
              "state": "failed",
              "speed": null,
              "pass": false,
              "fail": true,
              "pending": false,
              "context": null,
              "code": "cy.scrollTo(0, 1000);\ncy.wait(1000);\ncy.scrollTo(0, 1000);\ncy.wait(1000);\ncy.scrollTo(0, 1000);\ncy.wait(1000);\ncy.scrollTo(0, 1000);\ncy.wait(1000);\ncy.get('.pWS1VEBH').click();",
              "err": {
                "message": "AssertionError: Timed out retrying after 4000ms: Expected to find element: `.pWS1VEBH`, but never found it.",
                "estack": "AssertionError: Timed out retrying after 4000ms: Expected to find element: `.pWS1VEBH`, but never found it.\n    at Context.eval (webpack://documents/./cypress/e2e/MiracleBrand Prod/ShopTestCTAC3.cy.js:33:7)",
                "diff": null
              },
              "uuid": "c4d7f01b-1b1d-44ce-8279-bb9e107a7f1d",
              "parentUUID": "cf87c0db-51c2-44d7-abac-d1eb526a6e64",
              "isHook": false,
              "skipped": false
            }
          ],
          "suites": [],
          "passes": [],
          "failures": [
            "6b0b30d6-cb47-4868-886d-15120ad4b968",
            "c4d7f01b-1b1d-44ce-8279-bb9e107a7f1d"
          ],
          "pending": [],
          "skipped": [],
          "duration": 24886,
          "root": false,
          "rootEmpty": false,
          "_timeout": 2000
        }
      ],
      "passes": [],
      "failures": [],
      "pending": [],
      "skipped": [],
      "duration": 0,
      "root": true,
      "rootEmpty": true,
      "_timeout": 2000
    }
  ],
  "meta": {
    "mocha": {
      "version": "7.0.1"
    },
    "mochawesome": {
      "options": {
        "quiet": false,
        "reportFilename": "mochawesome",
        "saveHtml": true,
        "saveJson": true,
        "consoleReporter": "spec",
        "useInlineDiffs": false,
        "code": true
      },
      "version": "7.1.3"
    },
    "marge": {
      "options": {
        "reportDir": "mochawesome-report",
        "overwrite": false,
        "html": true,
        "json": true
      },
      "version": "6.2.0"
    }
  }
}