{
  "stats": {
    "suites": 1,
    "tests": 5,
    "passes": 5,
    "pending": 0,
    "failures": 0,
    "start": "2025-01-31T15:09:45.823Z",
    "end": "2025-01-31T15:09:49.405Z",
    "duration": 3582,
    "testsRegistered": 5,
    "passPercent": 100,
    "pendingPercent": 0,
    "other": 0,
    "hasOther": false,
    "skipped": 0,
    "hasSkipped": false
  },
  "results": [
    {
      "uuid": "2e6caf68-92b4-46b0-bf10-ea8229fc0087",
      "title": "",
      "fullFile": "cypress/e2e/cypress/e2e/2-advanced-examples/utilities.cy.js",
      "file": "cypress/e2e/cypress/e2e/2-advanced-examples/utilities.cy.js",
      "beforeHooks": [],
      "afterHooks": [],
      "tests": [],
      "suites": [
        {
          "uuid": "b1eb10a7-c9e3-4f23-a707-508d6747e648",
          "title": "Utilities",
          "fullFile": "",
          "file": "",
          "beforeHooks": [],
          "afterHooks": [],
          "tests": [
            {
              "title": "Cypress._ - call a lodash method",
              "fullTitle": "Utilities Cypress._ - call a lodash method",
              "timedOut": null,
              "duration": 579,
              "state": "passed",
              "speed": "fast",
              "pass": true,
              "fail": false,
              "pending": false,
              "context": null,
              "code": "// https://on.cypress.io/_\ncy.request('https://jsonplaceholder.cypress.io/users').then(response => {\n  let ids = Cypress._.chain(response.body).map('id').take(3).value();\n  expect(ids).to.deep.eq([1, 2, 3]);\n});",
              "err": {},
              "uuid": "056ddf9d-5570-4eac-82fa-86a2dc33f2e3",
              "parentUUID": "b1eb10a7-c9e3-4f23-a707-508d6747e648",
              "isHook": false,
              "skipped": false
            },
            {
              "title": "Cypress.$ - call a jQuery method",
              "fullTitle": "Utilities Cypress.$ - call a jQuery method",
              "timedOut": null,
              "duration": 220,
              "state": "passed",
              "speed": "fast",
              "pass": true,
              "fail": false,
              "pending": false,
              "context": null,
              "code": "// https://on.cypress.io/$\nlet $li = Cypress.$('.utility-jquery li:first');\ncy.wrap($li).should('not.have.class', 'active').click().should('have.class', 'active');",
              "err": {},
              "uuid": "8718f247-6895-4c05-9872-458b37a5d886",
              "parentUUID": "b1eb10a7-c9e3-4f23-a707-508d6747e648",
              "isHook": false,
              "skipped": false
            },
            {
              "title": "Cypress.Blob - blob utilities and base64 string conversion",
              "fullTitle": "Utilities Cypress.Blob - blob utilities and base64 string conversion",
              "timedOut": null,
              "duration": 449,
              "state": "passed",
              "speed": "fast",
              "pass": true,
              "fail": false,
              "pending": false,
              "context": null,
              "code": "// https://on.cypress.io/blob\ncy.get('.utility-blob').then($div => {\n  // https://github.com/nolanlawson/blob-util#imgSrcToDataURL\n  // get the dataUrl string for the javascript-logo\n  return Cypress.Blob.imgSrcToDataURL('https://example.cypress.io/assets/img/javascript-logo.png', undefined, 'anonymous').then(dataUrl => {\n    // create an <img> element and set its src to the dataUrl\n    let img = Cypress.$('<img />', {\n      src: dataUrl\n    });\n    // need to explicitly return cy here since we are initially returning\n    // the Cypress.Blob.imgSrcToDataURL promise to our test\n    // append the image\n    $div.append(img);\n    cy.get('.utility-blob img').click().should('have.attr', 'src', dataUrl);\n  });\n});",
              "err": {},
              "uuid": "a33682b6-7675-464b-9f45-51d4eb0fa3df",
              "parentUUID": "b1eb10a7-c9e3-4f23-a707-508d6747e648",
              "isHook": false,
              "skipped": false
            },
            {
              "title": "Cypress.minimatch - test out glob patterns against strings",
              "fullTitle": "Utilities Cypress.minimatch - test out glob patterns against strings",
              "timedOut": null,
              "duration": 127,
              "state": "passed",
              "speed": "fast",
              "pass": true,
              "fail": false,
              "pending": false,
              "context": null,
              "code": "// https://on.cypress.io/minimatch\nlet matching = Cypress.minimatch('/users/1/comments', '/users/*/comments', {\n  matchBase: true\n});\nexpect(matching, 'matching wildcard').to.be.true;\nmatching = Cypress.minimatch('/users/1/comments/2', '/users/*/comments', {\n  matchBase: true\n});\nexpect(matching, 'comments').to.be.false;\n// ** matches against all downstream path segments\nmatching = Cypress.minimatch('/foo/bar/baz/123/quux?a=b&c=2', '/foo/**', {\n  matchBase: true\n});\nexpect(matching, 'comments').to.be.true;\n// whereas * matches only the next path segment\nmatching = Cypress.minimatch('/foo/bar/baz/123/quux?a=b&c=2', '/foo/*', {\n  matchBase: false\n});\nexpect(matching, 'comments').to.be.false;",
              "err": {},
              "uuid": "3422e794-7614-4a64-a21b-b7148a115c9e",
              "parentUUID": "b1eb10a7-c9e3-4f23-a707-508d6747e648",
              "isHook": false,
              "skipped": false
            },
            {
              "title": "Cypress.Promise - instantiate a bluebird promise",
              "fullTitle": "Utilities Cypress.Promise - instantiate a bluebird promise",
              "timedOut": null,
              "duration": 1128,
              "state": "passed",
              "speed": "fast",
              "pass": true,
              "fail": false,
              "pending": false,
              "context": null,
              "code": "// https://on.cypress.io/promise\nlet waited = false;\n/**\n * @return Bluebird<string>\n */\nfunction waitOneSecond() {\n  // return a promise that resolves after 1 second\n  return new Cypress.Promise((resolve, reject) => {\n    setTimeout(() => {\n      // set waited to true\n      waited = true;\n      // resolve with 'foo' string\n      resolve('foo');\n    }, 1000);\n  });\n}\ncy.then(() => {\n  // return a promise to cy.then() that\n  // is awaited until it resolves\n  return waitOneSecond().then(str => {\n    expect(str).to.eq('foo');\n    expect(waited).to.be.true;\n  });\n});",
              "err": {},
              "uuid": "b63d0402-a6ab-4100-aeb7-09c02ca59150",
              "parentUUID": "b1eb10a7-c9e3-4f23-a707-508d6747e648",
              "isHook": false,
              "skipped": false
            }
          ],
          "suites": [],
          "passes": [
            "056ddf9d-5570-4eac-82fa-86a2dc33f2e3",
            "8718f247-6895-4c05-9872-458b37a5d886",
            "a33682b6-7675-464b-9f45-51d4eb0fa3df",
            "3422e794-7614-4a64-a21b-b7148a115c9e",
            "b63d0402-a6ab-4100-aeb7-09c02ca59150"
          ],
          "failures": [],
          "pending": [],
          "skipped": [],
          "duration": 2503,
          "root": false,
          "rootEmpty": false,
          "_timeout": 2000
        }
      ],
      "passes": [],
      "failures": [],
      "pending": [],
      "skipped": [],
      "duration": 0,
      "root": true,
      "rootEmpty": true,
      "_timeout": 2000
    }
  ],
  "meta": {
    "mocha": {
      "version": "7.0.1"
    },
    "mochawesome": {
      "options": {
        "quiet": false,
        "reportFilename": "mochawesome",
        "saveHtml": true,
        "saveJson": true,
        "consoleReporter": "spec",
        "useInlineDiffs": false,
        "code": true
      },
      "version": "7.1.3"
    },
    "marge": {
      "options": {
        "reportDir": "mochawesome-report",
        "overwrite": false,
        "html": true,
        "json": true
      },
      "version": "6.2.0"
    }
  }
}