{
  "stats": {
    "suites": 1,
    "tests": 1,
    "passes": 0,
    "pending": 0,
    "failures": 1,
    "start": "2025-01-31T14:12:57.196Z",
    "end": "2025-01-31T14:12:58.293Z",
    "duration": 1097,
    "testsRegistered": 5,
    "passPercent": 0,
    "pendingPercent": 0,
    "other": 0,
    "hasOther": false,
    "skipped": 4,
    "hasSkipped": true
  },
  "results": [
    {
      "uuid": "bb6cd4a6-6c1d-4bfe-ba9a-9f9ea24646ae",
      "title": "",
      "fullFile": "cypress/e2e/othersProd1/Clubes.cy.js",
      "file": "cypress/e2e/othersProd1/Clubes.cy.js",
      "beforeHooks": [],
      "afterHooks": [],
      "tests": [],
      "suites": [
        {
          "uuid": "61b99a4e-66a8-4802-accd-aca9ee5664f1",
          "title": "clubes",
          "fullFile": "",
          "file": "",
          "beforeHooks": [],
          "afterHooks": [],
          "tests": [
            {
              "title": "Veririficar tìtulo y botón header Home",
              "fullTitle": "clubes Veririficar tìtulo y botón header Home",
              "timedOut": null,
              "duration": 960,
              "state": "failed",
              "speed": null,
              "pass": false,
              "fail": true,
              "pending": false,
              "context": null,
              "code": "cy.contains('CLUBES');\ncy.get('#menuItemsList > :nth-child(3) > a').click();",
              "err": {
                "message": "CypressError: `cy.visit()` failed trying to load:\n\nhttps://www.jcom.ar/\n\nWe attempted to make an http request to this URL but the request failed without a response.\n\nWe received this error at the network level:\n\n  > Error: getaddrinfo ENOTFOUND www.jcom.ar\n\nCommon situations why this would fail:\n  - you don't have internet access\n  - you forgot to run / boot your web server\n  - your web server isn't accessible\n  - you have weird network configuration settings on your computer\n\nBecause this error occurred during a `before each` hook we are skipping the remaining tests in the current suite: `clubes`",
                "estack": "CypressError: `cy.visit()` failed trying to load:\n\nhttps://www.jcom.ar/\n\nWe attempted to make an http request to this URL but the request failed without a response.\n\nWe received this error at the network level:\n\n  > Error: getaddrinfo ENOTFOUND www.jcom.ar\n\nCommon situations why this would fail:\n  - you don't have internet access\n  - you forgot to run / boot your web server\n  - your web server isn't accessible\n  - you have weird network configuration settings on your computer\n\nBecause this error occurred during a `before each` hook we are skipping the remaining tests in the current suite: `clubes`\n    at <unknown> (https://www.comfrt.com/__cypress/runner/cypress_runner.js:131650:74)\n    at visitFailedByErr (https://www.comfrt.com/__cypress/runner/cypress_runner.js:131049:12)\n    at <unknown> (https://www.comfrt.com/__cypress/runner/cypress_runner.js:131649:11)\n    at tryCatcher (https://www.comfrt.com/__cypress/runner/cypress_runner.js:1807:23)\n    at Promise._settlePromiseFromHandler (https://www.comfrt.com/__cypress/runner/cypress_runner.js:1519:31)\n    at Promise._settlePromise (https://www.comfrt.com/__cypress/runner/cypress_runner.js:1576:18)\n    at Promise._settlePromise0 (https://www.comfrt.com/__cypress/runner/cypress_runner.js:1621:10)\n    at Promise._settlePromises (https://www.comfrt.com/__cypress/runner/cypress_runner.js:1697:18)\n    at _drainQueueStep (https://www.comfrt.com/__cypress/runner/cypress_runner.js:2407:12)\n    at _drainQueue (https://www.comfrt.com/__cypress/runner/cypress_runner.js:2400:9)\n    at Async._drainQueues (https://www.comfrt.com/__cypress/runner/cypress_runner.js:2416:5)\n    at Async.drainQueues (https://www.comfrt.com/__cypress/runner/cypress_runner.js:2286:14)\nFrom Your Spec Code:\n    at Context.eval (webpack://documents/./cypress/e2e/othersProd1/Clubes.cy.js:3:8)\n\nFrom Node.js Internals:\n  Error: getaddrinfo ENOTFOUND www.jcom.ar\n      at GetAddrInfoReqWrap.onlookup [as oncomplete] (node:dns:108:26)",
                "diff": null
              },
              "uuid": "5e7c5958-589c-4e49-9ad5-040c06a0cd8e",
              "parentUUID": "61b99a4e-66a8-4802-accd-aca9ee5664f1",
              "isHook": false,
              "skipped": false
            },
            {
              "title": "Vos y tu bebé",
              "fullTitle": "clubes Vos y tu bebé",
              "timedOut": null,
              "duration": 0,
              "state": "skipped",
              "speed": null,
              "pass": false,
              "fail": false,
              "pending": false,
              "context": null,
              "code": "cy.get('#menuItemsList > :nth-child(3) > a').click();\ncy.contains('Para Vos & tu Bebe');\ncy.get(':nth-child(2) > [href=\"/para-vos-y-tu-bebe\"]').click();\ncy.get('.fondoHoverSemiBlack').should('be.visible');\ncy.contains('Para vos y tu bebé es un espacio que impulsamos desde Jumbo+ con contenido enfocado para el cuidado tu bebé y beneficios exclusivos para la primera infancia.');\ncy.contains('Adherite');\ncy.get('.btn-adherite').click();\ncy.contains('Atención');\ncy.contains('Ya estabas adherido previamente a este Club.');\ncy.get('.btnVolverClub').should('be.visible');\ncy.get('.btnDesAdCLub').should('be.visible');\ncy.get('.btnVolverClub').click();\ncy.get('.btn-descuentos').should('be.visible');\ncy.contains('Descuentos exclusivos');\ncy.get('.btn-descuentos').click();\ncy.get('h1').should('be.visible');\ncy.get('#menuItemsList > :nth-child(3) > :nth-child(1)').click();\ncy.get(':nth-child(2) > [href=\"/para-vos-y-tu-bebe\"]').click();\ncy.contains('Notas del mes');\ncy.get('.btn-notas').should('be.visible');\ncy.get('.btn-notas').click();\ncy.get('.clubes-wrapper > .container').should('be.visible');\ncy.get('.btn-atras').should('be.visible');\ncy.get('.btn-atras').click();\ncy.contains('Consejos útiles y recetas');\ncy.get('.btn-consejos').should('be.visible');\ncy.get('.btn-consejos').click();\ncy.get('.clubes-wrapper > :nth-child(1) > :nth-child(2)').should('be.visible');\ncy.get('.btn-atras').should('be.visible');\ncy.get('.btn-atras').click();\ncy.contains('Destacados del mes');\ncy.get('.destacados').should('be.visible');\ncy.get('.consegui > p').should('be.visible');\ncy.contains('Notas anteriores');\ncy.get('.notas-anteriores').should('be.visible');",
              "err": {},
              "uuid": "a221f855-1cec-4107-a23f-4aeb9bc364a2",
              "parentUUID": "61b99a4e-66a8-4802-accd-aca9ee5664f1",
              "isHook": false,
              "skipped": true
            },
            {
              "title": "Viví saludable",
              "fullTitle": "clubes Viví saludable",
              "timedOut": null,
              "duration": 0,
              "state": "skipped",
              "speed": null,
              "pass": false,
              "fail": false,
              "pending": false,
              "context": null,
              "code": "cy.get('#menuItemsList > :nth-child(3) > :nth-child(1)').click();\ncy.contains('Viví saludable');\ncy.get('.open > .dropdown-menu > :nth-child(3) > a').should('be.visible');\ncy.get('.open > .dropdown-menu > :nth-child(3) > a').click();\ncy.get('.fondoHoverSemiBlack').should('be.visible');\ncy.contains('es un espacio que impulsamos para fomentar la alimentación saludable y el bienestar en general a través de espacios exclusivos en las tiendas.');\ncy.get('.btn-adherite').should('be.visible');\ncy.get('.btn-adherite').click();\ncy.contains('Atención');\ncy.contains('Ya estabas adherido previamente a este Club.');\ncy.get('.btnVolverClub').should('be.visible');\ncy.get('.btnDesAdCLub').should('be.visible');\ncy.get('.btnVolverClub').click();\ncy.get('.btn-descuentos').should('be.visible');\ncy.contains('Descuentos exclusivos');\ncy.get('.btn-descuentos').click();\ncy.get('h1').should('be.visible');\ncy.get('#menuItemsList > :nth-child(3) > :nth-child(1)').click();\ncy.get('.open > .dropdown-menu > :nth-child(3) > a').click();\ncy.contains('Notas del mes');\ncy.get('.btn-notas').should('be.visible');\ncy.get('.btn-notas').click();\ncy.get('.clubes-wrapper > .container').should('be.visible');\ncy.get('.btn-atras').should('be.visible');\ncy.get('.btn-atras').click();\ncy.contains('Consejos útiles y recetas');\ncy.get('.btn-consejos').should('be.visible');\ncy.get('.btn-consejos').click();\ncy.get('.clubes-wrapper > :nth-child(1) > :nth-child(2)').should('be.visible');\ncy.get('.btn-atras').should('be.visible');\ncy.get('.btn-atras').click();\ncy.contains('Destacados del mes');\ncy.get('.destacados').should('be.visible');\ncy.get('.consegui > p').should('be.visible');\ncy.contains('Notas anteriores');\ncy.get('.notas-anteriores').should('be.visible');",
              "err": {},
              "uuid": "93ca3ddd-d535-4fa1-bf37-f096613da864",
              "parentUUID": "61b99a4e-66a8-4802-accd-aca9ee5664f1",
              "isHook": false,
              "skipped": true
            },
            {
              "title": "Deli & wine",
              "fullTitle": "clubes Deli & wine",
              "timedOut": null,
              "duration": 0,
              "state": "skipped",
              "speed": null,
              "pass": false,
              "fail": false,
              "pending": false,
              "context": null,
              "code": "cy.get('#menuItemsList > :nth-child(3) > :nth-child(1)').click();\ncy.contains('Deli & Wine Club');\ncy.get('.dropdown-menu > :nth-child(4) > a').should('be.visible');\ncy.get('.dropdown-menu > :nth-child(4) > a').click();\ncy.get('.fondoHoverSemiBlack').should('be.visible');\ncy.contains('es una propuesta que forma parte de Jumbo');\ncy.get('.btn-adherite').should('be.visible');\ncy.get('.btn-adherite').click();\ncy.contains('Atención');\ncy.contains('Ya estabas adherido previamente a este Club.');\ncy.get('.btnVolverClub').should('be.visible');\ncy.get('.btnDesAdCLub').should('be.visible');\ncy.get('.btnVolverClub').click();\ncy.get('.btn-descuentos').should('be.visible');\ncy.contains('Descuentos exclusivos');\ncy.get('.btn-descuentos').click();\ncy.get('h1').should('be.visible');\ncy.get('#menuItemsList > :nth-child(3) > :nth-child(1)').click();\ncy.get('.dropdown-menu > :nth-child(4) > a').click();\ncy.contains('Notas del mes');\ncy.get('.btn-notas').should('be.visible');\ncy.get('.btn-notas').click();\ncy.get('.clubes-wrapper > .container').should('be.visible');\ncy.get('.btn-atras').should('be.visible');\ncy.get('.btn-atras').click();\ncy.contains('Consejos útiles y recetas');\ncy.get('.btn-consejos').should('be.visible');\n// cy.get('.btn-consejos').click()\n// cy.get('.clubes-wrapper > :nth-child(1) > :nth-child(2)').should('be.visible')\n// cy.get('.btn-atras').should('be.visible')\n// cy.get('.btn-atras').click()\ncy.contains('Destacados del mes');\ncy.get('.destacados').should('be.visible');\ncy.get('.consegui > p').should('be.visible');\ncy.contains('Notas anteriores');\ncy.get('.notas-anteriores').should('be.visible');",
              "err": {},
              "uuid": "d2ea4023-1a08-4103-a31f-c47011d71a26",
              "parentUUID": "61b99a4e-66a8-4802-accd-aca9ee5664f1",
              "isHook": false,
              "skipped": true
            },
            {
              "title": "Espacio libre de gluten",
              "fullTitle": "clubes Espacio libre de gluten",
              "timedOut": null,
              "duration": 0,
              "state": "skipped",
              "speed": null,
              "pass": false,
              "fail": false,
              "pending": false,
              "context": null,
              "code": "cy.get('#menuItemsList > :nth-child(3) > :nth-child(1)').click();\ncy.contains('Espacio Libre de Gluten');\ncy.get('.dropdown-menu > :nth-child(5) > a').should('be.visible');\ncy.get('.dropdown-menu > :nth-child(5) > a').click();\ncy.contains('Espacio Libre de Gluten');\ncy.get('.fondoHoverSemiBlack').should('be.visible');\ncy.get('.btn-adherite').should('be.visible');\ncy.get('.btn-adherite').click();\ncy.contains('Atención');\ncy.contains('Ya estabas adherido previamente a este Club.');\ncy.get('.btnVolverClub').should('be.visible');\ncy.get('.btnDesAdCLub').should('be.visible');\ncy.get('.btnVolverClub').click();\ncy.get('.btn-descuentos').should('be.visible');\ncy.contains('Descuentos exclusivos');\ncy.get('.btn-descuentos').click();\ncy.get('h1').should('be.visible');\ncy.get('#menuItemsList > :nth-child(3) > :nth-child(1)').click();\ncy.get('.dropdown-menu > :nth-child(5) > a').click();\ncy.contains('Notas del mes');\ncy.get('.btn-notas').should('be.visible');\ncy.get('.btn-notas').click();\ncy.get('.clubes-wrapper > .container').should('be.visible');\ncy.get('.btn-atras').should('be.visible');\ncy.get('#menuItemsList > :nth-child(3) > :nth-child(1)').click();\ncy.get('.dropdown-menu > :nth-child(5) > a').click();\ncy.contains('Consejos útiles y recetas');\ncy.get('.btn-consejos').should('be.visible');\ncy.get('.btn-consejos').click();\ncy.get('.clubes-wrapper > :nth-child(1) > :nth-child(2)').should('be.visible');\ncy.get('.btn-atras').should('be.visible');\ncy.get('#menuItemsList > :nth-child(3) > :nth-child(1)').click();\ncy.get('.dropdown-menu > :nth-child(5) > a').click();\ncy.contains('Notas anteriores');\ncy.get('.notas-anteriores').should('be.visible');\ncy.get('.col-xs-12 > a > .img-responsive').should('be.visible');",
              "err": {},
              "uuid": "3c80bcaa-b611-4af1-a5e5-97f24ce3e6a2",
              "parentUUID": "61b99a4e-66a8-4802-accd-aca9ee5664f1",
              "isHook": false,
              "skipped": true
            }
          ],
          "suites": [],
          "passes": [],
          "failures": [
            "5e7c5958-589c-4e49-9ad5-040c06a0cd8e"
          ],
          "pending": [],
          "skipped": [
            "a221f855-1cec-4107-a23f-4aeb9bc364a2",
            "93ca3ddd-d535-4fa1-bf37-f096613da864",
            "d2ea4023-1a08-4103-a31f-c47011d71a26",
            "3c80bcaa-b611-4af1-a5e5-97f24ce3e6a2"
          ],
          "duration": 960,
          "root": false,
          "rootEmpty": false,
          "_timeout": 2000
        }
      ],
      "passes": [],
      "failures": [],
      "pending": [],
      "skipped": [],
      "duration": 0,
      "root": true,
      "rootEmpty": true,
      "_timeout": 2000
    }
  ],
  "meta": {
    "mocha": {
      "version": "7.0.1"
    },
    "mochawesome": {
      "options": {
        "quiet": false,
        "reportFilename": "mochawesome",
        "saveHtml": true,
        "saveJson": true,
        "consoleReporter": "spec",
        "useInlineDiffs": false,
        "code": true
      },
      "version": "7.1.3"
    },
    "marge": {
      "options": {
        "reportDir": "mochawesome-report",
        "overwrite": false,
        "html": true,
        "json": true
      },
      "version": "6.2.0"
    }
  }
}