{
  "stats": {
    "suites": 7,
    "tests": 72,
    "passes": 72,
    "pending": 0,
    "failures": 0,
    "start": "2025-01-31T14:03:01.414Z",
    "end": "2025-01-31T14:05:39.488Z",
    "duration": 158074,
    "testsRegistered": 72,
    "passPercent": 100,
    "pendingPercent": 0,
    "other": 0,
    "hasOther": false,
    "skipped": 0,
    "hasSkipped": false
  },
  "results": [
    {
      "uuid": "8fc881b0-c835-4d26-88d2-52fc68884385",
      "title": "",
      "fullFile": "cypress/e2e/COMFRT/HomeAlldevicesElementsVisibles.cy.js",
      "file": "cypress/e2e/COMFRT/HomeAlldevicesElementsVisibles.cy.js",
      "beforeHooks": [],
      "afterHooks": [],
      "tests": [],
      "suites": [
        {
          "uuid": "ba1205e4-15ee-44ac-827e-0484cee00c60",
          "title": "Prueba de scroll en vista móvil y desktop - Comfrt",
          "fullFile": "",
          "file": "",
          "beforeHooks": [],
          "afterHooks": [],
          "tests": [],
          "suites": [
            {
              "uuid": "b8ff90f7-a725-4fde-9118-809e2ec5e174",
              "title": "Pruebas en Samsung Galaxy S23 Ultra",
              "fullFile": "",
              "file": "",
              "beforeHooks": [],
              "afterHooks": [],
              "tests": [
                {
                  "title": "Debería mostrarse el header",
                  "fullTitle": "Prueba de scroll en vista móvil y desktop - Comfrt Pruebas en Samsung Galaxy S23 Ultra Debería mostrarse el header",
                  "timedOut": null,
                  "duration": 3477,
                  "state": "passed",
                  "speed": "fast",
                  "pass": true,
                  "fail": false,
                  "pending": false,
                  "context": null,
                  "code": "cy.get('.IXjqotrK').should('be.visible');",
                  "err": {},
                  "uuid": "9877b1d9-6acd-4bb4-844d-9180d2d84d4a",
                  "parentUUID": "b8ff90f7-a725-4fde-9118-809e2ec5e174",
                  "isHook": false,
                  "skipped": false
                },
                {
                  "title": "Debería mostrarse el banner principal",
                  "fullTitle": "Prueba de scroll en vista móvil y desktop - Comfrt Pruebas en Samsung Galaxy S23 Ultra Debería mostrarse el banner principal",
                  "timedOut": null,
                  "duration": 1817,
                  "state": "passed",
                  "speed": "fast",
                  "pass": true,
                  "fail": false,
                  "pending": false,
                  "context": null,
                  "code": "cy.get('.WcmUoMRO').should('be.visible');",
                  "err": {},
                  "uuid": "67028cb6-2362-42aa-8b95-da02d1307415",
                  "parentUUID": "b8ff90f7-a725-4fde-9118-809e2ec5e174",
                  "isHook": false,
                  "skipped": false
                },
                {
                  "title": "Deberían mostrarse las imágenes de los productos \"Shop Best Seller\"",
                  "fullTitle": "Prueba de scroll en vista móvil y desktop - Comfrt Pruebas en Samsung Galaxy S23 Ultra Deberían mostrarse las imágenes de los productos \"Shop Best Seller\"",
                  "timedOut": null,
                  "duration": 1764,
                  "state": "passed",
                  "speed": "fast",
                  "pass": true,
                  "fail": false,
                  "pending": false,
                  "context": null,
                  "code": "cy.get('.NYNuDbQO').each($img => {\n  cy.wrap($img).should('be.visible');\n});",
                  "err": {},
                  "uuid": "ea0f772e-df12-4996-8fb9-ba61e952cfc8",
                  "parentUUID": "b8ff90f7-a725-4fde-9118-809e2ec5e174",
                  "isHook": false,
                  "skipped": false
                },
                {
                  "title": "Deberían mostrarse las dos imágenes debajo de \"Shop Best Seller\"",
                  "fullTitle": "Prueba de scroll en vista móvil y desktop - Comfrt Pruebas en Samsung Galaxy S23 Ultra Deberían mostrarse las dos imágenes debajo de \"Shop Best Seller\"",
                  "timedOut": null,
                  "duration": 3205,
                  "state": "passed",
                  "speed": "fast",
                  "pass": true,
                  "fail": false,
                  "pending": false,
                  "context": null,
                  "code": "cy.get('.VOXO2Pq8').each($img => {\n  cy.wrap($img).should('be.visible');\n});",
                  "err": {},
                  "uuid": "0f2d98b0-013d-40c4-94b7-f5ac8eacce1a",
                  "parentUUID": "b8ff90f7-a725-4fde-9118-809e2ec5e174",
                  "isHook": false,
                  "skipped": false
                },
                {
                  "title": "Debería mostrarse la imagen de \"Partnered Charities\"",
                  "fullTitle": "Prueba de scroll en vista móvil y desktop - Comfrt Pruebas en Samsung Galaxy S23 Ultra Debería mostrarse la imagen de \"Partnered Charities\"",
                  "timedOut": null,
                  "duration": 1714,
                  "state": "passed",
                  "speed": "fast",
                  "pass": true,
                  "fail": false,
                  "pending": false,
                  "context": null,
                  "code": "cy.get('.HZLaZ_QX').should('be.visible');",
                  "err": {},
                  "uuid": "fb332e61-1700-48aa-baa2-1c3ac90ddfe8",
                  "parentUUID": "b8ff90f7-a725-4fde-9118-809e2ec5e174",
                  "isHook": false,
                  "skipped": false
                },
                {
                  "title": "Deberían mostrarse las 4 imágenes de las secciones (Hoodie, Sweetpants, Loungewear y Accessories)",
                  "fullTitle": "Prueba de scroll en vista móvil y desktop - Comfrt Pruebas en Samsung Galaxy S23 Ultra Deberían mostrarse las 4 imágenes de las secciones (Hoodie, Sweetpants, Loungewear y Accessories)",
                  "timedOut": null,
                  "duration": 2452,
                  "state": "passed",
                  "speed": "fast",
                  "pass": true,
                  "fail": false,
                  "pending": false,
                  "context": null,
                  "code": "cy.get('.OhiQ0ybu').each($img => {\n  cy.wrap($img).should('be.visible');\n});",
                  "err": {},
                  "uuid": "573b7d5f-8581-4efa-9ea7-d133b3670524",
                  "parentUUID": "b8ff90f7-a725-4fde-9118-809e2ec5e174",
                  "isHook": false,
                  "skipped": false
                },
                {
                  "title": "Debería mostrarse el texto de la sección Comfrt Community",
                  "fullTitle": "Prueba de scroll en vista móvil y desktop - Comfrt Pruebas en Samsung Galaxy S23 Ultra Debería mostrarse el texto de la sección Comfrt Community",
                  "timedOut": null,
                  "duration": 2259,
                  "state": "passed",
                  "speed": "fast",
                  "pass": true,
                  "fail": false,
                  "pending": false,
                  "context": null,
                  "code": "cy.contains('Comfrt Community').should('be.visible');",
                  "err": {},
                  "uuid": "dec1715e-cfc7-46ea-88d9-d90b37941a40",
                  "parentUUID": "b8ff90f7-a725-4fde-9118-809e2ec5e174",
                  "isHook": false,
                  "skipped": false
                },
                {
                  "title": "Debería mostrarse el texto debajo del título de la sección Comfrt Community",
                  "fullTitle": "Prueba de scroll en vista móvil y desktop - Comfrt Pruebas en Samsung Galaxy S23 Ultra Debería mostrarse el texto debajo del título de la sección Comfrt Community",
                  "timedOut": null,
                  "duration": 1790,
                  "state": "passed",
                  "speed": "fast",
                  "pass": true,
                  "fail": false,
                  "pending": false,
                  "context": null,
                  "code": "cy.contains('Join millions that love comfy clothes').should('be.visible');",
                  "err": {},
                  "uuid": "906b6e7a-24be-4bad-990f-8a276858301a",
                  "parentUUID": "b8ff90f7-a725-4fde-9118-809e2ec5e174",
                  "isHook": false,
                  "skipped": false
                },
                {
                  "title": "Deberían mostrarse las 4 imágenes de \"Comfrt Community\"",
                  "fullTitle": "Prueba de scroll en vista móvil y desktop - Comfrt Pruebas en Samsung Galaxy S23 Ultra Deberían mostrarse las 4 imágenes de \"Comfrt Community\"",
                  "timedOut": null,
                  "duration": 1944,
                  "state": "passed",
                  "speed": "fast",
                  "pass": true,
                  "fail": false,
                  "pending": false,
                  "context": null,
                  "code": "cy.get('.k5PkXOzu').should('be.visible');",
                  "err": {},
                  "uuid": "1b06d4ae-c488-43ee-bddc-d16e07762b45",
                  "parentUUID": "b8ff90f7-a725-4fde-9118-809e2ec5e174",
                  "isHook": false,
                  "skipped": false
                },
                {
                  "title": "Debería mostrarse la imagen de \"View Our Hoodies\"",
                  "fullTitle": "Prueba de scroll en vista móvil y desktop - Comfrt Pruebas en Samsung Galaxy S23 Ultra Debería mostrarse la imagen de \"View Our Hoodies\"",
                  "timedOut": null,
                  "duration": 2094,
                  "state": "passed",
                  "speed": "fast",
                  "pass": true,
                  "fail": false,
                  "pending": false,
                  "context": null,
                  "code": "cy.get('.IPzctVm4').should('be.visible');",
                  "err": {},
                  "uuid": "99e9958e-a35b-4ffb-8ed9-689be8bfdb35",
                  "parentUUID": "b8ff90f7-a725-4fde-9118-809e2ec5e174",
                  "isHook": false,
                  "skipped": false
                },
                {
                  "title": "Debería mostrarse el texto de la sección View Our Hoodies",
                  "fullTitle": "Prueba de scroll en vista móvil y desktop - Comfrt Pruebas en Samsung Galaxy S23 Ultra Debería mostrarse el texto de la sección View Our Hoodies",
                  "timedOut": null,
                  "duration": 1358,
                  "state": "passed",
                  "speed": "fast",
                  "pass": true,
                  "fail": false,
                  "pending": false,
                  "context": null,
                  "code": "cy.contains('It\\'s always Comfrt season').should('be.visible');\ncy.contains('View Our Hoodies').should('be.visible');",
                  "err": {},
                  "uuid": "82ff2470-4c7b-43fb-856a-d62feda9dfd2",
                  "parentUUID": "b8ff90f7-a725-4fde-9118-809e2ec5e174",
                  "isHook": false,
                  "skipped": false
                },
                {
                  "title": "Debería mostrarse el footer",
                  "fullTitle": "Prueba de scroll en vista móvil y desktop - Comfrt Pruebas en Samsung Galaxy S23 Ultra Debería mostrarse el footer",
                  "timedOut": null,
                  "duration": 2148,
                  "state": "passed",
                  "speed": "fast",
                  "pass": true,
                  "fail": false,
                  "pending": false,
                  "context": null,
                  "code": "cy.get('.KzcSxBo0').should('be.visible');",
                  "err": {},
                  "uuid": "8629f204-7cf6-46d2-9001-7f89e2029645",
                  "parentUUID": "b8ff90f7-a725-4fde-9118-809e2ec5e174",
                  "isHook": false,
                  "skipped": false
                }
              ],
              "suites": [],
              "passes": [
                "9877b1d9-6acd-4bb4-844d-9180d2d84d4a",
                "67028cb6-2362-42aa-8b95-da02d1307415",
                "ea0f772e-df12-4996-8fb9-ba61e952cfc8",
                "0f2d98b0-013d-40c4-94b7-f5ac8eacce1a",
                "fb332e61-1700-48aa-baa2-1c3ac90ddfe8",
                "573b7d5f-8581-4efa-9ea7-d133b3670524",
                "dec1715e-cfc7-46ea-88d9-d90b37941a40",
                "906b6e7a-24be-4bad-990f-8a276858301a",
                "1b06d4ae-c488-43ee-bddc-d16e07762b45",
                "99e9958e-a35b-4ffb-8ed9-689be8bfdb35",
                "82ff2470-4c7b-43fb-856a-d62feda9dfd2",
                "8629f204-7cf6-46d2-9001-7f89e2029645"
              ],
              "failures": [],
              "pending": [],
              "skipped": [],
              "duration": 26022,
              "root": false,
              "rootEmpty": false,
              "_timeout": 2000
            },
            {
              "uuid": "fd49cdb7-33a2-43b0-96cb-8bb0c5a7054e",
              "title": "Pruebas en iPhone 15 Pro",
              "fullFile": "",
              "file": "",
              "beforeHooks": [],
              "afterHooks": [],
              "tests": [
                {
                  "title": "Debería mostrarse el header",
                  "fullTitle": "Prueba de scroll en vista móvil y desktop - Comfrt Pruebas en iPhone 15 Pro Debería mostrarse el header",
                  "timedOut": null,
                  "duration": 1350,
                  "state": "passed",
                  "speed": "fast",
                  "pass": true,
                  "fail": false,
                  "pending": false,
                  "context": null,
                  "code": "cy.get('.IXjqotrK').should('be.visible');",
                  "err": {},
                  "uuid": "7893b9b4-52ff-4a23-b212-202f9be20045",
                  "parentUUID": "fd49cdb7-33a2-43b0-96cb-8bb0c5a7054e",
                  "isHook": false,
                  "skipped": false
                },
                {
                  "title": "Debería mostrarse el banner principal",
                  "fullTitle": "Prueba de scroll en vista móvil y desktop - Comfrt Pruebas en iPhone 15 Pro Debería mostrarse el banner principal",
                  "timedOut": null,
                  "duration": 1431,
                  "state": "passed",
                  "speed": "fast",
                  "pass": true,
                  "fail": false,
                  "pending": false,
                  "context": null,
                  "code": "cy.get('.WcmUoMRO').should('be.visible');",
                  "err": {},
                  "uuid": "69654ae5-1e73-4e55-b633-80b3178011c7",
                  "parentUUID": "fd49cdb7-33a2-43b0-96cb-8bb0c5a7054e",
                  "isHook": false,
                  "skipped": false
                },
                {
                  "title": "Deberían mostrarse las imágenes de los productos \"Shop Best Seller\"",
                  "fullTitle": "Prueba de scroll en vista móvil y desktop - Comfrt Pruebas en iPhone 15 Pro Deberían mostrarse las imágenes de los productos \"Shop Best Seller\"",
                  "timedOut": null,
                  "duration": 2063,
                  "state": "passed",
                  "speed": "fast",
                  "pass": true,
                  "fail": false,
                  "pending": false,
                  "context": null,
                  "code": "cy.get('.NYNuDbQO').each($img => {\n  cy.wrap($img).should('be.visible');\n});",
                  "err": {},
                  "uuid": "1b569b9e-7089-47f5-aed4-050b8ed3e710",
                  "parentUUID": "fd49cdb7-33a2-43b0-96cb-8bb0c5a7054e",
                  "isHook": false,
                  "skipped": false
                },
                {
                  "title": "Deberían mostrarse las dos imágenes debajo de \"Shop Best Seller\"",
                  "fullTitle": "Prueba de scroll en vista móvil y desktop - Comfrt Pruebas en iPhone 15 Pro Deberían mostrarse las dos imágenes debajo de \"Shop Best Seller\"",
                  "timedOut": null,
                  "duration": 1541,
                  "state": "passed",
                  "speed": "fast",
                  "pass": true,
                  "fail": false,
                  "pending": false,
                  "context": null,
                  "code": "cy.get('.VOXO2Pq8').each($img => {\n  cy.wrap($img).should('be.visible');\n});",
                  "err": {},
                  "uuid": "08c5ac30-de47-4da0-8385-ea726e903aed",
                  "parentUUID": "fd49cdb7-33a2-43b0-96cb-8bb0c5a7054e",
                  "isHook": false,
                  "skipped": false
                },
                {
                  "title": "Debería mostrarse la imagen de \"Partnered Charities\"",
                  "fullTitle": "Prueba de scroll en vista móvil y desktop - Comfrt Pruebas en iPhone 15 Pro Debería mostrarse la imagen de \"Partnered Charities\"",
                  "timedOut": null,
                  "duration": 1835,
                  "state": "passed",
                  "speed": "fast",
                  "pass": true,
                  "fail": false,
                  "pending": false,
                  "context": null,
                  "code": "cy.get('.HZLaZ_QX').should('be.visible');",
                  "err": {},
                  "uuid": "79ea63bd-4bd8-4b4f-aff9-d0b88741e386",
                  "parentUUID": "fd49cdb7-33a2-43b0-96cb-8bb0c5a7054e",
                  "isHook": false,
                  "skipped": false
                },
                {
                  "title": "Deberían mostrarse las 4 imágenes de las secciones (Hoodie, Sweetpants, Loungewear y Accessories)",
                  "fullTitle": "Prueba de scroll en vista móvil y desktop - Comfrt Pruebas en iPhone 15 Pro Deberían mostrarse las 4 imágenes de las secciones (Hoodie, Sweetpants, Loungewear y Accessories)",
                  "timedOut": null,
                  "duration": 1761,
                  "state": "passed",
                  "speed": "fast",
                  "pass": true,
                  "fail": false,
                  "pending": false,
                  "context": null,
                  "code": "cy.get('.OhiQ0ybu').each($img => {\n  cy.wrap($img).should('be.visible');\n});",
                  "err": {},
                  "uuid": "bb42e100-e3b5-49b1-830f-2217d708283d",
                  "parentUUID": "fd49cdb7-33a2-43b0-96cb-8bb0c5a7054e",
                  "isHook": false,
                  "skipped": false
                },
                {
                  "title": "Debería mostrarse el texto de la sección Comfrt Community",
                  "fullTitle": "Prueba de scroll en vista móvil y desktop - Comfrt Pruebas en iPhone 15 Pro Debería mostrarse el texto de la sección Comfrt Community",
                  "timedOut": null,
                  "duration": 1476,
                  "state": "passed",
                  "speed": "fast",
                  "pass": true,
                  "fail": false,
                  "pending": false,
                  "context": null,
                  "code": "cy.contains('Comfrt Community').should('be.visible');",
                  "err": {},
                  "uuid": "79517fa3-7bce-41fe-8519-3df45a4cce07",
                  "parentUUID": "fd49cdb7-33a2-43b0-96cb-8bb0c5a7054e",
                  "isHook": false,
                  "skipped": false
                },
                {
                  "title": "Debería mostrarse el texto debajo del título de la sección Comfrt Community",
                  "fullTitle": "Prueba de scroll en vista móvil y desktop - Comfrt Pruebas en iPhone 15 Pro Debería mostrarse el texto debajo del título de la sección Comfrt Community",
                  "timedOut": null,
                  "duration": 2210,
                  "state": "passed",
                  "speed": "fast",
                  "pass": true,
                  "fail": false,
                  "pending": false,
                  "context": null,
                  "code": "cy.contains('Join millions that love comfy clothes').should('be.visible');",
                  "err": {},
                  "uuid": "ece1fa7e-d519-48af-8cfa-a2dc36adf323",
                  "parentUUID": "fd49cdb7-33a2-43b0-96cb-8bb0c5a7054e",
                  "isHook": false,
                  "skipped": false
                },
                {
                  "title": "Deberían mostrarse las 4 imágenes de \"Comfrt Community\"",
                  "fullTitle": "Prueba de scroll en vista móvil y desktop - Comfrt Pruebas en iPhone 15 Pro Deberían mostrarse las 4 imágenes de \"Comfrt Community\"",
                  "timedOut": null,
                  "duration": 1872,
                  "state": "passed",
                  "speed": "fast",
                  "pass": true,
                  "fail": false,
                  "pending": false,
                  "context": null,
                  "code": "cy.get('.k5PkXOzu').should('be.visible');",
                  "err": {},
                  "uuid": "60801bd8-c4d5-40e4-9ac8-bf3c485c48e7",
                  "parentUUID": "fd49cdb7-33a2-43b0-96cb-8bb0c5a7054e",
                  "isHook": false,
                  "skipped": false
                },
                {
                  "title": "Debería mostrarse la imagen de \"View Our Hoodies\"",
                  "fullTitle": "Prueba de scroll en vista móvil y desktop - Comfrt Pruebas en iPhone 15 Pro Debería mostrarse la imagen de \"View Our Hoodies\"",
                  "timedOut": null,
                  "duration": 1501,
                  "state": "passed",
                  "speed": "fast",
                  "pass": true,
                  "fail": false,
                  "pending": false,
                  "context": null,
                  "code": "cy.get('.IPzctVm4').should('be.visible');",
                  "err": {},
                  "uuid": "f3667522-ea36-4ca5-bead-a96fce61e4f6",
                  "parentUUID": "fd49cdb7-33a2-43b0-96cb-8bb0c5a7054e",
                  "isHook": false,
                  "skipped": false
                },
                {
                  "title": "Debería mostrarse el texto de la sección View Our Hoodies",
                  "fullTitle": "Prueba de scroll en vista móvil y desktop - Comfrt Pruebas en iPhone 15 Pro Debería mostrarse el texto de la sección View Our Hoodies",
                  "timedOut": null,
                  "duration": 1904,
                  "state": "passed",
                  "speed": "fast",
                  "pass": true,
                  "fail": false,
                  "pending": false,
                  "context": null,
                  "code": "cy.contains('It\\'s always Comfrt season').should('be.visible');\ncy.contains('View Our Hoodies').should('be.visible');",
                  "err": {},
                  "uuid": "80abe4e6-2fdc-42d9-a144-771cbb27863a",
                  "parentUUID": "fd49cdb7-33a2-43b0-96cb-8bb0c5a7054e",
                  "isHook": false,
                  "skipped": false
                },
                {
                  "title": "Debería mostrarse el footer",
                  "fullTitle": "Prueba de scroll en vista móvil y desktop - Comfrt Pruebas en iPhone 15 Pro Debería mostrarse el footer",
                  "timedOut": null,
                  "duration": 1508,
                  "state": "passed",
                  "speed": "fast",
                  "pass": true,
                  "fail": false,
                  "pending": false,
                  "context": null,
                  "code": "cy.get('.KzcSxBo0').should('be.visible');",
                  "err": {},
                  "uuid": "9ffa9f7a-d4f0-4fce-aa73-edaa3010db03",
                  "parentUUID": "fd49cdb7-33a2-43b0-96cb-8bb0c5a7054e",
                  "isHook": false,
                  "skipped": false
                }
              ],
              "suites": [],
              "passes": [
                "7893b9b4-52ff-4a23-b212-202f9be20045",
                "69654ae5-1e73-4e55-b633-80b3178011c7",
                "1b569b9e-7089-47f5-aed4-050b8ed3e710",
                "08c5ac30-de47-4da0-8385-ea726e903aed",
                "79ea63bd-4bd8-4b4f-aff9-d0b88741e386",
                "bb42e100-e3b5-49b1-830f-2217d708283d",
                "79517fa3-7bce-41fe-8519-3df45a4cce07",
                "ece1fa7e-d519-48af-8cfa-a2dc36adf323",
                "60801bd8-c4d5-40e4-9ac8-bf3c485c48e7",
                "f3667522-ea36-4ca5-bead-a96fce61e4f6",
                "80abe4e6-2fdc-42d9-a144-771cbb27863a",
                "9ffa9f7a-d4f0-4fce-aa73-edaa3010db03"
              ],
              "failures": [],
              "pending": [],
              "skipped": [],
              "duration": 20452,
              "root": false,
              "rootEmpty": false,
              "_timeout": 2000
            },
            {
              "uuid": "4a794250-8bc0-452b-b05a-fb2c0792f40b",
              "title": "Pruebas en iPhone 15 Pro Max",
              "fullFile": "",
              "file": "",
              "beforeHooks": [],
              "afterHooks": [],
              "tests": [
                {
                  "title": "Debería mostrarse el header",
                  "fullTitle": "Prueba de scroll en vista móvil y desktop - Comfrt Pruebas en iPhone 15 Pro Max Debería mostrarse el header",
                  "timedOut": null,
                  "duration": 2124,
                  "state": "passed",
                  "speed": "fast",
                  "pass": true,
                  "fail": false,
                  "pending": false,
                  "context": null,
                  "code": "cy.get('.IXjqotrK').should('be.visible');",
                  "err": {},
                  "uuid": "6592c0e4-cba9-4cbe-8d93-e00db86553ef",
                  "parentUUID": "4a794250-8bc0-452b-b05a-fb2c0792f40b",
                  "isHook": false,
                  "skipped": false
                },
                {
                  "title": "Debería mostrarse el banner principal",
                  "fullTitle": "Prueba de scroll en vista móvil y desktop - Comfrt Pruebas en iPhone 15 Pro Max Debería mostrarse el banner principal",
                  "timedOut": null,
                  "duration": 1593,
                  "state": "passed",
                  "speed": "fast",
                  "pass": true,
                  "fail": false,
                  "pending": false,
                  "context": null,
                  "code": "cy.get('.WcmUoMRO').should('be.visible');",
                  "err": {},
                  "uuid": "0137770b-7c8a-41af-8b97-8ace48642577",
                  "parentUUID": "4a794250-8bc0-452b-b05a-fb2c0792f40b",
                  "isHook": false,
                  "skipped": false
                },
                {
                  "title": "Deberían mostrarse las imágenes de los productos \"Shop Best Seller\"",
                  "fullTitle": "Prueba de scroll en vista móvil y desktop - Comfrt Pruebas en iPhone 15 Pro Max Deberían mostrarse las imágenes de los productos \"Shop Best Seller\"",
                  "timedOut": null,
                  "duration": 1977,
                  "state": "passed",
                  "speed": "fast",
                  "pass": true,
                  "fail": false,
                  "pending": false,
                  "context": null,
                  "code": "cy.get('.NYNuDbQO').each($img => {\n  cy.wrap($img).should('be.visible');\n});",
                  "err": {},
                  "uuid": "8e253b44-c384-48b9-8142-d09b89cc3251",
                  "parentUUID": "4a794250-8bc0-452b-b05a-fb2c0792f40b",
                  "isHook": false,
                  "skipped": false
                },
                {
                  "title": "Deberían mostrarse las dos imágenes debajo de \"Shop Best Seller\"",
                  "fullTitle": "Prueba de scroll en vista móvil y desktop - Comfrt Pruebas en iPhone 15 Pro Max Deberían mostrarse las dos imágenes debajo de \"Shop Best Seller\"",
                  "timedOut": null,
                  "duration": 1904,
                  "state": "passed",
                  "speed": "fast",
                  "pass": true,
                  "fail": false,
                  "pending": false,
                  "context": null,
                  "code": "cy.get('.VOXO2Pq8').each($img => {\n  cy.wrap($img).should('be.visible');\n});",
                  "err": {},
                  "uuid": "7c52abb1-963d-4167-9170-8750be76c181",
                  "parentUUID": "4a794250-8bc0-452b-b05a-fb2c0792f40b",
                  "isHook": false,
                  "skipped": false
                },
                {
                  "title": "Debería mostrarse la imagen de \"Partnered Charities\"",
                  "fullTitle": "Prueba de scroll en vista móvil y desktop - Comfrt Pruebas en iPhone 15 Pro Max Debería mostrarse la imagen de \"Partnered Charities\"",
                  "timedOut": null,
                  "duration": 3115,
                  "state": "passed",
                  "speed": "fast",
                  "pass": true,
                  "fail": false,
                  "pending": false,
                  "context": null,
                  "code": "cy.get('.HZLaZ_QX').should('be.visible');",
                  "err": {},
                  "uuid": "1c8f7778-995c-4643-9924-476c3c2e0018",
                  "parentUUID": "4a794250-8bc0-452b-b05a-fb2c0792f40b",
                  "isHook": false,
                  "skipped": false
                },
                {
                  "title": "Deberían mostrarse las 4 imágenes de las secciones (Hoodie, Sweetpants, Loungewear y Accessories)",
                  "fullTitle": "Prueba de scroll en vista móvil y desktop - Comfrt Pruebas en iPhone 15 Pro Max Deberían mostrarse las 4 imágenes de las secciones (Hoodie, Sweetpants, Loungewear y Accessories)",
                  "timedOut": null,
                  "duration": 2535,
                  "state": "passed",
                  "speed": "fast",
                  "pass": true,
                  "fail": false,
                  "pending": false,
                  "context": null,
                  "code": "cy.get('.OhiQ0ybu').each($img => {\n  cy.wrap($img).should('be.visible');\n});",
                  "err": {},
                  "uuid": "7f8165cc-f04e-4cd4-872e-1b171513a499",
                  "parentUUID": "4a794250-8bc0-452b-b05a-fb2c0792f40b",
                  "isHook": false,
                  "skipped": false
                },
                {
                  "title": "Debería mostrarse el texto de la sección Comfrt Community",
                  "fullTitle": "Prueba de scroll en vista móvil y desktop - Comfrt Pruebas en iPhone 15 Pro Max Debería mostrarse el texto de la sección Comfrt Community",
                  "timedOut": null,
                  "duration": 2164,
                  "state": "passed",
                  "speed": "fast",
                  "pass": true,
                  "fail": false,
                  "pending": false,
                  "context": null,
                  "code": "cy.contains('Comfrt Community').should('be.visible');",
                  "err": {},
                  "uuid": "fd3ba907-4fd5-48db-96a9-b8b954f7dec2",
                  "parentUUID": "4a794250-8bc0-452b-b05a-fb2c0792f40b",
                  "isHook": false,
                  "skipped": false
                },
                {
                  "title": "Debería mostrarse el texto debajo del título de la sección Comfrt Community",
                  "fullTitle": "Prueba de scroll en vista móvil y desktop - Comfrt Pruebas en iPhone 15 Pro Max Debería mostrarse el texto debajo del título de la sección Comfrt Community",
                  "timedOut": null,
                  "duration": 1386,
                  "state": "passed",
                  "speed": "fast",
                  "pass": true,
                  "fail": false,
                  "pending": false,
                  "context": null,
                  "code": "cy.contains('Join millions that love comfy clothes').should('be.visible');",
                  "err": {},
                  "uuid": "9ff9489c-b77e-417c-93e2-061524d56094",
                  "parentUUID": "4a794250-8bc0-452b-b05a-fb2c0792f40b",
                  "isHook": false,
                  "skipped": false
                },
                {
                  "title": "Deberían mostrarse las 4 imágenes de \"Comfrt Community\"",
                  "fullTitle": "Prueba de scroll en vista móvil y desktop - Comfrt Pruebas en iPhone 15 Pro Max Deberían mostrarse las 4 imágenes de \"Comfrt Community\"",
                  "timedOut": null,
                  "duration": 1385,
                  "state": "passed",
                  "speed": "fast",
                  "pass": true,
                  "fail": false,
                  "pending": false,
                  "context": null,
                  "code": "cy.get('.k5PkXOzu').should('be.visible');",
                  "err": {},
                  "uuid": "d3d41d94-76e0-473a-ad0f-f57cf06ee9f6",
                  "parentUUID": "4a794250-8bc0-452b-b05a-fb2c0792f40b",
                  "isHook": false,
                  "skipped": false
                },
                {
                  "title": "Debería mostrarse la imagen de \"View Our Hoodies\"",
                  "fullTitle": "Prueba de scroll en vista móvil y desktop - Comfrt Pruebas en iPhone 15 Pro Max Debería mostrarse la imagen de \"View Our Hoodies\"",
                  "timedOut": null,
                  "duration": 1506,
                  "state": "passed",
                  "speed": "fast",
                  "pass": true,
                  "fail": false,
                  "pending": false,
                  "context": null,
                  "code": "cy.get('.IPzctVm4').should('be.visible');",
                  "err": {},
                  "uuid": "1d0e37a9-9725-4f48-8cb3-0b1bca202ae8",
                  "parentUUID": "4a794250-8bc0-452b-b05a-fb2c0792f40b",
                  "isHook": false,
                  "skipped": false
                },
                {
                  "title": "Debería mostrarse el texto de la sección View Our Hoodies",
                  "fullTitle": "Prueba de scroll en vista móvil y desktop - Comfrt Pruebas en iPhone 15 Pro Max Debería mostrarse el texto de la sección View Our Hoodies",
                  "timedOut": null,
                  "duration": 3100,
                  "state": "passed",
                  "speed": "fast",
                  "pass": true,
                  "fail": false,
                  "pending": false,
                  "context": null,
                  "code": "cy.contains('It\\'s always Comfrt season').should('be.visible');\ncy.contains('View Our Hoodies').should('be.visible');",
                  "err": {},
                  "uuid": "e0dcd29c-de04-45cb-b0d9-f6d898c95f0e",
                  "parentUUID": "4a794250-8bc0-452b-b05a-fb2c0792f40b",
                  "isHook": false,
                  "skipped": false
                },
                {
                  "title": "Debería mostrarse el footer",
                  "fullTitle": "Prueba de scroll en vista móvil y desktop - Comfrt Pruebas en iPhone 15 Pro Max Debería mostrarse el footer",
                  "timedOut": null,
                  "duration": 2151,
                  "state": "passed",
                  "speed": "fast",
                  "pass": true,
                  "fail": false,
                  "pending": false,
                  "context": null,
                  "code": "cy.get('.KzcSxBo0').should('be.visible');",
                  "err": {},
                  "uuid": "1b7c1269-b83a-4aa0-8286-8f9d2a4d745b",
                  "parentUUID": "4a794250-8bc0-452b-b05a-fb2c0792f40b",
                  "isHook": false,
                  "skipped": false
                }
              ],
              "suites": [],
              "passes": [
                "6592c0e4-cba9-4cbe-8d93-e00db86553ef",
                "0137770b-7c8a-41af-8b97-8ace48642577",
                "8e253b44-c384-48b9-8142-d09b89cc3251",
                "7c52abb1-963d-4167-9170-8750be76c181",
                "1c8f7778-995c-4643-9924-476c3c2e0018",
                "7f8165cc-f04e-4cd4-872e-1b171513a499",
                "fd3ba907-4fd5-48db-96a9-b8b954f7dec2",
                "9ff9489c-b77e-417c-93e2-061524d56094",
                "d3d41d94-76e0-473a-ad0f-f57cf06ee9f6",
                "1d0e37a9-9725-4f48-8cb3-0b1bca202ae8",
                "e0dcd29c-de04-45cb-b0d9-f6d898c95f0e",
                "1b7c1269-b83a-4aa0-8286-8f9d2a4d745b"
              ],
              "failures": [],
              "pending": [],
              "skipped": [],
              "duration": 24940,
              "root": false,
              "rootEmpty": false,
              "_timeout": 2000
            },
            {
              "uuid": "2e3e9fff-0a39-47f9-af73-4b223d4f1c65",
              "title": "Pruebas en MacBook Pro 16\"",
              "fullFile": "",
              "file": "",
              "beforeHooks": [],
              "afterHooks": [],
              "tests": [
                {
                  "title": "Debería mostrarse el header",
                  "fullTitle": "Prueba de scroll en vista móvil y desktop - Comfrt Pruebas en MacBook Pro 16\" Debería mostrarse el header",
                  "timedOut": null,
                  "duration": 2343,
                  "state": "passed",
                  "speed": "fast",
                  "pass": true,
                  "fail": false,
                  "pending": false,
                  "context": null,
                  "code": "cy.get('.IXjqotrK').should('be.visible');",
                  "err": {},
                  "uuid": "5e0a6df2-d538-4ef5-8523-90b2f263340f",
                  "parentUUID": "2e3e9fff-0a39-47f9-af73-4b223d4f1c65",
                  "isHook": false,
                  "skipped": false
                },
                {
                  "title": "Debería mostrarse el banner principal",
                  "fullTitle": "Prueba de scroll en vista móvil y desktop - Comfrt Pruebas en MacBook Pro 16\" Debería mostrarse el banner principal",
                  "timedOut": null,
                  "duration": 2144,
                  "state": "passed",
                  "speed": "fast",
                  "pass": true,
                  "fail": false,
                  "pending": false,
                  "context": null,
                  "code": "cy.get('.WcmUoMRO').should('be.visible');",
                  "err": {},
                  "uuid": "198897f1-8f75-43c6-90ca-0bb46ccbc597",
                  "parentUUID": "2e3e9fff-0a39-47f9-af73-4b223d4f1c65",
                  "isHook": false,
                  "skipped": false
                },
                {
                  "title": "Deberían mostrarse las imágenes de los productos \"Shop Best Seller\"",
                  "fullTitle": "Prueba de scroll en vista móvil y desktop - Comfrt Pruebas en MacBook Pro 16\" Deberían mostrarse las imágenes de los productos \"Shop Best Seller\"",
                  "timedOut": null,
                  "duration": 1713,
                  "state": "passed",
                  "speed": "fast",
                  "pass": true,
                  "fail": false,
                  "pending": false,
                  "context": null,
                  "code": "cy.get('.NYNuDbQO').each($img => {\n  cy.wrap($img).should('be.visible');\n});",
                  "err": {},
                  "uuid": "da44e77e-a809-4a4c-9afe-e80abf4a323a",
                  "parentUUID": "2e3e9fff-0a39-47f9-af73-4b223d4f1c65",
                  "isHook": false,
                  "skipped": false
                },
                {
                  "title": "Deberían mostrarse las dos imágenes debajo de \"Shop Best Seller\"",
                  "fullTitle": "Prueba de scroll en vista móvil y desktop - Comfrt Pruebas en MacBook Pro 16\" Deberían mostrarse las dos imágenes debajo de \"Shop Best Seller\"",
                  "timedOut": null,
                  "duration": 1863,
                  "state": "passed",
                  "speed": "fast",
                  "pass": true,
                  "fail": false,
                  "pending": false,
                  "context": null,
                  "code": "cy.get('.VOXO2Pq8').each($img => {\n  cy.wrap($img).should('be.visible');\n});",
                  "err": {},
                  "uuid": "dc9b2791-19a1-48ae-a26e-1fafb69deaed",
                  "parentUUID": "2e3e9fff-0a39-47f9-af73-4b223d4f1c65",
                  "isHook": false,
                  "skipped": false
                },
                {
                  "title": "Debería mostrarse la imagen de \"Partnered Charities\"",
                  "fullTitle": "Prueba de scroll en vista móvil y desktop - Comfrt Pruebas en MacBook Pro 16\" Debería mostrarse la imagen de \"Partnered Charities\"",
                  "timedOut": null,
                  "duration": 1846,
                  "state": "passed",
                  "speed": "fast",
                  "pass": true,
                  "fail": false,
                  "pending": false,
                  "context": null,
                  "code": "cy.get('.HZLaZ_QX').should('be.visible');",
                  "err": {},
                  "uuid": "7a1f3e8b-d5b8-4f3c-9dad-59d8b402954c",
                  "parentUUID": "2e3e9fff-0a39-47f9-af73-4b223d4f1c65",
                  "isHook": false,
                  "skipped": false
                },
                {
                  "title": "Deberían mostrarse las 4 imágenes de las secciones (Hoodie, Sweetpants, Loungewear y Accessories)",
                  "fullTitle": "Prueba de scroll en vista móvil y desktop - Comfrt Pruebas en MacBook Pro 16\" Deberían mostrarse las 4 imágenes de las secciones (Hoodie, Sweetpants, Loungewear y Accessories)",
                  "timedOut": null,
                  "duration": 1533,
                  "state": "passed",
                  "speed": "fast",
                  "pass": true,
                  "fail": false,
                  "pending": false,
                  "context": null,
                  "code": "cy.get('.OhiQ0ybu').each($img => {\n  cy.wrap($img).should('be.visible');\n});",
                  "err": {},
                  "uuid": "5d3fdafa-831f-44b6-962b-a4856d4ef389",
                  "parentUUID": "2e3e9fff-0a39-47f9-af73-4b223d4f1c65",
                  "isHook": false,
                  "skipped": false
                },
                {
                  "title": "Debería mostrarse el texto de la sección Comfrt Community",
                  "fullTitle": "Prueba de scroll en vista móvil y desktop - Comfrt Pruebas en MacBook Pro 16\" Debería mostrarse el texto de la sección Comfrt Community",
                  "timedOut": null,
                  "duration": 1604,
                  "state": "passed",
                  "speed": "fast",
                  "pass": true,
                  "fail": false,
                  "pending": false,
                  "context": null,
                  "code": "cy.contains('Comfrt Community').should('be.visible');",
                  "err": {},
                  "uuid": "975b4b19-595f-426e-80b6-d9d210b8cb90",
                  "parentUUID": "2e3e9fff-0a39-47f9-af73-4b223d4f1c65",
                  "isHook": false,
                  "skipped": false
                },
                {
                  "title": "Debería mostrarse el texto debajo del título de la sección Comfrt Community",
                  "fullTitle": "Prueba de scroll en vista móvil y desktop - Comfrt Pruebas en MacBook Pro 16\" Debería mostrarse el texto debajo del título de la sección Comfrt Community",
                  "timedOut": null,
                  "duration": 2869,
                  "state": "passed",
                  "speed": "fast",
                  "pass": true,
                  "fail": false,
                  "pending": false,
                  "context": null,
                  "code": "cy.contains('Join millions that love comfy clothes').should('be.visible');",
                  "err": {},
                  "uuid": "1c9eaa9a-36bb-48b3-81b4-47008f1ccf17",
                  "parentUUID": "2e3e9fff-0a39-47f9-af73-4b223d4f1c65",
                  "isHook": false,
                  "skipped": false
                },
                {
                  "title": "Deberían mostrarse las 4 imágenes de \"Comfrt Community\"",
                  "fullTitle": "Prueba de scroll en vista móvil y desktop - Comfrt Pruebas en MacBook Pro 16\" Deberían mostrarse las 4 imágenes de \"Comfrt Community\"",
                  "timedOut": null,
                  "duration": 2405,
                  "state": "passed",
                  "speed": "fast",
                  "pass": true,
                  "fail": false,
                  "pending": false,
                  "context": null,
                  "code": "cy.get('.k5PkXOzu').should('be.visible');",
                  "err": {},
                  "uuid": "1fc15632-ffdd-4db6-a9ab-a810e412699a",
                  "parentUUID": "2e3e9fff-0a39-47f9-af73-4b223d4f1c65",
                  "isHook": false,
                  "skipped": false
                },
                {
                  "title": "Debería mostrarse la imagen de \"View Our Hoodies\"",
                  "fullTitle": "Prueba de scroll en vista móvil y desktop - Comfrt Pruebas en MacBook Pro 16\" Debería mostrarse la imagen de \"View Our Hoodies\"",
                  "timedOut": null,
                  "duration": 1568,
                  "state": "passed",
                  "speed": "fast",
                  "pass": true,
                  "fail": false,
                  "pending": false,
                  "context": null,
                  "code": "cy.get('.IPzctVm4').should('be.visible');",
                  "err": {},
                  "uuid": "1bba05dd-337e-4e95-a0a5-df7b46bc1377",
                  "parentUUID": "2e3e9fff-0a39-47f9-af73-4b223d4f1c65",
                  "isHook": false,
                  "skipped": false
                },
                {
                  "title": "Debería mostrarse el texto de la sección View Our Hoodies",
                  "fullTitle": "Prueba de scroll en vista móvil y desktop - Comfrt Pruebas en MacBook Pro 16\" Debería mostrarse el texto de la sección View Our Hoodies",
                  "timedOut": null,
                  "duration": 1482,
                  "state": "passed",
                  "speed": "fast",
                  "pass": true,
                  "fail": false,
                  "pending": false,
                  "context": null,
                  "code": "cy.contains('It\\'s always Comfrt season').should('be.visible');\ncy.contains('View Our Hoodies').should('be.visible');",
                  "err": {},
                  "uuid": "58e0d976-9e0c-49ec-8b86-08400b6bf3a0",
                  "parentUUID": "2e3e9fff-0a39-47f9-af73-4b223d4f1c65",
                  "isHook": false,
                  "skipped": false
                },
                {
                  "title": "Debería mostrarse el footer",
                  "fullTitle": "Prueba de scroll en vista móvil y desktop - Comfrt Pruebas en MacBook Pro 16\" Debería mostrarse el footer",
                  "timedOut": null,
                  "duration": 1516,
                  "state": "passed",
                  "speed": "fast",
                  "pass": true,
                  "fail": false,
                  "pending": false,
                  "context": null,
                  "code": "cy.get('.KzcSxBo0').should('be.visible');",
                  "err": {},
                  "uuid": "7c35504b-f213-4d42-a00a-d32b7b2db882",
                  "parentUUID": "2e3e9fff-0a39-47f9-af73-4b223d4f1c65",
                  "isHook": false,
                  "skipped": false
                }
              ],
              "suites": [],
              "passes": [
                "5e0a6df2-d538-4ef5-8523-90b2f263340f",
                "198897f1-8f75-43c6-90ca-0bb46ccbc597",
                "da44e77e-a809-4a4c-9afe-e80abf4a323a",
                "dc9b2791-19a1-48ae-a26e-1fafb69deaed",
                "7a1f3e8b-d5b8-4f3c-9dad-59d8b402954c",
                "5d3fdafa-831f-44b6-962b-a4856d4ef389",
                "975b4b19-595f-426e-80b6-d9d210b8cb90",
                "1c9eaa9a-36bb-48b3-81b4-47008f1ccf17",
                "1fc15632-ffdd-4db6-a9ab-a810e412699a",
                "1bba05dd-337e-4e95-a0a5-df7b46bc1377",
                "58e0d976-9e0c-49ec-8b86-08400b6bf3a0",
                "7c35504b-f213-4d42-a00a-d32b7b2db882"
              ],
              "failures": [],
              "pending": [],
              "skipped": [],
              "duration": 22886,
              "root": false,
              "rootEmpty": false,
              "_timeout": 2000
            },
            {
              "uuid": "29f147c0-75cf-4943-9f1e-65b91951cbd1",
              "title": "Pruebas en Windows 4K Monitor",
              "fullFile": "",
              "file": "",
              "beforeHooks": [],
              "afterHooks": [],
              "tests": [
                {
                  "title": "Debería mostrarse el header",
                  "fullTitle": "Prueba de scroll en vista móvil y desktop - Comfrt Pruebas en Windows 4K Monitor Debería mostrarse el header",
                  "timedOut": null,
                  "duration": 1488,
                  "state": "passed",
                  "speed": "fast",
                  "pass": true,
                  "fail": false,
                  "pending": false,
                  "context": null,
                  "code": "cy.get('.IXjqotrK').should('be.visible');",
                  "err": {},
                  "uuid": "eccdd725-3757-4c72-9d62-5b2647731ed0",
                  "parentUUID": "29f147c0-75cf-4943-9f1e-65b91951cbd1",
                  "isHook": false,
                  "skipped": false
                },
                {
                  "title": "Debería mostrarse el banner principal",
                  "fullTitle": "Prueba de scroll en vista móvil y desktop - Comfrt Pruebas en Windows 4K Monitor Debería mostrarse el banner principal",
                  "timedOut": null,
                  "duration": 1310,
                  "state": "passed",
                  "speed": "fast",
                  "pass": true,
                  "fail": false,
                  "pending": false,
                  "context": null,
                  "code": "cy.get('.WcmUoMRO').should('be.visible');",
                  "err": {},
                  "uuid": "cf8f7d09-e29b-4233-a9d7-eaeccebdfb2a",
                  "parentUUID": "29f147c0-75cf-4943-9f1e-65b91951cbd1",
                  "isHook": false,
                  "skipped": false
                },
                {
                  "title": "Deberían mostrarse las imágenes de los productos \"Shop Best Seller\"",
                  "fullTitle": "Prueba de scroll en vista móvil y desktop - Comfrt Pruebas en Windows 4K Monitor Deberían mostrarse las imágenes de los productos \"Shop Best Seller\"",
                  "timedOut": null,
                  "duration": 3619,
                  "state": "passed",
                  "speed": "fast",
                  "pass": true,
                  "fail": false,
                  "pending": false,
                  "context": null,
                  "code": "cy.get('.NYNuDbQO').each($img => {\n  cy.wrap($img).should('be.visible');\n});",
                  "err": {},
                  "uuid": "98b5ffdd-d8c0-44c9-a446-fe760232019d",
                  "parentUUID": "29f147c0-75cf-4943-9f1e-65b91951cbd1",
                  "isHook": false,
                  "skipped": false
                },
                {
                  "title": "Deberían mostrarse las dos imágenes debajo de \"Shop Best Seller\"",
                  "fullTitle": "Prueba de scroll en vista móvil y desktop - Comfrt Pruebas en Windows 4K Monitor Deberían mostrarse las dos imágenes debajo de \"Shop Best Seller\"",
                  "timedOut": null,
                  "duration": 1501,
                  "state": "passed",
                  "speed": "fast",
                  "pass": true,
                  "fail": false,
                  "pending": false,
                  "context": null,
                  "code": "cy.get('.VOXO2Pq8').each($img => {\n  cy.wrap($img).should('be.visible');\n});",
                  "err": {},
                  "uuid": "21bca5df-3d8e-4379-9119-dc5658c2599d",
                  "parentUUID": "29f147c0-75cf-4943-9f1e-65b91951cbd1",
                  "isHook": false,
                  "skipped": false
                },
                {
                  "title": "Debería mostrarse la imagen de \"Partnered Charities\"",
                  "fullTitle": "Prueba de scroll en vista móvil y desktop - Comfrt Pruebas en Windows 4K Monitor Debería mostrarse la imagen de \"Partnered Charities\"",
                  "timedOut": null,
                  "duration": 1362,
                  "state": "passed",
                  "speed": "fast",
                  "pass": true,
                  "fail": false,
                  "pending": false,
                  "context": null,
                  "code": "cy.get('.HZLaZ_QX').should('be.visible');",
                  "err": {},
                  "uuid": "8a9e1220-a715-4b23-a71e-123784377954",
                  "parentUUID": "29f147c0-75cf-4943-9f1e-65b91951cbd1",
                  "isHook": false,
                  "skipped": false
                },
                {
                  "title": "Deberían mostrarse las 4 imágenes de las secciones (Hoodie, Sweetpants, Loungewear y Accessories)",
                  "fullTitle": "Prueba de scroll en vista móvil y desktop - Comfrt Pruebas en Windows 4K Monitor Deberían mostrarse las 4 imágenes de las secciones (Hoodie, Sweetpants, Loungewear y Accessories)",
                  "timedOut": null,
                  "duration": 2316,
                  "state": "passed",
                  "speed": "fast",
                  "pass": true,
                  "fail": false,
                  "pending": false,
                  "context": null,
                  "code": "cy.get('.OhiQ0ybu').each($img => {\n  cy.wrap($img).should('be.visible');\n});",
                  "err": {},
                  "uuid": "a722a2ce-99cd-4c4b-8747-df139027a58e",
                  "parentUUID": "29f147c0-75cf-4943-9f1e-65b91951cbd1",
                  "isHook": false,
                  "skipped": false
                },
                {
                  "title": "Debería mostrarse el texto de la sección Comfrt Community",
                  "fullTitle": "Prueba de scroll en vista móvil y desktop - Comfrt Pruebas en Windows 4K Monitor Debería mostrarse el texto de la sección Comfrt Community",
                  "timedOut": null,
                  "duration": 1603,
                  "state": "passed",
                  "speed": "fast",
                  "pass": true,
                  "fail": false,
                  "pending": false,
                  "context": null,
                  "code": "cy.contains('Comfrt Community').should('be.visible');",
                  "err": {},
                  "uuid": "20fa400a-ec3e-47ee-86a0-b2e65c668d73",
                  "parentUUID": "29f147c0-75cf-4943-9f1e-65b91951cbd1",
                  "isHook": false,
                  "skipped": false
                },
                {
                  "title": "Debería mostrarse el texto debajo del título de la sección Comfrt Community",
                  "fullTitle": "Prueba de scroll en vista móvil y desktop - Comfrt Pruebas en Windows 4K Monitor Debería mostrarse el texto debajo del título de la sección Comfrt Community",
                  "timedOut": null,
                  "duration": 1864,
                  "state": "passed",
                  "speed": "fast",
                  "pass": true,
                  "fail": false,
                  "pending": false,
                  "context": null,
                  "code": "cy.contains('Join millions that love comfy clothes').should('be.visible');",
                  "err": {},
                  "uuid": "5edbc0f0-66b8-4c1b-9cd9-4e9a9cb12ec9",
                  "parentUUID": "29f147c0-75cf-4943-9f1e-65b91951cbd1",
                  "isHook": false,
                  "skipped": false
                },
                {
                  "title": "Deberían mostrarse las 4 imágenes de \"Comfrt Community\"",
                  "fullTitle": "Prueba de scroll en vista móvil y desktop - Comfrt Pruebas en Windows 4K Monitor Deberían mostrarse las 4 imágenes de \"Comfrt Community\"",
                  "timedOut": null,
                  "duration": 1939,
                  "state": "passed",
                  "speed": "fast",
                  "pass": true,
                  "fail": false,
                  "pending": false,
                  "context": null,
                  "code": "cy.get('.k5PkXOzu').should('be.visible');",
                  "err": {},
                  "uuid": "6097e6c8-1b54-4acd-a423-acc357e4bf83",
                  "parentUUID": "29f147c0-75cf-4943-9f1e-65b91951cbd1",
                  "isHook": false,
                  "skipped": false
                },
                {
                  "title": "Debería mostrarse la imagen de \"View Our Hoodies\"",
                  "fullTitle": "Prueba de scroll en vista móvil y desktop - Comfrt Pruebas en Windows 4K Monitor Debería mostrarse la imagen de \"View Our Hoodies\"",
                  "timedOut": null,
                  "duration": 1465,
                  "state": "passed",
                  "speed": "fast",
                  "pass": true,
                  "fail": false,
                  "pending": false,
                  "context": null,
                  "code": "cy.get('.IPzctVm4').should('be.visible');",
                  "err": {},
                  "uuid": "170eb05a-f65e-44f6-90dd-71fdaab23ffe",
                  "parentUUID": "29f147c0-75cf-4943-9f1e-65b91951cbd1",
                  "isHook": false,
                  "skipped": false
                },
                {
                  "title": "Debería mostrarse el texto de la sección View Our Hoodies",
                  "fullTitle": "Prueba de scroll en vista móvil y desktop - Comfrt Pruebas en Windows 4K Monitor Debería mostrarse el texto de la sección View Our Hoodies",
                  "timedOut": null,
                  "duration": 1691,
                  "state": "passed",
                  "speed": "fast",
                  "pass": true,
                  "fail": false,
                  "pending": false,
                  "context": null,
                  "code": "cy.contains('It\\'s always Comfrt season').should('be.visible');\ncy.contains('View Our Hoodies').should('be.visible');",
                  "err": {},
                  "uuid": "0b643e99-05d0-405a-a07c-70b1cf7ec098",
                  "parentUUID": "29f147c0-75cf-4943-9f1e-65b91951cbd1",
                  "isHook": false,
                  "skipped": false
                },
                {
                  "title": "Debería mostrarse el footer",
                  "fullTitle": "Prueba de scroll en vista móvil y desktop - Comfrt Pruebas en Windows 4K Monitor Debería mostrarse el footer",
                  "timedOut": null,
                  "duration": 1603,
                  "state": "passed",
                  "speed": "fast",
                  "pass": true,
                  "fail": false,
                  "pending": false,
                  "context": null,
                  "code": "cy.get('.KzcSxBo0').should('be.visible');",
                  "err": {},
                  "uuid": "1217d312-e987-43f1-8e45-277ae73b35fd",
                  "parentUUID": "29f147c0-75cf-4943-9f1e-65b91951cbd1",
                  "isHook": false,
                  "skipped": false
                }
              ],
              "suites": [],
              "passes": [
                "eccdd725-3757-4c72-9d62-5b2647731ed0",
                "cf8f7d09-e29b-4233-a9d7-eaeccebdfb2a",
                "98b5ffdd-d8c0-44c9-a446-fe760232019d",
                "21bca5df-3d8e-4379-9119-dc5658c2599d",
                "8a9e1220-a715-4b23-a71e-123784377954",
                "a722a2ce-99cd-4c4b-8747-df139027a58e",
                "20fa400a-ec3e-47ee-86a0-b2e65c668d73",
                "5edbc0f0-66b8-4c1b-9cd9-4e9a9cb12ec9",
                "6097e6c8-1b54-4acd-a423-acc357e4bf83",
                "170eb05a-f65e-44f6-90dd-71fdaab23ffe",
                "0b643e99-05d0-405a-a07c-70b1cf7ec098",
                "1217d312-e987-43f1-8e45-277ae73b35fd"
              ],
              "failures": [],
              "pending": [],
              "skipped": [],
              "duration": 21761,
              "root": false,
              "rootEmpty": false,
              "_timeout": 2000
            },
            {
              "uuid": "d2def229-1051-46c0-b08f-36ac8001a5c5",
              "title": "Pruebas en Windows Full HD Monitor",
              "fullFile": "",
              "file": "",
              "beforeHooks": [],
              "afterHooks": [],
              "tests": [
                {
                  "title": "Debería mostrarse el header",
                  "fullTitle": "Prueba de scroll en vista móvil y desktop - Comfrt Pruebas en Windows Full HD Monitor Debería mostrarse el header",
                  "timedOut": null,
                  "duration": 1727,
                  "state": "passed",
                  "speed": "fast",
                  "pass": true,
                  "fail": false,
                  "pending": false,
                  "context": null,
                  "code": "cy.get('.IXjqotrK').should('be.visible');",
                  "err": {},
                  "uuid": "f2280122-28dc-4a0f-b744-3fb2d6057b91",
                  "parentUUID": "d2def229-1051-46c0-b08f-36ac8001a5c5",
                  "isHook": false,
                  "skipped": false
                },
                {
                  "title": "Debería mostrarse el banner principal",
                  "fullTitle": "Prueba de scroll en vista móvil y desktop - Comfrt Pruebas en Windows Full HD Monitor Debería mostrarse el banner principal",
                  "timedOut": null,
                  "duration": 1956,
                  "state": "passed",
                  "speed": "fast",
                  "pass": true,
                  "fail": false,
                  "pending": false,
                  "context": null,
                  "code": "cy.get('.WcmUoMRO').should('be.visible');",
                  "err": {},
                  "uuid": "38c276a3-c06c-441a-9b88-8e103cab4e60",
                  "parentUUID": "d2def229-1051-46c0-b08f-36ac8001a5c5",
                  "isHook": false,
                  "skipped": false
                },
                {
                  "title": "Deberían mostrarse las imágenes de los productos \"Shop Best Seller\"",
                  "fullTitle": "Prueba de scroll en vista móvil y desktop - Comfrt Pruebas en Windows Full HD Monitor Deberían mostrarse las imágenes de los productos \"Shop Best Seller\"",
                  "timedOut": null,
                  "duration": 1521,
                  "state": "passed",
                  "speed": "fast",
                  "pass": true,
                  "fail": false,
                  "pending": false,
                  "context": null,
                  "code": "cy.get('.NYNuDbQO').each($img => {\n  cy.wrap($img).should('be.visible');\n});",
                  "err": {},
                  "uuid": "2ef1402c-3a6e-4ab3-a1a0-81d0c2caf278",
                  "parentUUID": "d2def229-1051-46c0-b08f-36ac8001a5c5",
                  "isHook": false,
                  "skipped": false
                },
                {
                  "title": "Deberían mostrarse las dos imágenes debajo de \"Shop Best Seller\"",
                  "fullTitle": "Prueba de scroll en vista móvil y desktop - Comfrt Pruebas en Windows Full HD Monitor Deberían mostrarse las dos imágenes debajo de \"Shop Best Seller\"",
                  "timedOut": null,
                  "duration": 1694,
                  "state": "passed",
                  "speed": "fast",
                  "pass": true,
                  "fail": false,
                  "pending": false,
                  "context": null,
                  "code": "cy.get('.VOXO2Pq8').each($img => {\n  cy.wrap($img).should('be.visible');\n});",
                  "err": {},
                  "uuid": "844d3493-019a-4141-98f0-1aa369a4d223",
                  "parentUUID": "d2def229-1051-46c0-b08f-36ac8001a5c5",
                  "isHook": false,
                  "skipped": false
                },
                {
                  "title": "Debería mostrarse la imagen de \"Partnered Charities\"",
                  "fullTitle": "Prueba de scroll en vista móvil y desktop - Comfrt Pruebas en Windows Full HD Monitor Debería mostrarse la imagen de \"Partnered Charities\"",
                  "timedOut": null,
                  "duration": 1782,
                  "state": "passed",
                  "speed": "fast",
                  "pass": true,
                  "fail": false,
                  "pending": false,
                  "context": null,
                  "code": "cy.get('.HZLaZ_QX').should('be.visible');",
                  "err": {},
                  "uuid": "0081cf89-34fe-4dc2-a83c-af90bd8c5c48",
                  "parentUUID": "d2def229-1051-46c0-b08f-36ac8001a5c5",
                  "isHook": false,
                  "skipped": false
                },
                {
                  "title": "Deberían mostrarse las 4 imágenes de las secciones (Hoodie, Sweetpants, Loungewear y Accessories)",
                  "fullTitle": "Prueba de scroll en vista móvil y desktop - Comfrt Pruebas en Windows Full HD Monitor Deberían mostrarse las 4 imágenes de las secciones (Hoodie, Sweetpants, Loungewear y Accessories)",
                  "timedOut": null,
                  "duration": 2039,
                  "state": "passed",
                  "speed": "fast",
                  "pass": true,
                  "fail": false,
                  "pending": false,
                  "context": null,
                  "code": "cy.get('.OhiQ0ybu').each($img => {\n  cy.wrap($img).should('be.visible');\n});",
                  "err": {},
                  "uuid": "0b86d0ee-f8b3-4c0e-8096-9d8804a7ada7",
                  "parentUUID": "d2def229-1051-46c0-b08f-36ac8001a5c5",
                  "isHook": false,
                  "skipped": false
                },
                {
                  "title": "Debería mostrarse el texto de la sección Comfrt Community",
                  "fullTitle": "Prueba de scroll en vista móvil y desktop - Comfrt Pruebas en Windows Full HD Monitor Debería mostrarse el texto de la sección Comfrt Community",
                  "timedOut": null,
                  "duration": 1968,
                  "state": "passed",
                  "speed": "fast",
                  "pass": true,
                  "fail": false,
                  "pending": false,
                  "context": null,
                  "code": "cy.contains('Comfrt Community').should('be.visible');",
                  "err": {},
                  "uuid": "91507ac5-0e03-466a-ba01-641fe74d2739",
                  "parentUUID": "d2def229-1051-46c0-b08f-36ac8001a5c5",
                  "isHook": false,
                  "skipped": false
                },
                {
                  "title": "Debería mostrarse el texto debajo del título de la sección Comfrt Community",
                  "fullTitle": "Prueba de scroll en vista móvil y desktop - Comfrt Pruebas en Windows Full HD Monitor Debería mostrarse el texto debajo del título de la sección Comfrt Community",
                  "timedOut": null,
                  "duration": 3584,
                  "state": "passed",
                  "speed": "fast",
                  "pass": true,
                  "fail": false,
                  "pending": false,
                  "context": null,
                  "code": "cy.contains('Join millions that love comfy clothes').should('be.visible');",
                  "err": {},
                  "uuid": "08bb1b97-30c4-445f-a737-a81bd35bb1a2",
                  "parentUUID": "d2def229-1051-46c0-b08f-36ac8001a5c5",
                  "isHook": false,
                  "skipped": false
                },
                {
                  "title": "Deberían mostrarse las 4 imágenes de \"Comfrt Community\"",
                  "fullTitle": "Prueba de scroll en vista móvil y desktop - Comfrt Pruebas en Windows Full HD Monitor Deberían mostrarse las 4 imágenes de \"Comfrt Community\"",
                  "timedOut": null,
                  "duration": 2156,
                  "state": "passed",
                  "speed": "fast",
                  "pass": true,
                  "fail": false,
                  "pending": false,
                  "context": null,
                  "code": "cy.get('.k5PkXOzu').should('be.visible');",
                  "err": {},
                  "uuid": "ee9d2380-0df3-4f4c-b7c2-d7fed0987979",
                  "parentUUID": "d2def229-1051-46c0-b08f-36ac8001a5c5",
                  "isHook": false,
                  "skipped": false
                },
                {
                  "title": "Debería mostrarse la imagen de \"View Our Hoodies\"",
                  "fullTitle": "Prueba de scroll en vista móvil y desktop - Comfrt Pruebas en Windows Full HD Monitor Debería mostrarse la imagen de \"View Our Hoodies\"",
                  "timedOut": null,
                  "duration": 1790,
                  "state": "passed",
                  "speed": "fast",
                  "pass": true,
                  "fail": false,
                  "pending": false,
                  "context": null,
                  "code": "cy.get('.IPzctVm4').should('be.visible');",
                  "err": {},
                  "uuid": "31821da1-7d7f-4880-bb75-da9df845cdd7",
                  "parentUUID": "d2def229-1051-46c0-b08f-36ac8001a5c5",
                  "isHook": false,
                  "skipped": false
                },
                {
                  "title": "Debería mostrarse el texto de la sección View Our Hoodies",
                  "fullTitle": "Prueba de scroll en vista móvil y desktop - Comfrt Pruebas en Windows Full HD Monitor Debería mostrarse el texto de la sección View Our Hoodies",
                  "timedOut": null,
                  "duration": 2136,
                  "state": "passed",
                  "speed": "fast",
                  "pass": true,
                  "fail": false,
                  "pending": false,
                  "context": null,
                  "code": "cy.contains('It\\'s always Comfrt season').should('be.visible');\ncy.contains('View Our Hoodies').should('be.visible');",
                  "err": {},
                  "uuid": "86c54879-adfa-4731-bff5-e1466db29c8e",
                  "parentUUID": "d2def229-1051-46c0-b08f-36ac8001a5c5",
                  "isHook": false,
                  "skipped": false
                },
                {
                  "title": "Debería mostrarse el footer",
                  "fullTitle": "Prueba de scroll en vista móvil y desktop - Comfrt Pruebas en Windows Full HD Monitor Debería mostrarse el footer",
                  "timedOut": null,
                  "duration": 2490,
                  "state": "passed",
                  "speed": "fast",
                  "pass": true,
                  "fail": false,
                  "pending": false,
                  "context": null,
                  "code": "cy.get('.KzcSxBo0').should('be.visible');",
                  "err": {},
                  "uuid": "258e6020-645c-4b30-bcea-cd3f3d7ab188",
                  "parentUUID": "d2def229-1051-46c0-b08f-36ac8001a5c5",
                  "isHook": false,
                  "skipped": false
                }
              ],
              "suites": [],
              "passes": [
                "f2280122-28dc-4a0f-b744-3fb2d6057b91",
                "38c276a3-c06c-441a-9b88-8e103cab4e60",
                "2ef1402c-3a6e-4ab3-a1a0-81d0c2caf278",
                "844d3493-019a-4141-98f0-1aa369a4d223",
                "0081cf89-34fe-4dc2-a83c-af90bd8c5c48",
                "0b86d0ee-f8b3-4c0e-8096-9d8804a7ada7",
                "91507ac5-0e03-466a-ba01-641fe74d2739",
                "08bb1b97-30c4-445f-a737-a81bd35bb1a2",
                "ee9d2380-0df3-4f4c-b7c2-d7fed0987979",
                "31821da1-7d7f-4880-bb75-da9df845cdd7",
                "86c54879-adfa-4731-bff5-e1466db29c8e",
                "258e6020-645c-4b30-bcea-cd3f3d7ab188"
              ],
              "failures": [],
              "pending": [],
              "skipped": [],
              "duration": 24843,
              "root": false,
              "rootEmpty": false,
              "_timeout": 2000
            }
          ],
          "passes": [],
          "failures": [],
          "pending": [],
          "skipped": [],
          "duration": 0,
          "root": false,
          "rootEmpty": false,
          "_timeout": 2000
        }
      ],
      "passes": [],
      "failures": [],
      "pending": [],
      "skipped": [],
      "duration": 0,
      "root": true,
      "rootEmpty": true,
      "_timeout": 2000
    }
  ],
  "meta": {
    "mocha": {
      "version": "7.0.1"
    },
    "mochawesome": {
      "options": {
        "quiet": false,
        "reportFilename": "mochawesome",
        "saveHtml": true,
        "saveJson": true,
        "consoleReporter": "spec",
        "useInlineDiffs": false,
        "code": true
      },
      "version": "7.1.3"
    },
    "marge": {
      "options": {
        "reportDir": "mochawesome-report",
        "overwrite": false,
        "html": true,
        "json": true
      },
      "version": "6.2.0"
    }
  }
}