{
  "stats": {
    "suites": 1,
    "tests": 1,
    "passes": 1,
    "pending": 0,
    "failures": 0,
    "start": "2025-03-18T01:10:37.736Z",
    "end": "2025-03-18T01:11:28.919Z",
    "duration": 51183,
    "testsRegistered": 1,
    "passPercent": 100,
    "pendingPercent": 0,
    "other": 0,
    "hasOther": false,
    "skipped": 0,
    "hasSkipped": false
  },
  "results": [
    {
      "uuid": "7310926d-2852-420f-a990-aa4818275693",
      "title": "",
      "fullFile": "cypress/e2e/TuAlmacen/FlujoCompraDesktop.cy.js",
      "file": "cypress/e2e/TuAlmacen/FlujoCompraDesktop.cy.js",
      "beforeHooks": [],
      "afterHooks": [],
      "tests": [],
      "suites": [
        {
          "uuid": "fe0676dc-0c6c-40fa-adfe-025de3cf1a5f",
          "title": "Pruebas en dispositivos Desktop y Mobile en www.tualmacen.com.ar",
          "fullFile": "",
          "file": "",
          "beforeHooks": [],
          "afterHooks": [],
          "tests": [
            {
              "title": "Visita y scrollea en Desktop 1920x1080",
              "fullTitle": "Pruebas en dispositivos Desktop y Mobile en www.tualmacen.com.ar Visita y scrollea en Desktop 1920x1080",
              "timedOut": null,
              "duration": 48468,
              "state": "passed",
              "speed": "slow",
              "pass": true,
              "fail": false,
              "pending": false,
              "context": "{\n  \"title\": \"cypress-mochawesome-reporter-videos-passed\",\n  \"value\": \"cypress/e2e/TuAlmacen/FlujoCompraDesktop.cy.js\"\n}",
              "code": "cy.viewport(device.width, device.height); // Configurar el tamaño del dispositivo\ncy.visit('https://www.tualmacen.com.ar'); // Visitar la web\ncy.wait(2000); // Esperar que cargue la página\n///click en iniciar sesion///\ncy.get('.pl-6').click({\n  force: true\n});\n//clic en ENTENDIDO en las cookies\ncy.get('.mt-1 > .cursor-pointer').click({\n  force: true\n});\n// Ingresar email\ncy.get('.pt-0 > .pb-2 > .relative > #new-password').should('be.visible').type('angel.arellan@latechfactory.com', {\n  force: true\n});\n// Ingresar contraseña\ncy.get('.pt-4 > :nth-child(1) > .pb-2 > .relative > #new-password').should('be.visible').type('ang3l.DAN1EL', {\n  force: true\n});\n// Hacer clic en \"Iniciar Sesión\"\ncy.get('.mt-5 > .shadow-xl').should('be.visible').click({\n  force: true\n});\n// click en Popup de Bienvenida de TUalmacen//\n// Esperar y validar que el popup desapareció\ncy.get('#__next > main > div:nth-child(2) > div.my-9 > div > div > div.swiper-wrapper > div.swiper-slide.swiper-slide-active > div > a > img').click({\n  force: true\n});\n//Hacer clic en la categoría OFERTONES\ncy.get('.sticky.top-0 > .flex-wrap').should('exist').click({\n  force: true\n});\n//Validar que la url es la correcta\ncy.url().should('include', '/ofertas');\n// Desplázate y espera\ncy.scrollTo('bottom');\ncy.wait(2000);\ncy.scrollTo('top');\n//Hacer clic en la categoria RECIEN AGREGADOS\ncy.get(':nth-child(3) > .text-xs').should('be.visible').click({\n  force: true\n});\n//Validar que la url es la correcta\ncy.url().should('include', '/recien-agregados');\n// Desplázate y espera\ncy.scrollTo('bottom');\ncy.wait(2000);\ncy.scrollTo('top');\n//Hacer clic en este producto\ncy.get('#__next > main > div.pb-4.md\\\\:pt-1.md\\\\:pb-0.lg\\\\:pb-\\\\[4\\\\.8rem\\\\] > div.grid.grid-cols-2.sm\\\\:grid-cols-3.md\\\\:grid-cols-4.lg\\\\:grid-cols-5.xl\\\\:grid-cols-7 > div:nth-child(3) > div > div.flex.justify-center.flex-col.items-center.cursor-pointer > span > img', {\n  timeout: 10000\n}).click({\n  force: true\n});\n//cy.url().should('include', '/producto/11809?data=');\n// Scroll hacia abajo lentamente\ncy.scrollTo('bottom', {\n  duration: 3000\n});\ncy.wait(1000);\n// Scroll hacia arriba\ncy.scrollTo('top', {\n  duration: 2000\n});\n///desplegar carrito\ncy.get('.lg\\\\:bg-success > .flex svg').click({\n  force: true\n});\n/// click en finalizar compra-pedido/\ncy.get('.shadow-xl').click({\n  force: true\n});\ncy.wait(3000);\n/// boton continuar de tipo de envio a domicilio o retiro en tienda//\ncy.get(':nth-child(1) > .justify-center > .shadow-xl').click({\n  force: true\n});\ncy.wait(3000);\n///clic en la direccion a domicilio numero 1//\ncy.get(':nth-child(2) > .ticket-card > .col-span-3').click({\n  force: true\n});\ncy.wait(3000);\n/// clic en continuar//\ncy.get('.flex-col > .shadow-xl').click({\n  force: true\n});\ncy.wait(3000);\n/// Aumentar cantidad en producto Pechuga de Pollo Congelada//\ncy.get('#__next > main > div:nth-child(2) > div > div > div.w-1\\\\/2.hidden.md\\\\:block > div > div > div.overflow-x-hidden.w-full.false > div > div > div > div:nth-child(2) > div > div:nth-child(1) > div > div > div:nth-child(3) button').should('be.visible').click({\n  force: true\n});\n//.click({ force: true });\ncy.wait(3000);\n///disminuir cantidad en producto Pechuga de Pollo Congelada//\ncy.window().then(win => {\n  const el = win.document.querySelector(\"#__next > main > div:nth-child(2) > div > div > div.w-1\\\\/2.hidden.md\\\\:block > div > div > div.overflow-x-hidden.w-full.false > div > div > div > div:nth-child(2) > div > div:nth-child(1) > div > div > div.border.w-6.h-6.ml-2.rounded-full.flex.items-center.justify-center.border-disable > button\");\n  if (el) {\n    cy.wrap(el).scrollIntoView().should('be.visible').click({\n      force: true\n    });\n  } else {\n    cy.log(\"⚠️ No se encontró el elemento con el selector proporcionado.\");\n  }\n});\ncy.wait(2000);\n///desplegar carrito\ncy.get('.lg\\\\:bg-success > .flex svg').click({\n  force: true\n});",
              "err": {},
              "uuid": "2d7c73a2-cef7-4a93-83ec-f25b7c6fa8fd",
              "parentUUID": "fe0676dc-0c6c-40fa-adfe-025de3cf1a5f",
              "isHook": false,
              "skipped": false
            }
          ],
          "suites": [],
          "passes": [
            "2d7c73a2-cef7-4a93-83ec-f25b7c6fa8fd"
          ],
          "failures": [],
          "pending": [],
          "skipped": [],
          "duration": 48468,
          "root": false,
          "rootEmpty": false,
          "_timeout": 2000
        }
      ],
      "passes": [],
      "failures": [],
      "pending": [],
      "skipped": [],
      "duration": 0,
      "root": true,
      "rootEmpty": true,
      "_timeout": 2000
    }
  ],
  "meta": {
    "mocha": {
      "version": "7.0.1"
    },
    "mochawesome": {
      "options": {
        "quiet": false,
        "reportFilename": "mochawesome",
        "saveHtml": true,
        "saveJson": true,
        "consoleReporter": "spec",
        "useInlineDiffs": false,
        "code": true
      },
      "version": "7.1.3"
    },
    "marge": {
      "options": {
        "reportDir": "mochawesome-report",
        "overwrite": false,
        "html": true,
        "json": true
      },
      "version": "6.2.0"
    }
  }
}