{
  "stats": {
    "suites": 1,
    "tests": 1,
    "passes": 1,
    "pending": 0,
    "failures": 0,
    "start": "2025-03-18T01:13:10.452Z",
    "end": "2025-03-18T01:13:55.861Z",
    "duration": 45409,
    "testsRegistered": 1,
    "passPercent": 100,
    "pendingPercent": 0,
    "other": 0,
    "hasOther": false,
    "skipped": 0,
    "hasSkipped": false
  },
  "results": [
    {
      "uuid": "f5cdef6d-5d81-4338-8314-ec52382402f1",
      "title": "",
      "fullFile": "cypress/e2e/TuAlmacen/NavegacionNavBarDesktop.cy.js",
      "file": "cypress/e2e/TuAlmacen/NavegacionNavBarDesktop.cy.js",
      "beforeHooks": [],
      "afterHooks": [],
      "tests": [],
      "suites": [
        {
          "uuid": "dec7b9de-4102-4c2f-8364-cdea83117a2e",
          "title": "Pruebas en dispositivos Desktop y Mobile en www.tualmacen.com.ar",
          "fullFile": "",
          "file": "",
          "beforeHooks": [],
          "afterHooks": [],
          "tests": [
            {
              "title": "Visita y scrollea en Desktop 1920x1080",
              "fullTitle": "Pruebas en dispositivos Desktop y Mobile en www.tualmacen.com.ar Visita y scrollea en Desktop 1920x1080",
              "timedOut": null,
              "duration": 42192,
              "state": "passed",
              "speed": "slow",
              "pass": true,
              "fail": false,
              "pending": false,
              "context": "{\n  \"title\": \"cypress-mochawesome-reporter-videos-passed\",\n  \"value\": \"cypress/e2e/TuAlmacen/NavegacionNavBarDesktop.cy.js\"\n}",
              "code": "cy.viewport(device.width, device.height); // Configurar el tamaño del dispositivo\ncy.visit('https://www.tualmacen.com.ar'); // Visitar la web\ncy.wait(2000); // Esperar que cargue la página\n//clic en ENTENDIDO en las cookies\ncy.get('.mt-1 > .cursor-pointer').click({\n  force: true\n});\ncy.wait(2000);\n///click en iniciar sesion///\ncy.get('.pl-6').click({\n  force: true\n});\ncy.wait(2000);\n// Ingresar email\ncy.get('.pt-0 > .pb-2 > .relative > #new-password').should('be.visible').type('angel.arellan@latechfactory.com', {\n  force: true\n});\ncy.wait(2000);\n// Ingresar contraseña\ncy.get('.pt-4 > :nth-child(1) > .pb-2 > .relative > #new-password').should('be.visible').type('ang3l.DAN1EL', {\n  force: true\n});\ncy.wait(2000);\n// Hacer clic en \"Iniciar Sesión\"\ncy.get('.mt-5 > .shadow-xl').should('be.visible').click({\n  force: true\n});\ncy.wait(2000);\n// // click en Popup de Bienvenida de TUalmacen//\n// // Esperar y validar que el popup desapareció\n// cy.get('#__next > main > div:nth-child(2) > div.my-9 > div > div > div.swiper-wrapper > div.swiper-slide.swiper-slide-active > div > a > img', { timeout: 10000 })\n// .click({ force: true });\n// Desplázate y espera\ncy.scrollTo('bottom');\ncy.wait(2000);\ncy.scrollTo('top');\n// //Hacer clic en la categoria ofertones\n// cy.get('.sticky.top-0 > .flex-wrap')\n// .should('exist')\n// .click({force: true})\n// cy.wait(2000);\n// //Validar que la url es la correcta\n// cy.url().should('include', '/ofertas');\n// cy.wait(2000);\n// // Desplázate y espera\n// cy.scrollTo('bottom', { duration: 3000 });\n// cy.wait(2000);\n// cy.scrollTo('top', { duration: 3000 });\n//Hacer clic en la categoria RECIEN AGREGADOS\ncy.get(':nth-child(3) > .text-xs', {\n  timeout: 2000\n}).should('be.visible').click({\n  force: true\n});\ncy.wait(2000);\n//Validar que la url es la correcta\ncy.url().should('include', '/recien-agregados');\ncy.wait(2000);\n// Desplázate y espera\ncy.scrollTo('bottom');\ncy.wait(2000);\ncy.scrollTo('top');\ncy.wait(2000);\n//Hacer clic en TUS PRODUCTOS\ncy.get(':nth-child(4) > .text-xs', {\n  timeout: 2000\n}).should('be.visible').click({\n  force: true\n});\ncy.wait(2000);\n//Validar que la url es la correcta\ncy.url().should('include', '/tus-productos');\ncy.wait(2000);\n// // Desplázate y espera\n// cy.scrollTo('bottom');\n// cy.wait(2000);\n// cy.scrollTo('top');\n//Hacer clic en Perfil\ncy.get(':nth-child(5) > .text-xs').should('be.visible').click({\n  force: true\n});\n//Validar que la url es la correcta\ncy.url().should('include', '/perfil');\ncy.wait(2000);\n// Desplázate y espera\ncy.scrollTo('bottom');\ncy.wait(2000);\ncy.scrollTo('top');\n//Hacer clic en el icono de TuAlmacen\ncy.get('#__next > div.sticky.top-0.z-50 > div.flex.bg-white.flex-wrap.lg\\\\:flex-nowrap.rounded-b-\\\\[3rem\\\\].false.border-solid.border-\\\\[\\\\#E7E7E7\\\\].lg\\\\:border-0.items-center.px-6.pb-4.justify-between.lg\\\\:pr-0.sticky.lg\\\\:pb-0.shadow-md.shadow-black\\\\/25 > div.basis-14.lg\\\\:order-first.self-start.cursor-pointer > svg > path:nth-child(2)', {\n  timeout: 2000\n}).should('be.visible').click({\n  force: true\n});\n//Validar que la url es la correcta\ncy.url().should('include', 'https://tualmacen.com.ar/');\n// Desplázate y espera\ncy.scrollTo('bottom');\ncy.wait(2000);\ncy.scrollTo('top');\n// //Scrolear a la derecha los banners principales \n// // Desplazarse al extremo derecho\n// cy.get('.swiper-slide-active > .banner-container > a > .h-\\[18rem\\]').scrollTo('right');",
              "err": {},
              "uuid": "a2aa9f8f-e976-4490-a297-6fa141359b9b",
              "parentUUID": "dec7b9de-4102-4c2f-8364-cdea83117a2e",
              "isHook": false,
              "skipped": false
            }
          ],
          "suites": [],
          "passes": [
            "a2aa9f8f-e976-4490-a297-6fa141359b9b"
          ],
          "failures": [],
          "pending": [],
          "skipped": [],
          "duration": 42192,
          "root": false,
          "rootEmpty": false,
          "_timeout": 2000
        }
      ],
      "passes": [],
      "failures": [],
      "pending": [],
      "skipped": [],
      "duration": 0,
      "root": true,
      "rootEmpty": true,
      "_timeout": 2000
    }
  ],
  "meta": {
    "mocha": {
      "version": "7.0.1"
    },
    "mochawesome": {
      "options": {
        "quiet": false,
        "reportFilename": "mochawesome",
        "saveHtml": true,
        "saveJson": true,
        "consoleReporter": "spec",
        "useInlineDiffs": false,
        "code": true
      },
      "version": "7.1.3"
    },
    "marge": {
      "options": {
        "reportDir": "mochawesome-report",
        "overwrite": false,
        "html": true,
        "json": true
      },
      "version": "6.2.0"
    }
  }
}